CRITICAL - 2022-08-20 21:39:49 --> Undefined index: kode
in APPPATH/Views/pages/simproka1.php on line 346.
 1 APPPATH/Views/pages/simproka1.php(346): CodeIgniter\Debug\Exceptions->errorHandler()
 2 SYSTEMPATH/View/View.php(213): include('APPPATH/Views/pages/simproka1.php')
 3 SYSTEMPATH/View/View.php(216): CodeIgniter\View\View->CodeIgniter\View\{closure}()
 4 SYSTEMPATH/Common.php(1135): CodeIgniter\View\View->render()
 5 APPPATH/Controllers/Simproka1.php(135): view()
 6 SYSTEMPATH/CodeIgniter.php(896): App\Controllers\Simproka1->index()
 7 SYSTEMPATH/CodeIgniter.php(466): CodeIgniter\CodeIgniter->runController()
 8 SYSTEMPATH/CodeIgniter.php(349): CodeIgniter\CodeIgniter->handleRequest()
 9 FCPATH/index.php(55): CodeIgniter\CodeIgniter->run()
CRITICAL - 2022-08-20 21:39:51 --> Undefined index: kode
in APPPATH/Views/pages/simproka1.php on line 346.
 1 APPPATH/Views/pages/simproka1.php(346): CodeIgniter\Debug\Exceptions->errorHandler()
 2 SYSTEMPATH/View/View.php(213): include('APPPATH/Views/pages/simproka1.php')
 3 SYSTEMPATH/View/View.php(216): CodeIgniter\View\View->CodeIgniter\View\{closure}()
 4 SYSTEMPATH/Common.php(1135): CodeIgniter\View\View->render()
 5 APPPATH/Controllers/Simproka1.php(135): view()
 6 SYSTEMPATH/CodeIgniter.php(896): App\Controllers\Simproka1->index()
 7 SYSTEMPATH/CodeIgniter.php(466): CodeIgniter\CodeIgniter->runController()
 8 SYSTEMPATH/CodeIgniter.php(349): CodeIgniter\CodeIgniter->handleRequest()
 9 FCPATH/index.php(55): CodeIgniter\CodeIgniter->run()
CRITICAL - 2022-08-20 21:39:53 --> Undefined index: kode
in APPPATH/Views/pages/simproka1.php on line 346.
 1 APPPATH/Views/pages/simproka1.php(346): CodeIgniter\Debug\Exceptions->errorHandler()
 2 SYSTEMPATH/View/View.php(213): include('APPPATH/Views/pages/simproka1.php')
 3 SYSTEMPATH/View/View.php(216): CodeIgniter\View\View->CodeIgniter\View\{closure}()
 4 SYSTEMPATH/Common.php(1135): CodeIgniter\View\View->render()
 5 APPPATH/Controllers/Simproka1.php(135): view()
 6 SYSTEMPATH/CodeIgniter.php(896): App\Controllers\Simproka1->index()
 7 SYSTEMPATH/CodeIgniter.php(466): CodeIgniter\CodeIgniter->runController()
 8 SYSTEMPATH/CodeIgniter.php(349): CodeIgniter\CodeIgniter->handleRequest()
 9 FCPATH/index.php(55): CodeIgniter\CodeIgniter->run()
CRITICAL - 2022-08-20 21:40:51 --> Undefined index: kode
in APPPATH/Views/pages/simproka1.php on line 346.
 1 APPPATH/Views/pages/simproka1.php(346): CodeIgniter\Debug\Exceptions->errorHandler()
 2 SYSTEMPATH/View/View.php(213): include('APPPATH/Views/pages/simproka1.php')
 3 SYSTEMPATH/View/View.php(216): CodeIgniter\View\View->CodeIgniter\View\{closure}()
 4 SYSTEMPATH/Common.php(1135): CodeIgniter\View\View->render()
 5 APPPATH/Controllers/Simproka1.php(135): view()
 6 SYSTEMPATH/CodeIgniter.php(896): App\Controllers\Simproka1->index()
 7 SYSTEMPATH/CodeIgniter.php(466): CodeIgniter\CodeIgniter->runController()
 8 SYSTEMPATH/CodeIgniter.php(349): CodeIgniter\CodeIgniter->handleRequest()
 9 FCPATH/index.php(55): CodeIgniter\CodeIgniter->run()
CRITICAL - 2022-08-20 21:40:52 --> Undefined index: kode
in APPPATH/Views/pages/simproka1.php on line 346.
 1 APPPATH/Views/pages/simproka1.php(346): CodeIgniter\Debug\Exceptions->errorHandler()
 2 SYSTEMPATH/View/View.php(213): include('APPPATH/Views/pages/simproka1.php')
 3 SYSTEMPATH/View/View.php(216): CodeIgniter\View\View->CodeIgniter\View\{closure}()
 4 SYSTEMPATH/Common.php(1135): CodeIgniter\View\View->render()
 5 APPPATH/Controllers/Simproka1.php(135): view()
 6 SYSTEMPATH/CodeIgniter.php(896): App\Controllers\Simproka1->index()
 7 SYSTEMPATH/CodeIgniter.php(466): CodeIgniter\CodeIgniter->runController()
 8 SYSTEMPATH/CodeIgniter.php(349): CodeIgniter\CodeIgniter->handleRequest()
 9 FCPATH/index.php(55): CodeIgniter\CodeIgniter->run()
CRITICAL - 2022-08-20 21:40:53 --> Undefined index: kode
in APPPATH/Views/pages/simproka1.php on line 346.
 1 APPPATH/Views/pages/simproka1.php(346): CodeIgniter\Debug\Exceptions->errorHandler()
 2 SYSTEMPATH/View/View.php(213): include('APPPATH/Views/pages/simproka1.php')
 3 SYSTEMPATH/View/View.php(216): CodeIgniter\View\View->CodeIgniter\View\{closure}()
 4 SYSTEMPATH/Common.php(1135): CodeIgniter\View\View->render()
 5 APPPATH/Controllers/Simproka1.php(135): view()
 6 SYSTEMPATH/CodeIgniter.php(896): App\Controllers\Simproka1->index()
 7 SYSTEMPATH/CodeIgniter.php(466): CodeIgniter\CodeIgniter->runController()
 8 SYSTEMPATH/CodeIgniter.php(349): CodeIgniter\CodeIgniter->handleRequest()
 9 FCPATH/index.php(55): CodeIgniter\CodeIgniter->run()
CRITICAL - 2022-08-20 21:40:58 --> Undefined variable: data
in APPPATH/Controllers/Simproka1.php on line 112.
 1 APPPATH/Controllers/Simproka1.php(112): CodeIgniter\Debug\Exceptions->errorHandler()
 2 SYSTEMPATH/CodeIgniter.php(896): App\Controllers\Simproka1->RO()
 3 SYSTEMPATH/CodeIgniter.php(466): CodeIgniter\CodeIgniter->runController()
 4 SYSTEMPATH/CodeIgniter.php(349): CodeIgniter\CodeIgniter->handleRequest()
 5 FCPATH/index.php(55): CodeIgniter\CodeIgniter->run()
CRITICAL - 2022-08-20 21:41:09 --> Undefined index: kode
in APPPATH/Views/pages/simproka1.php on line 346.
 1 APPPATH/Views/pages/simproka1.php(346): CodeIgniter\Debug\Exceptions->errorHandler()
 2 SYSTEMPATH/View/View.php(213): include('APPPATH/Views/pages/simproka1.php')
 3 SYSTEMPATH/View/View.php(216): CodeIgniter\View\View->CodeIgniter\View\{closure}()
 4 SYSTEMPATH/Common.php(1135): CodeIgniter\View\View->render()
 5 APPPATH/Controllers/Simproka1.php(135): view()
 6 SYSTEMPATH/CodeIgniter.php(896): App\Controllers\Simproka1->index()
 7 SYSTEMPATH/CodeIgniter.php(466): CodeIgniter\CodeIgniter->runController()
 8 SYSTEMPATH/CodeIgniter.php(349): CodeIgniter\CodeIgniter->handleRequest()
 9 FCPATH/index.php(55): CodeIgniter\CodeIgniter->run()
CRITICAL - 2022-08-20 21:41:13 --> Undefined index: kode
in APPPATH/Views/pages/simproka1.php on line 346.
 1 APPPATH/Views/pages/simproka1.php(346): CodeIgniter\Debug\Exceptions->errorHandler()
 2 SYSTEMPATH/View/View.php(213): include('APPPATH/Views/pages/simproka1.php')
 3 SYSTEMPATH/View/View.php(216): CodeIgniter\View\View->CodeIgniter\View\{closure}()
 4 SYSTEMPATH/Common.php(1135): CodeIgniter\View\View->render()
 5 APPPATH/Controllers/Simproka1.php(135): view()
 6 SYSTEMPATH/CodeIgniter.php(896): App\Controllers\Simproka1->index()
 7 SYSTEMPATH/CodeIgniter.php(466): CodeIgniter\CodeIgniter->runController()
 8 SYSTEMPATH/CodeIgniter.php(349): CodeIgniter\CodeIgniter->handleRequest()
 9 FCPATH/index.php(55): CodeIgniter\CodeIgniter->run()
CRITICAL - 2022-08-20 21:41:17 --> Undefined index: kode
in APPPATH/Views/pages/simproka1.php on line 346.
 1 APPPATH/Views/pages/simproka1.php(346): CodeIgniter\Debug\Exceptions->errorHandler()
 2 SYSTEMPATH/View/View.php(213): include('APPPATH/Views/pages/simproka1.php')
 3 SYSTEMPATH/View/View.php(216): CodeIgniter\View\View->CodeIgniter\View\{closure}()
 4 SYSTEMPATH/Common.php(1135): CodeIgniter\View\View->render()
 5 APPPATH/Controllers/Simproka1.php(135): view()
 6 SYSTEMPATH/CodeIgniter.php(896): App\Controllers\Simproka1->index()
 7 SYSTEMPATH/CodeIgniter.php(466): CodeIgniter\CodeIgniter->runController()
 8 SYSTEMPATH/CodeIgniter.php(349): CodeIgniter\CodeIgniter->handleRequest()
 9 FCPATH/index.php(55): CodeIgniter\CodeIgniter->run()
CRITICAL - 2022-08-20 21:41:55 --> Undefined index: kode
in APPPATH/Views/pages/simproka1.php on line 346.
 1 APPPATH/Views/pages/simproka1.php(346): CodeIgniter\Debug\Exceptions->errorHandler()
 2 SYSTEMPATH/View/View.php(213): include('APPPATH/Views/pages/simproka1.php')
 3 SYSTEMPATH/View/View.php(216): CodeIgniter\View\View->CodeIgniter\View\{closure}()
 4 SYSTEMPATH/Common.php(1135): CodeIgniter\View\View->render()
 5 APPPATH/Controllers/Simproka1.php(135): view()
 6 SYSTEMPATH/CodeIgniter.php(896): App\Controllers\Simproka1->index()
 7 SYSTEMPATH/CodeIgniter.php(466): CodeIgniter\CodeIgniter->runController()
 8 SYSTEMPATH/CodeIgniter.php(349): CodeIgniter\CodeIgniter->handleRequest()
 9 FCPATH/index.php(55): CodeIgniter\CodeIgniter->run()
CRITICAL - 2022-08-20 21:42:30 --> Undefined index: kode
in APPPATH/Views/pages/simproka1.php on line 346.
 1 APPPATH/Views/pages/simproka1.php(346): CodeIgniter\Debug\Exceptions->errorHandler()
 2 SYSTEMPATH/View/View.php(213): include('APPPATH/Views/pages/simproka1.php')
 3 SYSTEMPATH/View/View.php(216): CodeIgniter\View\View->CodeIgniter\View\{closure}()
 4 SYSTEMPATH/Common.php(1135): CodeIgniter\View\View->render()
 5 APPPATH/Controllers/Simproka1.php(135): view()
 6 SYSTEMPATH/CodeIgniter.php(896): App\Controllers\Simproka1->index()
 7 SYSTEMPATH/CodeIgniter.php(466): CodeIgniter\CodeIgniter->runController()
 8 SYSTEMPATH/CodeIgniter.php(349): CodeIgniter\CodeIgniter->handleRequest()
 9 FCPATH/index.php(55): CodeIgniter\CodeIgniter->run()
CRITICAL - 2022-08-20 21:42:34 --> Undefined index: kode
in APPPATH/Views/pages/simproka1.php on line 346.
 1 APPPATH/Views/pages/simproka1.php(346): CodeIgniter\Debug\Exceptions->errorHandler()
 2 SYSTEMPATH/View/View.php(213): include('APPPATH/Views/pages/simproka1.php')
 3 SYSTEMPATH/View/View.php(216): CodeIgniter\View\View->CodeIgniter\View\{closure}()
 4 SYSTEMPATH/Common.php(1135): CodeIgniter\View\View->render()
 5 APPPATH/Controllers/Simproka1.php(135): view()
 6 SYSTEMPATH/CodeIgniter.php(896): App\Controllers\Simproka1->index()
 7 SYSTEMPATH/CodeIgniter.php(466): CodeIgniter\CodeIgniter->runController()
 8 SYSTEMPATH/CodeIgniter.php(349): CodeIgniter\CodeIgniter->handleRequest()
 9 FCPATH/index.php(55): CodeIgniter\CodeIgniter->run()
CRITICAL - 2022-08-20 21:43:08 --> Undefined index: kode
in APPPATH/Views/pages/simproka1.php on line 346.
 1 APPPATH/Views/pages/simproka1.php(346): CodeIgniter\Debug\Exceptions->errorHandler()
 2 SYSTEMPATH/View/View.php(213): include('APPPATH/Views/pages/simproka1.php')
 3 SYSTEMPATH/View/View.php(216): CodeIgniter\View\View->CodeIgniter\View\{closure}()
 4 SYSTEMPATH/Common.php(1135): CodeIgniter\View\View->render()
 5 APPPATH/Controllers/Simproka1.php(135): view()
 6 SYSTEMPATH/CodeIgniter.php(896): App\Controllers\Simproka1->index()
 7 SYSTEMPATH/CodeIgniter.php(466): CodeIgniter\CodeIgniter->runController()
 8 SYSTEMPATH/CodeIgniter.php(349): CodeIgniter\CodeIgniter->handleRequest()
 9 FCPATH/index.php(55): CodeIgniter\CodeIgniter->run()
CRITICAL - 2022-08-20 21:43:13 --> Undefined index: kode
in APPPATH/Views/pages/simproka1.php on line 346.
 1 APPPATH/Views/pages/simproka1.php(346): CodeIgniter\Debug\Exceptions->errorHandler()
 2 SYSTEMPATH/View/View.php(213): include('APPPATH/Views/pages/simproka1.php')
 3 SYSTEMPATH/View/View.php(216): CodeIgniter\View\View->CodeIgniter\View\{closure}()
 4 SYSTEMPATH/Common.php(1135): CodeIgniter\View\View->render()
 5 APPPATH/Controllers/Simproka1.php(135): view()
 6 SYSTEMPATH/CodeIgniter.php(896): App\Controllers\Simproka1->index()
 7 SYSTEMPATH/CodeIgniter.php(466): CodeIgniter\CodeIgniter->runController()
 8 SYSTEMPATH/CodeIgniter.php(349): CodeIgniter\CodeIgniter->handleRequest()
 9 FCPATH/index.php(55): CodeIgniter\CodeIgniter->run()
CRITICAL - 2022-08-20 21:43:44 --> Undefined index: kode
in APPPATH/Views/pages/simproka1.php on line 346.
 1 APPPATH/Views/pages/simproka1.php(346): CodeIgniter\Debug\Exceptions->errorHandler()
 2 SYSTEMPATH/View/View.php(213): include('APPPATH/Views/pages/simproka1.php')
 3 SYSTEMPATH/View/View.php(216): CodeIgniter\View\View->CodeIgniter\View\{closure}()
 4 SYSTEMPATH/Common.php(1135): CodeIgniter\View\View->render()
 5 APPPATH/Controllers/Simproka1.php(135): view()
 6 SYSTEMPATH/CodeIgniter.php(896): App\Controllers\Simproka1->index()
 7 SYSTEMPATH/CodeIgniter.php(466): CodeIgniter\CodeIgniter->runController()
 8 SYSTEMPATH/CodeIgniter.php(349): CodeIgniter\CodeIgniter->handleRequest()
 9 FCPATH/index.php(55): CodeIgniter\CodeIgniter->run()
CRITICAL - 2022-08-20 21:43:50 --> Undefined index: kode
in APPPATH/Views/pages/simproka1.php on line 346.
 1 APPPATH/Views/pages/simproka1.php(346): CodeIgniter\Debug\Exceptions->errorHandler()
 2 SYSTEMPATH/View/View.php(213): include('APPPATH/Views/pages/simproka1.php')
 3 SYSTEMPATH/View/View.php(216): CodeIgniter\View\View->CodeIgniter\View\{closure}()
 4 SYSTEMPATH/Common.php(1135): CodeIgniter\View\View->render()
 5 APPPATH/Controllers/Simproka1.php(135): view()
 6 SYSTEMPATH/CodeIgniter.php(896): App\Controllers\Simproka1->index()
 7 SYSTEMPATH/CodeIgniter.php(466): CodeIgniter\CodeIgniter->runController()
 8 SYSTEMPATH/CodeIgniter.php(349): CodeIgniter\CodeIgniter->handleRequest()
 9 FCPATH/index.php(55): CodeIgniter\CodeIgniter->run()
CRITICAL - 2022-08-20 21:44:34 --> Undefined index: kode
in APPPATH/Views/pages/simproka1.php on line 354.
 1 APPPATH/Views/pages/simproka1.php(354): CodeIgniter\Debug\Exceptions->errorHandler()
 2 SYSTEMPATH/View/View.php(213): include('APPPATH/Views/pages/simproka1.php')
 3 SYSTEMPATH/View/View.php(216): CodeIgniter\View\View->CodeIgniter\View\{closure}()
 4 SYSTEMPATH/Common.php(1135): CodeIgniter\View\View->render()
 5 APPPATH/Controllers/Simproka1.php(135): view()
 6 SYSTEMPATH/CodeIgniter.php(896): App\Controllers\Simproka1->index()
 7 SYSTEMPATH/CodeIgniter.php(466): CodeIgniter\CodeIgniter->runController()
 8 SYSTEMPATH/CodeIgniter.php(349): CodeIgniter\CodeIgniter->handleRequest()
 9 FCPATH/index.php(55): CodeIgniter\CodeIgniter->run()
CRITICAL - 2022-08-20 21:44:39 --> Undefined index: kode
in APPPATH/Views/pages/simproka1.php on line 354.
 1 APPPATH/Views/pages/simproka1.php(354): CodeIgniter\Debug\Exceptions->errorHandler()
 2 SYSTEMPATH/View/View.php(213): include('APPPATH/Views/pages/simproka1.php')
 3 SYSTEMPATH/View/View.php(216): CodeIgniter\View\View->CodeIgniter\View\{closure}()
 4 SYSTEMPATH/Common.php(1135): CodeIgniter\View\View->render()
 5 APPPATH/Controllers/Simproka1.php(135): view()
 6 SYSTEMPATH/CodeIgniter.php(896): App\Controllers\Simproka1->index()
 7 SYSTEMPATH/CodeIgniter.php(466): CodeIgniter\CodeIgniter->runController()
 8 SYSTEMPATH/CodeIgniter.php(349): CodeIgniter\CodeIgniter->handleRequest()
 9 FCPATH/index.php(55): CodeIgniter\CodeIgniter->run()
CRITICAL - 2022-08-20 21:45:39 --> Undefined index: kode
in APPPATH/Views/pages/simproka1.php on line 354.
 1 APPPATH/Views/pages/simproka1.php(354): CodeIgniter\Debug\Exceptions->errorHandler()
 2 SYSTEMPATH/View/View.php(213): include('APPPATH/Views/pages/simproka1.php')
 3 SYSTEMPATH/View/View.php(216): CodeIgniter\View\View->CodeIgniter\View\{closure}()
 4 SYSTEMPATH/Common.php(1135): CodeIgniter\View\View->render()
 5 APPPATH/Controllers/Simproka1.php(135): view()
 6 SYSTEMPATH/CodeIgniter.php(896): App\Controllers\Simproka1->index()
 7 SYSTEMPATH/CodeIgniter.php(466): CodeIgniter\CodeIgniter->runController()
 8 SYSTEMPATH/CodeIgniter.php(349): CodeIgniter\CodeIgniter->handleRequest()
 9 FCPATH/index.php(55): CodeIgniter\CodeIgniter->run()
CRITICAL - 2022-08-20 21:45:47 --> Undefined index: kode
in APPPATH/Views/pages/simproka1.php on line 354.
 1 APPPATH/Views/pages/simproka1.php(354): CodeIgniter\Debug\Exceptions->errorHandler()
 2 SYSTEMPATH/View/View.php(213): include('APPPATH/Views/pages/simproka1.php')
 3 SYSTEMPATH/View/View.php(216): CodeIgniter\View\View->CodeIgniter\View\{closure}()
 4 SYSTEMPATH/Common.php(1135): CodeIgniter\View\View->render()
 5 APPPATH/Controllers/Simproka1.php(135): view()
 6 SYSTEMPATH/CodeIgniter.php(896): App\Controllers\Simproka1->index()
 7 SYSTEMPATH/CodeIgniter.php(466): CodeIgniter\CodeIgniter->runController()
 8 SYSTEMPATH/CodeIgniter.php(349): CodeIgniter\CodeIgniter->handleRequest()
 9 FCPATH/index.php(55): CodeIgniter\CodeIgniter->run()
CRITICAL - 2022-08-20 21:46:57 --> Undefined index: kode
in APPPATH/Views/pages/simproka1.php on line 354.
 1 APPPATH/Views/pages/simproka1.php(354): CodeIgniter\Debug\Exceptions->errorHandler()
 2 SYSTEMPATH/View/View.php(213): include('APPPATH/Views/pages/simproka1.php')
 3 SYSTEMPATH/View/View.php(216): CodeIgniter\View\View->CodeIgniter\View\{closure}()
 4 SYSTEMPATH/Common.php(1135): CodeIgniter\View\View->render()
 5 APPPATH/Controllers/Simproka1.php(135): view()
 6 SYSTEMPATH/CodeIgniter.php(896): App\Controllers\Simproka1->index()
 7 SYSTEMPATH/CodeIgniter.php(466): CodeIgniter\CodeIgniter->runController()
 8 SYSTEMPATH/CodeIgniter.php(349): CodeIgniter\CodeIgniter->handleRequest()
 9 FCPATH/index.php(55): CodeIgniter\CodeIgniter->run()
CRITICAL - 2022-08-20 21:47:15 --> Undefined index: kode
in APPPATH/Views/pages/simproka1.php on line 354.
 1 APPPATH/Views/pages/simproka1.php(354): CodeIgniter\Debug\Exceptions->errorHandler()
 2 SYSTEMPATH/View/View.php(213): include('APPPATH/Views/pages/simproka1.php')
 3 SYSTEMPATH/View/View.php(216): CodeIgniter\View\View->CodeIgniter\View\{closure}()
 4 SYSTEMPATH/Common.php(1135): CodeIgniter\View\View->render()
 5 APPPATH/Controllers/Simproka1.php(135): view()
 6 SYSTEMPATH/CodeIgniter.php(896): App\Controllers\Simproka1->index()
 7 SYSTEMPATH/CodeIgniter.php(466): CodeIgniter\CodeIgniter->runController()
 8 SYSTEMPATH/CodeIgniter.php(349): CodeIgniter\CodeIgniter->handleRequest()
 9 FCPATH/index.php(55): CodeIgniter\CodeIgniter->run()
CRITICAL - 2022-08-20 21:48:21 --> Undefined index: detail
in APPPATH/Views/pages/simproka1.php on line 355.
 1 APPPATH/Views/pages/simproka1.php(355): CodeIgniter\Debug\Exceptions->errorHandler()
 2 SYSTEMPATH/View/View.php(213): include('APPPATH/Views/pages/simproka1.php')
 3 SYSTEMPATH/View/View.php(216): CodeIgniter\View\View->CodeIgniter\View\{closure}()
 4 SYSTEMPATH/Common.php(1135): CodeIgniter\View\View->render()
 5 APPPATH/Controllers/Simproka1.php(135): view()
 6 SYSTEMPATH/CodeIgniter.php(896): App\Controllers\Simproka1->index()
 7 SYSTEMPATH/CodeIgniter.php(466): CodeIgniter\CodeIgniter->runController()
 8 SYSTEMPATH/CodeIgniter.php(349): CodeIgniter\CodeIgniter->handleRequest()
 9 FCPATH/index.php(55): CodeIgniter\CodeIgniter->run()
CRITICAL - 2022-08-20 21:48:25 --> Undefined variable: d
in APPPATH/Views/pages/simproka1.php on line 499.
 1 APPPATH/Views/pages/simproka1.php(499): CodeIgniter\Debug\Exceptions->errorHandler()
 2 SYSTEMPATH/View/View.php(213): include('APPPATH/Views/pages/simproka1.php')
 3 SYSTEMPATH/View/View.php(216): CodeIgniter\View\View->CodeIgniter\View\{closure}()
 4 SYSTEMPATH/Common.php(1135): CodeIgniter\View\View->render()
 5 APPPATH/Controllers/Simproka1.php(135): view()
 6 SYSTEMPATH/CodeIgniter.php(896): App\Controllers\Simproka1->index()
 7 SYSTEMPATH/CodeIgniter.php(466): CodeIgniter\CodeIgniter->runController()
 8 SYSTEMPATH/CodeIgniter.php(349): CodeIgniter\CodeIgniter->handleRequest()
 9 FCPATH/index.php(55): CodeIgniter\CodeIgniter->run()
CRITICAL - 2022-08-20 21:49:12 --> Undefined variable: d
in APPPATH/Views/pages/simproka1.php on line 499.
 1 APPPATH/Views/pages/simproka1.php(499): CodeIgniter\Debug\Exceptions->errorHandler()
 2 SYSTEMPATH/View/View.php(213): include('APPPATH/Views/pages/simproka1.php')
 3 SYSTEMPATH/View/View.php(216): CodeIgniter\View\View->CodeIgniter\View\{closure}()
 4 SYSTEMPATH/Common.php(1135): CodeIgniter\View\View->render()
 5 APPPATH/Controllers/Simproka1.php(135): view()
 6 SYSTEMPATH/CodeIgniter.php(896): App\Controllers\Simproka1->index()
 7 SYSTEMPATH/CodeIgniter.php(466): CodeIgniter\CodeIgniter->runController()
 8 SYSTEMPATH/CodeIgniter.php(349): CodeIgniter\CodeIgniter->handleRequest()
 9 FCPATH/index.php(55): CodeIgniter\CodeIgniter->run()
CRITICAL - 2022-08-20 21:49:22 --> Undefined index: kode
in APPPATH/Views/pages/simproka1.php on line 354.
 1 APPPATH/Views/pages/simproka1.php(354): CodeIgniter\Debug\Exceptions->errorHandler()
 2 SYSTEMPATH/View/View.php(213): include('APPPATH/Views/pages/simproka1.php')
 3 SYSTEMPATH/View/View.php(216): CodeIgniter\View\View->CodeIgniter\View\{closure}()
 4 SYSTEMPATH/Common.php(1135): CodeIgniter\View\View->render()
 5 APPPATH/Controllers/Simproka1.php(135): view()
 6 SYSTEMPATH/CodeIgniter.php(896): App\Controllers\Simproka1->index()
 7 SYSTEMPATH/CodeIgniter.php(466): CodeIgniter\CodeIgniter->runController()
 8 SYSTEMPATH/CodeIgniter.php(349): CodeIgniter\CodeIgniter->handleRequest()
 9 FCPATH/index.php(55): CodeIgniter\CodeIgniter->run()
CRITICAL - 2022-08-20 21:52:46 --> Undefined index: kode
in APPPATH/Views/pages/simproka1.php on line 354.
 1 APPPATH/Views/pages/simproka1.php(354): CodeIgniter\Debug\Exceptions->errorHandler()
 2 SYSTEMPATH/View/View.php(213): include('APPPATH/Views/pages/simproka1.php')
 3 SYSTEMPATH/View/View.php(216): CodeIgniter\View\View->CodeIgniter\View\{closure}()
 4 SYSTEMPATH/Common.php(1135): CodeIgniter\View\View->render()
 5 APPPATH/Controllers/Simproka1.php(135): view()
 6 SYSTEMPATH/CodeIgniter.php(896): App\Controllers\Simproka1->index()
 7 SYSTEMPATH/CodeIgniter.php(466): CodeIgniter\CodeIgniter->runController()
 8 SYSTEMPATH/CodeIgniter.php(349): CodeIgniter\CodeIgniter->handleRequest()
 9 FCPATH/index.php(55): CodeIgniter\CodeIgniter->run()
ERROR - 2022-08-20 22:07:28 --> ErrorException: pg_query(): Query failed: ERROR:  column &quot;ro&quot; does not exist
LINE 5: AND &quot;ro&quot; = 'DK.4471.DBA.001                                 ...
            ^ in /var/www/ciapp3/vendor/codeigniter4/framework/system/Database/Postgre/Connection.php:135
Stack trace:
#0 [internal function]: CodeIgniter\Debug\Exceptions->errorHandler()
#1 /var/www/ciapp3/vendor/codeigniter4/framework/system/Database/Postgre/Connection.php(135): pg_query()
#2 /var/www/ciapp3/vendor/codeigniter4/framework/system/Database/BaseConnection.php(695): CodeIgniter\Database\Postgre\Connection->execute()
#3 /var/www/ciapp3/vendor/codeigniter4/framework/system/Database/BaseConnection.php(609): CodeIgniter\Database\BaseConnection->simpleQuery()
#4 /var/www/ciapp3/vendor/codeigniter4/framework/system/Database/BaseBuilder.php(1585): CodeIgniter\Database\BaseConnection->query()
#5 /var/www/ciapp3/app/Models/SimprokaModel.php(44): CodeIgniter\Database\BaseBuilder->get()
#6 /var/www/ciapp3/app/Controllers/Simproka1.php(116): App\Models\SimprokaModel->getAll()
#7 /var/www/ciapp3/vendor/codeigniter4/framework/system/CodeIgniter.php(896): App\Controllers\Simproka1->RO()
#8 /var/www/ciapp3/vendor/codeigniter4/framework/system/CodeIgniter.php(466): CodeIgniter\CodeIgniter->runController()
#9 /var/www/ciapp3/vendor/codeigniter4/framework/system/CodeIgniter.php(349): CodeIgniter\CodeIgniter->handleRequest()
#10 /var/www/ciapp3/public/index.php(55): CodeIgniter\CodeIgniter->run()
#11 {main}
CRITICAL - 2022-08-20 22:07:28 --> pg_query(): Query failed: ERROR:  column &quot;ro&quot; does not exist
LINE 5: AND &quot;ro&quot; = 'DK.4471.DBA.001                                 ...
            ^
in SYSTEMPATH/Database/Postgre/Connection.php on line 135.
 1 [internal function]: CodeIgniter\Debug\Exceptions->errorHandler()
 2 SYSTEMPATH/Database/Postgre/Connection.php(135): pg_query()
 3 SYSTEMPATH/Database/BaseConnection.php(695): CodeIgniter\Database\Postgre\Connection->execute()
 4 SYSTEMPATH/Database/BaseConnection.php(609): CodeIgniter\Database\BaseConnection->simpleQuery()
 5 SYSTEMPATH/Database/BaseBuilder.php(1585): CodeIgniter\Database\BaseConnection->query()
 6 APPPATH/Models/SimprokaModel.php(44): CodeIgniter\Database\BaseBuilder->get()
 7 APPPATH/Controllers/Simproka1.php(116): App\Models\SimprokaModel->getAll()
 8 SYSTEMPATH/CodeIgniter.php(896): App\Controllers\Simproka1->RO()
 9 SYSTEMPATH/CodeIgniter.php(466): CodeIgniter\CodeIgniter->runController()
10 SYSTEMPATH/CodeIgniter.php(349): CodeIgniter\CodeIgniter->handleRequest()
11 FCPATH/index.php(55): CodeIgniter\CodeIgniter->run()
ERROR - 2022-08-20 22:09:26 --> ErrorException: pg_query(): Query failed: ERROR:  column &quot;ro&quot; does not exist
LINE 5: AND &quot;ro&quot; = 'DK.4471.DBA.001                                 ...
            ^ in /var/www/ciapp3/vendor/codeigniter4/framework/system/Database/Postgre/Connection.php:135
Stack trace:
#0 [internal function]: CodeIgniter\Debug\Exceptions->errorHandler()
#1 /var/www/ciapp3/vendor/codeigniter4/framework/system/Database/Postgre/Connection.php(135): pg_query()
#2 /var/www/ciapp3/vendor/codeigniter4/framework/system/Database/BaseConnection.php(695): CodeIgniter\Database\Postgre\Connection->execute()
#3 /var/www/ciapp3/vendor/codeigniter4/framework/system/Database/BaseConnection.php(609): CodeIgniter\Database\BaseConnection->simpleQuery()
#4 /var/www/ciapp3/vendor/codeigniter4/framework/system/Database/BaseBuilder.php(1585): CodeIgniter\Database\BaseConnection->query()
#5 /var/www/ciapp3/app/Models/SimprokaModel.php(44): CodeIgniter\Database\BaseBuilder->get()
#6 /var/www/ciapp3/app/Controllers/Simproka1.php(116): App\Models\SimprokaModel->getAll()
#7 /var/www/ciapp3/vendor/codeigniter4/framework/system/CodeIgniter.php(896): App\Controllers\Simproka1->RO()
#8 /var/www/ciapp3/vendor/codeigniter4/framework/system/CodeIgniter.php(466): CodeIgniter\CodeIgniter->runController()
#9 /var/www/ciapp3/vendor/codeigniter4/framework/system/CodeIgniter.php(349): CodeIgniter\CodeIgniter->handleRequest()
#10 /var/www/ciapp3/public/index.php(55): CodeIgniter\CodeIgniter->run()
#11 {main}
CRITICAL - 2022-08-20 22:09:26 --> pg_query(): Query failed: ERROR:  column &quot;ro&quot; does not exist
LINE 5: AND &quot;ro&quot; = 'DK.4471.DBA.001                                 ...
            ^
in SYSTEMPATH/Database/Postgre/Connection.php on line 135.
 1 [internal function]: CodeIgniter\Debug\Exceptions->errorHandler()
 2 SYSTEMPATH/Database/Postgre/Connection.php(135): pg_query()
 3 SYSTEMPATH/Database/BaseConnection.php(695): CodeIgniter\Database\Postgre\Connection->execute()
 4 SYSTEMPATH/Database/BaseConnection.php(609): CodeIgniter\Database\BaseConnection->simpleQuery()
 5 SYSTEMPATH/Database/BaseBuilder.php(1585): CodeIgniter\Database\BaseConnection->query()
 6 APPPATH/Models/SimprokaModel.php(44): CodeIgniter\Database\BaseBuilder->get()
 7 APPPATH/Controllers/Simproka1.php(116): App\Models\SimprokaModel->getAll()
 8 SYSTEMPATH/CodeIgniter.php(896): App\Controllers\Simproka1->RO()
 9 SYSTEMPATH/CodeIgniter.php(466): CodeIgniter\CodeIgniter->runController()
10 SYSTEMPATH/CodeIgniter.php(349): CodeIgniter\CodeIgniter->handleRequest()
11 FCPATH/index.php(55): CodeIgniter\CodeIgniter->run()
ERROR - 2022-08-20 22:10:12 --> ErrorException: pg_query(): Query failed: ERROR:  column &quot;ro&quot; does not exist
LINE 5: AND &quot;ro&quot; = 'DK.4471.DBA.001                                 ...
            ^ in /var/www/ciapp3/vendor/codeigniter4/framework/system/Database/Postgre/Connection.php:135
Stack trace:
#0 [internal function]: CodeIgniter\Debug\Exceptions->errorHandler()
#1 /var/www/ciapp3/vendor/codeigniter4/framework/system/Database/Postgre/Connection.php(135): pg_query()
#2 /var/www/ciapp3/vendor/codeigniter4/framework/system/Database/BaseConnection.php(695): CodeIgniter\Database\Postgre\Connection->execute()
#3 /var/www/ciapp3/vendor/codeigniter4/framework/system/Database/BaseConnection.php(609): CodeIgniter\Database\BaseConnection->simpleQuery()
#4 /var/www/ciapp3/vendor/codeigniter4/framework/system/Database/BaseBuilder.php(1585): CodeIgniter\Database\BaseConnection->query()
#5 /var/www/ciapp3/app/Models/SimprokaModel.php(44): CodeIgniter\Database\BaseBuilder->get()
#6 /var/www/ciapp3/app/Controllers/Simproka1.php(116): App\Models\SimprokaModel->getAll()
#7 /var/www/ciapp3/vendor/codeigniter4/framework/system/CodeIgniter.php(896): App\Controllers\Simproka1->RO()
#8 /var/www/ciapp3/vendor/codeigniter4/framework/system/CodeIgniter.php(466): CodeIgniter\CodeIgniter->runController()
#9 /var/www/ciapp3/vendor/codeigniter4/framework/system/CodeIgniter.php(349): CodeIgniter\CodeIgniter->handleRequest()
#10 /var/www/ciapp3/public/index.php(55): CodeIgniter\CodeIgniter->run()
#11 {main}
CRITICAL - 2022-08-20 22:10:12 --> pg_query(): Query failed: ERROR:  column &quot;ro&quot; does not exist
LINE 5: AND &quot;ro&quot; = 'DK.4471.DBA.001                                 ...
            ^
in SYSTEMPATH/Database/Postgre/Connection.php on line 135.
 1 [internal function]: CodeIgniter\Debug\Exceptions->errorHandler()
 2 SYSTEMPATH/Database/Postgre/Connection.php(135): pg_query()
 3 SYSTEMPATH/Database/BaseConnection.php(695): CodeIgniter\Database\Postgre\Connection->execute()
 4 SYSTEMPATH/Database/BaseConnection.php(609): CodeIgniter\Database\BaseConnection->simpleQuery()
 5 SYSTEMPATH/Database/BaseBuilder.php(1585): CodeIgniter\Database\BaseConnection->query()
 6 APPPATH/Models/SimprokaModel.php(44): CodeIgniter\Database\BaseBuilder->get()
 7 APPPATH/Controllers/Simproka1.php(116): App\Models\SimprokaModel->getAll()
 8 SYSTEMPATH/CodeIgniter.php(896): App\Controllers\Simproka1->RO()
 9 SYSTEMPATH/CodeIgniter.php(466): CodeIgniter\CodeIgniter->runController()
10 SYSTEMPATH/CodeIgniter.php(349): CodeIgniter\CodeIgniter->handleRequest()
11 FCPATH/index.php(55): CodeIgniter\CodeIgniter->run()
CRITICAL - 2022-08-20 22:10:50 --> Undefined variable: querySubkomponen
in APPPATH/Controllers/Simproka1.php on line 117.
 1 APPPATH/Controllers/Simproka1.php(117): CodeIgniter\Debug\Exceptions->errorHandler()
 2 SYSTEMPATH/CodeIgniter.php(896): App\Controllers\Simproka1->RO()
 3 SYSTEMPATH/CodeIgniter.php(466): CodeIgniter\CodeIgniter->runController()
 4 SYSTEMPATH/CodeIgniter.php(349): CodeIgniter\CodeIgniter->handleRequest()
 5 FCPATH/index.php(55): CodeIgniter\CodeIgniter->run()
CRITICAL - 2022-08-20 22:14:01 --> syntax error, unexpected 'else' (T_ELSE)
in APPPATH/Views/pages/simproka1.php on line 359.
 1 SYSTEMPATH/View/View.php(216): CodeIgniter\View\View->CodeIgniter\View\{closure}()
 2 SYSTEMPATH/Common.php(1135): CodeIgniter\View\View->render()
 3 APPPATH/Controllers/Simproka1.php(148): view()
 4 SYSTEMPATH/CodeIgniter.php(896): App\Controllers\Simproka1->index()
 5 SYSTEMPATH/CodeIgniter.php(466): CodeIgniter\CodeIgniter->runController()
 6 SYSTEMPATH/CodeIgniter.php(349): CodeIgniter\CodeIgniter->handleRequest()
 7 FCPATH/index.php(55): CodeIgniter\CodeIgniter->run()
CRITICAL - 2022-08-20 22:17:59 --> Undefined variable: query
in APPPATH/Controllers/Simproka1.php on line 58.
 1 APPPATH/Controllers/Simproka1.php(58): CodeIgniter\Debug\Exceptions->errorHandler()
 2 SYSTEMPATH/CodeIgniter.php(896): App\Controllers\Simproka1->editPage()
 3 SYSTEMPATH/CodeIgniter.php(466): CodeIgniter\CodeIgniter->runController()
 4 SYSTEMPATH/CodeIgniter.php(349): CodeIgniter\CodeIgniter->handleRequest()
 5 FCPATH/index.php(55): CodeIgniter\CodeIgniter->run()
CRITICAL - 2022-08-20 23:21:59 --> Undefined variable: data
in APPPATH/Views/pages/simproka-edit.php on line 348.
 1 APPPATH/Views/pages/simproka-edit.php(348): CodeIgniter\Debug\Exceptions->errorHandler()
 2 SYSTEMPATH/View/View.php(213): include('APPPATH/Views/pages/simproka-edit.php')
 3 SYSTEMPATH/View/View.php(216): CodeIgniter\View\View->CodeIgniter\View\{closure}()
 4 SYSTEMPATH/Common.php(1135): CodeIgniter\View\View->render()
 5 APPPATH/Controllers/Simproka1.php(32): view()
 6 SYSTEMPATH/CodeIgniter.php(896): App\Controllers\Simproka1->edit()
 7 SYSTEMPATH/CodeIgniter.php(466): CodeIgniter\CodeIgniter->runController()
 8 SYSTEMPATH/CodeIgniter.php(349): CodeIgniter\CodeIgniter->handleRequest()
 9 FCPATH/index.php(55): CodeIgniter\CodeIgniter->run()
CRITICAL - 2022-08-20 23:22:01 --> Undefined variable: data
in APPPATH/Views/pages/simproka1.php on line 362.
 1 APPPATH/Views/pages/simproka1.php(362): CodeIgniter\Debug\Exceptions->errorHandler()
 2 SYSTEMPATH/View/View.php(213): include('APPPATH/Views/pages/simproka1.php')
 3 SYSTEMPATH/View/View.php(216): CodeIgniter\View\View->CodeIgniter\View\{closure}()
 4 SYSTEMPATH/Common.php(1135): CodeIgniter\View\View->render()
 5 APPPATH/Controllers/Simproka1.php(133): view()
 6 SYSTEMPATH/CodeIgniter.php(896): App\Controllers\Simproka1->index()
 7 SYSTEMPATH/CodeIgniter.php(466): CodeIgniter\CodeIgniter->runController()
 8 SYSTEMPATH/CodeIgniter.php(349): CodeIgniter\CodeIgniter->handleRequest()
 9 FCPATH/index.php(55): CodeIgniter\CodeIgniter->run()
CRITICAL - 2022-08-20 23:22:02 --> Undefined variable: data
in APPPATH/Views/pages/simproka1.php on line 362.
 1 APPPATH/Views/pages/simproka1.php(362): CodeIgniter\Debug\Exceptions->errorHandler()
 2 SYSTEMPATH/View/View.php(213): include('APPPATH/Views/pages/simproka1.php')
 3 SYSTEMPATH/View/View.php(216): CodeIgniter\View\View->CodeIgniter\View\{closure}()
 4 SYSTEMPATH/Common.php(1135): CodeIgniter\View\View->render()
 5 APPPATH/Controllers/Simproka1.php(133): view()
 6 SYSTEMPATH/CodeIgniter.php(896): App\Controllers\Simproka1->index()
 7 SYSTEMPATH/CodeIgniter.php(466): CodeIgniter\CodeIgniter->runController()
 8 SYSTEMPATH/CodeIgniter.php(349): CodeIgniter\CodeIgniter->handleRequest()
 9 FCPATH/index.php(55): CodeIgniter\CodeIgniter->run()
