CRITICAL - 2022-09-11 00:11:06 --> Cannot use isset() on the result of an expression (you can use "null !== expression" instead)
in APPPATH\Controllers\Simproka1.php on line 88.
 1 [internal function]: CodeIgniter\Debug\Exceptions->shutdownHandler()
CRITICAL - 2022-09-11 00:20:05 --> Undefined array key "DK.4471.CAA.001.051.A"
in APPPATH\Views\simproka\simproka1.php on line 447.
 1 APPPATH\Views\simproka\simproka1.php(447): CodeIgniter\Debug\Exceptions->errorHandler(2, 'Undefined array key "DK.4471.CAA.001.051.A"', 'APPPATH\\Views\\simproka\\simproka1.php', 447)
 2 SYSTEMPATH\View\View.php(213): include('APPPATH\\Views\\simproka\\simproka1.php')
 3 SYSTEMPATH\View\View.php(216): CodeIgniter\View\View->CodeIgniter\View\{closure}()
 4 SYSTEMPATH\Common.php(1135): CodeIgniter\View\View->render('simproka/simproka1', [], true)
 5 APPPATH\Controllers\Simproka1.php(356): view('simproka/simproka1', [...])
 6 SYSTEMPATH\CodeIgniter.php(896): App\Controllers\Simproka1->index()
 7 SYSTEMPATH\CodeIgniter.php(466): CodeIgniter\CodeIgniter->runController(Object(App\Controllers\Simproka1))
 8 SYSTEMPATH\CodeIgniter.php(349): CodeIgniter\CodeIgniter->handleRequest(null, Object(Config\Cache), false)
 9 FCPATH\index.php(55): CodeIgniter\CodeIgniter->run()
10 SYSTEMPATH\Commands\Server\rewrite.php(43): require_once('FCPATH\\index.php')
CRITICAL - 2022-09-11 02:23:43 --> syntax error, unexpected token "return"
in APPPATH\Models\BaseModel.php on line 29.
 1 SYSTEMPATH\Autoloader\Autoloader.php(261): CodeIgniter\Autoloader\Autoloader->includeFile('APPPATH\\Models\\BaseModel.php')
 2 SYSTEMPATH\Autoloader\Autoloader.php(239): CodeIgniter\Autoloader\Autoloader->loadInNamespace('App\\Models\\BaseModel')
 3 APPPATH\Controllers\Simproka1.php(20): CodeIgniter\Autoloader\Autoloader->loadClass('App\\Models\\BaseModel')
 4 SYSTEMPATH\CodeIgniter.php(858): App\Controllers\Simproka1->__construct()
 5 SYSTEMPATH\CodeIgniter.php(457): CodeIgniter\CodeIgniter->createController()
 6 SYSTEMPATH\CodeIgniter.php(349): CodeIgniter\CodeIgniter->handleRequest(null, Object(Config\Cache), false)
 7 FCPATH\index.php(55): CodeIgniter\CodeIgniter->run()
 8 SYSTEMPATH\Commands\Server\rewrite.php(43): require_once('FCPATH\\index.php')
ERROR - 2022-09-11 04:40:24 --> ErrorException: pg_query(): Query failed: ERROR:  syntax error at or near "ON"
LINE 14: ...ed_at DATETIME NOT NULL DEFAULT CURRENT_TIMESTAMP ON UPDATE ...
                                                              ^ in D:\Backup spasikita\Using\ciapp3\vendor\codeigniter4\framework\system\Database\Postgre\Connection.php:135
Stack trace:
#0 [internal function]: CodeIgniter\Debug\Exceptions->errorHandler(2, 'pg_query(): Que...', 'D:\\Backup spasi...', 135)
#1 D:\Backup spasikita\Using\ciapp3\vendor\codeigniter4\framework\system\Database\Postgre\Connection.php(135): pg_query(Resource id #237, 'CREATE TABLE IF...')
#2 D:\Backup spasikita\Using\ciapp3\vendor\codeigniter4\framework\system\Database\BaseConnection.php(695): CodeIgniter\Database\Postgre\Connection->execute('CREATE TABLE IF...')
#3 D:\Backup spasikita\Using\ciapp3\vendor\codeigniter4\framework\system\Database\BaseConnection.php(609): CodeIgniter\Database\BaseConnection->simpleQuery('CREATE TABLE IF...')
#4 D:\Backup spasikita\Using\ciapp3\vendor\codeigniter4\framework\system\Database\Forge.php(513): CodeIgniter\Database\BaseConnection->query('CREATE TABLE IF...')
#5 D:\Backup spasikita\Using\ciapp3\vendor\daycry\cronjob\src\Database\Migrations\2021-10-21-103415_create_cronjob_tables.php(36): CodeIgniter\Database\Forge->createTable('cronjob', true)
#6 D:\Backup spasikita\Using\ciapp3\vendor\codeigniter4\framework\system\Database\MigrationRunner.php(868): Daycry\Cronjob\Database\Migrations\CreateCronjobTable->up()
#7 D:\Backup spasikita\Using\ciapp3\vendor\codeigniter4\framework\system\Database\MigrationRunner.php(187): CodeIgniter\Database\MigrationRunner->migrate('up', Object(stdClass))
#8 D:\Backup spasikita\Using\ciapp3\vendor\codeigniter4\framework\system\Commands\Database\Migrate.php(84): CodeIgniter\Database\MigrationRunner->latest(NULL)
#9 D:\Backup spasikita\Using\ciapp3\vendor\codeigniter4\framework\system\CLI\Commands.php(63): CodeIgniter\Commands\Database\Migrate->run(Array)
#10 D:\Backup spasikita\Using\ciapp3\vendor\codeigniter4\framework\system\CLI\CommandRunner.php(65): CodeIgniter\CLI\Commands->run('migrate', Array)
#11 D:\Backup spasikita\Using\ciapp3\vendor\codeigniter4\framework\system\CLI\CommandRunner.php(51): CodeIgniter\CLI\CommandRunner->index(Array)
#12 D:\Backup spasikita\Using\ciapp3\vendor\codeigniter4\framework\system\CodeIgniter.php(889): CodeIgniter\CLI\CommandRunner->_remap('index', Array)
#13 D:\Backup spasikita\Using\ciapp3\vendor\codeigniter4\framework\system\CodeIgniter.php(466): CodeIgniter\CodeIgniter->runController(Object(CodeIgniter\CLI\CommandRunner))
#14 D:\Backup spasikita\Using\ciapp3\vendor\codeigniter4\framework\system\CodeIgniter.php(345): CodeIgniter\CodeIgniter->handleRequest(NULL, Object(Config\Cache), false)
#15 D:\Backup spasikita\Using\ciapp3\vendor\codeigniter4\framework\system\CLI\Console.php(48): CodeIgniter\CodeIgniter->run()
#16 D:\Backup spasikita\Using\ciapp3\spark(86): CodeIgniter\CLI\Console->run()
#17 {main}
ERROR - 2022-09-11 04:48:34 --> ErrorException: pg_query(): Query failed: ERROR:  syntax error at or near "ON"
LINE 14: ..._at DATETIME NOT NULL DEFAULT 'CURRENT_TIMESTAMP' ON UPDATE ...
                                                              ^ in D:\Backup spasikita\Using\ciapp3\vendor\codeigniter4\framework\system\Database\Postgre\Connection.php:135
Stack trace:
#0 [internal function]: CodeIgniter\Debug\Exceptions->errorHandler(2, 'pg_query(): Que...', 'D:\\Backup spasi...', 135)
#1 D:\Backup spasikita\Using\ciapp3\vendor\codeigniter4\framework\system\Database\Postgre\Connection.php(135): pg_query(Resource id #237, 'CREATE TABLE IF...')
#2 D:\Backup spasikita\Using\ciapp3\vendor\codeigniter4\framework\system\Database\BaseConnection.php(695): CodeIgniter\Database\Postgre\Connection->execute('CREATE TABLE IF...')
#3 D:\Backup spasikita\Using\ciapp3\vendor\codeigniter4\framework\system\Database\BaseConnection.php(609): CodeIgniter\Database\BaseConnection->simpleQuery('CREATE TABLE IF...')
#4 D:\Backup spasikita\Using\ciapp3\vendor\codeigniter4\framework\system\Database\Forge.php(513): CodeIgniter\Database\BaseConnection->query('CREATE TABLE IF...')
#5 D:\Backup spasikita\Using\ciapp3\vendor\daycry\cronjob\src\Database\Migrations\2021-10-21-103415_create_cronjob_tables.php(36): CodeIgniter\Database\Forge->createTable('cronjob', true)
#6 D:\Backup spasikita\Using\ciapp3\vendor\codeigniter4\framework\system\Database\MigrationRunner.php(868): Daycry\Cronjob\Database\Migrations\CreateCronjobTable->up()
#7 D:\Backup spasikita\Using\ciapp3\vendor\codeigniter4\framework\system\Database\MigrationRunner.php(187): CodeIgniter\Database\MigrationRunner->migrate('up', Object(stdClass))
#8 D:\Backup spasikita\Using\ciapp3\vendor\codeigniter4\framework\system\Commands\Database\Migrate.php(84): CodeIgniter\Database\MigrationRunner->latest(NULL)
#9 D:\Backup spasikita\Using\ciapp3\vendor\codeigniter4\framework\system\CLI\Commands.php(63): CodeIgniter\Commands\Database\Migrate->run(Array)
#10 D:\Backup spasikita\Using\ciapp3\vendor\codeigniter4\framework\system\CLI\CommandRunner.php(65): CodeIgniter\CLI\Commands->run('migrate', Array)
#11 D:\Backup spasikita\Using\ciapp3\vendor\codeigniter4\framework\system\CLI\CommandRunner.php(51): CodeIgniter\CLI\CommandRunner->index(Array)
#12 D:\Backup spasikita\Using\ciapp3\vendor\codeigniter4\framework\system\CodeIgniter.php(889): CodeIgniter\CLI\CommandRunner->_remap('index', Array)
#13 D:\Backup spasikita\Using\ciapp3\vendor\codeigniter4\framework\system\CodeIgniter.php(466): CodeIgniter\CodeIgniter->runController(Object(CodeIgniter\CLI\CommandRunner))
#14 D:\Backup spasikita\Using\ciapp3\vendor\codeigniter4\framework\system\CodeIgniter.php(345): CodeIgniter\CodeIgniter->handleRequest(NULL, Object(Config\Cache), false)
#15 D:\Backup spasikita\Using\ciapp3\vendor\codeigniter4\framework\system\CLI\Console.php(48): CodeIgniter\CodeIgniter->run()
#16 D:\Backup spasikita\Using\ciapp3\spark(86): CodeIgniter\CLI\Console->run()
#17 {main}
ERROR - 2022-09-11 04:50:50 --> ErrorException: pg_query(): Query failed: ERROR:  syntax error at or near "ON"
LINE 14: ...ed_at DATETIME NOT NULL DEFAULT CURRENT_TIMESTAMP ON UPDATE ...
                                                              ^ in D:\Backup spasikita\Using\ciapp3\vendor\codeigniter4\framework\system\Database\Postgre\Connection.php:135
Stack trace:
#0 [internal function]: CodeIgniter\Debug\Exceptions->errorHandler(2, 'pg_query(): Que...', 'D:\\Backup spasi...', 135)
#1 D:\Backup spasikita\Using\ciapp3\vendor\codeigniter4\framework\system\Database\Postgre\Connection.php(135): pg_query(Resource id #237, 'CREATE TABLE IF...')
#2 D:\Backup spasikita\Using\ciapp3\vendor\codeigniter4\framework\system\Database\BaseConnection.php(695): CodeIgniter\Database\Postgre\Connection->execute('CREATE TABLE IF...')
#3 D:\Backup spasikita\Using\ciapp3\vendor\codeigniter4\framework\system\Database\BaseConnection.php(609): CodeIgniter\Database\BaseConnection->simpleQuery('CREATE TABLE IF...')
#4 D:\Backup spasikita\Using\ciapp3\vendor\codeigniter4\framework\system\Database\Forge.php(513): CodeIgniter\Database\BaseConnection->query('CREATE TABLE IF...')
#5 D:\Backup spasikita\Using\ciapp3\vendor\daycry\cronjob\src\Database\Migrations\2021-10-21-103415_create_cronjob_tables.php(36): CodeIgniter\Database\Forge->createTable('cronjob', true)
#6 D:\Backup spasikita\Using\ciapp3\vendor\codeigniter4\framework\system\Database\MigrationRunner.php(868): Daycry\Cronjob\Database\Migrations\CreateCronjobTable->up()
#7 D:\Backup spasikita\Using\ciapp3\vendor\codeigniter4\framework\system\Database\MigrationRunner.php(187): CodeIgniter\Database\MigrationRunner->migrate('up', Object(stdClass))
#8 D:\Backup spasikita\Using\ciapp3\vendor\codeigniter4\framework\system\Commands\Database\Migrate.php(84): CodeIgniter\Database\MigrationRunner->latest(NULL)
#9 D:\Backup spasikita\Using\ciapp3\vendor\codeigniter4\framework\system\CLI\Commands.php(63): CodeIgniter\Commands\Database\Migrate->run(Array)
#10 D:\Backup spasikita\Using\ciapp3\vendor\codeigniter4\framework\system\CLI\CommandRunner.php(65): CodeIgniter\CLI\Commands->run('migrate', Array)
#11 D:\Backup spasikita\Using\ciapp3\vendor\codeigniter4\framework\system\CLI\CommandRunner.php(51): CodeIgniter\CLI\CommandRunner->index(Array)
#12 D:\Backup spasikita\Using\ciapp3\vendor\codeigniter4\framework\system\CodeIgniter.php(889): CodeIgniter\CLI\CommandRunner->_remap('index', Array)
#13 D:\Backup spasikita\Using\ciapp3\vendor\codeigniter4\framework\system\CodeIgniter.php(466): CodeIgniter\CodeIgniter->runController(Object(CodeIgniter\CLI\CommandRunner))
#14 D:\Backup spasikita\Using\ciapp3\vendor\codeigniter4\framework\system\CodeIgniter.php(345): CodeIgniter\CodeIgniter->handleRequest(NULL, Object(Config\Cache), false)
#15 D:\Backup spasikita\Using\ciapp3\vendor\codeigniter4\framework\system\CLI\Console.php(48): CodeIgniter\CodeIgniter->run()
#16 D:\Backup spasikita\Using\ciapp3\spark(86): CodeIgniter\CLI\Console->run()
#17 {main}
ERROR - 2022-09-11 04:54:23 --> ErrorException: pg_query(): Query failed: ERROR:  syntax error at or near "ON"
LINE 14: ...IMESTAMP WITH TIME ZONE DEFAULT CURRENT_TIMESTAMP ON UPDATE ...
                                                              ^ in D:\Backup spasikita\Using\ciapp3\vendor\codeigniter4\framework\system\Database\Postgre\Connection.php:135
Stack trace:
#0 [internal function]: CodeIgniter\Debug\Exceptions->errorHandler(2, 'pg_query(): Que...', 'D:\\Backup spasi...', 135)
#1 D:\Backup spasikita\Using\ciapp3\vendor\codeigniter4\framework\system\Database\Postgre\Connection.php(135): pg_query(Resource id #237, 'CREATE TABLE IF...')
#2 D:\Backup spasikita\Using\ciapp3\vendor\codeigniter4\framework\system\Database\BaseConnection.php(695): CodeIgniter\Database\Postgre\Connection->execute('CREATE TABLE IF...')
#3 D:\Backup spasikita\Using\ciapp3\vendor\codeigniter4\framework\system\Database\BaseConnection.php(609): CodeIgniter\Database\BaseConnection->simpleQuery('CREATE TABLE IF...')
#4 D:\Backup spasikita\Using\ciapp3\vendor\codeigniter4\framework\system\Database\Forge.php(513): CodeIgniter\Database\BaseConnection->query('CREATE TABLE IF...')
#5 D:\Backup spasikita\Using\ciapp3\vendor\daycry\cronjob\src\Database\Migrations\2021-10-21-103415_create_cronjob_tables.php(36): CodeIgniter\Database\Forge->createTable('cronjob', true)
#6 D:\Backup spasikita\Using\ciapp3\vendor\codeigniter4\framework\system\Database\MigrationRunner.php(868): Daycry\Cronjob\Database\Migrations\CreateCronjobTable->up()
#7 D:\Backup spasikita\Using\ciapp3\vendor\codeigniter4\framework\system\Database\MigrationRunner.php(187): CodeIgniter\Database\MigrationRunner->migrate('up', Object(stdClass))
#8 D:\Backup spasikita\Using\ciapp3\vendor\codeigniter4\framework\system\Commands\Database\Migrate.php(84): CodeIgniter\Database\MigrationRunner->latest(NULL)
#9 D:\Backup spasikita\Using\ciapp3\vendor\codeigniter4\framework\system\CLI\Commands.php(63): CodeIgniter\Commands\Database\Migrate->run(Array)
#10 D:\Backup spasikita\Using\ciapp3\vendor\codeigniter4\framework\system\CLI\CommandRunner.php(65): CodeIgniter\CLI\Commands->run('migrate', Array)
#11 D:\Backup spasikita\Using\ciapp3\vendor\codeigniter4\framework\system\CLI\CommandRunner.php(51): CodeIgniter\CLI\CommandRunner->index(Array)
#12 D:\Backup spasikita\Using\ciapp3\vendor\codeigniter4\framework\system\CodeIgniter.php(889): CodeIgniter\CLI\CommandRunner->_remap('index', Array)
#13 D:\Backup spasikita\Using\ciapp3\vendor\codeigniter4\framework\system\CodeIgniter.php(466): CodeIgniter\CodeIgniter->runController(Object(CodeIgniter\CLI\CommandRunner))
#14 D:\Backup spasikita\Using\ciapp3\vendor\codeigniter4\framework\system\CodeIgniter.php(345): CodeIgniter\CodeIgniter->handleRequest(NULL, Object(Config\Cache), false)
#15 D:\Backup spasikita\Using\ciapp3\vendor\codeigniter4\framework\system\CLI\Console.php(48): CodeIgniter\CodeIgniter->run()
#16 D:\Backup spasikita\Using\ciapp3\spark(86): CodeIgniter\CLI\Console->run()
#17 {main}
CRITICAL - 2022-09-11 05:01:12 --> Undefined variable $pic
in APPPATH\Views\simproka\simprokaEdit.php on line 45.
 1 APPPATH\Views\simproka\simprokaEdit.php(45): CodeIgniter\Debug\Exceptions->errorHandler(2, 'Undefined variable $pic', 'APPPATH\\Views\\simproka\\simprokaEdit.php', 45)
 2 SYSTEMPATH\View\View.php(213): include('APPPATH\\Views\\simproka\\simprokaEdit.php')
 3 SYSTEMPATH\View\View.php(216): CodeIgniter\View\View->CodeIgniter\View\{closure}()
 4 SYSTEMPATH\Common.php(1135): CodeIgniter\View\View->render('simproka/simprokaEdit', [], true)
 5 APPPATH\Controllers\Simproka1.php(39): view('simproka/simprokaEdit', [...])
 6 SYSTEMPATH\CodeIgniter.php(896): App\Controllers\Simproka1->edit()
 7 SYSTEMPATH\CodeIgniter.php(466): CodeIgniter\CodeIgniter->runController(Object(App\Controllers\Simproka1))
 8 SYSTEMPATH\CodeIgniter.php(349): CodeIgniter\CodeIgniter->handleRequest(null, Object(Config\Cache), false)
 9 FCPATH\index.php(55): CodeIgniter\CodeIgniter->run()
10 SYSTEMPATH\Commands\Server\rewrite.php(43): require_once('FCPATH\\index.php')
CRITICAL - 2022-09-11 05:05:40 --> Undefined variable $pic
in APPPATH\Views\simproka\simprokaEdit.php on line 45.
 1 APPPATH\Views\simproka\simprokaEdit.php(45): CodeIgniter\Debug\Exceptions->errorHandler(2, 'Undefined variable $pic', 'APPPATH\\Views\\simproka\\simprokaEdit.php', 45)
 2 SYSTEMPATH\View\View.php(213): include('APPPATH\\Views\\simproka\\simprokaEdit.php')
 3 SYSTEMPATH\View\View.php(216): CodeIgniter\View\View->CodeIgniter\View\{closure}()
 4 SYSTEMPATH\Common.php(1135): CodeIgniter\View\View->render('simproka/simprokaEdit', [], true)
 5 APPPATH\Controllers\Simproka1.php(39): view('simproka/simprokaEdit', [...])
 6 SYSTEMPATH\CodeIgniter.php(896): App\Controllers\Simproka1->edit()
 7 SYSTEMPATH\CodeIgniter.php(466): CodeIgniter\CodeIgniter->runController(Object(App\Controllers\Simproka1))
 8 SYSTEMPATH\CodeIgniter.php(349): CodeIgniter\CodeIgniter->handleRequest(null, Object(Config\Cache), false)
 9 FCPATH\index.php(55): CodeIgniter\CodeIgniter->run()
10 SYSTEMPATH\Commands\Server\rewrite.php(43): require_once('FCPATH\\index.php')
CRITICAL - 2022-09-11 05:07:40 --> Undefined variable $pic
in APPPATH\Views\simproka\simprokaEdit.php on line 45.
 1 APPPATH\Views\simproka\simprokaEdit.php(45): CodeIgniter\Debug\Exceptions->errorHandler(2, 'Undefined variable $pic', 'APPPATH\\Views\\simproka\\simprokaEdit.php', 45)
 2 SYSTEMPATH\View\View.php(213): include('APPPATH\\Views\\simproka\\simprokaEdit.php')
 3 SYSTEMPATH\View\View.php(216): CodeIgniter\View\View->CodeIgniter\View\{closure}()
 4 SYSTEMPATH\Common.php(1135): CodeIgniter\View\View->render('simproka/simprokaEdit', [], true)
 5 APPPATH\Controllers\Simproka1.php(39): view('simproka/simprokaEdit', [...])
 6 SYSTEMPATH\CodeIgniter.php(896): App\Controllers\Simproka1->edit()
 7 SYSTEMPATH\CodeIgniter.php(466): CodeIgniter\CodeIgniter->runController(Object(App\Controllers\Simproka1))
 8 SYSTEMPATH\CodeIgniter.php(349): CodeIgniter\CodeIgniter->handleRequest(null, Object(Config\Cache), false)
 9 FCPATH\index.php(55): CodeIgniter\CodeIgniter->run()
10 SYSTEMPATH\Commands\Server\rewrite.php(43): require_once('FCPATH\\index.php')
CRITICAL - 2022-09-11 05:09:18 --> Undefined variable $pic
in APPPATH\Views\simproka\simprokaEdit.php on line 45.
 1 APPPATH\Views\simproka\simprokaEdit.php(45): CodeIgniter\Debug\Exceptions->errorHandler(2, 'Undefined variable $pic', 'APPPATH\\Views\\simproka\\simprokaEdit.php', 45)
 2 SYSTEMPATH\View\View.php(213): include('APPPATH\\Views\\simproka\\simprokaEdit.php')
 3 SYSTEMPATH\View\View.php(216): CodeIgniter\View\View->CodeIgniter\View\{closure}()
 4 SYSTEMPATH\Common.php(1135): CodeIgniter\View\View->render('simproka/simprokaEdit', [], true)
 5 APPPATH\Controllers\Simproka1.php(39): view('simproka/simprokaEdit', [...])
 6 SYSTEMPATH\CodeIgniter.php(896): App\Controllers\Simproka1->edit()
 7 SYSTEMPATH\CodeIgniter.php(466): CodeIgniter\CodeIgniter->runController(Object(App\Controllers\Simproka1))
 8 SYSTEMPATH\CodeIgniter.php(349): CodeIgniter\CodeIgniter->handleRequest(null, Object(Config\Cache), false)
 9 FCPATH\index.php(55): CodeIgniter\CodeIgniter->run()
10 SYSTEMPATH\Commands\Server\rewrite.php(43): require_once('FCPATH\\index.php')
CRITICAL - 2022-09-11 05:09:35 --> Undefined variable $pic
in APPPATH\Views\simproka\simprokaEdit.php on line 45.
 1 APPPATH\Views\simproka\simprokaEdit.php(45): CodeIgniter\Debug\Exceptions->errorHandler(2, 'Undefined variable $pic', 'APPPATH\\Views\\simproka\\simprokaEdit.php', 45)
 2 SYSTEMPATH\View\View.php(213): include('APPPATH\\Views\\simproka\\simprokaEdit.php')
 3 SYSTEMPATH\View\View.php(216): CodeIgniter\View\View->CodeIgniter\View\{closure}()
 4 SYSTEMPATH\Common.php(1135): CodeIgniter\View\View->render('simproka/simprokaEdit', [], true)
 5 APPPATH\Controllers\Simproka1.php(39): view('simproka/simprokaEdit', [...])
 6 SYSTEMPATH\CodeIgniter.php(896): App\Controllers\Simproka1->edit()
 7 SYSTEMPATH\CodeIgniter.php(466): CodeIgniter\CodeIgniter->runController(Object(App\Controllers\Simproka1))
 8 SYSTEMPATH\CodeIgniter.php(349): CodeIgniter\CodeIgniter->handleRequest(null, Object(Config\Cache), false)
 9 FCPATH\index.php(55): CodeIgniter\CodeIgniter->run()
10 SYSTEMPATH\Commands\Server\rewrite.php(43): require_once('FCPATH\\index.php')
CRITICAL - 2022-09-11 05:09:42 --> Undefined variable $pic
in APPPATH\Views\simproka\simprokaEdit.php on line 45.
 1 APPPATH\Views\simproka\simprokaEdit.php(45): CodeIgniter\Debug\Exceptions->errorHandler(2, 'Undefined variable $pic', 'APPPATH\\Views\\simproka\\simprokaEdit.php', 45)
 2 SYSTEMPATH\View\View.php(213): include('APPPATH\\Views\\simproka\\simprokaEdit.php')
 3 SYSTEMPATH\View\View.php(216): CodeIgniter\View\View->CodeIgniter\View\{closure}()
 4 SYSTEMPATH\Common.php(1135): CodeIgniter\View\View->render('simproka/simprokaEdit', [], true)
 5 APPPATH\Controllers\Simproka1.php(39): view('simproka/simprokaEdit', [...])
 6 SYSTEMPATH\CodeIgniter.php(896): App\Controllers\Simproka1->edit()
 7 SYSTEMPATH\CodeIgniter.php(466): CodeIgniter\CodeIgniter->runController(Object(App\Controllers\Simproka1))
 8 SYSTEMPATH\CodeIgniter.php(349): CodeIgniter\CodeIgniter->handleRequest(null, Object(Config\Cache), false)
 9 FCPATH\index.php(55): CodeIgniter\CodeIgniter->run()
10 SYSTEMPATH\Commands\Server\rewrite.php(43): require_once('FCPATH\\index.php')
CRITICAL - 2022-09-11 05:09:44 --> Undefined variable $pic
in APPPATH\Views\simproka\simprokaEdit.php on line 45.
 1 APPPATH\Views\simproka\simprokaEdit.php(45): CodeIgniter\Debug\Exceptions->errorHandler(2, 'Undefined variable $pic', 'APPPATH\\Views\\simproka\\simprokaEdit.php', 45)
 2 SYSTEMPATH\View\View.php(213): include('APPPATH\\Views\\simproka\\simprokaEdit.php')
 3 SYSTEMPATH\View\View.php(216): CodeIgniter\View\View->CodeIgniter\View\{closure}()
 4 SYSTEMPATH\Common.php(1135): CodeIgniter\View\View->render('simproka/simprokaEdit', [], true)
 5 APPPATH\Controllers\Simproka1.php(39): view('simproka/simprokaEdit', [...])
 6 SYSTEMPATH\CodeIgniter.php(896): App\Controllers\Simproka1->edit()
 7 SYSTEMPATH\CodeIgniter.php(466): CodeIgniter\CodeIgniter->runController(Object(App\Controllers\Simproka1))
 8 SYSTEMPATH\CodeIgniter.php(349): CodeIgniter\CodeIgniter->handleRequest(null, Object(Config\Cache), false)
 9 FCPATH\index.php(55): CodeIgniter\CodeIgniter->run()
10 SYSTEMPATH\Commands\Server\rewrite.php(43): require_once('FCPATH\\index.php')
CRITICAL - 2022-09-11 05:09:45 --> Undefined variable $pic
in APPPATH\Views\simproka\simprokaEdit.php on line 45.
 1 APPPATH\Views\simproka\simprokaEdit.php(45): CodeIgniter\Debug\Exceptions->errorHandler(2, 'Undefined variable $pic', 'APPPATH\\Views\\simproka\\simprokaEdit.php', 45)
 2 SYSTEMPATH\View\View.php(213): include('APPPATH\\Views\\simproka\\simprokaEdit.php')
 3 SYSTEMPATH\View\View.php(216): CodeIgniter\View\View->CodeIgniter\View\{closure}()
 4 SYSTEMPATH\Common.php(1135): CodeIgniter\View\View->render('simproka/simprokaEdit', [], true)
 5 APPPATH\Controllers\Simproka1.php(39): view('simproka/simprokaEdit', [...])
 6 SYSTEMPATH\CodeIgniter.php(896): App\Controllers\Simproka1->edit()
 7 SYSTEMPATH\CodeIgniter.php(466): CodeIgniter\CodeIgniter->runController(Object(App\Controllers\Simproka1))
 8 SYSTEMPATH\CodeIgniter.php(349): CodeIgniter\CodeIgniter->handleRequest(null, Object(Config\Cache), false)
 9 FCPATH\index.php(55): CodeIgniter\CodeIgniter->run()
10 SYSTEMPATH\Commands\Server\rewrite.php(43): require_once('FCPATH\\index.php')
CRITICAL - 2022-09-11 05:09:46 --> Undefined variable $pic
in APPPATH\Views\simproka\simprokaEdit.php on line 45.
 1 APPPATH\Views\simproka\simprokaEdit.php(45): CodeIgniter\Debug\Exceptions->errorHandler(2, 'Undefined variable $pic', 'APPPATH\\Views\\simproka\\simprokaEdit.php', 45)
 2 SYSTEMPATH\View\View.php(213): include('APPPATH\\Views\\simproka\\simprokaEdit.php')
 3 SYSTEMPATH\View\View.php(216): CodeIgniter\View\View->CodeIgniter\View\{closure}()
 4 SYSTEMPATH\Common.php(1135): CodeIgniter\View\View->render('simproka/simprokaEdit', [], true)
 5 APPPATH\Controllers\Simproka1.php(39): view('simproka/simprokaEdit', [...])
 6 SYSTEMPATH\CodeIgniter.php(896): App\Controllers\Simproka1->edit()
 7 SYSTEMPATH\CodeIgniter.php(466): CodeIgniter\CodeIgniter->runController(Object(App\Controllers\Simproka1))
 8 SYSTEMPATH\CodeIgniter.php(349): CodeIgniter\CodeIgniter->handleRequest(null, Object(Config\Cache), false)
 9 FCPATH\index.php(55): CodeIgniter\CodeIgniter->run()
10 SYSTEMPATH\Commands\Server\rewrite.php(43): require_once('FCPATH\\index.php')
CRITICAL - 2022-09-11 05:09:47 --> Undefined variable $pic
in APPPATH\Views\simproka\simprokaEdit.php on line 45.
 1 APPPATH\Views\simproka\simprokaEdit.php(45): CodeIgniter\Debug\Exceptions->errorHandler(2, 'Undefined variable $pic', 'APPPATH\\Views\\simproka\\simprokaEdit.php', 45)
 2 SYSTEMPATH\View\View.php(213): include('APPPATH\\Views\\simproka\\simprokaEdit.php')
 3 SYSTEMPATH\View\View.php(216): CodeIgniter\View\View->CodeIgniter\View\{closure}()
 4 SYSTEMPATH\Common.php(1135): CodeIgniter\View\View->render('simproka/simprokaEdit', [], true)
 5 APPPATH\Controllers\Simproka1.php(39): view('simproka/simprokaEdit', [...])
 6 SYSTEMPATH\CodeIgniter.php(896): App\Controllers\Simproka1->edit()
 7 SYSTEMPATH\CodeIgniter.php(466): CodeIgniter\CodeIgniter->runController(Object(App\Controllers\Simproka1))
 8 SYSTEMPATH\CodeIgniter.php(349): CodeIgniter\CodeIgniter->handleRequest(null, Object(Config\Cache), false)
 9 FCPATH\index.php(55): CodeIgniter\CodeIgniter->run()
10 SYSTEMPATH\Commands\Server\rewrite.php(43): require_once('FCPATH\\index.php')
CRITICAL - 2022-09-11 05:09:48 --> Undefined variable $pic
in APPPATH\Views\simproka\simprokaEdit.php on line 45.
 1 APPPATH\Views\simproka\simprokaEdit.php(45): CodeIgniter\Debug\Exceptions->errorHandler(2, 'Undefined variable $pic', 'APPPATH\\Views\\simproka\\simprokaEdit.php', 45)
 2 SYSTEMPATH\View\View.php(213): include('APPPATH\\Views\\simproka\\simprokaEdit.php')
 3 SYSTEMPATH\View\View.php(216): CodeIgniter\View\View->CodeIgniter\View\{closure}()
 4 SYSTEMPATH\Common.php(1135): CodeIgniter\View\View->render('simproka/simprokaEdit', [], true)
 5 APPPATH\Controllers\Simproka1.php(39): view('simproka/simprokaEdit', [...])
 6 SYSTEMPATH\CodeIgniter.php(896): App\Controllers\Simproka1->edit()
 7 SYSTEMPATH\CodeIgniter.php(466): CodeIgniter\CodeIgniter->runController(Object(App\Controllers\Simproka1))
 8 SYSTEMPATH\CodeIgniter.php(349): CodeIgniter\CodeIgniter->handleRequest(null, Object(Config\Cache), false)
 9 FCPATH\index.php(55): CodeIgniter\CodeIgniter->run()
10 SYSTEMPATH\Commands\Server\rewrite.php(43): require_once('FCPATH\\index.php')
CRITICAL - 2022-09-11 05:09:49 --> Undefined variable $pic
in APPPATH\Views\simproka\simprokaEdit.php on line 45.
 1 APPPATH\Views\simproka\simprokaEdit.php(45): CodeIgniter\Debug\Exceptions->errorHandler(2, 'Undefined variable $pic', 'APPPATH\\Views\\simproka\\simprokaEdit.php', 45)
 2 SYSTEMPATH\View\View.php(213): include('APPPATH\\Views\\simproka\\simprokaEdit.php')
 3 SYSTEMPATH\View\View.php(216): CodeIgniter\View\View->CodeIgniter\View\{closure}()
 4 SYSTEMPATH\Common.php(1135): CodeIgniter\View\View->render('simproka/simprokaEdit', [], true)
 5 APPPATH\Controllers\Simproka1.php(39): view('simproka/simprokaEdit', [...])
 6 SYSTEMPATH\CodeIgniter.php(896): App\Controllers\Simproka1->edit()
 7 SYSTEMPATH\CodeIgniter.php(466): CodeIgniter\CodeIgniter->runController(Object(App\Controllers\Simproka1))
 8 SYSTEMPATH\CodeIgniter.php(349): CodeIgniter\CodeIgniter->handleRequest(null, Object(Config\Cache), false)
 9 FCPATH\index.php(55): CodeIgniter\CodeIgniter->run()
10 SYSTEMPATH\Commands\Server\rewrite.php(43): require_once('FCPATH\\index.php')
CRITICAL - 2022-09-11 05:09:50 --> Undefined variable $pic
in APPPATH\Views\simproka\simprokaEdit.php on line 45.
 1 APPPATH\Views\simproka\simprokaEdit.php(45): CodeIgniter\Debug\Exceptions->errorHandler(2, 'Undefined variable $pic', 'APPPATH\\Views\\simproka\\simprokaEdit.php', 45)
 2 SYSTEMPATH\View\View.php(213): include('APPPATH\\Views\\simproka\\simprokaEdit.php')
 3 SYSTEMPATH\View\View.php(216): CodeIgniter\View\View->CodeIgniter\View\{closure}()
 4 SYSTEMPATH\Common.php(1135): CodeIgniter\View\View->render('simproka/simprokaEdit', [], true)
 5 APPPATH\Controllers\Simproka1.php(39): view('simproka/simprokaEdit', [...])
 6 SYSTEMPATH\CodeIgniter.php(896): App\Controllers\Simproka1->edit()
 7 SYSTEMPATH\CodeIgniter.php(466): CodeIgniter\CodeIgniter->runController(Object(App\Controllers\Simproka1))
 8 SYSTEMPATH\CodeIgniter.php(349): CodeIgniter\CodeIgniter->handleRequest(null, Object(Config\Cache), false)
 9 FCPATH\index.php(55): CodeIgniter\CodeIgniter->run()
10 SYSTEMPATH\Commands\Server\rewrite.php(43): require_once('FCPATH\\index.php')
CRITICAL - 2022-09-11 05:25:34 --> Undefined variable $pic
in APPPATH\Views\simproka\simprokaEdit.php on line 45.
 1 APPPATH\Views\simproka\simprokaEdit.php(45): CodeIgniter\Debug\Exceptions->errorHandler(2, 'Undefined variable $pic', 'APPPATH\\Views\\simproka\\simprokaEdit.php', 45)
 2 SYSTEMPATH\View\View.php(213): include('APPPATH\\Views\\simproka\\simprokaEdit.php')
 3 SYSTEMPATH\View\View.php(216): CodeIgniter\View\View->CodeIgniter\View\{closure}()
 4 SYSTEMPATH\Common.php(1135): CodeIgniter\View\View->render('simproka/simprokaEdit', [], true)
 5 APPPATH\Controllers\Simproka1.php(39): view('simproka/simprokaEdit', [...])
 6 SYSTEMPATH\CodeIgniter.php(896): App\Controllers\Simproka1->edit()
 7 SYSTEMPATH\CodeIgniter.php(466): CodeIgniter\CodeIgniter->runController(Object(App\Controllers\Simproka1))
 8 SYSTEMPATH\CodeIgniter.php(349): CodeIgniter\CodeIgniter->handleRequest(null, Object(Config\Cache), false)
 9 FCPATH\index.php(55): CodeIgniter\CodeIgniter->run()
10 SYSTEMPATH\Commands\Server\rewrite.php(43): require_once('FCPATH\\index.php')
CRITICAL - 2022-09-11 05:51:28 --> Undefined variable $pic
in APPPATH\Views\simproka\simprokaEdit.php on line 45.
 1 APPPATH\Views\simproka\simprokaEdit.php(45): CodeIgniter\Debug\Exceptions->errorHandler(2, 'Undefined variable $pic', 'APPPATH\\Views\\simproka\\simprokaEdit.php', 45)
 2 SYSTEMPATH\View\View.php(213): include('APPPATH\\Views\\simproka\\simprokaEdit.php')
 3 SYSTEMPATH\View\View.php(216): CodeIgniter\View\View->CodeIgniter\View\{closure}()
 4 SYSTEMPATH\Common.php(1135): CodeIgniter\View\View->render('simproka/simprokaEdit', [], true)
 5 APPPATH\Controllers\Simproka1.php(39): view('simproka/simprokaEdit', [...])
 6 SYSTEMPATH\CodeIgniter.php(896): App\Controllers\Simproka1->edit()
 7 SYSTEMPATH\CodeIgniter.php(466): CodeIgniter\CodeIgniter->runController(Object(App\Controllers\Simproka1))
 8 SYSTEMPATH\CodeIgniter.php(349): CodeIgniter\CodeIgniter->handleRequest(null, Object(Config\Cache), false)
 9 FCPATH\index.php(55): CodeIgniter\CodeIgniter->run()
10 SYSTEMPATH\Commands\Server\rewrite.php(43): require_once('FCPATH\\index.php')
CRITICAL - 2022-09-11 07:01:21 --> Undefined variable $pic
in APPPATH\Views\simproka\simprokaEdit.php on line 46.
 1 APPPATH\Views\simproka\simprokaEdit.php(46): CodeIgniter\Debug\Exceptions->errorHandler(2, 'Undefined variable $pic', 'APPPATH\\Views\\simproka\\simprokaEdit.php', 46)
 2 SYSTEMPATH\View\View.php(213): include('APPPATH\\Views\\simproka\\simprokaEdit.php')
 3 SYSTEMPATH\View\View.php(216): CodeIgniter\View\View->CodeIgniter\View\{closure}()
 4 SYSTEMPATH\Common.php(1135): CodeIgniter\View\View->render('simproka/simprokaEdit', [], true)
 5 APPPATH\Controllers\Simproka1.php(39): view('simproka/simprokaEdit', [...])
 6 SYSTEMPATH\CodeIgniter.php(896): App\Controllers\Simproka1->edit()
 7 SYSTEMPATH\CodeIgniter.php(466): CodeIgniter\CodeIgniter->runController(Object(App\Controllers\Simproka1))
 8 SYSTEMPATH\CodeIgniter.php(349): CodeIgniter\CodeIgniter->handleRequest(null, Object(Config\Cache), false)
 9 FCPATH\index.php(55): CodeIgniter\CodeIgniter->run()
10 SYSTEMPATH\Commands\Server\rewrite.php(43): require_once('FCPATH\\index.php')
ERROR - 2022-09-11 02:36:27 --> ErrorException: pg_query(): Query failed: ERROR:  syntax error at or near "ON"
LINE 14: ...ed_at DATETIME NOT NULL DEFAULT CURRENT_TIMESTAMP ON UPDATE ...
                                                              ^ in D:\Backup spasikita\Using\ciapp3\vendor\codeigniter4\framework\system\Database\Postgre\Connection.php:135
Stack trace:
#0 [internal function]: CodeIgniter\Debug\Exceptions->errorHandler(2, 'pg_query(): Que...', 'D:\\Backup spasi...', 135)
#1 D:\Backup spasikita\Using\ciapp3\vendor\codeigniter4\framework\system\Database\Postgre\Connection.php(135): pg_query(Resource id #237, 'CREATE TABLE IF...')
#2 D:\Backup spasikita\Using\ciapp3\vendor\codeigniter4\framework\system\Database\BaseConnection.php(695): CodeIgniter\Database\Postgre\Connection->execute('CREATE TABLE IF...')
#3 D:\Backup spasikita\Using\ciapp3\vendor\codeigniter4\framework\system\Database\BaseConnection.php(609): CodeIgniter\Database\BaseConnection->simpleQuery('CREATE TABLE IF...')
#4 D:\Backup spasikita\Using\ciapp3\vendor\codeigniter4\framework\system\Database\Forge.php(513): CodeIgniter\Database\BaseConnection->query('CREATE TABLE IF...')
#5 D:\Backup spasikita\Using\ciapp3\vendor\daycry\cronjob\src\Database\Migrations\2021-10-21-103415_create_cronjob_tables.php(36): CodeIgniter\Database\Forge->createTable('cronjob', true)
#6 D:\Backup spasikita\Using\ciapp3\vendor\codeigniter4\framework\system\Database\MigrationRunner.php(868): Daycry\Cronjob\Database\Migrations\CreateCronjobTable->up()
#7 D:\Backup spasikita\Using\ciapp3\vendor\codeigniter4\framework\system\Database\MigrationRunner.php(187): CodeIgniter\Database\MigrationRunner->migrate('up', Object(stdClass))
#8 D:\Backup spasikita\Using\ciapp3\vendor\codeigniter4\framework\system\Commands\Database\Migrate.php(84): CodeIgniter\Database\MigrationRunner->latest(NULL)
#9 D:\Backup spasikita\Using\ciapp3\vendor\codeigniter4\framework\system\CLI\Commands.php(63): CodeIgniter\Commands\Database\Migrate->run(Array)
#10 D:\Backup spasikita\Using\ciapp3\vendor\codeigniter4\framework\system\CLI\CommandRunner.php(65): CodeIgniter\CLI\Commands->run('migrate', Array)
#11 D:\Backup spasikita\Using\ciapp3\vendor\codeigniter4\framework\system\CLI\CommandRunner.php(51): CodeIgniter\CLI\CommandRunner->index(Array)
#12 D:\Backup spasikita\Using\ciapp3\vendor\codeigniter4\framework\system\CodeIgniter.php(889): CodeIgniter\CLI\CommandRunner->_remap('index', Array)
#13 D:\Backup spasikita\Using\ciapp3\vendor\codeigniter4\framework\system\CodeIgniter.php(466): CodeIgniter\CodeIgniter->runController(Object(CodeIgniter\CLI\CommandRunner))
#14 D:\Backup spasikita\Using\ciapp3\vendor\codeigniter4\framework\system\CodeIgniter.php(345): CodeIgniter\CodeIgniter->handleRequest(NULL, Object(Config\Cache), false)
#15 D:\Backup spasikita\Using\ciapp3\vendor\codeigniter4\framework\system\CLI\Console.php(48): CodeIgniter\CodeIgniter->run()
#16 D:\Backup spasikita\Using\ciapp3\spark(86): CodeIgniter\CLI\Console->run()
#17 {main}
ERROR - 2022-09-11 02:45:30 --> ErrorException: pg_query(): Query failed: ERROR:  syntax error at or near "ON"
LINE 14: ...updated_at DATETIME NOT NULL DEFAULT CURRENT_DATE ON UPDATE ...
                                                              ^ in D:\Backup spasikita\Using\ciapp3\vendor\codeigniter4\framework\system\Database\Postgre\Connection.php:135
Stack trace:
#0 [internal function]: CodeIgniter\Debug\Exceptions->errorHandler(2, 'pg_query(): Que...', 'D:\\Backup spasi...', 135)
#1 D:\Backup spasikita\Using\ciapp3\vendor\codeigniter4\framework\system\Database\Postgre\Connection.php(135): pg_query(Resource id #237, 'CREATE TABLE IF...')
#2 D:\Backup spasikita\Using\ciapp3\vendor\codeigniter4\framework\system\Database\BaseConnection.php(695): CodeIgniter\Database\Postgre\Connection->execute('CREATE TABLE IF...')
#3 D:\Backup spasikita\Using\ciapp3\vendor\codeigniter4\framework\system\Database\BaseConnection.php(609): CodeIgniter\Database\BaseConnection->simpleQuery('CREATE TABLE IF...')
#4 D:\Backup spasikita\Using\ciapp3\vendor\codeigniter4\framework\system\Database\Forge.php(513): CodeIgniter\Database\BaseConnection->query('CREATE TABLE IF...')
#5 D:\Backup spasikita\Using\ciapp3\vendor\daycry\cronjob\src\Database\Migrations\2021-10-21-103415_create_cronjob_tables.php(36): CodeIgniter\Database\Forge->createTable('cronjob', true)
#6 D:\Backup spasikita\Using\ciapp3\vendor\codeigniter4\framework\system\Database\MigrationRunner.php(868): Daycry\Cronjob\Database\Migrations\CreateCronjobTable->up()
#7 D:\Backup spasikita\Using\ciapp3\vendor\codeigniter4\framework\system\Database\MigrationRunner.php(187): CodeIgniter\Database\MigrationRunner->migrate('up', Object(stdClass))
#8 D:\Backup spasikita\Using\ciapp3\vendor\codeigniter4\framework\system\Commands\Database\Migrate.php(84): CodeIgniter\Database\MigrationRunner->latest(NULL)
#9 D:\Backup spasikita\Using\ciapp3\vendor\codeigniter4\framework\system\CLI\Commands.php(63): CodeIgniter\Commands\Database\Migrate->run(Array)
#10 D:\Backup spasikita\Using\ciapp3\vendor\codeigniter4\framework\system\CLI\CommandRunner.php(65): CodeIgniter\CLI\Commands->run('migrate', Array)
#11 D:\Backup spasikita\Using\ciapp3\vendor\codeigniter4\framework\system\CLI\CommandRunner.php(51): CodeIgniter\CLI\CommandRunner->index(Array)
#12 D:\Backup spasikita\Using\ciapp3\vendor\codeigniter4\framework\system\CodeIgniter.php(889): CodeIgniter\CLI\CommandRunner->_remap('index', Array)
#13 D:\Backup spasikita\Using\ciapp3\vendor\codeigniter4\framework\system\CodeIgniter.php(466): CodeIgniter\CodeIgniter->runController(Object(CodeIgniter\CLI\CommandRunner))
#14 D:\Backup spasikita\Using\ciapp3\vendor\codeigniter4\framework\system\CodeIgniter.php(345): CodeIgniter\CodeIgniter->handleRequest(NULL, Object(Config\Cache), false)
#15 D:\Backup spasikita\Using\ciapp3\vendor\codeigniter4\framework\system\CLI\Console.php(48): CodeIgniter\CodeIgniter->run()
#16 D:\Backup spasikita\Using\ciapp3\spark(86): CodeIgniter\CLI\Console->run()
#17 {main}
ERROR - 2022-09-11 02:46:14 --> ErrorException: pg_query(): Query failed: ERROR:  syntax error at or near "ON"
LINE 14: ...ed_at DATETIME NOT NULL DEFAULT CURRENT_TIMESTAMP ON UPDATE ...
                                                              ^ in D:\Backup spasikita\Using\ciapp3\vendor\codeigniter4\framework\system\Database\Postgre\Connection.php:135
Stack trace:
#0 [internal function]: CodeIgniter\Debug\Exceptions->errorHandler(2, 'pg_query(): Que...', 'D:\\Backup spasi...', 135)
#1 D:\Backup spasikita\Using\ciapp3\vendor\codeigniter4\framework\system\Database\Postgre\Connection.php(135): pg_query(Resource id #237, 'CREATE TABLE IF...')
#2 D:\Backup spasikita\Using\ciapp3\vendor\codeigniter4\framework\system\Database\BaseConnection.php(695): CodeIgniter\Database\Postgre\Connection->execute('CREATE TABLE IF...')
#3 D:\Backup spasikita\Using\ciapp3\vendor\codeigniter4\framework\system\Database\BaseConnection.php(609): CodeIgniter\Database\BaseConnection->simpleQuery('CREATE TABLE IF...')
#4 D:\Backup spasikita\Using\ciapp3\vendor\codeigniter4\framework\system\Database\Forge.php(513): CodeIgniter\Database\BaseConnection->query('CREATE TABLE IF...')
#5 D:\Backup spasikita\Using\ciapp3\vendor\daycry\cronjob\src\Database\Migrations\2021-10-21-103415_create_cronjob_tables.php(36): CodeIgniter\Database\Forge->createTable('cronjob', true)
#6 D:\Backup spasikita\Using\ciapp3\vendor\codeigniter4\framework\system\Database\MigrationRunner.php(868): Daycry\Cronjob\Database\Migrations\CreateCronjobTable->up()
#7 D:\Backup spasikita\Using\ciapp3\vendor\codeigniter4\framework\system\Database\MigrationRunner.php(187): CodeIgniter\Database\MigrationRunner->migrate('up', Object(stdClass))
#8 D:\Backup spasikita\Using\ciapp3\vendor\codeigniter4\framework\system\Commands\Database\Migrate.php(84): CodeIgniter\Database\MigrationRunner->latest(NULL)
#9 D:\Backup spasikita\Using\ciapp3\vendor\codeigniter4\framework\system\CLI\Commands.php(63): CodeIgniter\Commands\Database\Migrate->run(Array)
#10 D:\Backup spasikita\Using\ciapp3\vendor\codeigniter4\framework\system\CLI\CommandRunner.php(65): CodeIgniter\CLI\Commands->run('migrate', Array)
#11 D:\Backup spasikita\Using\ciapp3\vendor\codeigniter4\framework\system\CLI\CommandRunner.php(51): CodeIgniter\CLI\CommandRunner->index(Array)
#12 D:\Backup spasikita\Using\ciapp3\vendor\codeigniter4\framework\system\CodeIgniter.php(889): CodeIgniter\CLI\CommandRunner->_remap('index', Array)
#13 D:\Backup spasikita\Using\ciapp3\vendor\codeigniter4\framework\system\CodeIgniter.php(466): CodeIgniter\CodeIgniter->runController(Object(CodeIgniter\CLI\CommandRunner))
#14 D:\Backup spasikita\Using\ciapp3\vendor\codeigniter4\framework\system\CodeIgniter.php(345): CodeIgniter\CodeIgniter->handleRequest(NULL, Object(Config\Cache), false)
#15 D:\Backup spasikita\Using\ciapp3\vendor\codeigniter4\framework\system\CLI\Console.php(48): CodeIgniter\CodeIgniter->run()
#16 D:\Backup spasikita\Using\ciapp3\spark(86): CodeIgniter\CLI\Console->run()
#17 {main}
ERROR - 2022-09-11 03:40:54 --> ErrorException: pg_query(): Query failed: ERROR:  syntax error at or near "NOT"
LINE 14:   date NOT NULL, timestamp timestamp default current_timesta...
                ^ in D:\Backup spasikita\Using\ciapp3\vendor\codeigniter4\framework\system\Database\Postgre\Connection.php:135
Stack trace:
#0 [internal function]: CodeIgniter\Debug\Exceptions->errorHandler(2, 'pg_query(): Que...', 'D:\\Backup spasi...', 135)
#1 D:\Backup spasikita\Using\ciapp3\vendor\codeigniter4\framework\system\Database\Postgre\Connection.php(135): pg_query(Resource id #237, 'CREATE TABLE IF...')
#2 D:\Backup spasikita\Using\ciapp3\vendor\codeigniter4\framework\system\Database\BaseConnection.php(695): CodeIgniter\Database\Postgre\Connection->execute('CREATE TABLE IF...')
#3 D:\Backup spasikita\Using\ciapp3\vendor\codeigniter4\framework\system\Database\BaseConnection.php(609): CodeIgniter\Database\BaseConnection->simpleQuery('CREATE TABLE IF...')
#4 D:\Backup spasikita\Using\ciapp3\vendor\codeigniter4\framework\system\Database\Forge.php(513): CodeIgniter\Database\BaseConnection->query('CREATE TABLE IF...')
#5 D:\Backup spasikita\Using\ciapp3\vendor\daycry\cronjob\src\Database\Migrations\2021-10-21-103415_create_cronjob_tables.php(36): CodeIgniter\Database\Forge->createTable('cronjob', true)
#6 D:\Backup spasikita\Using\ciapp3\vendor\codeigniter4\framework\system\Database\MigrationRunner.php(868): Daycry\Cronjob\Database\Migrations\CreateCronjobTable->up()
#7 D:\Backup spasikita\Using\ciapp3\vendor\codeigniter4\framework\system\Database\MigrationRunner.php(187): CodeIgniter\Database\MigrationRunner->migrate('up', Object(stdClass))
#8 D:\Backup spasikita\Using\ciapp3\vendor\codeigniter4\framework\system\Commands\Database\Migrate.php(84): CodeIgniter\Database\MigrationRunner->latest(NULL)
#9 D:\Backup spasikita\Using\ciapp3\vendor\codeigniter4\framework\system\CLI\Commands.php(63): CodeIgniter\Commands\Database\Migrate->run(Array)
#10 D:\Backup spasikita\Using\ciapp3\vendor\codeigniter4\framework\system\CLI\CommandRunner.php(65): CodeIgniter\CLI\Commands->run('migrate', Array)
#11 D:\Backup spasikita\Using\ciapp3\vendor\codeigniter4\framework\system\CLI\CommandRunner.php(51): CodeIgniter\CLI\CommandRunner->index(Array)
#12 D:\Backup spasikita\Using\ciapp3\vendor\codeigniter4\framework\system\CodeIgniter.php(889): CodeIgniter\CLI\CommandRunner->_remap('index', Array)
#13 D:\Backup spasikita\Using\ciapp3\vendor\codeigniter4\framework\system\CodeIgniter.php(466): CodeIgniter\CodeIgniter->runController(Object(CodeIgniter\CLI\CommandRunner))
#14 D:\Backup spasikita\Using\ciapp3\vendor\codeigniter4\framework\system\CodeIgniter.php(345): CodeIgniter\CodeIgniter->handleRequest(NULL, Object(Config\Cache), false)
#15 D:\Backup spasikita\Using\ciapp3\vendor\codeigniter4\framework\system\CLI\Console.php(48): CodeIgniter\CodeIgniter->run()
#16 D:\Backup spasikita\Using\ciapp3\spark(86): CodeIgniter\CLI\Console->run()
#17 {main}
ERROR - 2022-09-11 03:41:38 --> ErrorException: pg_query(): Query failed: ERROR:  type "datetime" does not exist
LINE 13:  created_at DATETIME NOT NULL DEFAULT CURRENT_TIMESTAMP,
                     ^ in D:\Backup spasikita\Using\ciapp3\vendor\codeigniter4\framework\system\Database\Postgre\Connection.php:135
Stack trace:
#0 [internal function]: CodeIgniter\Debug\Exceptions->errorHandler(2, 'pg_query(): Que...', 'D:\\Backup spasi...', 135)
#1 D:\Backup spasikita\Using\ciapp3\vendor\codeigniter4\framework\system\Database\Postgre\Connection.php(135): pg_query(Resource id #237, 'CREATE TABLE IF...')
#2 D:\Backup spasikita\Using\ciapp3\vendor\codeigniter4\framework\system\Database\BaseConnection.php(695): CodeIgniter\Database\Postgre\Connection->execute('CREATE TABLE IF...')
#3 D:\Backup spasikita\Using\ciapp3\vendor\codeigniter4\framework\system\Database\BaseConnection.php(609): CodeIgniter\Database\BaseConnection->simpleQuery('CREATE TABLE IF...')
#4 D:\Backup spasikita\Using\ciapp3\vendor\codeigniter4\framework\system\Database\Forge.php(513): CodeIgniter\Database\BaseConnection->query('CREATE TABLE IF...')
#5 D:\Backup spasikita\Using\ciapp3\vendor\daycry\cronjob\src\Database\Migrations\2021-10-21-103415_create_cronjob_tables.php(36): CodeIgniter\Database\Forge->createTable('cronjob', true)
#6 D:\Backup spasikita\Using\ciapp3\vendor\codeigniter4\framework\system\Database\MigrationRunner.php(868): Daycry\Cronjob\Database\Migrations\CreateCronjobTable->up()
#7 D:\Backup spasikita\Using\ciapp3\vendor\codeigniter4\framework\system\Database\MigrationRunner.php(187): CodeIgniter\Database\MigrationRunner->migrate('up', Object(stdClass))
#8 D:\Backup spasikita\Using\ciapp3\vendor\codeigniter4\framework\system\Commands\Database\Migrate.php(84): CodeIgniter\Database\MigrationRunner->latest(NULL)
#9 D:\Backup spasikita\Using\ciapp3\vendor\codeigniter4\framework\system\CLI\Commands.php(63): CodeIgniter\Commands\Database\Migrate->run(Array)
#10 D:\Backup spasikita\Using\ciapp3\vendor\codeigniter4\framework\system\CLI\CommandRunner.php(65): CodeIgniter\CLI\Commands->run('migrate', Array)
#11 D:\Backup spasikita\Using\ciapp3\vendor\codeigniter4\framework\system\CLI\CommandRunner.php(51): CodeIgniter\CLI\CommandRunner->index(Array)
#12 D:\Backup spasikita\Using\ciapp3\vendor\codeigniter4\framework\system\CodeIgniter.php(889): CodeIgniter\CLI\CommandRunner->_remap('index', Array)
#13 D:\Backup spasikita\Using\ciapp3\vendor\codeigniter4\framework\system\CodeIgniter.php(466): CodeIgniter\CodeIgniter->runController(Object(CodeIgniter\CLI\CommandRunner))
#14 D:\Backup spasikita\Using\ciapp3\vendor\codeigniter4\framework\system\CodeIgniter.php(345): CodeIgniter\CodeIgniter->handleRequest(NULL, Object(Config\Cache), false)
#15 D:\Backup spasikita\Using\ciapp3\vendor\codeigniter4\framework\system\CLI\Console.php(48): CodeIgniter\CodeIgniter->run()
#16 D:\Backup spasikita\Using\ciapp3\spark(86): CodeIgniter\CLI\Console->run()
#17 {main}
ERROR - 2022-09-11 03:44:39 --> ErrorException: pg_query(): Query failed: ERROR:  column "timestamp" specified more than once in D:\Backup spasikita\Using\ciapp3\vendor\codeigniter4\framework\system\Database\Postgre\Connection.php:135
Stack trace:
#0 [internal function]: CodeIgniter\Debug\Exceptions->errorHandler(2, 'pg_query(): Que...', 'D:\\Backup spasi...', 135)
#1 D:\Backup spasikita\Using\ciapp3\vendor\codeigniter4\framework\system\Database\Postgre\Connection.php(135): pg_query(Resource id #237, 'CREATE TABLE IF...')
#2 D:\Backup spasikita\Using\ciapp3\vendor\codeigniter4\framework\system\Database\BaseConnection.php(695): CodeIgniter\Database\Postgre\Connection->execute('CREATE TABLE IF...')
#3 D:\Backup spasikita\Using\ciapp3\vendor\codeigniter4\framework\system\Database\BaseConnection.php(609): CodeIgniter\Database\BaseConnection->simpleQuery('CREATE TABLE IF...')
#4 D:\Backup spasikita\Using\ciapp3\vendor\codeigniter4\framework\system\Database\Forge.php(513): CodeIgniter\Database\BaseConnection->query('CREATE TABLE IF...')
#5 D:\Backup spasikita\Using\ciapp3\vendor\daycry\cronjob\src\Database\Migrations\2021-10-21-103415_create_cronjob_tables.php(36): CodeIgniter\Database\Forge->createTable('cronjob', true)
#6 D:\Backup spasikita\Using\ciapp3\vendor\codeigniter4\framework\system\Database\MigrationRunner.php(868): Daycry\Cronjob\Database\Migrations\CreateCronjobTable->up()
#7 D:\Backup spasikita\Using\ciapp3\vendor\codeigniter4\framework\system\Database\MigrationRunner.php(187): CodeIgniter\Database\MigrationRunner->migrate('up', Object(stdClass))
#8 D:\Backup spasikita\Using\ciapp3\vendor\codeigniter4\framework\system\Commands\Database\Migrate.php(84): CodeIgniter\Database\MigrationRunner->latest(NULL)
#9 D:\Backup spasikita\Using\ciapp3\vendor\codeigniter4\framework\system\CLI\Commands.php(63): CodeIgniter\Commands\Database\Migrate->run(Array)
#10 D:\Backup spasikita\Using\ciapp3\vendor\codeigniter4\framework\system\CLI\CommandRunner.php(65): CodeIgniter\CLI\Commands->run('migrate', Array)
#11 D:\Backup spasikita\Using\ciapp3\vendor\codeigniter4\framework\system\CLI\CommandRunner.php(51): CodeIgniter\CLI\CommandRunner->index(Array)
#12 D:\Backup spasikita\Using\ciapp3\vendor\codeigniter4\framework\system\CodeIgniter.php(889): CodeIgniter\CLI\CommandRunner->_remap('index', Array)
#13 D:\Backup spasikita\Using\ciapp3\vendor\codeigniter4\framework\system\CodeIgniter.php(466): CodeIgniter\CodeIgniter->runController(Object(CodeIgniter\CLI\CommandRunner))
#14 D:\Backup spasikita\Using\ciapp3\vendor\codeigniter4\framework\system\CodeIgniter.php(345): CodeIgniter\CodeIgniter->handleRequest(NULL, Object(Config\Cache), false)
#15 D:\Backup spasikita\Using\ciapp3\vendor\codeigniter4\framework\system\CLI\Console.php(48): CodeIgniter\CodeIgniter->run()
#16 D:\Backup spasikita\Using\ciapp3\spark(86): CodeIgniter\CLI\Console->run()
#17 {main}
ERROR - 2022-09-11 03:45:47 --> ErrorException: pg_query(): Query failed: ERROR:  table "pengukuran_kinerja" does not exist in D:\Backup spasikita\Using\ciapp3\vendor\codeigniter4\framework\system\Database\Postgre\Connection.php:135
Stack trace:
#0 [internal function]: CodeIgniter\Debug\Exceptions->errorHandler(2, 'pg_query(): Que...', 'D:\\Backup spasi...', 135)
#1 D:\Backup spasikita\Using\ciapp3\vendor\codeigniter4\framework\system\Database\Postgre\Connection.php(135): pg_query(Resource id #235, 'DROP TABLE "pen...')
#2 D:\Backup spasikita\Using\ciapp3\vendor\codeigniter4\framework\system\Database\BaseConnection.php(695): CodeIgniter\Database\Postgre\Connection->execute('DROP TABLE "pen...')
#3 D:\Backup spasikita\Using\ciapp3\vendor\codeigniter4\framework\system\Database\BaseConnection.php(609): CodeIgniter\Database\BaseConnection->simpleQuery('DROP TABLE "pen...')
#4 D:\Backup spasikita\Using\ciapp3\vendor\codeigniter4\framework\system\Database\Forge.php(614): CodeIgniter\Database\BaseConnection->query('DROP TABLE "pen...')
#5 D:\Backup spasikita\Using\ciapp3\app\Database\Migrations\2022-08-25-144236_Pegukuran.php(32): CodeIgniter\Database\Forge->dropTable('pengukuran_kine...')
#6 D:\Backup spasikita\Using\ciapp3\vendor\codeigniter4\framework\system\Database\MigrationRunner.php(868): App\Database\Migrations\Pegukuran->down()
#7 D:\Backup spasikita\Using\ciapp3\vendor\codeigniter4\framework\system\Database\MigrationRunner.php(298): CodeIgniter\Database\MigrationRunner->migrate('down', Object(stdClass))
#8 D:\Backup spasikita\Using\ciapp3\vendor\codeigniter4\framework\system\Commands\Database\MigrateRollback.php(92): CodeIgniter\Database\MigrationRunner->regress(0)
#9 D:\Backup spasikita\Using\ciapp3\vendor\codeigniter4\framework\system\CLI\Commands.php(63): CodeIgniter\Commands\Database\MigrateRollback->run(Array)
#10 D:\Backup spasikita\Using\ciapp3\vendor\codeigniter4\framework\system\CLI\CommandRunner.php(65): CodeIgniter\CLI\Commands->run('migrate:rollbac...', Array)
#11 D:\Backup spasikita\Using\ciapp3\vendor\codeigniter4\framework\system\CLI\CommandRunner.php(51): CodeIgniter\CLI\CommandRunner->index(Array)
#12 D:\Backup spasikita\Using\ciapp3\vendor\codeigniter4\framework\system\CodeIgniter.php(889): CodeIgniter\CLI\CommandRunner->_remap('index', Array)
#13 D:\Backup spasikita\Using\ciapp3\vendor\codeigniter4\framework\system\CodeIgniter.php(466): CodeIgniter\CodeIgniter->runController(Object(CodeIgniter\CLI\CommandRunner))
#14 D:\Backup spasikita\Using\ciapp3\vendor\codeigniter4\framework\system\CodeIgniter.php(345): CodeIgniter\CodeIgniter->handleRequest(NULL, Object(Config\Cache), false)
#15 D:\Backup spasikita\Using\ciapp3\vendor\codeigniter4\framework\system\CLI\Console.php(48): CodeIgniter\CodeIgniter->run()
#16 D:\Backup spasikita\Using\ciapp3\spark(86): CodeIgniter\CLI\Console->run()
#17 {main}
CRITICAL - 2022-09-11 11:34:25 --> anotherDB is not a valid database connection group.
in SYSTEMPATH\Database\Config.php on line 65.
 1 APPPATH\Models\SatkerModel.php(11): CodeIgniter\Database\Config::connect('anotherDB', true)
 2 APPPATH\Controllers\Satker.php(9): App\Models\SatkerModel->__construct()
 3 SYSTEMPATH\CodeIgniter.php(858): App\Controllers\Satker->__construct()
 4 SYSTEMPATH\CodeIgniter.php(457): CodeIgniter\CodeIgniter->createController()
 5 SYSTEMPATH\CodeIgniter.php(349): CodeIgniter\CodeIgniter->handleRequest(null, Object(Config\Cache), false)
 6 FCPATH\index.php(55): CodeIgniter\CodeIgniter->run()
 7 SYSTEMPATH\Commands\Server\rewrite.php(43): require_once('FCPATH\\index.php')
CRITICAL - 2022-09-11 11:34:37 --> anotherDB is not a valid database connection group.
in SYSTEMPATH\Database\Config.php on line 65.
 1 APPPATH\Models\SatkerModel.php(11): CodeIgniter\Database\Config::connect('anotherDB', true)
 2 APPPATH\Controllers\Satker.php(9): App\Models\SatkerModel->__construct()
 3 SYSTEMPATH\CodeIgniter.php(858): App\Controllers\Satker->__construct()
 4 SYSTEMPATH\CodeIgniter.php(457): CodeIgniter\CodeIgniter->createController()
 5 SYSTEMPATH\CodeIgniter.php(349): CodeIgniter\CodeIgniter->handleRequest(null, Object(Config\Cache), false)
 6 FCPATH\index.php(55): CodeIgniter\CodeIgniter->run()
 7 SYSTEMPATH\Commands\Server\rewrite.php(43): require_once('FCPATH\\index.php')
CRITICAL - 2022-09-11 13:37:31 --> pg_fetch_object(): Argument #3 ($class) must be a valid class name, id_pengguna given
in SYSTEMPATH\Database\Postgre\Result.php on line 114.
 1 SYSTEMPATH\Database\Postgre\Result.php(114): pg_fetch_object(resource (pgsql result), null, 'id_pengguna')
 2 SYSTEMPATH\Database\BaseResult.php(149): CodeIgniter\Database\Postgre\Result->fetchObject('id_pengguna')
 3 SYSTEMPATH\Database\BaseResult.php(106): CodeIgniter\Database\BaseResult->getCustomResultObject('id_pengguna')
 4 APPPATH\Models\UsersModel.php(31): CodeIgniter\Database\BaseResult->getResult('id_pengguna')
 5 APPPATH\Controllers\Simproka1.php(96): App\Models\UsersModel->getLastID()
 6 SYSTEMPATH\CodeIgniter.php(896): App\Controllers\Simproka1->formRegistrasi()
 7 SYSTEMPATH\CodeIgniter.php(466): CodeIgniter\CodeIgniter->runController(Object(App\Controllers\Simproka1))
 8 SYSTEMPATH\CodeIgniter.php(349): CodeIgniter\CodeIgniter->handleRequest(null, Object(Config\Cache), false)
 9 FCPATH\index.php(55): CodeIgniter\CodeIgniter->run()
10 SYSTEMPATH\Commands\Server\rewrite.php(43): require_once('FCPATH\\index.php')
CRITICAL - 2022-09-11 13:39:19 --> pg_fetch_object(): Argument #3 ($class) must be a valid class name, id_pengguna given
in SYSTEMPATH\Database\Postgre\Result.php on line 114.
 1 SYSTEMPATH\Database\Postgre\Result.php(114): pg_fetch_object(resource (pgsql result), null, 'id_pengguna')
 2 SYSTEMPATH\Database\BaseResult.php(149): CodeIgniter\Database\Postgre\Result->fetchObject('id_pengguna')
 3 SYSTEMPATH\Database\BaseResult.php(106): CodeIgniter\Database\BaseResult->getCustomResultObject('id_pengguna')
 4 SYSTEMPATH\Database\BaseResult.php(389): CodeIgniter\Database\BaseResult->getResult('id_pengguna')
 5 APPPATH\Models\UsersModel.php(32): CodeIgniter\Database\BaseResult->getLastRow('id_pengguna')
 6 APPPATH\Controllers\Simproka1.php(96): App\Models\UsersModel->getLastID()
 7 SYSTEMPATH\CodeIgniter.php(896): App\Controllers\Simproka1->formRegistrasi()
 8 SYSTEMPATH\CodeIgniter.php(466): CodeIgniter\CodeIgniter->runController(Object(App\Controllers\Simproka1))
 9 SYSTEMPATH\CodeIgniter.php(349): CodeIgniter\CodeIgniter->handleRequest(null, Object(Config\Cache), false)
10 FCPATH\index.php(55): CodeIgniter\CodeIgniter->run()
11 SYSTEMPATH\Commands\Server\rewrite.php(43): require_once('FCPATH\\index.php')
CRITICAL - 2022-09-11 14:20:21 --> Invalid file: pages/kinerjaCoba.php
in SYSTEMPATH\Exceptions\FrameworkException.php on line 33.
 1 SYSTEMPATH\View\View.php(201): CodeIgniter\Exceptions\FrameworkException::forInvalidFile('pages/kinerjaCoba.php')
 2 SYSTEMPATH\Common.php(1135): CodeIgniter\View\View->render('pages/kinerjaCoba', [], true)
 3 APPPATH\Controllers\Kinerja.php(84): view('pages/kinerjaCoba', [...])
 4 SYSTEMPATH\CodeIgniter.php(896): App\Controllers\Kinerja->index()
 5 SYSTEMPATH\CodeIgniter.php(466): CodeIgniter\CodeIgniter->runController(Object(App\Controllers\Kinerja))
 6 SYSTEMPATH\CodeIgniter.php(349): CodeIgniter\CodeIgniter->handleRequest(null, Object(Config\Cache), false)
 7 FCPATH\index.php(55): CodeIgniter\CodeIgniter->run()
 8 SYSTEMPATH\Commands\Server\rewrite.php(43): require_once('FCPATH\\index.php')
CRITICAL - 2022-09-11 14:20:33 --> Invalid file: pages/kinerjaCoba.php
in SYSTEMPATH\Exceptions\FrameworkException.php on line 33.
 1 SYSTEMPATH\View\View.php(201): CodeIgniter\Exceptions\FrameworkException::forInvalidFile('pages/kinerjaCoba.php')
 2 SYSTEMPATH\Common.php(1135): CodeIgniter\View\View->render('pages/kinerjaCoba', [], true)
 3 APPPATH\Controllers\Kinerja.php(84): view('pages/kinerjaCoba', [...])
 4 SYSTEMPATH\CodeIgniter.php(896): App\Controllers\Kinerja->index()
 5 SYSTEMPATH\CodeIgniter.php(466): CodeIgniter\CodeIgniter->runController(Object(App\Controllers\Kinerja))
 6 SYSTEMPATH\CodeIgniter.php(349): CodeIgniter\CodeIgniter->handleRequest(null, Object(Config\Cache), false)
 7 FCPATH\index.php(55): CodeIgniter\CodeIgniter->run()
 8 SYSTEMPATH\Commands\Server\rewrite.php(43): require_once('FCPATH\\index.php')
CRITICAL - 2022-09-11 14:23:53 --> Undefined variable $i
in APPPATH\Controllers\Kinerja.php on line 405.
 1 APPPATH\Controllers\Kinerja.php(405): CodeIgniter\Debug\Exceptions->errorHandler(2, 'Undefined variable $i', 'APPPATH\\Controllers\\Kinerja.php', 405)
 2 SYSTEMPATH\CodeIgniter.php(896): App\Controllers\Kinerja->readExcel()
 3 SYSTEMPATH\CodeIgniter.php(466): CodeIgniter\CodeIgniter->runController(Object(App\Controllers\Kinerja))
 4 SYSTEMPATH\CodeIgniter.php(349): CodeIgniter\CodeIgniter->handleRequest(null, Object(Config\Cache), false)
 5 FCPATH\index.php(55): CodeIgniter\CodeIgniter->run()
 6 SYSTEMPATH\Commands\Server\rewrite.php(43): require_once('FCPATH\\index.php')
CRITICAL - 2022-09-11 14:25:03 --> Undefined array key "(IKU 1.1)                                                                                                                                                                                                                                                                                                                                                                                                                                                                                                           "
in APPPATH\Views\pages\kinerjaCoba.php on line 955.
 1 APPPATH\Views\pages\kinerjaCoba.php(955): CodeIgniter\Debug\Exceptions->errorHandler(2, 'Undefined array key "(IKU 1.1)                                                                                                                                                                                                                                                                                                                                                                                                                                                                                                           "', 'APPPATH\\Views\\pages\\kinerjaCoba.php', 955)
 2 SYSTEMPATH\View\View.php(213): include('APPPATH\\Views\\pages\\kinerjaCoba.php')
 3 SYSTEMPATH\View\View.php(216): CodeIgniter\View\View->CodeIgniter\View\{closure}()
 4 SYSTEMPATH\Common.php(1135): CodeIgniter\View\View->render('pages/kinerjaCoba', [], true)
 5 APPPATH\Controllers\Kinerja.php(84): view('pages/kinerjaCoba', [...])
 6 SYSTEMPATH\CodeIgniter.php(896): App\Controllers\Kinerja->index()
 7 SYSTEMPATH\CodeIgniter.php(466): CodeIgniter\CodeIgniter->runController(Object(App\Controllers\Kinerja))
 8 SYSTEMPATH\CodeIgniter.php(349): CodeIgniter\CodeIgniter->handleRequest(null, Object(Config\Cache), false)
 9 FCPATH\index.php(55): CodeIgniter\CodeIgniter->run()
10 SYSTEMPATH\Commands\Server\rewrite.php(43): require_once('FCPATH\\index.php')
CRITICAL - 2022-09-11 14:26:30 --> Undefined array key "(IKU 1.1)"
in APPPATH\Views\pages\kinerjaCoba.php on line 955.
 1 APPPATH\Views\pages\kinerjaCoba.php(955): CodeIgniter\Debug\Exceptions->errorHandler(2, 'Undefined array key "(IKU 1.1)"', 'APPPATH\\Views\\pages\\kinerjaCoba.php', 955)
 2 SYSTEMPATH\View\View.php(213): include('APPPATH\\Views\\pages\\kinerjaCoba.php')
 3 SYSTEMPATH\View\View.php(216): CodeIgniter\View\View->CodeIgniter\View\{closure}()
 4 SYSTEMPATH\Common.php(1135): CodeIgniter\View\View->render('pages/kinerjaCoba', [], true)
 5 APPPATH\Controllers\Kinerja.php(84): view('pages/kinerjaCoba', [...])
 6 SYSTEMPATH\CodeIgniter.php(896): App\Controllers\Kinerja->index()
 7 SYSTEMPATH\CodeIgniter.php(466): CodeIgniter\CodeIgniter->runController(Object(App\Controllers\Kinerja))
 8 SYSTEMPATH\CodeIgniter.php(349): CodeIgniter\CodeIgniter->handleRequest(null, Object(Config\Cache), false)
 9 FCPATH\index.php(55): CodeIgniter\CodeIgniter->run()
10 SYSTEMPATH\Commands\Server\rewrite.php(43): require_once('FCPATH\\index.php')
CRITICAL - 2022-09-11 14:27:21 --> Undefined array key "(IKU 1.1)                                                                                                                                                                                                                                                                                                                                                                                                                                                                                                           "
in APPPATH\Views\pages\kinerjaCoba.php on line 1036.
 1 APPPATH\Views\pages\kinerjaCoba.php(1036): CodeIgniter\Debug\Exceptions->errorHandler(2, 'Undefined array key "(IKU 1.1)                                                                                                                                                                                                                                                                                                                                                                                                                                                                                                           "', 'APPPATH\\Views\\pages\\kinerjaCoba.php', 1036)
 2 SYSTEMPATH\View\View.php(213): include('APPPATH\\Views\\pages\\kinerjaCoba.php')
 3 SYSTEMPATH\View\View.php(216): CodeIgniter\View\View->CodeIgniter\View\{closure}()
 4 SYSTEMPATH\Common.php(1135): CodeIgniter\View\View->render('pages/kinerjaCoba', [], true)
 5 APPPATH\Controllers\Kinerja.php(84): view('pages/kinerjaCoba', [...])
 6 SYSTEMPATH\CodeIgniter.php(896): App\Controllers\Kinerja->index()
 7 SYSTEMPATH\CodeIgniter.php(466): CodeIgniter\CodeIgniter->runController(Object(App\Controllers\Kinerja))
 8 SYSTEMPATH\CodeIgniter.php(349): CodeIgniter\CodeIgniter->handleRequest(null, Object(Config\Cache), false)
 9 FCPATH\index.php(55): CodeIgniter\CodeIgniter->run()
10 SYSTEMPATH\Commands\Server\rewrite.php(43): require_once('FCPATH\\index.php')
CRITICAL - 2022-09-11 14:27:32 --> Undefined array key "(IKU 1.1)                                                                                                                                                                                                                                                                                                                                                                                                                                                                                                           "
in APPPATH\Views\pages\kinerjaCoba.php on line 1036.
 1 APPPATH\Views\pages\kinerjaCoba.php(1036): CodeIgniter\Debug\Exceptions->errorHandler(2, 'Undefined array key "(IKU 1.1)                                                                                                                                                                                                                                                                                                                                                                                                                                                                                                           "', 'APPPATH\\Views\\pages\\kinerjaCoba.php', 1036)
 2 SYSTEMPATH\View\View.php(213): include('APPPATH\\Views\\pages\\kinerjaCoba.php')
 3 SYSTEMPATH\View\View.php(216): CodeIgniter\View\View->CodeIgniter\View\{closure}()
 4 SYSTEMPATH\Common.php(1135): CodeIgniter\View\View->render('pages/kinerjaCoba', [], true)
 5 APPPATH\Controllers\Kinerja.php(84): view('pages/kinerjaCoba', [...])
 6 SYSTEMPATH\CodeIgniter.php(896): App\Controllers\Kinerja->index()
 7 SYSTEMPATH\CodeIgniter.php(466): CodeIgniter\CodeIgniter->runController(Object(App\Controllers\Kinerja))
 8 SYSTEMPATH\CodeIgniter.php(349): CodeIgniter\CodeIgniter->handleRequest(null, Object(Config\Cache), false)
 9 FCPATH\index.php(55): CodeIgniter\CodeIgniter->run()
10 SYSTEMPATH\Commands\Server\rewrite.php(43): require_once('FCPATH\\index.php')
CRITICAL - 2022-09-11 14:57:51 --> anotherDB is not a valid database connection group.
in SYSTEMPATH\Database\Config.php on line 65.
 1 APPPATH\Models\SatkerModel.php(11): CodeIgniter\Database\Config::connect('anotherDB', true)
 2 APPPATH\Controllers\Satker.php(9): App\Models\SatkerModel->__construct()
 3 SYSTEMPATH\CodeIgniter.php(858): App\Controllers\Satker->__construct()
 4 SYSTEMPATH\CodeIgniter.php(457): CodeIgniter\CodeIgniter->createController()
 5 SYSTEMPATH\CodeIgniter.php(349): CodeIgniter\CodeIgniter->handleRequest(null, Object(Config\Cache), false)
 6 FCPATH\index.php(55): CodeIgniter\CodeIgniter->run()
 7 SYSTEMPATH\Commands\Server\rewrite.php(43): require_once('FCPATH\\index.php')
CRITICAL - 2022-09-11 15:15:08 --> Array to string conversion
in APPPATH\Views\pages\info_satker.php on line 35.
 1 APPPATH\Views\pages\info_satker.php(35): CodeIgniter\Debug\Exceptions->errorHandler(2, 'Array to string conversion', 'APPPATH\\Views\\pages\\info_satker.php', 35)
 2 SYSTEMPATH\View\View.php(213): include('APPPATH\\Views\\pages\\info_satker.php')
 3 SYSTEMPATH\View\View.php(216): CodeIgniter\View\View->CodeIgniter\View\{closure}()
 4 SYSTEMPATH\Common.php(1135): CodeIgniter\View\View->render('pages/info_satker', [], true)
 5 APPPATH\Controllers\Satker.php(25): view('pages/info_satker', [...])
 6 SYSTEMPATH\CodeIgniter.php(896): App\Controllers\Satker->index()
 7 SYSTEMPATH\CodeIgniter.php(466): CodeIgniter\CodeIgniter->runController(Object(App\Controllers\Satker))
 8 SYSTEMPATH\CodeIgniter.php(349): CodeIgniter\CodeIgniter->handleRequest(null, Object(Config\Cache), false)
 9 FCPATH\index.php(55): CodeIgniter\CodeIgniter->run()
10 SYSTEMPATH\Commands\Server\rewrite.php(43): require_once('FCPATH\\index.php')
