CRITICAL - 2022-08-21 15:12:29 --> Undefined variable: data
in APPPATH/Views/pages/simproka-edit.php on line 348.
 1 APPPATH/Views/pages/simproka-edit.php(348): CodeIgniter\Debug\Exceptions->errorHandler()
 2 SYSTEMPATH/View/View.php(213): include('APPPATH/Views/pages/simproka-edit.php')
 3 SYSTEMPATH/View/View.php(216): CodeIgniter\View\View->CodeIgniter\View\{closure}()
 4 SYSTEMPATH/Common.php(1135): CodeIgniter\View\View->render()
 5 APPPATH/Controllers/Simproka1.php(33): view()
 6 SYSTEMPATH/CodeIgniter.php(896): App\Controllers\Simproka1->edit()
 7 SYSTEMPATH/CodeIgniter.php(466): CodeIgniter\CodeIgniter->runController()
 8 SYSTEMPATH/CodeIgniter.php(349): CodeIgniter\CodeIgniter->handleRequest()
 9 FCPATH/index.php(55): CodeIgniter\CodeIgniter->run()
CRITICAL - 2022-08-21 15:12:42 --> Undefined variable: data
in APPPATH/Views/pages/simproka1.php on line 362.
 1 APPPATH/Views/pages/simproka1.php(362): CodeIgniter\Debug\Exceptions->errorHandler()
 2 SYSTEMPATH/View/View.php(213): include('APPPATH/Views/pages/simproka1.php')
 3 SYSTEMPATH/View/View.php(216): CodeIgniter\View\View->CodeIgniter\View\{closure}()
 4 SYSTEMPATH/Common.php(1135): CodeIgniter\View\View->render()
 5 APPPATH/Controllers/Simproka1.php(135): view()
 6 SYSTEMPATH/CodeIgniter.php(896): App\Controllers\Simproka1->index()
 7 SYSTEMPATH/CodeIgniter.php(466): CodeIgniter\CodeIgniter->runController()
 8 SYSTEMPATH/CodeIgniter.php(349): CodeIgniter\CodeIgniter->handleRequest()
 9 FCPATH/index.php(55): CodeIgniter\CodeIgniter->run()
CRITICAL - 2022-08-21 15:12:44 --> Undefined variable: data
in APPPATH/Views/pages/simproka1.php on line 362.
 1 APPPATH/Views/pages/simproka1.php(362): CodeIgniter\Debug\Exceptions->errorHandler()
 2 SYSTEMPATH/View/View.php(213): include('APPPATH/Views/pages/simproka1.php')
 3 SYSTEMPATH/View/View.php(216): CodeIgniter\View\View->CodeIgniter\View\{closure}()
 4 SYSTEMPATH/Common.php(1135): CodeIgniter\View\View->render()
 5 APPPATH/Controllers/Simproka1.php(135): view()
 6 SYSTEMPATH/CodeIgniter.php(896): App\Controllers\Simproka1->index()
 7 SYSTEMPATH/CodeIgniter.php(466): CodeIgniter\CodeIgniter->runController()
 8 SYSTEMPATH/CodeIgniter.php(349): CodeIgniter\CodeIgniter->handleRequest()
 9 FCPATH/index.php(55): CodeIgniter\CodeIgniter->run()
CRITICAL - 2022-08-21 15:12:45 --> Undefined variable: data
in APPPATH/Views/pages/simproka-edit.php on line 348.
 1 APPPATH/Views/pages/simproka-edit.php(348): CodeIgniter\Debug\Exceptions->errorHandler()
 2 SYSTEMPATH/View/View.php(213): include('APPPATH/Views/pages/simproka-edit.php')
 3 SYSTEMPATH/View/View.php(216): CodeIgniter\View\View->CodeIgniter\View\{closure}()
 4 SYSTEMPATH/Common.php(1135): CodeIgniter\View\View->render()
 5 APPPATH/Controllers/Simproka1.php(33): view()
 6 SYSTEMPATH/CodeIgniter.php(896): App\Controllers\Simproka1->edit()
 7 SYSTEMPATH/CodeIgniter.php(466): CodeIgniter\CodeIgniter->runController()
 8 SYSTEMPATH/CodeIgniter.php(349): CodeIgniter\CodeIgniter->handleRequest()
 9 FCPATH/index.php(55): CodeIgniter\CodeIgniter->run()
CRITICAL - 2022-08-21 15:12:46 --> Undefined variable: data
in APPPATH/Views/pages/simproka1.php on line 362.
 1 APPPATH/Views/pages/simproka1.php(362): CodeIgniter\Debug\Exceptions->errorHandler()
 2 SYSTEMPATH/View/View.php(213): include('APPPATH/Views/pages/simproka1.php')
 3 SYSTEMPATH/View/View.php(216): CodeIgniter\View\View->CodeIgniter\View\{closure}()
 4 SYSTEMPATH/Common.php(1135): CodeIgniter\View\View->render()
 5 APPPATH/Controllers/Simproka1.php(135): view()
 6 SYSTEMPATH/CodeIgniter.php(896): App\Controllers\Simproka1->index()
 7 SYSTEMPATH/CodeIgniter.php(466): CodeIgniter\CodeIgniter->runController()
 8 SYSTEMPATH/CodeIgniter.php(349): CodeIgniter\CodeIgniter->handleRequest()
 9 FCPATH/index.php(55): CodeIgniter\CodeIgniter->run()
CRITICAL - 2022-08-21 15:12:46 --> Undefined variable: data
in APPPATH/Views/pages/simproka1.php on line 362.
 1 APPPATH/Views/pages/simproka1.php(362): CodeIgniter\Debug\Exceptions->errorHandler()
 2 SYSTEMPATH/View/View.php(213): include('APPPATH/Views/pages/simproka1.php')
 3 SYSTEMPATH/View/View.php(216): CodeIgniter\View\View->CodeIgniter\View\{closure}()
 4 SYSTEMPATH/Common.php(1135): CodeIgniter\View\View->render()
 5 APPPATH/Controllers/Simproka1.php(135): view()
 6 SYSTEMPATH/CodeIgniter.php(896): App\Controllers\Simproka1->index()
 7 SYSTEMPATH/CodeIgniter.php(466): CodeIgniter\CodeIgniter->runController()
 8 SYSTEMPATH/CodeIgniter.php(349): CodeIgniter\CodeIgniter->handleRequest()
 9 FCPATH/index.php(55): CodeIgniter\CodeIgniter->run()
CRITICAL - 2022-08-21 15:12:58 --> Undefined variable: data
in APPPATH/Views/pages/simproka-edit.php on line 348.
 1 APPPATH/Views/pages/simproka-edit.php(348): CodeIgniter\Debug\Exceptions->errorHandler()
 2 SYSTEMPATH/View/View.php(213): include('APPPATH/Views/pages/simproka-edit.php')
 3 SYSTEMPATH/View/View.php(216): CodeIgniter\View\View->CodeIgniter\View\{closure}()
 4 SYSTEMPATH/Common.php(1135): CodeIgniter\View\View->render()
 5 APPPATH/Controllers/Simproka1.php(33): view()
 6 SYSTEMPATH/CodeIgniter.php(896): App\Controllers\Simproka1->edit()
 7 SYSTEMPATH/CodeIgniter.php(466): CodeIgniter\CodeIgniter->runController()
 8 SYSTEMPATH/CodeIgniter.php(349): CodeIgniter\CodeIgniter->handleRequest()
 9 FCPATH/index.php(55): CodeIgniter\CodeIgniter->run()
CRITICAL - 2022-08-21 15:47:27 --> Undefined variable: data
in APPPATH/Views/pages/simproka1.php on line 362.
 1 APPPATH/Views/pages/simproka1.php(362): CodeIgniter\Debug\Exceptions->errorHandler()
 2 SYSTEMPATH/View/View.php(213): include('APPPATH/Views/pages/simproka1.php')
 3 SYSTEMPATH/View/View.php(216): CodeIgniter\View\View->CodeIgniter\View\{closure}()
 4 SYSTEMPATH/Common.php(1135): CodeIgniter\View\View->render()
 5 APPPATH/Controllers/Simproka1.php(135): view()
 6 SYSTEMPATH/CodeIgniter.php(896): App\Controllers\Simproka1->index()
 7 SYSTEMPATH/CodeIgniter.php(466): CodeIgniter\CodeIgniter->runController()
 8 SYSTEMPATH/CodeIgniter.php(349): CodeIgniter\CodeIgniter->handleRequest()
 9 FCPATH/index.php(55): CodeIgniter\CodeIgniter->run()
CRITICAL - 2022-08-21 15:47:31 --> Undefined variable: data
in APPPATH/Views/pages/simproka1.php on line 362.
 1 APPPATH/Views/pages/simproka1.php(362): CodeIgniter\Debug\Exceptions->errorHandler()
 2 SYSTEMPATH/View/View.php(213): include('APPPATH/Views/pages/simproka1.php')
 3 SYSTEMPATH/View/View.php(216): CodeIgniter\View\View->CodeIgniter\View\{closure}()
 4 SYSTEMPATH/Common.php(1135): CodeIgniter\View\View->render()
 5 APPPATH/Controllers/Simproka1.php(135): view()
 6 SYSTEMPATH/CodeIgniter.php(896): App\Controllers\Simproka1->index()
 7 SYSTEMPATH/CodeIgniter.php(466): CodeIgniter\CodeIgniter->runController()
 8 SYSTEMPATH/CodeIgniter.php(349): CodeIgniter\CodeIgniter->handleRequest()
 9 FCPATH/index.php(55): CodeIgniter\CodeIgniter->run()
CRITICAL - 2022-08-21 15:47:32 --> Undefined variable: data
in APPPATH/Views/pages/simproka1.php on line 362.
 1 APPPATH/Views/pages/simproka1.php(362): CodeIgniter\Debug\Exceptions->errorHandler()
 2 SYSTEMPATH/View/View.php(213): include('APPPATH/Views/pages/simproka1.php')
 3 SYSTEMPATH/View/View.php(216): CodeIgniter\View\View->CodeIgniter\View\{closure}()
 4 SYSTEMPATH/Common.php(1135): CodeIgniter\View\View->render()
 5 APPPATH/Controllers/Simproka1.php(135): view()
 6 SYSTEMPATH/CodeIgniter.php(896): App\Controllers\Simproka1->index()
 7 SYSTEMPATH/CodeIgniter.php(466): CodeIgniter\CodeIgniter->runController()
 8 SYSTEMPATH/CodeIgniter.php(349): CodeIgniter\CodeIgniter->handleRequest()
 9 FCPATH/index.php(55): CodeIgniter\CodeIgniter->run()
CRITICAL - 2022-08-21 15:50:54 --> Illegal string offset 'kode'
in APPPATH/Controllers/Simproka1.php on line 148.
 1 APPPATH/Controllers/Simproka1.php(148): CodeIgniter\Debug\Exceptions->errorHandler()
 2 APPPATH/Controllers/Simproka1.php(104): App\Controllers\Simproka1->countFiles()
 3 SYSTEMPATH/CodeIgniter.php(896): App\Controllers\Simproka1->RO()
 4 SYSTEMPATH/CodeIgniter.php(466): CodeIgniter\CodeIgniter->runController()
 5 SYSTEMPATH/CodeIgniter.php(349): CodeIgniter\CodeIgniter->handleRequest()
 6 FCPATH/index.php(55): CodeIgniter\CodeIgniter->run()
CRITICAL - 2022-08-21 15:51:55 --> Invalid argument supplied for foreach()
in APPPATH/Controllers/Simproka1.php on line 147.
 1 APPPATH/Controllers/Simproka1.php(147): CodeIgniter\Debug\Exceptions->errorHandler()
 2 APPPATH/Controllers/Simproka1.php(104): App\Controllers\Simproka1->countFiles()
 3 SYSTEMPATH/CodeIgniter.php(896): App\Controllers\Simproka1->RO()
 4 SYSTEMPATH/CodeIgniter.php(466): CodeIgniter\CodeIgniter->runController()
 5 SYSTEMPATH/CodeIgniter.php(349): CodeIgniter\CodeIgniter->handleRequest()
 6 FCPATH/index.php(55): CodeIgniter\CodeIgniter->run()
CRITICAL - 2022-08-21 15:51:59 --> Invalid argument supplied for foreach()
in APPPATH/Controllers/Simproka1.php on line 147.
 1 APPPATH/Controllers/Simproka1.php(147): CodeIgniter\Debug\Exceptions->errorHandler()
 2 APPPATH/Controllers/Simproka1.php(104): App\Controllers\Simproka1->countFiles()
 3 SYSTEMPATH/CodeIgniter.php(896): App\Controllers\Simproka1->RO()
 4 SYSTEMPATH/CodeIgniter.php(466): CodeIgniter\CodeIgniter->runController()
 5 SYSTEMPATH/CodeIgniter.php(349): CodeIgniter\CodeIgniter->handleRequest()
 6 FCPATH/index.php(55): CodeIgniter\CodeIgniter->run()
CRITICAL - 2022-08-21 15:53:12 --> Illegal string offset 'kode'
in APPPATH/Controllers/Simproka1.php on line 148.
 1 APPPATH/Controllers/Simproka1.php(148): CodeIgniter\Debug\Exceptions->errorHandler()
 2 APPPATH/Controllers/Simproka1.php(104): App\Controllers\Simproka1->countFiles()
 3 SYSTEMPATH/CodeIgniter.php(896): App\Controllers\Simproka1->RO()
 4 SYSTEMPATH/CodeIgniter.php(466): CodeIgniter\CodeIgniter->runController()
 5 SYSTEMPATH/CodeIgniter.php(349): CodeIgniter\CodeIgniter->handleRequest()
 6 FCPATH/index.php(55): CodeIgniter\CodeIgniter->run()
CRITICAL - 2022-08-21 15:55:38 --> Illegal string offset 'kode'
in APPPATH/Controllers/Simproka1.php on line 148.
 1 APPPATH/Controllers/Simproka1.php(148): CodeIgniter\Debug\Exceptions->errorHandler()
 2 APPPATH/Controllers/Simproka1.php(104): App\Controllers\Simproka1->countFiles()
 3 SYSTEMPATH/CodeIgniter.php(896): App\Controllers\Simproka1->RO()
 4 SYSTEMPATH/CodeIgniter.php(466): CodeIgniter\CodeIgniter->runController()
 5 SYSTEMPATH/CodeIgniter.php(349): CodeIgniter\CodeIgniter->handleRequest()
 6 FCPATH/index.php(55): CodeIgniter\CodeIgniter->run()
CRITICAL - 2022-08-21 15:56:55 --> Invalid argument supplied for foreach()
in APPPATH/Controllers/Simproka1.php on line 147.
 1 APPPATH/Controllers/Simproka1.php(147): CodeIgniter\Debug\Exceptions->errorHandler()
 2 APPPATH/Controllers/Simproka1.php(104): App\Controllers\Simproka1->countFiles()
 3 SYSTEMPATH/CodeIgniter.php(896): App\Controllers\Simproka1->RO()
 4 SYSTEMPATH/CodeIgniter.php(466): CodeIgniter\CodeIgniter->runController()
 5 SYSTEMPATH/CodeIgniter.php(349): CodeIgniter\CodeIgniter->handleRequest()
 6 FCPATH/index.php(55): CodeIgniter\CodeIgniter->run()
CRITICAL - 2022-08-21 16:06:08 --> Undefined index: kode
in APPPATH/Controllers/Simproka1.php on line 151.
 1 APPPATH/Controllers/Simproka1.php(151): CodeIgniter\Debug\Exceptions->errorHandler()
 2 APPPATH/Controllers/Simproka1.php(113): App\Controllers\Simproka1->countFiles()
 3 SYSTEMPATH/CodeIgniter.php(896): App\Controllers\Simproka1->RO()
 4 SYSTEMPATH/CodeIgniter.php(466): CodeIgniter\CodeIgniter->runController()
 5 SYSTEMPATH/CodeIgniter.php(349): CodeIgniter\CodeIgniter->handleRequest()
 6 FCPATH/index.php(55): CodeIgniter\CodeIgniter->run()
CRITICAL - 2022-08-21 16:06:27 --> Undefined index: kode
in APPPATH/Controllers/Simproka1.php on line 151.
 1 APPPATH/Controllers/Simproka1.php(151): CodeIgniter\Debug\Exceptions->errorHandler()
 2 APPPATH/Controllers/Simproka1.php(113): App\Controllers\Simproka1->countFiles()
 3 SYSTEMPATH/CodeIgniter.php(896): App\Controllers\Simproka1->RO()
 4 SYSTEMPATH/CodeIgniter.php(466): CodeIgniter\CodeIgniter->runController()
 5 SYSTEMPATH/CodeIgniter.php(349): CodeIgniter\CodeIgniter->handleRequest()
 6 FCPATH/index.php(55): CodeIgniter\CodeIgniter->run()
CRITICAL - 2022-08-21 16:11:25 --> syntax error, unexpected 'foreach' (T_FOREACH)
in APPPATH/Controllers/Simproka1.php on line 108.
 1 SYSTEMPATH/Router/Router.php(499): CodeIgniter\Router\AutoRouter->getRoute()
 2 SYSTEMPATH/Router/Router.php(205): CodeIgniter\Router\Router->autoRoute()
 3 SYSTEMPATH/CodeIgniter.php(771): CodeIgniter\Router\Router->handle()
 4 SYSTEMPATH/CodeIgniter.php(415): CodeIgniter\CodeIgniter->tryToRouteIt()
 5 SYSTEMPATH/CodeIgniter.php(349): CodeIgniter\CodeIgniter->handleRequest()
 6 FCPATH/index.php(55): CodeIgniter\CodeIgniter->run()
CRITICAL - 2022-08-21 16:11:29 --> syntax error, unexpected 'foreach' (T_FOREACH)
in APPPATH/Controllers/Simproka1.php on line 108.
 1 SYSTEMPATH/Router/Router.php(499): CodeIgniter\Router\AutoRouter->getRoute()
 2 SYSTEMPATH/Router/Router.php(205): CodeIgniter\Router\Router->autoRoute()
 3 SYSTEMPATH/CodeIgniter.php(771): CodeIgniter\Router\Router->handle()
 4 SYSTEMPATH/CodeIgniter.php(415): CodeIgniter\CodeIgniter->tryToRouteIt()
 5 SYSTEMPATH/CodeIgniter.php(349): CodeIgniter\CodeIgniter->handleRequest()
 6 FCPATH/index.php(55): CodeIgniter\CodeIgniter->run()
CRITICAL - 2022-08-21 16:11:30 --> syntax error, unexpected 'foreach' (T_FOREACH)
in APPPATH/Controllers/Simproka1.php on line 108.
 1 SYSTEMPATH/Router/Router.php(499): CodeIgniter\Router\AutoRouter->getRoute()
 2 SYSTEMPATH/Router/Router.php(205): CodeIgniter\Router\Router->autoRoute()
 3 SYSTEMPATH/CodeIgniter.php(771): CodeIgniter\Router\Router->handle()
 4 SYSTEMPATH/CodeIgniter.php(415): CodeIgniter\CodeIgniter->tryToRouteIt()
 5 SYSTEMPATH/CodeIgniter.php(349): CodeIgniter\CodeIgniter->handleRequest()
 6 FCPATH/index.php(55): CodeIgniter\CodeIgniter->run()
CRITICAL - 2022-08-21 16:14:52 --> Undefined variable: filesKomponen
in APPPATH/Controllers/Simproka1.php on line 122.
 1 APPPATH/Controllers/Simproka1.php(122): CodeIgniter\Debug\Exceptions->errorHandler()
 2 SYSTEMPATH/CodeIgniter.php(896): App\Controllers\Simproka1->RO()
 3 SYSTEMPATH/CodeIgniter.php(466): CodeIgniter\CodeIgniter->runController()
 4 SYSTEMPATH/CodeIgniter.php(349): CodeIgniter\CodeIgniter->handleRequest()
 5 FCPATH/index.php(55): CodeIgniter\CodeIgniter->run()
CRITICAL - 2022-08-21 16:17:16 --> Undefined variable: totalFiles
in APPPATH/Views/pages/simproka1.php on line 475.
 1 APPPATH/Views/pages/simproka1.php(475): CodeIgniter\Debug\Exceptions->errorHandler()
 2 SYSTEMPATH/View/View.php(213): include('APPPATH/Views/pages/simproka1.php')
 3 SYSTEMPATH/View/View.php(216): CodeIgniter\View\View->CodeIgniter\View\{closure}()
 4 SYSTEMPATH/Common.php(1135): CodeIgniter\View\View->render()
 5 APPPATH/Controllers/Simproka1.php(142): view()
 6 SYSTEMPATH/CodeIgniter.php(896): App\Controllers\Simproka1->index()
 7 SYSTEMPATH/CodeIgniter.php(466): CodeIgniter\CodeIgniter->runController()
 8 SYSTEMPATH/CodeIgniter.php(349): CodeIgniter\CodeIgniter->handleRequest()
 9 FCPATH/index.php(55): CodeIgniter\CodeIgniter->run()
CRITICAL - 2022-08-21 16:17:27 --> Undefined index: DK.4471.DBA.001                                                                                                                                                                                                                                                                                                                                                                                                                                                                                                     
in APPPATH/Views/pages/simproka1.php on line 475.
 1 APPPATH/Views/pages/simproka1.php(475): CodeIgniter\Debug\Exceptions->errorHandler()
 2 SYSTEMPATH/View/View.php(213): include('APPPATH/Views/pages/simproka1.php')
 3 SYSTEMPATH/View/View.php(216): CodeIgniter\View\View->CodeIgniter\View\{closure}()
 4 SYSTEMPATH/Common.php(1135): CodeIgniter\View\View->render()
 5 APPPATH/Controllers/Simproka1.php(142): view()
 6 SYSTEMPATH/CodeIgniter.php(896): App\Controllers\Simproka1->index()
 7 SYSTEMPATH/CodeIgniter.php(466): CodeIgniter\CodeIgniter->runController()
 8 SYSTEMPATH/CodeIgniter.php(349): CodeIgniter\CodeIgniter->handleRequest()
 9 FCPATH/index.php(55): CodeIgniter\CodeIgniter->run()
CRITICAL - 2022-08-21 16:44:26 --> Undefined variable: data
in APPPATH/Views/pages/simproka-edit.php on line 348.
 1 APPPATH/Views/pages/simproka-edit.php(348): CodeIgniter\Debug\Exceptions->errorHandler()
 2 SYSTEMPATH/View/View.php(213): include('APPPATH/Views/pages/simproka-edit.php')
 3 SYSTEMPATH/View/View.php(216): CodeIgniter\View\View->CodeIgniter\View\{closure}()
 4 SYSTEMPATH/Common.php(1135): CodeIgniter\View\View->render()
 5 APPPATH/Controllers/Simproka1.php(33): view()
 6 SYSTEMPATH/CodeIgniter.php(896): App\Controllers\Simproka1->edit()
 7 SYSTEMPATH/CodeIgniter.php(466): CodeIgniter\CodeIgniter->runController()
 8 SYSTEMPATH/CodeIgniter.php(349): CodeIgniter\CodeIgniter->handleRequest()
 9 FCPATH/index.php(55): CodeIgniter\CodeIgniter->run()
CRITICAL - 2022-08-21 16:44:39 --> Undefined variable: data
in APPPATH/Views/pages/simproka1.php on line 364.
 1 APPPATH/Views/pages/simproka1.php(364): CodeIgniter\Debug\Exceptions->errorHandler()
 2 SYSTEMPATH/View/View.php(213): include('APPPATH/Views/pages/simproka1.php')
 3 SYSTEMPATH/View/View.php(216): CodeIgniter\View\View->CodeIgniter\View\{closure}()
 4 SYSTEMPATH/Common.php(1135): CodeIgniter\View\View->render()
 5 APPPATH/Controllers/Simproka1.php(142): view()
 6 SYSTEMPATH/CodeIgniter.php(896): App\Controllers\Simproka1->index()
 7 SYSTEMPATH/CodeIgniter.php(466): CodeIgniter\CodeIgniter->runController()
 8 SYSTEMPATH/CodeIgniter.php(349): CodeIgniter\CodeIgniter->handleRequest()
 9 FCPATH/index.php(55): CodeIgniter\CodeIgniter->run()
CRITICAL - 2022-08-21 16:44:41 --> Undefined variable: data
in APPPATH/Views/pages/simproka1.php on line 364.
 1 APPPATH/Views/pages/simproka1.php(364): CodeIgniter\Debug\Exceptions->errorHandler()
 2 SYSTEMPATH/View/View.php(213): include('APPPATH/Views/pages/simproka1.php')
 3 SYSTEMPATH/View/View.php(216): CodeIgniter\View\View->CodeIgniter\View\{closure}()
 4 SYSTEMPATH/Common.php(1135): CodeIgniter\View\View->render()
 5 APPPATH/Controllers/Simproka1.php(142): view()
 6 SYSTEMPATH/CodeIgniter.php(896): App\Controllers\Simproka1->index()
 7 SYSTEMPATH/CodeIgniter.php(466): CodeIgniter\CodeIgniter->runController()
 8 SYSTEMPATH/CodeIgniter.php(349): CodeIgniter\CodeIgniter->handleRequest()
 9 FCPATH/index.php(55): CodeIgniter\CodeIgniter->run()
CRITICAL - 2022-08-21 16:44:43 --> Undefined variable: data
in APPPATH/Views/pages/simproka-edit.php on line 348.
 1 APPPATH/Views/pages/simproka-edit.php(348): CodeIgniter\Debug\Exceptions->errorHandler()
 2 SYSTEMPATH/View/View.php(213): include('APPPATH/Views/pages/simproka-edit.php')
 3 SYSTEMPATH/View/View.php(216): CodeIgniter\View\View->CodeIgniter\View\{closure}()
 4 SYSTEMPATH/Common.php(1135): CodeIgniter\View\View->render()
 5 APPPATH/Controllers/Simproka1.php(33): view()
 6 SYSTEMPATH/CodeIgniter.php(896): App\Controllers\Simproka1->edit()
 7 SYSTEMPATH/CodeIgniter.php(466): CodeIgniter\CodeIgniter->runController()
 8 SYSTEMPATH/CodeIgniter.php(349): CodeIgniter\CodeIgniter->handleRequest()
 9 FCPATH/index.php(55): CodeIgniter\CodeIgniter->run()
CRITICAL - 2022-08-21 16:44:44 --> Undefined variable: data
in APPPATH/Views/pages/simproka1.php on line 364.
 1 APPPATH/Views/pages/simproka1.php(364): CodeIgniter\Debug\Exceptions->errorHandler()
 2 SYSTEMPATH/View/View.php(213): include('APPPATH/Views/pages/simproka1.php')
 3 SYSTEMPATH/View/View.php(216): CodeIgniter\View\View->CodeIgniter\View\{closure}()
 4 SYSTEMPATH/Common.php(1135): CodeIgniter\View\View->render()
 5 APPPATH/Controllers/Simproka1.php(142): view()
 6 SYSTEMPATH/CodeIgniter.php(896): App\Controllers\Simproka1->index()
 7 SYSTEMPATH/CodeIgniter.php(466): CodeIgniter\CodeIgniter->runController()
 8 SYSTEMPATH/CodeIgniter.php(349): CodeIgniter\CodeIgniter->handleRequest()
 9 FCPATH/index.php(55): CodeIgniter\CodeIgniter->run()
CRITICAL - 2022-08-21 16:51:00 --> Undefined variable: detail
in APPPATH/Views/pages/simproka1.php on line 75.
 1 APPPATH/Views/pages/simproka1.php(75): CodeIgniter\Debug\Exceptions->errorHandler()
 2 SYSTEMPATH/View/View.php(213): include('APPPATH/Views/pages/simproka1.php')
 3 SYSTEMPATH/View/View.php(216): CodeIgniter\View\View->CodeIgniter\View\{closure}()
 4 SYSTEMPATH/Common.php(1135): CodeIgniter\View\View->render()
 5 APPPATH/Controllers/Simproka1.php(142): view()
 6 SYSTEMPATH/CodeIgniter.php(896): App\Controllers\Simproka1->index()
 7 SYSTEMPATH/CodeIgniter.php(466): CodeIgniter\CodeIgniter->runController()
 8 SYSTEMPATH/CodeIgniter.php(349): CodeIgniter\CodeIgniter->handleRequest()
 9 FCPATH/index.php(55): CodeIgniter\CodeIgniter->run()
CRITICAL - 2022-08-21 16:51:05 --> Undefined variable: detail
in APPPATH/Views/pages/simproka1.php on line 75.
 1 APPPATH/Views/pages/simproka1.php(75): CodeIgniter\Debug\Exceptions->errorHandler()
 2 SYSTEMPATH/View/View.php(213): include('APPPATH/Views/pages/simproka1.php')
 3 SYSTEMPATH/View/View.php(216): CodeIgniter\View\View->CodeIgniter\View\{closure}()
 4 SYSTEMPATH/Common.php(1135): CodeIgniter\View\View->render()
 5 APPPATH/Controllers/Simproka1.php(142): view()
 6 SYSTEMPATH/CodeIgniter.php(896): App\Controllers\Simproka1->index()
 7 SYSTEMPATH/CodeIgniter.php(466): CodeIgniter\CodeIgniter->runController()
 8 SYSTEMPATH/CodeIgniter.php(349): CodeIgniter\CodeIgniter->handleRequest()
 9 FCPATH/index.php(55): CodeIgniter\CodeIgniter->run()
