CRITICAL - 2022-08-11 07:00:24 --> Cannot use [] for reading
in APPPATH/Controllers/Simproka.php on line 36.
 1 [internal function]: CodeIgniter\Debug\Exceptions->shutdownHandler()
CRITICAL - 2022-08-11 07:00:39 --> Cannot use [] for reading
in APPPATH/Controllers/Simproka.php on line 36.
 1 [internal function]: CodeIgniter\Debug\Exceptions->shutdownHandler()
CRITICAL - 2022-08-11 07:05:17 --> Undefined index: data[]
in APPPATH/Controllers/Simproka.php on line 36.
 1 APPPATH/Controllers/Simproka.php(36): CodeIgniter\Debug\Exceptions->errorHandler()
 2 SYSTEMPATH/CodeIgniter.php(896): App\Controllers\Simproka->editPage()
 3 SYSTEMPATH/CodeIgniter.php(466): CodeIgniter\CodeIgniter->runController()
 4 SYSTEMPATH/CodeIgniter.php(349): CodeIgniter\CodeIgniter->handleRequest()
 5 FCPATH/index.php(55): CodeIgniter\CodeIgniter->run()
CRITICAL - 2022-08-11 07:08:39 --> Array to string conversion
in APPPATH/Views/pages/simproka.php on line 456.
 1 APPPATH/Views/pages/simproka.php(456): CodeIgniter\Debug\Exceptions->errorHandler()
 2 SYSTEMPATH/View/View.php(213): include('APPPATH/Views/pages/simproka.php')
 3 SYSTEMPATH/View/View.php(216): CodeIgniter\View\View->CodeIgniter\View\{closure}()
 4 SYSTEMPATH/Common.php(1135): CodeIgniter\View\View->render()
 5 APPPATH/Controllers/Simproka.php(183): view()
 6 SYSTEMPATH/CodeIgniter.php(896): App\Controllers\Simproka->index()
 7 SYSTEMPATH/CodeIgniter.php(466): CodeIgniter\CodeIgniter->runController()
 8 SYSTEMPATH/CodeIgniter.php(349): CodeIgniter\CodeIgniter->handleRequest()
 9 FCPATH/index.php(55): CodeIgniter\CodeIgniter->run()
CRITICAL - 2022-08-11 07:08:44 --> Array to string conversion
in APPPATH/Views/pages/simproka.php on line 456.
 1 APPPATH/Views/pages/simproka.php(456): CodeIgniter\Debug\Exceptions->errorHandler()
 2 SYSTEMPATH/View/View.php(213): include('APPPATH/Views/pages/simproka.php')
 3 SYSTEMPATH/View/View.php(216): CodeIgniter\View\View->CodeIgniter\View\{closure}()
 4 SYSTEMPATH/Common.php(1135): CodeIgniter\View\View->render()
 5 APPPATH/Controllers/Simproka.php(183): view()
 6 SYSTEMPATH/CodeIgniter.php(896): App\Controllers\Simproka->index()
 7 SYSTEMPATH/CodeIgniter.php(466): CodeIgniter\CodeIgniter->runController()
 8 SYSTEMPATH/CodeIgniter.php(349): CodeIgniter\CodeIgniter->handleRequest()
 9 FCPATH/index.php(55): CodeIgniter\CodeIgniter->run()
CRITICAL - 2022-08-11 07:08:49 --> Array to string conversion
in APPPATH/Views/pages/simproka.php on line 456.
 1 APPPATH/Views/pages/simproka.php(456): CodeIgniter\Debug\Exceptions->errorHandler()
 2 SYSTEMPATH/View/View.php(213): include('APPPATH/Views/pages/simproka.php')
 3 SYSTEMPATH/View/View.php(216): CodeIgniter\View\View->CodeIgniter\View\{closure}()
 4 SYSTEMPATH/Common.php(1135): CodeIgniter\View\View->render()
 5 APPPATH/Controllers/Simproka.php(183): view()
 6 SYSTEMPATH/CodeIgniter.php(896): App\Controllers\Simproka->index()
 7 SYSTEMPATH/CodeIgniter.php(466): CodeIgniter\CodeIgniter->runController()
 8 SYSTEMPATH/CodeIgniter.php(349): CodeIgniter\CodeIgniter->handleRequest()
 9 FCPATH/index.php(55): CodeIgniter\CodeIgniter->run()
CRITICAL - 2022-08-11 07:09:54 --> Array to string conversion
in APPPATH/Views/pages/simproka.php on line 456.
 1 APPPATH/Views/pages/simproka.php(456): CodeIgniter\Debug\Exceptions->errorHandler()
 2 SYSTEMPATH/View/View.php(213): include('APPPATH/Views/pages/simproka.php')
 3 SYSTEMPATH/View/View.php(216): CodeIgniter\View\View->CodeIgniter\View\{closure}()
 4 SYSTEMPATH/Common.php(1135): CodeIgniter\View\View->render()
 5 APPPATH/Controllers/Simproka.php(183): view()
 6 SYSTEMPATH/CodeIgniter.php(896): App\Controllers\Simproka->index()
 7 SYSTEMPATH/CodeIgniter.php(466): CodeIgniter\CodeIgniter->runController()
 8 SYSTEMPATH/CodeIgniter.php(349): CodeIgniter\CodeIgniter->handleRequest()
 9 FCPATH/index.php(55): CodeIgniter\CodeIgniter->run()
CRITICAL - 2022-08-11 07:18:53 --> Cannot use [] for reading
in APPPATH/Controllers/Simproka.php on line 33.
 1 [internal function]: CodeIgniter\Debug\Exceptions->shutdownHandler()
CRITICAL - 2022-08-11 11:39:29 --> syntax error, unexpected '=', expecting ')'
in APPPATH/Controllers/Login.php on line 93.
 1 SYSTEMPATH/Router/Router.php(499): CodeIgniter\Router\AutoRouter->getRoute()
 2 SYSTEMPATH/Router/Router.php(205): CodeIgniter\Router\Router->autoRoute()
 3 SYSTEMPATH/CodeIgniter.php(771): CodeIgniter\Router\Router->handle()
 4 SYSTEMPATH/CodeIgniter.php(415): CodeIgniter\CodeIgniter->tryToRouteIt()
 5 SYSTEMPATH/CodeIgniter.php(349): CodeIgniter\CodeIgniter->handleRequest()
 6 FCPATH/index.php(55): CodeIgniter\CodeIgniter->run()
CRITICAL - 2022-08-11 11:40:03 --> syntax error, unexpected '=', expecting ')'
in APPPATH/Controllers/Login.php on line 93.
 1 SYSTEMPATH/Router/Router.php(499): CodeIgniter\Router\AutoRouter->getRoute()
 2 SYSTEMPATH/Router/Router.php(205): CodeIgniter\Router\Router->autoRoute()
 3 SYSTEMPATH/CodeIgniter.php(771): CodeIgniter\Router\Router->handle()
 4 SYSTEMPATH/CodeIgniter.php(415): CodeIgniter\CodeIgniter->tryToRouteIt()
 5 SYSTEMPATH/CodeIgniter.php(349): CodeIgniter\CodeIgniter->handleRequest()
 6 FCPATH/index.php(55): CodeIgniter\CodeIgniter->run()
CRITICAL - 2022-08-11 11:40:41 --> syntax error, unexpected '$this' (T_VARIABLE)
in APPPATH/Controllers/Login.php on line 94.
 1 SYSTEMPATH/Router/Router.php(499): CodeIgniter\Router\AutoRouter->getRoute()
 2 SYSTEMPATH/Router/Router.php(205): CodeIgniter\Router\Router->autoRoute()
 3 SYSTEMPATH/CodeIgniter.php(771): CodeIgniter\Router\Router->handle()
 4 SYSTEMPATH/CodeIgniter.php(415): CodeIgniter\CodeIgniter->tryToRouteIt()
 5 SYSTEMPATH/CodeIgniter.php(349): CodeIgniter\CodeIgniter->handleRequest()
 6 FCPATH/index.php(55): CodeIgniter\CodeIgniter->run()
ERROR - 2022-08-11 11:44:05 --> ErrorException: pg_query(): Query failed: ERROR:  column &quot;online&quot; of relation &quot;pengguna&quot; does not exist
LINE 1: UPDATE &quot;pengguna&quot; SET &quot;online&quot; = 0
                              ^ in /var/www/ciapp3/vendor/codeigniter4/framework/system/Database/Postgre/Connection.php:135
Stack trace:
#0 [internal function]: CodeIgniter\Debug\Exceptions->errorHandler()
#1 /var/www/ciapp3/vendor/codeigniter4/framework/system/Database/Postgre/Connection.php(135): pg_query()
#2 /var/www/ciapp3/vendor/codeigniter4/framework/system/Database/BaseConnection.php(695): CodeIgniter\Database\Postgre\Connection->execute()
#3 /var/www/ciapp3/vendor/codeigniter4/framework/system/Database/BaseConnection.php(609): CodeIgniter\Database\BaseConnection->simpleQuery()
#4 /var/www/ciapp3/vendor/codeigniter4/framework/system/Database/BaseBuilder.php(2046): CodeIgniter\Database\BaseConnection->query()
#5 /var/www/ciapp3/app/Models/BaseModel.php(28): CodeIgniter\Database\BaseBuilder->update()
#6 /var/www/ciapp3/app/Controllers/Login.php(94): App\Models\BaseModel->updateAll()
#7 /var/www/ciapp3/vendor/codeigniter4/framework/system/CodeIgniter.php(896): App\Controllers\Login->process()
#8 /var/www/ciapp3/vendor/codeigniter4/framework/system/CodeIgniter.php(466): CodeIgniter\CodeIgniter->runController()
#9 /var/www/ciapp3/vendor/codeigniter4/framework/system/CodeIgniter.php(349): CodeIgniter\CodeIgniter->handleRequest()
#10 /var/www/ciapp3/public/index.php(55): CodeIgniter\CodeIgniter->run()
#11 {main}
CRITICAL - 2022-08-11 11:44:05 --> pg_query(): Query failed: ERROR:  column &quot;online&quot; of relation &quot;pengguna&quot; does not exist
LINE 1: UPDATE &quot;pengguna&quot; SET &quot;online&quot; = 0
                              ^
in SYSTEMPATH/Database/Postgre/Connection.php on line 135.
 1 [internal function]: CodeIgniter\Debug\Exceptions->errorHandler()
 2 SYSTEMPATH/Database/Postgre/Connection.php(135): pg_query()
 3 SYSTEMPATH/Database/BaseConnection.php(695): CodeIgniter\Database\Postgre\Connection->execute()
 4 SYSTEMPATH/Database/BaseConnection.php(609): CodeIgniter\Database\BaseConnection->simpleQuery()
 5 SYSTEMPATH/Database/BaseBuilder.php(2046): CodeIgniter\Database\BaseConnection->query()
 6 APPPATH/Models/BaseModel.php(28): CodeIgniter\Database\BaseBuilder->update()
 7 APPPATH/Controllers/Login.php(94): App\Models\BaseModel->updateAll()
 8 SYSTEMPATH/CodeIgniter.php(896): App\Controllers\Login->process()
 9 SYSTEMPATH/CodeIgniter.php(466): CodeIgniter\CodeIgniter->runController()
10 SYSTEMPATH/CodeIgniter.php(349): CodeIgniter\CodeIgniter->handleRequest()
11 FCPATH/index.php(55): CodeIgniter\CodeIgniter->run()
CRITICAL - 2022-08-11 11:57:10 --> Undefined variable: param
in APPPATH/Controllers/Pages.php on line 33.
 1 APPPATH/Controllers/Pages.php(33): CodeIgniter\Debug\Exceptions->errorHandler()
 2 SYSTEMPATH/CodeIgniter.php(896): App\Controllers\Pages->pengguna()
 3 SYSTEMPATH/CodeIgniter.php(466): CodeIgniter\CodeIgniter->runController()
 4 SYSTEMPATH/CodeIgniter.php(349): CodeIgniter\CodeIgniter->handleRequest()
 5 FCPATH/index.php(55): CodeIgniter\CodeIgniter->run()
CRITICAL - 2022-08-11 12:47:57 --> unlink(/var/www/ciapp3/writable/debugbar/debugbar_1660239811.307007.json): No such file or directory
in SYSTEMPATH/Debug/Toolbar/Collectors/History.php on line 76.
 1 [internal function]: CodeIgniter\Debug\Exceptions->errorHandler()
 2 SYSTEMPATH/Debug/Toolbar/Collectors/History.php(76): unlink()
 3 SYSTEMPATH/Debug/Toolbar.php(495): CodeIgniter\Debug\Toolbar\Collectors\History->setFiles()
 4 SYSTEMPATH/Debug/Toolbar.php(472): CodeIgniter\Debug\Toolbar->format()
 5 APPPATH/Config/Events.php(46): CodeIgniter\Debug\Toolbar->respond()
 6 SYSTEMPATH/Events/Events.php(149): CodeIgniter\Events\Events::Config\{closure}()
 7 SYSTEMPATH/CodeIgniter.php(326): CodeIgniter\Events\Events::trigger()
 8 FCPATH/index.php(55): CodeIgniter\CodeIgniter->run()
CRITICAL - 2022-08-11 16:18:12 --> Call to protected method CodeIgniter\Language\Language::getTranslationOutput() from context 'App\Controllers\Kinerja'
in APPPATH/Controllers/Kinerja.php on line 37.
 1 SYSTEMPATH/CodeIgniter.php(896): App\Controllers\Kinerja->index()
 2 SYSTEMPATH/CodeIgniter.php(466): CodeIgniter\CodeIgniter->runController()
 3 SYSTEMPATH/CodeIgniter.php(349): CodeIgniter\CodeIgniter->handleRequest()
 4 FCPATH/index.php(55): CodeIgniter\CodeIgniter->run()
CRITICAL - 2022-08-11 16:18:30 --> Call to protected method CodeIgniter\Language\Language::getTranslationOutput() from context 'App\Controllers\Kinerja'
in APPPATH/Controllers/Kinerja.php on line 37.
 1 SYSTEMPATH/CodeIgniter.php(896): App\Controllers\Kinerja->index()
 2 SYSTEMPATH/CodeIgniter.php(466): CodeIgniter\CodeIgniter->runController()
 3 SYSTEMPATH/CodeIgniter.php(349): CodeIgniter\CodeIgniter->handleRequest()
 4 FCPATH/index.php(55): CodeIgniter\CodeIgniter->run()
CRITICAL - 2022-08-11 16:18:31 --> Call to protected method CodeIgniter\Language\Language::getTranslationOutput() from context 'App\Controllers\Kinerja'
in APPPATH/Controllers/Kinerja.php on line 37.
 1 SYSTEMPATH/CodeIgniter.php(896): App\Controllers\Kinerja->index()
 2 SYSTEMPATH/CodeIgniter.php(466): CodeIgniter\CodeIgniter->runController()
 3 SYSTEMPATH/CodeIgniter.php(349): CodeIgniter\CodeIgniter->handleRequest()
 4 FCPATH/index.php(55): CodeIgniter\CodeIgniter->run()
CRITICAL - 2022-08-11 16:18:32 --> Call to protected method CodeIgniter\Language\Language::getTranslationOutput() from context 'App\Controllers\Kinerja'
in APPPATH/Controllers/Kinerja.php on line 37.
 1 SYSTEMPATH/CodeIgniter.php(896): App\Controllers\Kinerja->index()
 2 SYSTEMPATH/CodeIgniter.php(466): CodeIgniter\CodeIgniter->runController()
 3 SYSTEMPATH/CodeIgniter.php(349): CodeIgniter\CodeIgniter->handleRequest()
 4 FCPATH/index.php(55): CodeIgniter\CodeIgniter->run()
CRITICAL - 2022-08-11 16:19:12 --> syntax error, unexpected ';', expecting ')'
in APPPATH/Controllers/Kinerja.php on line 38.
 1 SYSTEMPATH/Autoloader/Autoloader.php(261): CodeIgniter\Autoloader\Autoloader->includeFile()
 2 SYSTEMPATH/Autoloader/Autoloader.php(239): CodeIgniter\Autoloader\Autoloader->loadInNamespace()
 3 [internal function]: CodeIgniter\Autoloader\Autoloader->loadClass()
 4 [internal function]: spl_autoload_call()
 5 SYSTEMPATH/CodeIgniter.php(846): class_exists()
 6 SYSTEMPATH/CodeIgniter.php(453): CodeIgniter\CodeIgniter->startController()
 7 SYSTEMPATH/CodeIgniter.php(349): CodeIgniter\CodeIgniter->handleRequest()
 8 FCPATH/index.php(55): CodeIgniter\CodeIgniter->run()
CRITICAL - 2022-08-11 16:19:23 --> Call to protected method CodeIgniter\Language\Language::getTranslationOutput() from context 'App\Controllers\Kinerja'
in APPPATH/Controllers/Kinerja.php on line 38.
 1 SYSTEMPATH/CodeIgniter.php(896): App\Controllers\Kinerja->index()
 2 SYSTEMPATH/CodeIgniter.php(466): CodeIgniter\CodeIgniter->runController()
 3 SYSTEMPATH/CodeIgniter.php(349): CodeIgniter\CodeIgniter->handleRequest()
 4 FCPATH/index.php(55): CodeIgniter\CodeIgniter->run()
CRITICAL - 2022-08-11 16:19:38 --> Call to protected method CodeIgniter\Language\Language::getTranslationOutput() from context 'App\Controllers\Kinerja'
in APPPATH/Controllers/Kinerja.php on line 38.
 1 SYSTEMPATH/CodeIgniter.php(896): App\Controllers\Kinerja->index()
 2 SYSTEMPATH/CodeIgniter.php(466): CodeIgniter\CodeIgniter->runController()
 3 SYSTEMPATH/CodeIgniter.php(349): CodeIgniter\CodeIgniter->handleRequest()
 4 FCPATH/index.php(55): CodeIgniter\CodeIgniter->run()
CRITICAL - 2022-08-11 16:19:39 --> Call to protected method CodeIgniter\Language\Language::getTranslationOutput() from context 'App\Controllers\Kinerja'
in APPPATH/Controllers/Kinerja.php on line 38.
 1 SYSTEMPATH/CodeIgniter.php(896): App\Controllers\Kinerja->index()
 2 SYSTEMPATH/CodeIgniter.php(466): CodeIgniter\CodeIgniter->runController()
 3 SYSTEMPATH/CodeIgniter.php(349): CodeIgniter\CodeIgniter->handleRequest()
 4 FCPATH/index.php(55): CodeIgniter\CodeIgniter->run()
CRITICAL - 2022-08-11 16:19:40 --> Call to protected method CodeIgniter\Language\Language::getTranslationOutput() from context 'App\Controllers\Kinerja'
in APPPATH/Controllers/Kinerja.php on line 38.
 1 SYSTEMPATH/CodeIgniter.php(896): App\Controllers\Kinerja->index()
 2 SYSTEMPATH/CodeIgniter.php(466): CodeIgniter\CodeIgniter->runController()
 3 SYSTEMPATH/CodeIgniter.php(349): CodeIgniter\CodeIgniter->handleRequest()
 4 FCPATH/index.php(55): CodeIgniter\CodeIgniter->run()
CRITICAL - 2022-08-11 16:28:26 --> Call to protected method CodeIgniter\Language\Language::formatMessage() from context 'App\Controllers\Kinerja'
in APPPATH/Controllers/Kinerja.php on line 38.
 1 SYSTEMPATH/CodeIgniter.php(896): App\Controllers\Kinerja->index()
 2 SYSTEMPATH/CodeIgniter.php(466): CodeIgniter\CodeIgniter->runController()
 3 SYSTEMPATH/CodeIgniter.php(349): CodeIgniter\CodeIgniter->handleRequest()
 4 FCPATH/index.php(55): CodeIgniter\CodeIgniter->run()
CRITICAL - 2022-08-11 16:33:01 --> Call to protected method CodeIgniter\Language\Language::parseLine() from context 'App\Controllers\Kinerja'
in APPPATH/Controllers/Kinerja.php on line 38.
 1 SYSTEMPATH/CodeIgniter.php(896): App\Controllers\Kinerja->index()
 2 SYSTEMPATH/CodeIgniter.php(466): CodeIgniter\CodeIgniter->runController()
 3 SYSTEMPATH/CodeIgniter.php(349): CodeIgniter\CodeIgniter->handleRequest()
 4 FCPATH/index.php(55): CodeIgniter\CodeIgniter->run()
CRITICAL - 2022-08-11 16:33:32 --> Call to protected method CodeIgniter\Language\Language::parseLine() from context 'App\Controllers\Kinerja'
in APPPATH/Controllers/Kinerja.php on line 38.
 1 SYSTEMPATH/CodeIgniter.php(896): App\Controllers\Kinerja->index()
 2 SYSTEMPATH/CodeIgniter.php(466): CodeIgniter\CodeIgniter->runController()
 3 SYSTEMPATH/CodeIgniter.php(349): CodeIgniter\CodeIgniter->handleRequest()
 4 FCPATH/index.php(55): CodeIgniter\CodeIgniter->run()
CRITICAL - 2022-08-11 16:34:09 --> Call to protected method CodeIgniter\Language\Language::parseLine() from context 'App\Controllers\Kinerja'
in APPPATH/Controllers/Kinerja.php on line 39.
 1 SYSTEMPATH/CodeIgniter.php(896): App\Controllers\Kinerja->index()
 2 SYSTEMPATH/CodeIgniter.php(466): CodeIgniter\CodeIgniter->runController()
 3 SYSTEMPATH/CodeIgniter.php(349): CodeIgniter\CodeIgniter->handleRequest()
 4 FCPATH/index.php(55): CodeIgniter\CodeIgniter->run()
CRITICAL - 2022-08-11 16:34:10 --> Call to protected method CodeIgniter\Language\Language::parseLine() from context 'App\Controllers\Kinerja'
in APPPATH/Controllers/Kinerja.php on line 39.
 1 SYSTEMPATH/CodeIgniter.php(896): App\Controllers\Kinerja->index()
 2 SYSTEMPATH/CodeIgniter.php(466): CodeIgniter\CodeIgniter->runController()
 3 SYSTEMPATH/CodeIgniter.php(349): CodeIgniter\CodeIgniter->handleRequest()
 4 FCPATH/index.php(55): CodeIgniter\CodeIgniter->run()
CRITICAL - 2022-08-11 16:35:40 --> Call to protected method CodeIgniter\Language\Language::parseLine() from context 'App\Controllers\Kinerja'
in APPPATH/Controllers/Kinerja.php on line 39.
 1 SYSTEMPATH/CodeIgniter.php(896): App\Controllers\Kinerja->index()
 2 SYSTEMPATH/CodeIgniter.php(466): CodeIgniter\CodeIgniter->runController()
 3 SYSTEMPATH/CodeIgniter.php(349): CodeIgniter\CodeIgniter->handleRequest()
 4 FCPATH/index.php(55): CodeIgniter\CodeIgniter->run()
CRITICAL - 2022-08-11 16:39:19 --> Call to protected method CodeIgniter\Language\Language::parseLine() from context 'App\Controllers\Kinerja'
in APPPATH/Controllers/Kinerja.php on line 39.
 1 SYSTEMPATH/CodeIgniter.php(896): App\Controllers\Kinerja->index()
 2 SYSTEMPATH/CodeIgniter.php(466): CodeIgniter\CodeIgniter->runController()
 3 SYSTEMPATH/CodeIgniter.php(349): CodeIgniter\CodeIgniter->handleRequest()
 4 FCPATH/index.php(55): CodeIgniter\CodeIgniter->run()
CRITICAL - 2022-08-11 16:45:56 --> Cannot use object of type CodeIgniter\Language\Language as array
in APPPATH/Controllers/Kinerja.php on line 38.
 1 SYSTEMPATH/CodeIgniter.php(896): App\Controllers\Kinerja->index()
 2 SYSTEMPATH/CodeIgniter.php(466): CodeIgniter\CodeIgniter->runController()
 3 SYSTEMPATH/CodeIgniter.php(349): CodeIgniter\CodeIgniter->handleRequest()
 4 FCPATH/index.php(55): CodeIgniter\CodeIgniter->run()
CRITICAL - 2022-08-11 16:46:08 --> Cannot use object of type CodeIgniter\Language\Language as array
in APPPATH/Controllers/Kinerja.php on line 38.
 1 SYSTEMPATH/CodeIgniter.php(896): App\Controllers\Kinerja->index()
 2 SYSTEMPATH/CodeIgniter.php(466): CodeIgniter\CodeIgniter->runController()
 3 SYSTEMPATH/CodeIgniter.php(349): CodeIgniter\CodeIgniter->handleRequest()
 4 FCPATH/index.php(55): CodeIgniter\CodeIgniter->run()
CRITICAL - 2022-08-11 16:46:09 --> Cannot use object of type CodeIgniter\Language\Language as array
in APPPATH/Controllers/Kinerja.php on line 38.
 1 SYSTEMPATH/CodeIgniter.php(896): App\Controllers\Kinerja->index()
 2 SYSTEMPATH/CodeIgniter.php(466): CodeIgniter\CodeIgniter->runController()
 3 SYSTEMPATH/CodeIgniter.php(349): CodeIgniter\CodeIgniter->handleRequest()
 4 FCPATH/index.php(55): CodeIgniter\CodeIgniter->run()
CRITICAL - 2022-08-11 16:46:59 --> Undefined variable: lang
in APPPATH/Controllers/Kinerja.php on line 38.
 1 APPPATH/Controllers/Kinerja.php(38): CodeIgniter\Debug\Exceptions->errorHandler()
 2 SYSTEMPATH/CodeIgniter.php(896): App\Controllers\Kinerja->index()
 3 SYSTEMPATH/CodeIgniter.php(466): CodeIgniter\CodeIgniter->runController()
 4 SYSTEMPATH/CodeIgniter.php(349): CodeIgniter\CodeIgniter->handleRequest()
 5 FCPATH/index.php(55): CodeIgniter\CodeIgniter->run()
CRITICAL - 2022-08-11 16:50:04 --> Call to a member function toLocalizedString() on string
in APPPATH/Controllers/Kinerja.php on line 38.
 1 SYSTEMPATH/CodeIgniter.php(896): App\Controllers\Kinerja->index()
 2 SYSTEMPATH/CodeIgniter.php(466): CodeIgniter\CodeIgniter->runController()
 3 SYSTEMPATH/CodeIgniter.php(349): CodeIgniter\CodeIgniter->handleRequest()
 4 FCPATH/index.php(55): CodeIgniter\CodeIgniter->run()
CRITICAL - 2022-08-11 16:54:01 --> Call to protected method CodeIgniter\Language\Language::getTranslationOutput() from context 'App\Controllers\Kinerja'
in APPPATH/Controllers/Kinerja.php on line 38.
 1 SYSTEMPATH/CodeIgniter.php(896): App\Controllers\Kinerja->index()
 2 SYSTEMPATH/CodeIgniter.php(466): CodeIgniter\CodeIgniter->runController()
 3 SYSTEMPATH/CodeIgniter.php(349): CodeIgniter\CodeIgniter->handleRequest()
 4 FCPATH/index.php(55): CodeIgniter\CodeIgniter->run()
