CRITICAL - 2022-06-25 01:30:24 --> Undefined variable: d
in APPPATH/Views/pages/kinerja.php on line 18.
 1 APPPATH/Views/pages/kinerja.php(18): CodeIgniter\Debug\Exceptions->errorHandler()
 2 SYSTEMPATH/View/View.php(213): include('APPPATH/Views/pages/kinerja.php')
 3 SYSTEMPATH/View/View.php(216): CodeIgniter\View\View->CodeIgniter\View\{closure}()
 4 SYSTEMPATH/Common.php(1135): CodeIgniter\View\View->render()
 5 APPPATH/Controllers/Kinerja.php(21): view()
 6 SYSTEMPATH/CodeIgniter.php(896): App\Controllers\Kinerja->index()
 7 SYSTEMPATH/CodeIgniter.php(466): CodeIgniter\CodeIgniter->runController()
 8 SYSTEMPATH/CodeIgniter.php(349): CodeIgniter\CodeIgniter->handleRequest()
 9 FCPATH/index.php(55): CodeIgniter\CodeIgniter->run()
ERROR - 2022-06-25 03:04:32 --> ErrorException: pg_query(): Query failed: ERROR:  column pengukuran_kinerja.user_idright does not exist
LINE 4: ...rogres_kegiatan&quot; ON &quot;progres_kegiatan&quot;.&quot;user_id&quot;= &quot;pengukura...
                                                             ^ in /var/www/ciapp/vendor/codeigniter4/framework/system/Database/Postgre/Connection.php:135
Stack trace:
#0 [internal function]: CodeIgniter\Debug\Exceptions->errorHandler()
#1 /var/www/ciapp/vendor/codeigniter4/framework/system/Database/Postgre/Connection.php(135): pg_query()
#2 /var/www/ciapp/vendor/codeigniter4/framework/system/Database/BaseConnection.php(695): CodeIgniter\Database\Postgre\Connection->execute()
#3 /var/www/ciapp/vendor/codeigniter4/framework/system/Database/BaseConnection.php(609): CodeIgniter\Database\BaseConnection->simpleQuery()
#4 /var/www/ciapp/vendor/codeigniter4/framework/system/Database/BaseBuilder.php(1585): CodeIgniter\Database\BaseConnection->query()
#5 /var/www/ciapp/app/Models/IndikatorKinerjaModel.php(29): CodeIgniter\Database\BaseBuilder->get()
#6 /var/www/ciapp/app/Controllers/Kinerja.php(18): App\Models\IndikatorKinerjaModel->getIKK()
#7 /var/www/ciapp/vendor/codeigniter4/framework/system/CodeIgniter.php(896): App\Controllers\Kinerja->index()
#8 /var/www/ciapp/vendor/codeigniter4/framework/system/CodeIgniter.php(466): CodeIgniter\CodeIgniter->runController()
#9 /var/www/ciapp/vendor/codeigniter4/framework/system/CodeIgniter.php(349): CodeIgniter\CodeIgniter->handleRequest()
#10 /var/www/ciapp/public/index.php(55): CodeIgniter\CodeIgniter->run()
#11 {main}
CRITICAL - 2022-06-25 03:04:32 --> pg_query(): Query failed: ERROR:  column pengukuran_kinerja.user_idright does not exist
LINE 4: ...rogres_kegiatan&quot; ON &quot;progres_kegiatan&quot;.&quot;user_id&quot;= &quot;pengukura...
                                                             ^
in SYSTEMPATH/Database/Postgre/Connection.php on line 135.
 1 [internal function]: CodeIgniter\Debug\Exceptions->errorHandler()
 2 SYSTEMPATH/Database/Postgre/Connection.php(135): pg_query()
 3 SYSTEMPATH/Database/BaseConnection.php(695): CodeIgniter\Database\Postgre\Connection->execute()
 4 SYSTEMPATH/Database/BaseConnection.php(609): CodeIgniter\Database\BaseConnection->simpleQuery()
 5 SYSTEMPATH/Database/BaseBuilder.php(1585): CodeIgniter\Database\BaseConnection->query()
 6 APPPATH/Models/IndikatorKinerjaModel.php(29): CodeIgniter\Database\BaseBuilder->get()
 7 APPPATH/Controllers/Kinerja.php(18): App\Models\IndikatorKinerjaModel->getIKK()
 8 SYSTEMPATH/CodeIgniter.php(896): App\Controllers\Kinerja->index()
 9 SYSTEMPATH/CodeIgniter.php(466): CodeIgniter\CodeIgniter->runController()
10 SYSTEMPATH/CodeIgniter.php(349): CodeIgniter\CodeIgniter->handleRequest()
11 FCPATH/index.php(55): CodeIgniter\CodeIgniter->run()
CRITICAL - 2022-06-25 03:05:19 --> syntax error, unexpected '->' (T_OBJECT_OPERATOR), expecting ')'
in APPPATH/Models/IndikatorKinerjaModel.php on line 25.
 1 SYSTEMPATH/Autoloader/Autoloader.php(261): CodeIgniter\Autoloader\Autoloader->includeFile()
 2 SYSTEMPATH/Autoloader/Autoloader.php(239): CodeIgniter\Autoloader\Autoloader->loadInNamespace()
 3 [internal function]: CodeIgniter\Autoloader\Autoloader->loadClass()
 4 APPPATH/Controllers/Kinerja.php(12): spl_autoload_call()
 5 SYSTEMPATH/CodeIgniter.php(858): App\Controllers\Kinerja->__construct()
 6 SYSTEMPATH/CodeIgniter.php(457): CodeIgniter\CodeIgniter->createController()
 7 SYSTEMPATH/CodeIgniter.php(349): CodeIgniter\CodeIgniter->handleRequest()
 8 FCPATH/index.php(55): CodeIgniter\CodeIgniter->run()
ERROR - 2022-06-25 03:13:24 --> ErrorException: pg_query(): Query failed: ERROR:  syntax error at or near &quot;OUTER&quot;
LINE 4: OUTER JOIN &quot;progres_kegiatan&quot; ON &quot;progres_kegiatan&quot;.&quot;user_id...
        ^ in /var/www/ciapp/vendor/codeigniter4/framework/system/Database/Postgre/Connection.php:135
Stack trace:
#0 [internal function]: CodeIgniter\Debug\Exceptions->errorHandler()
#1 /var/www/ciapp/vendor/codeigniter4/framework/system/Database/Postgre/Connection.php(135): pg_query()
#2 /var/www/ciapp/vendor/codeigniter4/framework/system/Database/BaseConnection.php(695): CodeIgniter\Database\Postgre\Connection->execute()
#3 /var/www/ciapp/vendor/codeigniter4/framework/system/Database/BaseConnection.php(609): CodeIgniter\Database\BaseConnection->simpleQuery()
#4 /var/www/ciapp/vendor/codeigniter4/framework/system/Database/BaseBuilder.php(1585): CodeIgniter\Database\BaseConnection->query()
#5 /var/www/ciapp/app/Models/IndikatorKinerjaModel.php(29): CodeIgniter\Database\BaseBuilder->get()
#6 /var/www/ciapp/app/Controllers/Kinerja.php(18): App\Models\IndikatorKinerjaModel->getIKK()
#7 /var/www/ciapp/vendor/codeigniter4/framework/system/CodeIgniter.php(896): App\Controllers\Kinerja->index()
#8 /var/www/ciapp/vendor/codeigniter4/framework/system/CodeIgniter.php(466): CodeIgniter\CodeIgniter->runController()
#9 /var/www/ciapp/vendor/codeigniter4/framework/system/CodeIgniter.php(349): CodeIgniter\CodeIgniter->handleRequest()
#10 /var/www/ciapp/public/index.php(55): CodeIgniter\CodeIgniter->run()
#11 {main}
CRITICAL - 2022-06-25 03:13:24 --> pg_query(): Query failed: ERROR:  syntax error at or near &quot;OUTER&quot;
LINE 4: OUTER JOIN &quot;progres_kegiatan&quot; ON &quot;progres_kegiatan&quot;.&quot;user_id...
        ^
in SYSTEMPATH/Database/Postgre/Connection.php on line 135.
 1 [internal function]: CodeIgniter\Debug\Exceptions->errorHandler()
 2 SYSTEMPATH/Database/Postgre/Connection.php(135): pg_query()
 3 SYSTEMPATH/Database/BaseConnection.php(695): CodeIgniter\Database\Postgre\Connection->execute()
 4 SYSTEMPATH/Database/BaseConnection.php(609): CodeIgniter\Database\BaseConnection->simpleQuery()
 5 SYSTEMPATH/Database/BaseBuilder.php(1585): CodeIgniter\Database\BaseConnection->query()
 6 APPPATH/Models/IndikatorKinerjaModel.php(29): CodeIgniter\Database\BaseBuilder->get()
 7 APPPATH/Controllers/Kinerja.php(18): App\Models\IndikatorKinerjaModel->getIKK()
 8 SYSTEMPATH/CodeIgniter.php(896): App\Controllers\Kinerja->index()
 9 SYSTEMPATH/CodeIgniter.php(466): CodeIgniter\CodeIgniter->runController()
10 SYSTEMPATH/CodeIgniter.php(349): CodeIgniter\CodeIgniter->handleRequest()
11 FCPATH/index.php(55): CodeIgniter\CodeIgniter->run()
ERROR - 2022-06-25 03:16:24 --> ErrorException: pg_query(): Query failed: ERROR:  column progres_kegiatan.id_pk does not exist
LINE 4: INNER JOIN &quot;progres_kegiatan&quot; ON &quot;progres_kegiatan&quot;.&quot;id_pk&quot;=...
                                         ^ in /var/www/ciapp/vendor/codeigniter4/framework/system/Database/Postgre/Connection.php:135
Stack trace:
#0 [internal function]: CodeIgniter\Debug\Exceptions->errorHandler()
#1 /var/www/ciapp/vendor/codeigniter4/framework/system/Database/Postgre/Connection.php(135): pg_query()
#2 /var/www/ciapp/vendor/codeigniter4/framework/system/Database/BaseConnection.php(695): CodeIgniter\Database\Postgre\Connection->execute()
#3 /var/www/ciapp/vendor/codeigniter4/framework/system/Database/BaseConnection.php(609): CodeIgniter\Database\BaseConnection->simpleQuery()
#4 /var/www/ciapp/vendor/codeigniter4/framework/system/Database/BaseBuilder.php(1585): CodeIgniter\Database\BaseConnection->query()
#5 /var/www/ciapp/app/Models/IndikatorKinerjaModel.php(30): CodeIgniter\Database\BaseBuilder->get()
#6 /var/www/ciapp/app/Controllers/Kinerja.php(18): App\Models\IndikatorKinerjaModel->getIKK()
#7 /var/www/ciapp/vendor/codeigniter4/framework/system/CodeIgniter.php(896): App\Controllers\Kinerja->index()
#8 /var/www/ciapp/vendor/codeigniter4/framework/system/CodeIgniter.php(466): CodeIgniter\CodeIgniter->runController()
#9 /var/www/ciapp/vendor/codeigniter4/framework/system/CodeIgniter.php(349): CodeIgniter\CodeIgniter->handleRequest()
#10 /var/www/ciapp/public/index.php(55): CodeIgniter\CodeIgniter->run()
#11 {main}
CRITICAL - 2022-06-25 03:16:24 --> pg_query(): Query failed: ERROR:  column progres_kegiatan.id_pk does not exist
LINE 4: INNER JOIN &quot;progres_kegiatan&quot; ON &quot;progres_kegiatan&quot;.&quot;id_pk&quot;=...
                                         ^
in SYSTEMPATH/Database/Postgre/Connection.php on line 135.
 1 [internal function]: CodeIgniter\Debug\Exceptions->errorHandler()
 2 SYSTEMPATH/Database/Postgre/Connection.php(135): pg_query()
 3 SYSTEMPATH/Database/BaseConnection.php(695): CodeIgniter\Database\Postgre\Connection->execute()
 4 SYSTEMPATH/Database/BaseConnection.php(609): CodeIgniter\Database\BaseConnection->simpleQuery()
 5 SYSTEMPATH/Database/BaseBuilder.php(1585): CodeIgniter\Database\BaseConnection->query()
 6 APPPATH/Models/IndikatorKinerjaModel.php(30): CodeIgniter\Database\BaseBuilder->get()
 7 APPPATH/Controllers/Kinerja.php(18): App\Models\IndikatorKinerjaModel->getIKK()
 8 SYSTEMPATH/CodeIgniter.php(896): App\Controllers\Kinerja->index()
 9 SYSTEMPATH/CodeIgniter.php(466): CodeIgniter\CodeIgniter->runController()
10 SYSTEMPATH/CodeIgniter.php(349): CodeIgniter\CodeIgniter->handleRequest()
11 FCPATH/index.php(55): CodeIgniter\CodeIgniter->run()
CRITICAL - 2022-06-25 05:14:28 --> Cannot redeclare App\Controllers\Pages::kinerja()
in APPPATH/Controllers/Pages.php on line 28.
 1 [internal function]: CodeIgniter\Debug\Exceptions->shutdownHandler()
CRITICAL - 2022-06-25 06:53:28 --> Undefined index: sasaran_kinerja
in APPPATH/Views/pages/kinerja.php on line 119.
 1 APPPATH/Views/pages/kinerja.php(119): CodeIgniter\Debug\Exceptions->errorHandler()
 2 SYSTEMPATH/View/View.php(213): include('APPPATH/Views/pages/kinerja.php')
 3 SYSTEMPATH/View/View.php(216): CodeIgniter\View\View->CodeIgniter\View\{closure}()
 4 SYSTEMPATH/Common.php(1135): CodeIgniter\View\View->render()
 5 APPPATH/Controllers/Kinerja.php(21): view()
 6 SYSTEMPATH/CodeIgniter.php(896): App\Controllers\Kinerja->index()
 7 SYSTEMPATH/CodeIgniter.php(466): CodeIgniter\CodeIgniter->runController()
 8 SYSTEMPATH/CodeIgniter.php(349): CodeIgniter\CodeIgniter->handleRequest()
 9 FCPATH/index.php(55): CodeIgniter\CodeIgniter->run()
CRITICAL - 2022-06-25 06:53:53 --> Undefined index: sasaran_kinerja
in APPPATH/Views/pages/kinerja.php on line 119.
 1 APPPATH/Views/pages/kinerja.php(119): CodeIgniter\Debug\Exceptions->errorHandler()
 2 SYSTEMPATH/View/View.php(213): include('APPPATH/Views/pages/kinerja.php')
 3 SYSTEMPATH/View/View.php(216): CodeIgniter\View\View->CodeIgniter\View\{closure}()
 4 SYSTEMPATH/Common.php(1135): CodeIgniter\View\View->render()
 5 APPPATH/Controllers/Kinerja.php(21): view()
 6 SYSTEMPATH/CodeIgniter.php(896): App\Controllers\Kinerja->index()
 7 SYSTEMPATH/CodeIgniter.php(466): CodeIgniter\CodeIgniter->runController()
 8 SYSTEMPATH/CodeIgniter.php(349): CodeIgniter\CodeIgniter->handleRequest()
 9 FCPATH/index.php(55): CodeIgniter\CodeIgniter->run()
CRITICAL - 2022-06-25 06:54:16 --> Undefined index: sasaran_kinerja
in APPPATH/Views/pages/kinerja.php on line 119.
 1 APPPATH/Views/pages/kinerja.php(119): CodeIgniter\Debug\Exceptions->errorHandler()
 2 SYSTEMPATH/View/View.php(213): include('APPPATH/Views/pages/kinerja.php')
 3 SYSTEMPATH/View/View.php(216): CodeIgniter\View\View->CodeIgniter\View\{closure}()
 4 SYSTEMPATH/Common.php(1135): CodeIgniter\View\View->render()
 5 APPPATH/Controllers/Kinerja.php(21): view()
 6 SYSTEMPATH/CodeIgniter.php(896): App\Controllers\Kinerja->index()
 7 SYSTEMPATH/CodeIgniter.php(466): CodeIgniter\CodeIgniter->runController()
 8 SYSTEMPATH/CodeIgniter.php(349): CodeIgniter\CodeIgniter->handleRequest()
 9 FCPATH/index.php(55): CodeIgniter\CodeIgniter->run()
CRITICAL - 2022-06-25 06:54:59 --> Undefined index: sasaran_kinerja
in APPPATH/Views/pages/kinerja.php on line 119.
 1 APPPATH/Views/pages/kinerja.php(119): CodeIgniter\Debug\Exceptions->errorHandler()
 2 SYSTEMPATH/View/View.php(213): include('APPPATH/Views/pages/kinerja.php')
 3 SYSTEMPATH/View/View.php(216): CodeIgniter\View\View->CodeIgniter\View\{closure}()
 4 SYSTEMPATH/Common.php(1135): CodeIgniter\View\View->render()
 5 APPPATH/Controllers/Kinerja.php(21): view()
 6 SYSTEMPATH/CodeIgniter.php(896): App\Controllers\Kinerja->index()
 7 SYSTEMPATH/CodeIgniter.php(466): CodeIgniter\CodeIgniter->runController()
 8 SYSTEMPATH/CodeIgniter.php(349): CodeIgniter\CodeIgniter->handleRequest()
 9 FCPATH/index.php(55): CodeIgniter\CodeIgniter->run()
CRITICAL - 2022-06-25 06:55:03 --> Undefined index: sasaran_kinerja
in APPPATH/Views/pages/kinerja.php on line 119.
 1 APPPATH/Views/pages/kinerja.php(119): CodeIgniter\Debug\Exceptions->errorHandler()
 2 SYSTEMPATH/View/View.php(213): include('APPPATH/Views/pages/kinerja.php')
 3 SYSTEMPATH/View/View.php(216): CodeIgniter\View\View->CodeIgniter\View\{closure}()
 4 SYSTEMPATH/Common.php(1135): CodeIgniter\View\View->render()
 5 APPPATH/Controllers/Kinerja.php(21): view()
 6 SYSTEMPATH/CodeIgniter.php(896): App\Controllers\Kinerja->index()
 7 SYSTEMPATH/CodeIgniter.php(466): CodeIgniter\CodeIgniter->runController()
 8 SYSTEMPATH/CodeIgniter.php(349): CodeIgniter\CodeIgniter->handleRequest()
 9 FCPATH/index.php(55): CodeIgniter\CodeIgniter->run()
CRITICAL - 2022-06-25 06:55:59 --> Undefined index: sasaran_kinerja
in APPPATH/Views/pages/kinerja.php on line 119.
 1 APPPATH/Views/pages/kinerja.php(119): CodeIgniter\Debug\Exceptions->errorHandler()
 2 SYSTEMPATH/View/View.php(213): include('APPPATH/Views/pages/kinerja.php')
 3 SYSTEMPATH/View/View.php(216): CodeIgniter\View\View->CodeIgniter\View\{closure}()
 4 SYSTEMPATH/Common.php(1135): CodeIgniter\View\View->render()
 5 APPPATH/Controllers/Kinerja.php(21): view()
 6 SYSTEMPATH/CodeIgniter.php(896): App\Controllers\Kinerja->index()
 7 SYSTEMPATH/CodeIgniter.php(466): CodeIgniter\CodeIgniter->runController()
 8 SYSTEMPATH/CodeIgniter.php(349): CodeIgniter\CodeIgniter->handleRequest()
 9 FCPATH/index.php(55): CodeIgniter\CodeIgniter->run()
CRITICAL - 2022-06-25 06:56:25 --> Undefined index: sasaran_kinerja
in APPPATH/Views/pages/kinerja.php on line 119.
 1 APPPATH/Views/pages/kinerja.php(119): CodeIgniter\Debug\Exceptions->errorHandler()
 2 SYSTEMPATH/View/View.php(213): include('APPPATH/Views/pages/kinerja.php')
 3 SYSTEMPATH/View/View.php(216): CodeIgniter\View\View->CodeIgniter\View\{closure}()
 4 SYSTEMPATH/Common.php(1135): CodeIgniter\View\View->render()
 5 APPPATH/Controllers/Kinerja.php(21): view()
 6 SYSTEMPATH/CodeIgniter.php(896): App\Controllers\Kinerja->index()
 7 SYSTEMPATH/CodeIgniter.php(466): CodeIgniter\CodeIgniter->runController()
 8 SYSTEMPATH/CodeIgniter.php(349): CodeIgniter\CodeIgniter->handleRequest()
 9 FCPATH/index.php(55): CodeIgniter\CodeIgniter->run()
CRITICAL - 2022-06-25 06:56:33 --> Undefined index: sasaran_kinerja
in APPPATH/Views/pages/kinerja.php on line 119.
 1 APPPATH/Views/pages/kinerja.php(119): CodeIgniter\Debug\Exceptions->errorHandler()
 2 SYSTEMPATH/View/View.php(213): include('APPPATH/Views/pages/kinerja.php')
 3 SYSTEMPATH/View/View.php(216): CodeIgniter\View\View->CodeIgniter\View\{closure}()
 4 SYSTEMPATH/Common.php(1135): CodeIgniter\View\View->render()
 5 APPPATH/Controllers/Kinerja.php(21): view()
 6 SYSTEMPATH/CodeIgniter.php(896): App\Controllers\Kinerja->index()
 7 SYSTEMPATH/CodeIgniter.php(466): CodeIgniter\CodeIgniter->runController()
 8 SYSTEMPATH/CodeIgniter.php(349): CodeIgniter\CodeIgniter->handleRequest()
 9 FCPATH/index.php(55): CodeIgniter\CodeIgniter->run()
CRITICAL - 2022-06-25 06:56:43 --> Undefined index: sasaran_kinerja
in APPPATH/Views/pages/kinerja.php on line 119.
 1 APPPATH/Views/pages/kinerja.php(119): CodeIgniter\Debug\Exceptions->errorHandler()
 2 SYSTEMPATH/View/View.php(213): include('APPPATH/Views/pages/kinerja.php')
 3 SYSTEMPATH/View/View.php(216): CodeIgniter\View\View->CodeIgniter\View\{closure}()
 4 SYSTEMPATH/Common.php(1135): CodeIgniter\View\View->render()
 5 APPPATH/Controllers/Kinerja.php(21): view()
 6 SYSTEMPATH/CodeIgniter.php(896): App\Controllers\Kinerja->index()
 7 SYSTEMPATH/CodeIgniter.php(466): CodeIgniter\CodeIgniter->runController()
 8 SYSTEMPATH/CodeIgniter.php(349): CodeIgniter\CodeIgniter->handleRequest()
 9 FCPATH/index.php(55): CodeIgniter\CodeIgniter->run()
CRITICAL - 2022-06-25 06:56:52 --> Undefined index: sasaran_kinerja
in APPPATH/Views/pages/kinerja.php on line 119.
 1 APPPATH/Views/pages/kinerja.php(119): CodeIgniter\Debug\Exceptions->errorHandler()
 2 SYSTEMPATH/View/View.php(213): include('APPPATH/Views/pages/kinerja.php')
 3 SYSTEMPATH/View/View.php(216): CodeIgniter\View\View->CodeIgniter\View\{closure}()
 4 SYSTEMPATH/Common.php(1135): CodeIgniter\View\View->render()
 5 APPPATH/Controllers/Kinerja.php(21): view()
 6 SYSTEMPATH/CodeIgniter.php(896): App\Controllers\Kinerja->index()
 7 SYSTEMPATH/CodeIgniter.php(466): CodeIgniter\CodeIgniter->runController()
 8 SYSTEMPATH/CodeIgniter.php(349): CodeIgniter\CodeIgniter->handleRequest()
 9 FCPATH/index.php(55): CodeIgniter\CodeIgniter->run()
CRITICAL - 2022-06-25 06:58:55 --> Undefined index: sasaran_kinerja
in APPPATH/Views/pages/kinerja.php on line 119.
 1 APPPATH/Views/pages/kinerja.php(119): CodeIgniter\Debug\Exceptions->errorHandler()
 2 SYSTEMPATH/View/View.php(213): include('APPPATH/Views/pages/kinerja.php')
 3 SYSTEMPATH/View/View.php(216): CodeIgniter\View\View->CodeIgniter\View\{closure}()
 4 SYSTEMPATH/Common.php(1135): CodeIgniter\View\View->render()
 5 APPPATH/Controllers/Kinerja.php(21): view()
 6 SYSTEMPATH/CodeIgniter.php(896): App\Controllers\Kinerja->index()
 7 SYSTEMPATH/CodeIgniter.php(466): CodeIgniter\CodeIgniter->runController()
 8 SYSTEMPATH/CodeIgniter.php(349): CodeIgniter\CodeIgniter->handleRequest()
 9 FCPATH/index.php(55): CodeIgniter\CodeIgniter->run()
CRITICAL - 2022-06-25 06:59:10 --> Undefined index: sasaran_kinerja
in APPPATH/Views/pages/kinerja.php on line 119.
 1 APPPATH/Views/pages/kinerja.php(119): CodeIgniter\Debug\Exceptions->errorHandler()
 2 SYSTEMPATH/View/View.php(213): include('APPPATH/Views/pages/kinerja.php')
 3 SYSTEMPATH/View/View.php(216): CodeIgniter\View\View->CodeIgniter\View\{closure}()
 4 SYSTEMPATH/Common.php(1135): CodeIgniter\View\View->render()
 5 APPPATH/Controllers/Kinerja.php(21): view()
 6 SYSTEMPATH/CodeIgniter.php(896): App\Controllers\Kinerja->index()
 7 SYSTEMPATH/CodeIgniter.php(466): CodeIgniter\CodeIgniter->runController()
 8 SYSTEMPATH/CodeIgniter.php(349): CodeIgniter\CodeIgniter->handleRequest()
 9 FCPATH/index.php(55): CodeIgniter\CodeIgniter->run()
CRITICAL - 2022-06-25 06:59:31 --> Undefined index: sasaran_kinerja
in APPPATH/Views/pages/kinerja.php on line 119.
 1 APPPATH/Views/pages/kinerja.php(119): CodeIgniter\Debug\Exceptions->errorHandler()
 2 SYSTEMPATH/View/View.php(213): include('APPPATH/Views/pages/kinerja.php')
 3 SYSTEMPATH/View/View.php(216): CodeIgniter\View\View->CodeIgniter\View\{closure}()
 4 SYSTEMPATH/Common.php(1135): CodeIgniter\View\View->render()
 5 APPPATH/Controllers/Kinerja.php(21): view()
 6 SYSTEMPATH/CodeIgniter.php(896): App\Controllers\Kinerja->index()
 7 SYSTEMPATH/CodeIgniter.php(466): CodeIgniter\CodeIgniter->runController()
 8 SYSTEMPATH/CodeIgniter.php(349): CodeIgniter\CodeIgniter->handleRequest()
 9 FCPATH/index.php(55): CodeIgniter\CodeIgniter->run()
CRITICAL - 2022-06-25 06:59:58 --> Undefined index: sasaran_kinerja
in APPPATH/Views/pages/kinerja.php on line 119.
 1 APPPATH/Views/pages/kinerja.php(119): CodeIgniter\Debug\Exceptions->errorHandler()
 2 SYSTEMPATH/View/View.php(213): include('APPPATH/Views/pages/kinerja.php')
 3 SYSTEMPATH/View/View.php(216): CodeIgniter\View\View->CodeIgniter\View\{closure}()
 4 SYSTEMPATH/Common.php(1135): CodeIgniter\View\View->render()
 5 APPPATH/Controllers/Kinerja.php(21): view()
 6 SYSTEMPATH/CodeIgniter.php(896): App\Controllers\Kinerja->index()
 7 SYSTEMPATH/CodeIgniter.php(466): CodeIgniter\CodeIgniter->runController()
 8 SYSTEMPATH/CodeIgniter.php(349): CodeIgniter\CodeIgniter->handleRequest()
 9 FCPATH/index.php(55): CodeIgniter\CodeIgniter->run()
ERROR - 2022-06-25 07:00:08 --> ErrorException: pg_query(): Query failed: ERROR:  syntax error at or near &quot;OUTER&quot;
LINE 3: OUTER JOIN &quot;progres_kegiatan&quot; ON &quot;progres_kegiatan&quot;.&quot;user_id...
        ^ in /var/www/ciapp/vendor/codeigniter4/framework/system/Database/Postgre/Connection.php:135
Stack trace:
#0 [internal function]: CodeIgniter\Debug\Exceptions->errorHandler()
#1 /var/www/ciapp/vendor/codeigniter4/framework/system/Database/Postgre/Connection.php(135): pg_query()
#2 /var/www/ciapp/vendor/codeigniter4/framework/system/Database/BaseConnection.php(695): CodeIgniter\Database\Postgre\Connection->execute()
#3 /var/www/ciapp/vendor/codeigniter4/framework/system/Database/BaseConnection.php(609): CodeIgniter\Database\BaseConnection->simpleQuery()
#4 /var/www/ciapp/vendor/codeigniter4/framework/system/Database/BaseBuilder.php(1585): CodeIgniter\Database\BaseConnection->query()
#5 /var/www/ciapp/app/Models/IndikatorKinerjaModel.php(32): CodeIgniter\Database\BaseBuilder->get()
#6 /var/www/ciapp/app/Controllers/Kinerja.php(18): App\Models\IndikatorKinerjaModel->getIKK()
#7 /var/www/ciapp/vendor/codeigniter4/framework/system/CodeIgniter.php(896): App\Controllers\Kinerja->index()
#8 /var/www/ciapp/vendor/codeigniter4/framework/system/CodeIgniter.php(466): CodeIgniter\CodeIgniter->runController()
#9 /var/www/ciapp/vendor/codeigniter4/framework/system/CodeIgniter.php(349): CodeIgniter\CodeIgniter->handleRequest()
#10 /var/www/ciapp/public/index.php(55): CodeIgniter\CodeIgniter->run()
#11 {main}
CRITICAL - 2022-06-25 07:00:08 --> pg_query(): Query failed: ERROR:  syntax error at or near &quot;OUTER&quot;
LINE 3: OUTER JOIN &quot;progres_kegiatan&quot; ON &quot;progres_kegiatan&quot;.&quot;user_id...
        ^
in SYSTEMPATH/Database/Postgre/Connection.php on line 135.
 1 [internal function]: CodeIgniter\Debug\Exceptions->errorHandler()
 2 SYSTEMPATH/Database/Postgre/Connection.php(135): pg_query()
 3 SYSTEMPATH/Database/BaseConnection.php(695): CodeIgniter\Database\Postgre\Connection->execute()
 4 SYSTEMPATH/Database/BaseConnection.php(609): CodeIgniter\Database\BaseConnection->simpleQuery()
 5 SYSTEMPATH/Database/BaseBuilder.php(1585): CodeIgniter\Database\BaseConnection->query()
 6 APPPATH/Models/IndikatorKinerjaModel.php(32): CodeIgniter\Database\BaseBuilder->get()
 7 APPPATH/Controllers/Kinerja.php(18): App\Models\IndikatorKinerjaModel->getIKK()
 8 SYSTEMPATH/CodeIgniter.php(896): App\Controllers\Kinerja->index()
 9 SYSTEMPATH/CodeIgniter.php(466): CodeIgniter\CodeIgniter->runController()
10 SYSTEMPATH/CodeIgniter.php(349): CodeIgniter\CodeIgniter->handleRequest()
11 FCPATH/index.php(55): CodeIgniter\CodeIgniter->run()
CRITICAL - 2022-06-25 07:05:42 --> Undefined index: sasaran_kinerja
in APPPATH/Views/pages/kinerja.php on line 119.
 1 APPPATH/Views/pages/kinerja.php(119): CodeIgniter\Debug\Exceptions->errorHandler()
 2 SYSTEMPATH/View/View.php(213): include('APPPATH/Views/pages/kinerja.php')
 3 SYSTEMPATH/View/View.php(216): CodeIgniter\View\View->CodeIgniter\View\{closure}()
 4 SYSTEMPATH/Common.php(1135): CodeIgniter\View\View->render()
 5 APPPATH/Controllers/Kinerja.php(21): view()
 6 SYSTEMPATH/CodeIgniter.php(896): App\Controllers\Kinerja->index()
 7 SYSTEMPATH/CodeIgniter.php(466): CodeIgniter\CodeIgniter->runController()
 8 SYSTEMPATH/CodeIgniter.php(349): CodeIgniter\CodeIgniter->handleRequest()
 9 FCPATH/index.php(55): CodeIgniter\CodeIgniter->run()
ERROR - 2022-06-25 07:07:12 --> ErrorException: pg_query(): Query failed: ERROR:  syntax error at or near &quot;&quot;inner&quot;&quot;
LINE 3: ...ran_kinerja&quot;.&quot;user_id&quot;=&quot;progres_kegiatan&quot;.&quot;user_id,&quot; &quot;inner&quot;
                                                                ^ in /var/www/ciapp/vendor/codeigniter4/framework/system/Database/Postgre/Connection.php:135
Stack trace:
#0 [internal function]: CodeIgniter\Debug\Exceptions->errorHandler()
#1 /var/www/ciapp/vendor/codeigniter4/framework/system/Database/Postgre/Connection.php(135): pg_query()
#2 /var/www/ciapp/vendor/codeigniter4/framework/system/Database/BaseConnection.php(695): CodeIgniter\Database\Postgre\Connection->execute()
#3 /var/www/ciapp/vendor/codeigniter4/framework/system/Database/BaseConnection.php(609): CodeIgniter\Database\BaseConnection->simpleQuery()
#4 /var/www/ciapp/vendor/codeigniter4/framework/system/Database/BaseBuilder.php(1585): CodeIgniter\Database\BaseConnection->query()
#5 /var/www/ciapp/app/Models/IndikatorKinerjaModel.php(33): CodeIgniter\Database\BaseBuilder->get()
#6 /var/www/ciapp/app/Controllers/Kinerja.php(18): App\Models\IndikatorKinerjaModel->getIKK()
#7 /var/www/ciapp/vendor/codeigniter4/framework/system/CodeIgniter.php(896): App\Controllers\Kinerja->index()
#8 /var/www/ciapp/vendor/codeigniter4/framework/system/CodeIgniter.php(466): CodeIgniter\CodeIgniter->runController()
#9 /var/www/ciapp/vendor/codeigniter4/framework/system/CodeIgniter.php(349): CodeIgniter\CodeIgniter->handleRequest()
#10 /var/www/ciapp/public/index.php(55): CodeIgniter\CodeIgniter->run()
#11 {main}
CRITICAL - 2022-06-25 07:07:12 --> pg_query(): Query failed: ERROR:  syntax error at or near &quot;&quot;inner&quot;&quot;
LINE 3: ...ran_kinerja&quot;.&quot;user_id&quot;=&quot;progres_kegiatan&quot;.&quot;user_id,&quot; &quot;inner&quot;
                                                                ^
in SYSTEMPATH/Database/Postgre/Connection.php on line 135.
 1 [internal function]: CodeIgniter\Debug\Exceptions->errorHandler()
 2 SYSTEMPATH/Database/Postgre/Connection.php(135): pg_query()
 3 SYSTEMPATH/Database/BaseConnection.php(695): CodeIgniter\Database\Postgre\Connection->execute()
 4 SYSTEMPATH/Database/BaseConnection.php(609): CodeIgniter\Database\BaseConnection->simpleQuery()
 5 SYSTEMPATH/Database/BaseBuilder.php(1585): CodeIgniter\Database\BaseConnection->query()
 6 APPPATH/Models/IndikatorKinerjaModel.php(33): CodeIgniter\Database\BaseBuilder->get()
 7 APPPATH/Controllers/Kinerja.php(18): App\Models\IndikatorKinerjaModel->getIKK()
 8 SYSTEMPATH/CodeIgniter.php(896): App\Controllers\Kinerja->index()
 9 SYSTEMPATH/CodeIgniter.php(466): CodeIgniter\CodeIgniter->runController()
10 SYSTEMPATH/CodeIgniter.php(349): CodeIgniter\CodeIgniter->handleRequest()
11 FCPATH/index.php(55): CodeIgniter\CodeIgniter->run()
ERROR - 2022-06-25 07:08:11 --> ErrorException: pg_query(): Query failed: ERROR:  syntax error at or near &quot;&quot;inner&quot;&quot;
LINE 3: ...ran_kinerja&quot;.&quot;user_id&quot;=&quot;progres_kegiatan&quot;.&quot;user_id,&quot; &quot;inner&quot;
                                                                ^ in /var/www/ciapp/vendor/codeigniter4/framework/system/Database/Postgre/Connection.php:135
Stack trace:
#0 [internal function]: CodeIgniter\Debug\Exceptions->errorHandler()
#1 /var/www/ciapp/vendor/codeigniter4/framework/system/Database/Postgre/Connection.php(135): pg_query()
#2 /var/www/ciapp/vendor/codeigniter4/framework/system/Database/BaseConnection.php(695): CodeIgniter\Database\Postgre\Connection->execute()
#3 /var/www/ciapp/vendor/codeigniter4/framework/system/Database/BaseConnection.php(609): CodeIgniter\Database\BaseConnection->simpleQuery()
#4 /var/www/ciapp/vendor/codeigniter4/framework/system/Database/BaseBuilder.php(1585): CodeIgniter\Database\BaseConnection->query()
#5 /var/www/ciapp/app/Models/IndikatorKinerjaModel.php(32): CodeIgniter\Database\BaseBuilder->get()
#6 /var/www/ciapp/app/Controllers/Kinerja.php(18): App\Models\IndikatorKinerjaModel->getIKK()
#7 /var/www/ciapp/vendor/codeigniter4/framework/system/CodeIgniter.php(896): App\Controllers\Kinerja->index()
#8 /var/www/ciapp/vendor/codeigniter4/framework/system/CodeIgniter.php(466): CodeIgniter\CodeIgniter->runController()
#9 /var/www/ciapp/vendor/codeigniter4/framework/system/CodeIgniter.php(349): CodeIgniter\CodeIgniter->handleRequest()
#10 /var/www/ciapp/public/index.php(55): CodeIgniter\CodeIgniter->run()
#11 {main}
CRITICAL - 2022-06-25 07:08:11 --> pg_query(): Query failed: ERROR:  syntax error at or near &quot;&quot;inner&quot;&quot;
LINE 3: ...ran_kinerja&quot;.&quot;user_id&quot;=&quot;progres_kegiatan&quot;.&quot;user_id,&quot; &quot;inner&quot;
                                                                ^
in SYSTEMPATH/Database/Postgre/Connection.php on line 135.
 1 [internal function]: CodeIgniter\Debug\Exceptions->errorHandler()
 2 SYSTEMPATH/Database/Postgre/Connection.php(135): pg_query()
 3 SYSTEMPATH/Database/BaseConnection.php(695): CodeIgniter\Database\Postgre\Connection->execute()
 4 SYSTEMPATH/Database/BaseConnection.php(609): CodeIgniter\Database\BaseConnection->simpleQuery()
 5 SYSTEMPATH/Database/BaseBuilder.php(1585): CodeIgniter\Database\BaseConnection->query()
 6 APPPATH/Models/IndikatorKinerjaModel.php(32): CodeIgniter\Database\BaseBuilder->get()
 7 APPPATH/Controllers/Kinerja.php(18): App\Models\IndikatorKinerjaModel->getIKK()
 8 SYSTEMPATH/CodeIgniter.php(896): App\Controllers\Kinerja->index()
 9 SYSTEMPATH/CodeIgniter.php(466): CodeIgniter\CodeIgniter->runController()
10 SYSTEMPATH/CodeIgniter.php(349): CodeIgniter\CodeIgniter->handleRequest()
11 FCPATH/index.php(55): CodeIgniter\CodeIgniter->run()
ERROR - 2022-06-25 07:08:12 --> ErrorException: pg_query(): Query failed: ERROR:  syntax error at or near &quot;&quot;inner&quot;&quot;
LINE 3: ...ran_kinerja&quot;.&quot;user_id&quot;=&quot;progres_kegiatan&quot;.&quot;user_id,&quot; &quot;inner&quot;
                                                                ^ in /var/www/ciapp/vendor/codeigniter4/framework/system/Database/Postgre/Connection.php:135
Stack trace:
#0 [internal function]: CodeIgniter\Debug\Exceptions->errorHandler()
#1 /var/www/ciapp/vendor/codeigniter4/framework/system/Database/Postgre/Connection.php(135): pg_query()
#2 /var/www/ciapp/vendor/codeigniter4/framework/system/Database/BaseConnection.php(695): CodeIgniter\Database\Postgre\Connection->execute()
#3 /var/www/ciapp/vendor/codeigniter4/framework/system/Database/BaseConnection.php(609): CodeIgniter\Database\BaseConnection->simpleQuery()
#4 /var/www/ciapp/vendor/codeigniter4/framework/system/Database/BaseBuilder.php(1585): CodeIgniter\Database\BaseConnection->query()
#5 /var/www/ciapp/app/Models/IndikatorKinerjaModel.php(32): CodeIgniter\Database\BaseBuilder->get()
#6 /var/www/ciapp/app/Controllers/Kinerja.php(18): App\Models\IndikatorKinerjaModel->getIKK()
#7 /var/www/ciapp/vendor/codeigniter4/framework/system/CodeIgniter.php(896): App\Controllers\Kinerja->index()
#8 /var/www/ciapp/vendor/codeigniter4/framework/system/CodeIgniter.php(466): CodeIgniter\CodeIgniter->runController()
#9 /var/www/ciapp/vendor/codeigniter4/framework/system/CodeIgniter.php(349): CodeIgniter\CodeIgniter->handleRequest()
#10 /var/www/ciapp/public/index.php(55): CodeIgniter\CodeIgniter->run()
#11 {main}
CRITICAL - 2022-06-25 07:08:12 --> pg_query(): Query failed: ERROR:  syntax error at or near &quot;&quot;inner&quot;&quot;
LINE 3: ...ran_kinerja&quot;.&quot;user_id&quot;=&quot;progres_kegiatan&quot;.&quot;user_id,&quot; &quot;inner&quot;
                                                                ^
in SYSTEMPATH/Database/Postgre/Connection.php on line 135.
 1 [internal function]: CodeIgniter\Debug\Exceptions->errorHandler()
 2 SYSTEMPATH/Database/Postgre/Connection.php(135): pg_query()
 3 SYSTEMPATH/Database/BaseConnection.php(695): CodeIgniter\Database\Postgre\Connection->execute()
 4 SYSTEMPATH/Database/BaseConnection.php(609): CodeIgniter\Database\BaseConnection->simpleQuery()
 5 SYSTEMPATH/Database/BaseBuilder.php(1585): CodeIgniter\Database\BaseConnection->query()
 6 APPPATH/Models/IndikatorKinerjaModel.php(32): CodeIgniter\Database\BaseBuilder->get()
 7 APPPATH/Controllers/Kinerja.php(18): App\Models\IndikatorKinerjaModel->getIKK()
 8 SYSTEMPATH/CodeIgniter.php(896): App\Controllers\Kinerja->index()
 9 SYSTEMPATH/CodeIgniter.php(466): CodeIgniter\CodeIgniter->runController()
10 SYSTEMPATH/CodeIgniter.php(349): CodeIgniter\CodeIgniter->handleRequest()
11 FCPATH/index.php(55): CodeIgniter\CodeIgniter->run()
ERROR - 2022-06-25 07:08:13 --> ErrorException: pg_query(): Query failed: ERROR:  syntax error at or near &quot;&quot;inner&quot;&quot;
LINE 3: ...ran_kinerja&quot;.&quot;user_id&quot;=&quot;progres_kegiatan&quot;.&quot;user_id,&quot; &quot;inner&quot;
                                                                ^ in /var/www/ciapp/vendor/codeigniter4/framework/system/Database/Postgre/Connection.php:135
Stack trace:
#0 [internal function]: CodeIgniter\Debug\Exceptions->errorHandler()
#1 /var/www/ciapp/vendor/codeigniter4/framework/system/Database/Postgre/Connection.php(135): pg_query()
#2 /var/www/ciapp/vendor/codeigniter4/framework/system/Database/BaseConnection.php(695): CodeIgniter\Database\Postgre\Connection->execute()
#3 /var/www/ciapp/vendor/codeigniter4/framework/system/Database/BaseConnection.php(609): CodeIgniter\Database\BaseConnection->simpleQuery()
#4 /var/www/ciapp/vendor/codeigniter4/framework/system/Database/BaseBuilder.php(1585): CodeIgniter\Database\BaseConnection->query()
#5 /var/www/ciapp/app/Models/IndikatorKinerjaModel.php(32): CodeIgniter\Database\BaseBuilder->get()
#6 /var/www/ciapp/app/Controllers/Kinerja.php(18): App\Models\IndikatorKinerjaModel->getIKK()
#7 /var/www/ciapp/vendor/codeigniter4/framework/system/CodeIgniter.php(896): App\Controllers\Kinerja->index()
#8 /var/www/ciapp/vendor/codeigniter4/framework/system/CodeIgniter.php(466): CodeIgniter\CodeIgniter->runController()
#9 /var/www/ciapp/vendor/codeigniter4/framework/system/CodeIgniter.php(349): CodeIgniter\CodeIgniter->handleRequest()
#10 /var/www/ciapp/public/index.php(55): CodeIgniter\CodeIgniter->run()
#11 {main}
CRITICAL - 2022-06-25 07:08:13 --> pg_query(): Query failed: ERROR:  syntax error at or near &quot;&quot;inner&quot;&quot;
LINE 3: ...ran_kinerja&quot;.&quot;user_id&quot;=&quot;progres_kegiatan&quot;.&quot;user_id,&quot; &quot;inner&quot;
                                                                ^
in SYSTEMPATH/Database/Postgre/Connection.php on line 135.
 1 [internal function]: CodeIgniter\Debug\Exceptions->errorHandler()
 2 SYSTEMPATH/Database/Postgre/Connection.php(135): pg_query()
 3 SYSTEMPATH/Database/BaseConnection.php(695): CodeIgniter\Database\Postgre\Connection->execute()
 4 SYSTEMPATH/Database/BaseConnection.php(609): CodeIgniter\Database\BaseConnection->simpleQuery()
 5 SYSTEMPATH/Database/BaseBuilder.php(1585): CodeIgniter\Database\BaseConnection->query()
 6 APPPATH/Models/IndikatorKinerjaModel.php(32): CodeIgniter\Database\BaseBuilder->get()
 7 APPPATH/Controllers/Kinerja.php(18): App\Models\IndikatorKinerjaModel->getIKK()
 8 SYSTEMPATH/CodeIgniter.php(896): App\Controllers\Kinerja->index()
 9 SYSTEMPATH/CodeIgniter.php(466): CodeIgniter\CodeIgniter->runController()
10 SYSTEMPATH/CodeIgniter.php(349): CodeIgniter\CodeIgniter->handleRequest()
11 FCPATH/index.php(55): CodeIgniter\CodeIgniter->run()
ERROR - 2022-06-25 07:08:45 --> ErrorException: pg_query(): Query failed: ERROR:  syntax error at or near &quot;&quot;inner&quot;&quot;
LINE 3: ..._kegiatan&quot;.&quot;user_id&quot;=&quot;pengukuran_kinerja&quot;.&quot;user_id,&quot; &quot;inner&quot;
                                                                ^ in /var/www/ciapp/vendor/codeigniter4/framework/system/Database/Postgre/Connection.php:135
Stack trace:
#0 [internal function]: CodeIgniter\Debug\Exceptions->errorHandler()
#1 /var/www/ciapp/vendor/codeigniter4/framework/system/Database/Postgre/Connection.php(135): pg_query()
#2 /var/www/ciapp/vendor/codeigniter4/framework/system/Database/BaseConnection.php(695): CodeIgniter\Database\Postgre\Connection->execute()
#3 /var/www/ciapp/vendor/codeigniter4/framework/system/Database/BaseConnection.php(609): CodeIgniter\Database\BaseConnection->simpleQuery()
#4 /var/www/ciapp/vendor/codeigniter4/framework/system/Database/BaseBuilder.php(1585): CodeIgniter\Database\BaseConnection->query()
#5 /var/www/ciapp/app/Models/IndikatorKinerjaModel.php(32): CodeIgniter\Database\BaseBuilder->get()
#6 /var/www/ciapp/app/Controllers/Kinerja.php(18): App\Models\IndikatorKinerjaModel->getIKK()
#7 /var/www/ciapp/vendor/codeigniter4/framework/system/CodeIgniter.php(896): App\Controllers\Kinerja->index()
#8 /var/www/ciapp/vendor/codeigniter4/framework/system/CodeIgniter.php(466): CodeIgniter\CodeIgniter->runController()
#9 /var/www/ciapp/vendor/codeigniter4/framework/system/CodeIgniter.php(349): CodeIgniter\CodeIgniter->handleRequest()
#10 /var/www/ciapp/public/index.php(55): CodeIgniter\CodeIgniter->run()
#11 {main}
CRITICAL - 2022-06-25 07:08:45 --> pg_query(): Query failed: ERROR:  syntax error at or near &quot;&quot;inner&quot;&quot;
LINE 3: ..._kegiatan&quot;.&quot;user_id&quot;=&quot;pengukuran_kinerja&quot;.&quot;user_id,&quot; &quot;inner&quot;
                                                                ^
in SYSTEMPATH/Database/Postgre/Connection.php on line 135.
 1 [internal function]: CodeIgniter\Debug\Exceptions->errorHandler()
 2 SYSTEMPATH/Database/Postgre/Connection.php(135): pg_query()
 3 SYSTEMPATH/Database/BaseConnection.php(695): CodeIgniter\Database\Postgre\Connection->execute()
 4 SYSTEMPATH/Database/BaseConnection.php(609): CodeIgniter\Database\BaseConnection->simpleQuery()
 5 SYSTEMPATH/Database/BaseBuilder.php(1585): CodeIgniter\Database\BaseConnection->query()
 6 APPPATH/Models/IndikatorKinerjaModel.php(32): CodeIgniter\Database\BaseBuilder->get()
 7 APPPATH/Controllers/Kinerja.php(18): App\Models\IndikatorKinerjaModel->getIKK()
 8 SYSTEMPATH/CodeIgniter.php(896): App\Controllers\Kinerja->index()
 9 SYSTEMPATH/CodeIgniter.php(466): CodeIgniter\CodeIgniter->runController()
10 SYSTEMPATH/CodeIgniter.php(349): CodeIgniter\CodeIgniter->handleRequest()
11 FCPATH/index.php(55): CodeIgniter\CodeIgniter->run()
ERROR - 2022-06-25 07:08:47 --> ErrorException: pg_query(): Query failed: ERROR:  syntax error at or near &quot;&quot;inner&quot;&quot;
LINE 3: ..._kegiatan&quot;.&quot;user_id&quot;=&quot;pengukuran_kinerja&quot;.&quot;user_id,&quot; &quot;inner&quot;
                                                                ^ in /var/www/ciapp/vendor/codeigniter4/framework/system/Database/Postgre/Connection.php:135
Stack trace:
#0 [internal function]: CodeIgniter\Debug\Exceptions->errorHandler()
#1 /var/www/ciapp/vendor/codeigniter4/framework/system/Database/Postgre/Connection.php(135): pg_query()
#2 /var/www/ciapp/vendor/codeigniter4/framework/system/Database/BaseConnection.php(695): CodeIgniter\Database\Postgre\Connection->execute()
#3 /var/www/ciapp/vendor/codeigniter4/framework/system/Database/BaseConnection.php(609): CodeIgniter\Database\BaseConnection->simpleQuery()
#4 /var/www/ciapp/vendor/codeigniter4/framework/system/Database/BaseBuilder.php(1585): CodeIgniter\Database\BaseConnection->query()
#5 /var/www/ciapp/app/Models/IndikatorKinerjaModel.php(32): CodeIgniter\Database\BaseBuilder->get()
#6 /var/www/ciapp/app/Controllers/Kinerja.php(18): App\Models\IndikatorKinerjaModel->getIKK()
#7 /var/www/ciapp/vendor/codeigniter4/framework/system/CodeIgniter.php(896): App\Controllers\Kinerja->index()
#8 /var/www/ciapp/vendor/codeigniter4/framework/system/CodeIgniter.php(466): CodeIgniter\CodeIgniter->runController()
#9 /var/www/ciapp/vendor/codeigniter4/framework/system/CodeIgniter.php(349): CodeIgniter\CodeIgniter->handleRequest()
#10 /var/www/ciapp/public/index.php(55): CodeIgniter\CodeIgniter->run()
#11 {main}
CRITICAL - 2022-06-25 07:08:47 --> pg_query(): Query failed: ERROR:  syntax error at or near &quot;&quot;inner&quot;&quot;
LINE 3: ..._kegiatan&quot;.&quot;user_id&quot;=&quot;pengukuran_kinerja&quot;.&quot;user_id,&quot; &quot;inner&quot;
                                                                ^
in SYSTEMPATH/Database/Postgre/Connection.php on line 135.
 1 [internal function]: CodeIgniter\Debug\Exceptions->errorHandler()
 2 SYSTEMPATH/Database/Postgre/Connection.php(135): pg_query()
 3 SYSTEMPATH/Database/BaseConnection.php(695): CodeIgniter\Database\Postgre\Connection->execute()
 4 SYSTEMPATH/Database/BaseConnection.php(609): CodeIgniter\Database\BaseConnection->simpleQuery()
 5 SYSTEMPATH/Database/BaseBuilder.php(1585): CodeIgniter\Database\BaseConnection->query()
 6 APPPATH/Models/IndikatorKinerjaModel.php(32): CodeIgniter\Database\BaseBuilder->get()
 7 APPPATH/Controllers/Kinerja.php(18): App\Models\IndikatorKinerjaModel->getIKK()
 8 SYSTEMPATH/CodeIgniter.php(896): App\Controllers\Kinerja->index()
 9 SYSTEMPATH/CodeIgniter.php(466): CodeIgniter\CodeIgniter->runController()
10 SYSTEMPATH/CodeIgniter.php(349): CodeIgniter\CodeIgniter->handleRequest()
11 FCPATH/index.php(55): CodeIgniter\CodeIgniter->run()
CRITICAL - 2022-06-25 07:09:12 --> Undefined index: sasaran_kinerja
in APPPATH/Views/pages/kinerja.php on line 119.
 1 APPPATH/Views/pages/kinerja.php(119): CodeIgniter\Debug\Exceptions->errorHandler()
 2 SYSTEMPATH/View/View.php(213): include('APPPATH/Views/pages/kinerja.php')
 3 SYSTEMPATH/View/View.php(216): CodeIgniter\View\View->CodeIgniter\View\{closure}()
 4 SYSTEMPATH/Common.php(1135): CodeIgniter\View\View->render()
 5 APPPATH/Controllers/Kinerja.php(21): view()
 6 SYSTEMPATH/CodeIgniter.php(896): App\Controllers\Kinerja->index()
 7 SYSTEMPATH/CodeIgniter.php(466): CodeIgniter\CodeIgniter->runController()
 8 SYSTEMPATH/CodeIgniter.php(349): CodeIgniter\CodeIgniter->handleRequest()
 9 FCPATH/index.php(55): CodeIgniter\CodeIgniter->run()
CRITICAL - 2022-06-25 07:11:59 --> Call to a member function query() on null
in APPPATH/Models/IndikatorKinerjaModel.php on line 30.
 1 APPPATH/Controllers/Kinerja.php(18): App\Models\IndikatorKinerjaModel->getIKK()
 2 SYSTEMPATH/CodeIgniter.php(896): App\Controllers\Kinerja->index()
 3 SYSTEMPATH/CodeIgniter.php(466): CodeIgniter\CodeIgniter->runController()
 4 SYSTEMPATH/CodeIgniter.php(349): CodeIgniter\CodeIgniter->handleRequest()
 5 FCPATH/index.php(55): CodeIgniter\CodeIgniter->run()
CRITICAL - 2022-06-25 12:36:31 --> Call to a member function get() on null
in APPPATH/Models/IndikatorKinerjaModel.php on line 55.
 1 APPPATH/Controllers/Kinerja.php(18): App\Models\IndikatorKinerjaModel->getIKK()
 2 SYSTEMPATH/CodeIgniter.php(896): App\Controllers\Kinerja->index()
 3 SYSTEMPATH/CodeIgniter.php(466): CodeIgniter\CodeIgniter->runController()
 4 SYSTEMPATH/CodeIgniter.php(349): CodeIgniter\CodeIgniter->handleRequest()
 5 FCPATH/index.php(55): CodeIgniter\CodeIgniter->run()
CRITICAL - 2022-06-25 12:37:21 --> Call to a member function getResultArray() on array
in APPPATH/Controllers/Kinerja.php on line 19.
 1 SYSTEMPATH/CodeIgniter.php(896): App\Controllers\Kinerja->index()
 2 SYSTEMPATH/CodeIgniter.php(466): CodeIgniter\CodeIgniter->runController()
 3 SYSTEMPATH/CodeIgniter.php(349): CodeIgniter\CodeIgniter->handleRequest()
 4 FCPATH/index.php(55): CodeIgniter\CodeIgniter->run()
CRITICAL - 2022-06-25 12:37:52 --> Undefined index: id_ik
in APPPATH/Views/pages/kinerja.php on line 114.
 1 APPPATH/Views/pages/kinerja.php(114): CodeIgniter\Debug\Exceptions->errorHandler()
 2 SYSTEMPATH/View/View.php(213): include('APPPATH/Views/pages/kinerja.php')
 3 SYSTEMPATH/View/View.php(216): CodeIgniter\View\View->CodeIgniter\View\{closure}()
 4 SYSTEMPATH/Common.php(1135): CodeIgniter\View\View->render()
 5 APPPATH/Controllers/Kinerja.php(21): view()
 6 SYSTEMPATH/CodeIgniter.php(896): App\Controllers\Kinerja->index()
 7 SYSTEMPATH/CodeIgniter.php(466): CodeIgniter\CodeIgniter->runController()
 8 SYSTEMPATH/CodeIgniter.php(349): CodeIgniter\CodeIgniter->handleRequest()
 9 FCPATH/index.php(55): CodeIgniter\CodeIgniter->run()
CRITICAL - 2022-06-25 12:40:14 --> Undefined index: id_ik
in APPPATH/Views/pages/kinerja.php on line 114.
 1 APPPATH/Views/pages/kinerja.php(114): CodeIgniter\Debug\Exceptions->errorHandler()
 2 SYSTEMPATH/View/View.php(213): include('APPPATH/Views/pages/kinerja.php')
 3 SYSTEMPATH/View/View.php(216): CodeIgniter\View\View->CodeIgniter\View\{closure}()
 4 SYSTEMPATH/Common.php(1135): CodeIgniter\View\View->render()
 5 APPPATH/Controllers/Kinerja.php(21): view()
 6 SYSTEMPATH/CodeIgniter.php(896): App\Controllers\Kinerja->index()
 7 SYSTEMPATH/CodeIgniter.php(466): CodeIgniter\CodeIgniter->runController()
 8 SYSTEMPATH/CodeIgniter.php(349): CodeIgniter\CodeIgniter->handleRequest()
 9 FCPATH/index.php(55): CodeIgniter\CodeIgniter->run()
CRITICAL - 2022-06-25 12:41:49 --> Undefined variable: y
in APPPATH/Views/pages/login.php on line 49.
 1 APPPATH/Views/pages/login.php(49): CodeIgniter\Debug\Exceptions->errorHandler()
 2 SYSTEMPATH/View/View.php(213): include('APPPATH/Views/pages/login.php')
 3 SYSTEMPATH/View/View.php(216): CodeIgniter\View\View->CodeIgniter\View\{closure}()
 4 SYSTEMPATH/Common.php(1135): CodeIgniter\View\View->render()
 5 APPPATH/Controllers/Pages.php(33): view()
 6 SYSTEMPATH/CodeIgniter.php(896): App\Controllers\Pages->login()
 7 SYSTEMPATH/CodeIgniter.php(466): CodeIgniter\CodeIgniter->runController()
 8 SYSTEMPATH/CodeIgniter.php(349): CodeIgniter\CodeIgniter->handleRequest()
 9 FCPATH/index.php(55): CodeIgniter\CodeIgniter->run()
CRITICAL - 2022-06-25 22:22:24 --> Undefined index: id_ik
in APPPATH/Views/pages/kinerja.php on line 114.
 1 APPPATH/Views/pages/kinerja.php(114): CodeIgniter\Debug\Exceptions->errorHandler()
 2 SYSTEMPATH/View/View.php(213): include('APPPATH/Views/pages/kinerja.php')
 3 SYSTEMPATH/View/View.php(216): CodeIgniter\View\View->CodeIgniter\View\{closure}()
 4 SYSTEMPATH/Common.php(1135): CodeIgniter\View\View->render()
 5 APPPATH/Controllers/Kinerja.php(21): view()
 6 SYSTEMPATH/CodeIgniter.php(896): App\Controllers\Kinerja->index()
 7 SYSTEMPATH/CodeIgniter.php(466): CodeIgniter\CodeIgniter->runController()
 8 SYSTEMPATH/CodeIgniter.php(349): CodeIgniter\CodeIgniter->handleRequest()
 9 FCPATH/index.php(55): CodeIgniter\CodeIgniter->run()
