CRITICAL - 2022-07-11 00:01:10 --> Could not move file phpyS8qQ1 to /var/www/ciapp3/writable/uploads/../../public/uploads/file/ ()
in SYSTEMPATH/HTTP/Files/UploadedFile.php on line 149.
 1 SYSTEMPATH/HTTP/Files/UploadedFile.php(149): CodeIgniter\HTTP\Exceptions\HTTPException::forMoveFailed()
 2 SYSTEMPATH/HTTP/Files/UploadedFile.php(341): CodeIgniter\HTTP\Files\UploadedFile->move()
 3 APPPATH/Controllers/Kinerja.php(460): CodeIgniter\HTTP\Files\UploadedFile->store()
 4 SYSTEMPATH/CodeIgniter.php(896): App\Controllers\Kinerja->storeMultipleFile()
 5 SYSTEMPATH/CodeIgniter.php(466): CodeIgniter\CodeIgniter->runController()
 6 SYSTEMPATH/CodeIgniter.php(349): CodeIgniter\CodeIgniter->handleRequest()
 7 FCPATH/index.php(55): CodeIgniter\CodeIgniter->run()
CRITICAL - 2022-07-11 00:01:29 --> Could not move file phpfmnINB to /var/www/ciapp3/writable/uploads/../../public/uploads/file/ ()
in SYSTEMPATH/HTTP/Files/UploadedFile.php on line 149.
 1 SYSTEMPATH/HTTP/Files/UploadedFile.php(149): CodeIgniter\HTTP\Exceptions\HTTPException::forMoveFailed()
 2 SYSTEMPATH/HTTP/Files/UploadedFile.php(341): CodeIgniter\HTTP\Files\UploadedFile->move()
 3 APPPATH/Controllers/Kinerja.php(460): CodeIgniter\HTTP\Files\UploadedFile->store()
 4 SYSTEMPATH/CodeIgniter.php(896): App\Controllers\Kinerja->storeMultipleFile()
 5 SYSTEMPATH/CodeIgniter.php(466): CodeIgniter\CodeIgniter->runController()
 6 SYSTEMPATH/CodeIgniter.php(349): CodeIgniter\CodeIgniter->handleRequest()
 7 FCPATH/index.php(55): CodeIgniter\CodeIgniter->run()
CRITICAL - 2022-07-11 00:29:10 --> Could not move file phpV5wEFl to /var/www/ciapp3/writable/uploads/../../public/uploads/file/ ()
in SYSTEMPATH/HTTP/Files/UploadedFile.php on line 149.
 1 SYSTEMPATH/HTTP/Files/UploadedFile.php(149): CodeIgniter\HTTP\Exceptions\HTTPException::forMoveFailed()
 2 SYSTEMPATH/HTTP/Files/UploadedFile.php(341): CodeIgniter\HTTP\Files\UploadedFile->move()
 3 APPPATH/Controllers/Kinerja.php(415): CodeIgniter\HTTP\Files\UploadedFile->store()
 4 SYSTEMPATH/CodeIgniter.php(896): App\Controllers\Kinerja->storeMultipleFile()
 5 SYSTEMPATH/CodeIgniter.php(466): CodeIgniter\CodeIgniter->runController()
 6 SYSTEMPATH/CodeIgniter.php(349): CodeIgniter\CodeIgniter->handleRequest()
 7 FCPATH/index.php(55): CodeIgniter\CodeIgniter->run()
CRITICAL - 2022-07-11 01:59:01 --> Could not move file phpIyJJFC to /var/www/ciapp3/writable/uploads/../../public/uploads/ ()
in SYSTEMPATH/HTTP/Files/UploadedFile.php on line 149.
 1 SYSTEMPATH/HTTP/Files/UploadedFile.php(149): CodeIgniter\HTTP\Exceptions\HTTPException::forMoveFailed()
 2 SYSTEMPATH/HTTP/Files/UploadedFile.php(341): CodeIgniter\HTTP\Files\UploadedFile->move()
 3 APPPATH/Controllers/Kinerja.php(349): CodeIgniter\HTTP\Files\UploadedFile->store()
 4 SYSTEMPATH/CodeIgniter.php(896): App\Controllers\Kinerja->storeMultipleImage()
 5 SYSTEMPATH/CodeIgniter.php(466): CodeIgniter\CodeIgniter->runController()
 6 SYSTEMPATH/CodeIgniter.php(349): CodeIgniter\CodeIgniter->handleRequest()
 7 FCPATH/index.php(55): CodeIgniter\CodeIgniter->run()
CRITICAL - 2022-07-11 02:27:33 --> Could not move file phpkjp106 to /var/www/ciapp3/writable/uploads/../../public/uploads/file/ ()
in SYSTEMPATH/HTTP/Files/UploadedFile.php on line 149.
 1 SYSTEMPATH/HTTP/Files/UploadedFile.php(149): CodeIgniter\HTTP\Exceptions\HTTPException::forMoveFailed()
 2 SYSTEMPATH/HTTP/Files/UploadedFile.php(341): CodeIgniter\HTTP\Files\UploadedFile->move()
 3 APPPATH/Controllers/Kinerja.php(415): CodeIgniter\HTTP\Files\UploadedFile->store()
 4 SYSTEMPATH/CodeIgniter.php(896): App\Controllers\Kinerja->storeMultipleFile()
 5 SYSTEMPATH/CodeIgniter.php(466): CodeIgniter\CodeIgniter->runController()
 6 SYSTEMPATH/CodeIgniter.php(349): CodeIgniter\CodeIgniter->handleRequest()
 7 FCPATH/index.php(55): CodeIgniter\CodeIgniter->run()
CRITICAL - 2022-07-11 02:28:34 --> Could not move file php7B9oj8 to /var/www/ciapp3/writable/uploads/../../public/uploads/file/ ()
in SYSTEMPATH/HTTP/Files/UploadedFile.php on line 149.
 1 SYSTEMPATH/HTTP/Files/UploadedFile.php(149): CodeIgniter\HTTP\Exceptions\HTTPException::forMoveFailed()
 2 SYSTEMPATH/HTTP/Files/UploadedFile.php(341): CodeIgniter\HTTP\Files\UploadedFile->move()
 3 APPPATH/Controllers/Kinerja.php(415): CodeIgniter\HTTP\Files\UploadedFile->store()
 4 SYSTEMPATH/CodeIgniter.php(896): App\Controllers\Kinerja->storeMultipleFile()
 5 SYSTEMPATH/CodeIgniter.php(466): CodeIgniter\CodeIgniter->runController()
 6 SYSTEMPATH/CodeIgniter.php(349): CodeIgniter\CodeIgniter->handleRequest()
 7 FCPATH/index.php(55): CodeIgniter\CodeIgniter->run()
CRITICAL - 2022-07-11 02:30:05 --> Could not move file phpqFgI0a to /var/www/ciapp3/writable/uploads/../../public/uploads/file/ ()
in SYSTEMPATH/HTTP/Files/UploadedFile.php on line 149.
 1 SYSTEMPATH/HTTP/Files/UploadedFile.php(149): CodeIgniter\HTTP\Exceptions\HTTPException::forMoveFailed()
 2 SYSTEMPATH/HTTP/Files/UploadedFile.php(341): CodeIgniter\HTTP\Files\UploadedFile->move()
 3 APPPATH/Controllers/Kinerja.php(415): CodeIgniter\HTTP\Files\UploadedFile->store()
 4 SYSTEMPATH/CodeIgniter.php(896): App\Controllers\Kinerja->storeMultipleFile()
 5 SYSTEMPATH/CodeIgniter.php(466): CodeIgniter\CodeIgniter->runController()
 6 SYSTEMPATH/CodeIgniter.php(349): CodeIgniter\CodeIgniter->handleRequest()
 7 FCPATH/index.php(55): CodeIgniter\CodeIgniter->run()
CRITICAL - 2022-07-11 02:30:58 --> Could not move file phpqZS3e7 to /var/www/ciapp3/writable/uploads/../../public/uploads/file/ ()
in SYSTEMPATH/HTTP/Files/UploadedFile.php on line 149.
 1 SYSTEMPATH/HTTP/Files/UploadedFile.php(149): CodeIgniter\HTTP\Exceptions\HTTPException::forMoveFailed()
 2 SYSTEMPATH/HTTP/Files/UploadedFile.php(341): CodeIgniter\HTTP\Files\UploadedFile->move()
 3 APPPATH/Controllers/Kinerja.php(415): CodeIgniter\HTTP\Files\UploadedFile->store()
 4 SYSTEMPATH/CodeIgniter.php(896): App\Controllers\Kinerja->storeMultipleFile()
 5 SYSTEMPATH/CodeIgniter.php(466): CodeIgniter\CodeIgniter->runController()
 6 SYSTEMPATH/CodeIgniter.php(349): CodeIgniter\CodeIgniter->handleRequest()
 7 FCPATH/index.php(55): CodeIgniter\CodeIgniter->run()
CRITICAL - 2022-07-11 02:31:38 --> unlink(/var/www/ciapp/public/uploads/1657524690_7b18bb938d08e9628711.jpeg): No such file or directory
in APPPATH/Controllers/Kinerja.php on line 387.
 1 [internal function]: CodeIgniter\Debug\Exceptions->errorHandler()
 2 APPPATH/Controllers/Kinerja.php(387): unlink()
 3 SYSTEMPATH/CodeIgniter.php(896): App\Controllers\Kinerja->deleteImage()
 4 SYSTEMPATH/CodeIgniter.php(466): CodeIgniter\CodeIgniter->runController()
 5 SYSTEMPATH/CodeIgniter.php(349): CodeIgniter\CodeIgniter->handleRequest()
 6 FCPATH/index.php(55): CodeIgniter\CodeIgniter->run()
CRITICAL - 2022-07-11 02:32:32 --> Could not move file phpKIJb39 to /var/www/ciapp3/writable/uploads/../../public/uploads/file/ ()
in SYSTEMPATH/HTTP/Files/UploadedFile.php on line 149.
 1 SYSTEMPATH/HTTP/Files/UploadedFile.php(149): CodeIgniter\HTTP\Exceptions\HTTPException::forMoveFailed()
 2 SYSTEMPATH/HTTP/Files/UploadedFile.php(341): CodeIgniter\HTTP\Files\UploadedFile->move()
 3 APPPATH/Controllers/Kinerja.php(415): CodeIgniter\HTTP\Files\UploadedFile->store()
 4 SYSTEMPATH/CodeIgniter.php(896): App\Controllers\Kinerja->storeMultipleFile()
 5 SYSTEMPATH/CodeIgniter.php(466): CodeIgniter\CodeIgniter->runController()
 6 SYSTEMPATH/CodeIgniter.php(349): CodeIgniter\CodeIgniter->handleRequest()
 7 FCPATH/index.php(55): CodeIgniter\CodeIgniter->run()
CRITICAL - 2022-07-11 02:33:40 --> Could not move file phpixgdg4 to /var/www/ciapp3/writable/uploads/../../public/uploads/file/ ()
in SYSTEMPATH/HTTP/Files/UploadedFile.php on line 149.
 1 SYSTEMPATH/HTTP/Files/UploadedFile.php(149): CodeIgniter\HTTP\Exceptions\HTTPException::forMoveFailed()
 2 SYSTEMPATH/HTTP/Files/UploadedFile.php(341): CodeIgniter\HTTP\Files\UploadedFile->move()
 3 APPPATH/Controllers/Kinerja.php(415): CodeIgniter\HTTP\Files\UploadedFile->store()
 4 SYSTEMPATH/CodeIgniter.php(896): App\Controllers\Kinerja->storeMultipleFile()
 5 SYSTEMPATH/CodeIgniter.php(466): CodeIgniter\CodeIgniter->runController()
 6 SYSTEMPATH/CodeIgniter.php(349): CodeIgniter\CodeIgniter->handleRequest()
 7 FCPATH/index.php(55): CodeIgniter\CodeIgniter->run()
CRITICAL - 2022-07-11 02:34:39 --> Could not move file phpiXZgY2 to /var/www/ciapp3/writable/uploads/../../public/uploads/file/ ()
in SYSTEMPATH/HTTP/Files/UploadedFile.php on line 149.
 1 SYSTEMPATH/HTTP/Files/UploadedFile.php(149): CodeIgniter\HTTP\Exceptions\HTTPException::forMoveFailed()
 2 SYSTEMPATH/HTTP/Files/UploadedFile.php(341): CodeIgniter\HTTP\Files\UploadedFile->move()
 3 APPPATH/Controllers/Kinerja.php(415): CodeIgniter\HTTP\Files\UploadedFile->store()
 4 SYSTEMPATH/CodeIgniter.php(896): App\Controllers\Kinerja->storeMultipleFile()
 5 SYSTEMPATH/CodeIgniter.php(466): CodeIgniter\CodeIgniter->runController()
 6 SYSTEMPATH/CodeIgniter.php(349): CodeIgniter\CodeIgniter->handleRequest()
 7 FCPATH/index.php(55): CodeIgniter\CodeIgniter->run()
CRITICAL - 2022-07-11 02:34:51 --> Could not move file phpVYXQf5 to /var/www/ciapp3/writable/uploads/../../public/uploads/file/ ()
in SYSTEMPATH/HTTP/Files/UploadedFile.php on line 149.
 1 SYSTEMPATH/HTTP/Files/UploadedFile.php(149): CodeIgniter\HTTP\Exceptions\HTTPException::forMoveFailed()
 2 SYSTEMPATH/HTTP/Files/UploadedFile.php(341): CodeIgniter\HTTP\Files\UploadedFile->move()
 3 APPPATH/Controllers/Kinerja.php(415): CodeIgniter\HTTP\Files\UploadedFile->store()
 4 SYSTEMPATH/CodeIgniter.php(896): App\Controllers\Kinerja->storeMultipleFile()
 5 SYSTEMPATH/CodeIgniter.php(466): CodeIgniter\CodeIgniter->runController()
 6 SYSTEMPATH/CodeIgniter.php(349): CodeIgniter\CodeIgniter->handleRequest()
 7 FCPATH/index.php(55): CodeIgniter\CodeIgniter->run()
CRITICAL - 2022-07-11 02:34:57 --> mkdir(): Permission denied
in SYSTEMPATH/HTTP/Files/UploadedFile.php on line 176.
 1 [internal function]: CodeIgniter\Debug\Exceptions->errorHandler()
 2 SYSTEMPATH/HTTP/Files/UploadedFile.php(176): mkdir()
 3 SYSTEMPATH/HTTP/Files/UploadedFile.php(130): CodeIgniter\HTTP\Files\UploadedFile->setPath()
 4 APPPATH/Controllers/Kinerja.php(349): CodeIgniter\HTTP\Files\UploadedFile->move()
 5 SYSTEMPATH/CodeIgniter.php(896): App\Controllers\Kinerja->storeMultipleImage()
 6 SYSTEMPATH/CodeIgniter.php(466): CodeIgniter\CodeIgniter->runController()
 7 SYSTEMPATH/CodeIgniter.php(349): CodeIgniter\CodeIgniter->handleRequest()
 8 FCPATH/index.php(55): CodeIgniter\CodeIgniter->run()
CRITICAL - 2022-07-11 02:36:38 --> Could not move file phpqY2Jc7 to /var/www/ciapp3/writable/uploads/../../public/uploads/ ()
in SYSTEMPATH/HTTP/Files/UploadedFile.php on line 149.
 1 SYSTEMPATH/HTTP/Files/UploadedFile.php(149): CodeIgniter\HTTP\Exceptions\HTTPException::forMoveFailed()
 2 SYSTEMPATH/HTTP/Files/UploadedFile.php(341): CodeIgniter\HTTP\Files\UploadedFile->move()
 3 APPPATH/Controllers/Kinerja.php(349): CodeIgniter\HTTP\Files\UploadedFile->store()
 4 SYSTEMPATH/CodeIgniter.php(896): App\Controllers\Kinerja->storeMultipleImage()
 5 SYSTEMPATH/CodeIgniter.php(466): CodeIgniter\CodeIgniter->runController()
 6 SYSTEMPATH/CodeIgniter.php(349): CodeIgniter\CodeIgniter->handleRequest()
 7 FCPATH/index.php(55): CodeIgniter\CodeIgniter->run()
CRITICAL - 2022-07-11 02:36:57 --> unlink(/var/www/ciapp/public/uploads/file/1657525010_e655968d072a45017d7b.pdf): No such file or directory
in APPPATH/Controllers/Kinerja.php on line 452.
 1 [internal function]: CodeIgniter\Debug\Exceptions->errorHandler()
 2 APPPATH/Controllers/Kinerja.php(452): unlink()
 3 SYSTEMPATH/CodeIgniter.php(896): App\Controllers\Kinerja->deleteDokumen()
 4 SYSTEMPATH/CodeIgniter.php(466): CodeIgniter\CodeIgniter->runController()
 5 SYSTEMPATH/CodeIgniter.php(349): CodeIgniter\CodeIgniter->handleRequest()
 6 FCPATH/index.php(55): CodeIgniter\CodeIgniter->run()
CRITICAL - 2022-07-11 02:37:19 --> unlink(/var/www/ciapp/public/uploads/file/1657525010_e655968d072a45017d7b.pdf): No such file or directory
in APPPATH/Controllers/Kinerja.php on line 452.
 1 [internal function]: CodeIgniter\Debug\Exceptions->errorHandler()
 2 APPPATH/Controllers/Kinerja.php(452): unlink()
 3 SYSTEMPATH/CodeIgniter.php(896): App\Controllers\Kinerja->deleteDokumen()
 4 SYSTEMPATH/CodeIgniter.php(466): CodeIgniter\CodeIgniter->runController()
 5 SYSTEMPATH/CodeIgniter.php(349): CodeIgniter\CodeIgniter->handleRequest()
 6 FCPATH/index.php(55): CodeIgniter\CodeIgniter->run()
CRITICAL - 2022-07-11 02:37:42 --> unlink(/var/www/ciapp/public/uploads/1657525059_806be01d2799023d6017.jpg): No such file or directory
in APPPATH/Controllers/Kinerja.php on line 387.
 1 [internal function]: CodeIgniter\Debug\Exceptions->errorHandler()
 2 APPPATH/Controllers/Kinerja.php(387): unlink()
 3 SYSTEMPATH/CodeIgniter.php(896): App\Controllers\Kinerja->deleteImage()
 4 SYSTEMPATH/CodeIgniter.php(466): CodeIgniter\CodeIgniter->runController()
 5 SYSTEMPATH/CodeIgniter.php(349): CodeIgniter\CodeIgniter->handleRequest()
 6 FCPATH/index.php(55): CodeIgniter\CodeIgniter->run()
CRITICAL - 2022-07-11 02:37:47 --> unlink(/var/www/ciapp/public/uploads/1657525064_d900ac2dc3a372ef1032.jpeg): No such file or directory
in APPPATH/Controllers/Kinerja.php on line 387.
 1 [internal function]: CodeIgniter\Debug\Exceptions->errorHandler()
 2 APPPATH/Controllers/Kinerja.php(387): unlink()
 3 SYSTEMPATH/CodeIgniter.php(896): App\Controllers\Kinerja->deleteImage()
 4 SYSTEMPATH/CodeIgniter.php(466): CodeIgniter\CodeIgniter->runController()
 5 SYSTEMPATH/CodeIgniter.php(349): CodeIgniter\CodeIgniter->handleRequest()
 6 FCPATH/index.php(55): CodeIgniter\CodeIgniter->run()
CRITICAL - 2022-07-11 02:37:48 --> unlink(/var/www/ciapp/public/uploads/file/1657525062_d62b67cacc62eda0724c.pdf): No such file or directory
in APPPATH/Controllers/Kinerja.php on line 452.
 1 [internal function]: CodeIgniter\Debug\Exceptions->errorHandler()
 2 APPPATH/Controllers/Kinerja.php(452): unlink()
 3 SYSTEMPATH/CodeIgniter.php(896): App\Controllers\Kinerja->deleteDokumen()
 4 SYSTEMPATH/CodeIgniter.php(466): CodeIgniter\CodeIgniter->runController()
 5 SYSTEMPATH/CodeIgniter.php(349): CodeIgniter\CodeIgniter->handleRequest()
 6 FCPATH/index.php(55): CodeIgniter\CodeIgniter->run()
CRITICAL - 2022-07-11 21:13:20 --> Class 'App\Models\KinerjaModel' not found
in APPPATH/Controllers/Kinerja1.php on line 16.
 1 SYSTEMPATH/CodeIgniter.php(858): App\Controllers\Kinerja1->__construct()
 2 SYSTEMPATH/CodeIgniter.php(457): CodeIgniter\CodeIgniter->createController()
 3 SYSTEMPATH/CodeIgniter.php(349): CodeIgniter\CodeIgniter->handleRequest()
 4 FCPATH/index.php(55): CodeIgniter\CodeIgniter->run()
ERROR - 2022-07-11 21:13:48 --> Error connecting to the database: pg_connect(): Unable to connect to PostgreSQL server: connection to server at &quot;localhost&quot; (::1), port 5432 failed: FATAL:  database &quot;it_gercep&quot; does not exist
CRITICAL - 2022-07-11 21:13:48 --> Unable to connect to the database.
Main connection [Postgre]: pg_connect(): Unable to connect to PostgreSQL server: connection to server at &quot;localhost&quot; (::1), port 5432 failed: FATAL:  database &quot;it_gercep&quot; does not exist
in SYSTEMPATH/Database/BaseConnection.php on line 416.
 1 SYSTEMPATH/Database/BaseConnection.php(586): CodeIgniter\Database\BaseConnection->initialize()
 2 SYSTEMPATH/Database/BaseBuilder.php(1585): CodeIgniter\Database\BaseConnection->query()
 3 APPPATH/Models/KinerjaModel.php(70): CodeIgniter\Database\BaseBuilder->get()
 4 APPPATH/Controllers/Kinerja1.php(35): App\Models\KinerjaModel->getIKK()
 5 SYSTEMPATH/CodeIgniter.php(896): App\Controllers\Kinerja1->index()
 6 SYSTEMPATH/CodeIgniter.php(466): CodeIgniter\CodeIgniter->runController()
 7 SYSTEMPATH/CodeIgniter.php(349): CodeIgniter\CodeIgniter->handleRequest()
 8 FCPATH/index.php(55): CodeIgniter\CodeIgniter->run()
ERROR - 2022-07-11 21:15:13 --> ErrorException: pg_query(): Query failed: ERROR:  null value in column &quot;id_sk&quot; of relation &quot;sasaran_kinerja&quot; violates not-null constraint
DETAIL:  Failing row contains (Meningkatnya kualitas lulusan pendidikan tinggi                 ..., null, 2022, (S.1)                                                           ..., 4). in /var/www/ciapp3/vendor/codeigniter4/framework/system/Database/Postgre/Connection.php:135
Stack trace:
#0 [internal function]: CodeIgniter\Debug\Exceptions->errorHandler()
#1 /var/www/ciapp3/vendor/codeigniter4/framework/system/Database/Postgre/Connection.php(135): pg_query()
#2 /var/www/ciapp3/vendor/codeigniter4/framework/system/Database/BaseConnection.php(695): CodeIgniter\Database\Postgre\Connection->execute()
#3 /var/www/ciapp3/vendor/codeigniter4/framework/system/Database/BaseConnection.php(609): CodeIgniter\Database\BaseConnection->simpleQuery()
#4 /var/www/ciapp3/vendor/codeigniter4/framework/system/Database/BaseBuilder.php(1904): CodeIgniter\Database\BaseConnection->query()
#5 /var/www/ciapp3/app/Models/KinerjaModel.php(20): CodeIgniter\Database\BaseBuilder->insert()
#6 /var/www/ciapp3/app/Controllers/Kinerja1.php(137): App\Models\KinerjaModel->insertAll()
#7 /var/www/ciapp3/vendor/codeigniter4/framework/system/CodeIgniter.php(896): App\Controllers\Kinerja1->readExcel()
#8 /var/www/ciapp3/vendor/codeigniter4/framework/system/CodeIgniter.php(466): CodeIgniter\CodeIgniter->runController()
#9 /var/www/ciapp3/vendor/codeigniter4/framework/system/CodeIgniter.php(349): CodeIgniter\CodeIgniter->handleRequest()
#10 /var/www/ciapp3/public/index.php(55): CodeIgniter\CodeIgniter->run()
#11 {main}
CRITICAL - 2022-07-11 21:15:13 --> pg_query(): Query failed: ERROR:  null value in column &quot;id_sk&quot; of relation &quot;sasaran_kinerja&quot; violates not-null constraint
DETAIL:  Failing row contains (Meningkatnya kualitas lulusan pendidikan tinggi                 ..., null, 2022, (S.1)                                                           ..., 4).
in SYSTEMPATH/Database/Postgre/Connection.php on line 135.
 1 [internal function]: CodeIgniter\Debug\Exceptions->errorHandler()
 2 SYSTEMPATH/Database/Postgre/Connection.php(135): pg_query()
 3 SYSTEMPATH/Database/BaseConnection.php(695): CodeIgniter\Database\Postgre\Connection->execute()
 4 SYSTEMPATH/Database/BaseConnection.php(609): CodeIgniter\Database\BaseConnection->simpleQuery()
 5 SYSTEMPATH/Database/BaseBuilder.php(1904): CodeIgniter\Database\BaseConnection->query()
 6 APPPATH/Models/KinerjaModel.php(20): CodeIgniter\Database\BaseBuilder->insert()
 7 APPPATH/Controllers/Kinerja1.php(137): App\Models\KinerjaModel->insertAll()
 8 SYSTEMPATH/CodeIgniter.php(896): App\Controllers\Kinerja1->readExcel()
 9 SYSTEMPATH/CodeIgniter.php(466): CodeIgniter\CodeIgniter->runController()
10 SYSTEMPATH/CodeIgniter.php(349): CodeIgniter\CodeIgniter->handleRequest()
11 FCPATH/index.php(55): CodeIgniter\CodeIgniter->run()
ERROR - 2022-07-11 21:26:34 --> ErrorException: pg_query(): Query failed: ERROR:  null value in column &quot;id_sk&quot; of relation &quot;sasaran_kinerja&quot; violates not-null constraint
DETAIL:  Failing row contains (Meningkatnya kualitas lulusan pendidikan tinggi                 ..., null, 2022, (S.1)                                                           ..., 4). in /var/www/ciapp3/vendor/codeigniter4/framework/system/Database/Postgre/Connection.php:135
Stack trace:
#0 [internal function]: CodeIgniter\Debug\Exceptions->errorHandler()
#1 /var/www/ciapp3/vendor/codeigniter4/framework/system/Database/Postgre/Connection.php(135): pg_query()
#2 /var/www/ciapp3/vendor/codeigniter4/framework/system/Database/BaseConnection.php(695): CodeIgniter\Database\Postgre\Connection->execute()
#3 /var/www/ciapp3/vendor/codeigniter4/framework/system/Database/BaseConnection.php(609): CodeIgniter\Database\BaseConnection->simpleQuery()
#4 /var/www/ciapp3/vendor/codeigniter4/framework/system/Database/BaseBuilder.php(1904): CodeIgniter\Database\BaseConnection->query()
#5 /var/www/ciapp3/app/Models/KinerjaModel.php(20): CodeIgniter\Database\BaseBuilder->insert()
#6 /var/www/ciapp3/app/Controllers/Kinerja1.php(137): App\Models\KinerjaModel->insertAll()
#7 /var/www/ciapp3/vendor/codeigniter4/framework/system/CodeIgniter.php(896): App\Controllers\Kinerja1->readExcel()
#8 /var/www/ciapp3/vendor/codeigniter4/framework/system/CodeIgniter.php(466): CodeIgniter\CodeIgniter->runController()
#9 /var/www/ciapp3/vendor/codeigniter4/framework/system/CodeIgniter.php(349): CodeIgniter\CodeIgniter->handleRequest()
#10 /var/www/ciapp3/public/index.php(55): CodeIgniter\CodeIgniter->run()
#11 {main}
CRITICAL - 2022-07-11 21:26:34 --> pg_query(): Query failed: ERROR:  null value in column &quot;id_sk&quot; of relation &quot;sasaran_kinerja&quot; violates not-null constraint
DETAIL:  Failing row contains (Meningkatnya kualitas lulusan pendidikan tinggi                 ..., null, 2022, (S.1)                                                           ..., 4).
in SYSTEMPATH/Database/Postgre/Connection.php on line 135.
 1 [internal function]: CodeIgniter\Debug\Exceptions->errorHandler()
 2 SYSTEMPATH/Database/Postgre/Connection.php(135): pg_query()
 3 SYSTEMPATH/Database/BaseConnection.php(695): CodeIgniter\Database\Postgre\Connection->execute()
 4 SYSTEMPATH/Database/BaseConnection.php(609): CodeIgniter\Database\BaseConnection->simpleQuery()
 5 SYSTEMPATH/Database/BaseBuilder.php(1904): CodeIgniter\Database\BaseConnection->query()
 6 APPPATH/Models/KinerjaModel.php(20): CodeIgniter\Database\BaseBuilder->insert()
 7 APPPATH/Controllers/Kinerja1.php(137): App\Models\KinerjaModel->insertAll()
 8 SYSTEMPATH/CodeIgniter.php(896): App\Controllers\Kinerja1->readExcel()
 9 SYSTEMPATH/CodeIgniter.php(466): CodeIgniter\CodeIgniter->runController()
10 SYSTEMPATH/CodeIgniter.php(349): CodeIgniter\CodeIgniter->handleRequest()
11 FCPATH/index.php(55): CodeIgniter\CodeIgniter->run()
ERROR - 2022-07-11 21:45:51 --> ErrorException: pg_query(): Query failed: ERROR:  null value in column &quot;id_sk&quot; of relation &quot;sasaran_kinerja&quot; violates not-null constraint
DETAIL:  Failing row contains (Meningkatnya kualitas lulusan pendidikan tinggi                 ..., null, 2022, (S.1)                                                           ..., 3). in /var/www/ciapp3/vendor/codeigniter4/framework/system/Database/Postgre/Connection.php:135
Stack trace:
#0 [internal function]: CodeIgniter\Debug\Exceptions->errorHandler()
#1 /var/www/ciapp3/vendor/codeigniter4/framework/system/Database/Postgre/Connection.php(135): pg_query()
#2 /var/www/ciapp3/vendor/codeigniter4/framework/system/Database/BaseConnection.php(695): CodeIgniter\Database\Postgre\Connection->execute()
#3 /var/www/ciapp3/vendor/codeigniter4/framework/system/Database/BaseConnection.php(609): CodeIgniter\Database\BaseConnection->simpleQuery()
#4 /var/www/ciapp3/vendor/codeigniter4/framework/system/Database/BaseBuilder.php(1904): CodeIgniter\Database\BaseConnection->query()
#5 /var/www/ciapp3/app/Models/KinerjaModel.php(20): CodeIgniter\Database\BaseBuilder->insert()
#6 /var/www/ciapp3/app/Controllers/Kinerja1.php(137): App\Models\KinerjaModel->insertAll()
#7 /var/www/ciapp3/vendor/codeigniter4/framework/system/CodeIgniter.php(896): App\Controllers\Kinerja1->readExcel()
#8 /var/www/ciapp3/vendor/codeigniter4/framework/system/CodeIgniter.php(466): CodeIgniter\CodeIgniter->runController()
#9 /var/www/ciapp3/vendor/codeigniter4/framework/system/CodeIgniter.php(349): CodeIgniter\CodeIgniter->handleRequest()
#10 /var/www/ciapp3/public/index.php(55): CodeIgniter\CodeIgniter->run()
#11 {main}
CRITICAL - 2022-07-11 21:45:51 --> pg_query(): Query failed: ERROR:  null value in column &quot;id_sk&quot; of relation &quot;sasaran_kinerja&quot; violates not-null constraint
DETAIL:  Failing row contains (Meningkatnya kualitas lulusan pendidikan tinggi                 ..., null, 2022, (S.1)                                                           ..., 3).
in SYSTEMPATH/Database/Postgre/Connection.php on line 135.
 1 [internal function]: CodeIgniter\Debug\Exceptions->errorHandler()
 2 SYSTEMPATH/Database/Postgre/Connection.php(135): pg_query()
 3 SYSTEMPATH/Database/BaseConnection.php(695): CodeIgniter\Database\Postgre\Connection->execute()
 4 SYSTEMPATH/Database/BaseConnection.php(609): CodeIgniter\Database\BaseConnection->simpleQuery()
 5 SYSTEMPATH/Database/BaseBuilder.php(1904): CodeIgniter\Database\BaseConnection->query()
 6 APPPATH/Models/KinerjaModel.php(20): CodeIgniter\Database\BaseBuilder->insert()
 7 APPPATH/Controllers/Kinerja1.php(137): App\Models\KinerjaModel->insertAll()
 8 SYSTEMPATH/CodeIgniter.php(896): App\Controllers\Kinerja1->readExcel()
 9 SYSTEMPATH/CodeIgniter.php(466): CodeIgniter\CodeIgniter->runController()
10 SYSTEMPATH/CodeIgniter.php(349): CodeIgniter\CodeIgniter->handleRequest()
11 FCPATH/index.php(55): CodeIgniter\CodeIgniter->run()
CRITICAL - 2022-07-11 22:00:47 --> Undefined variable: id
in APPPATH/Controllers/Kinerja1.php on line 163.
 1 APPPATH/Controllers/Kinerja1.php(163): CodeIgniter\Debug\Exceptions->errorHandler()
 2 SYSTEMPATH/CodeIgniter.php(896): App\Controllers\Kinerja1->readExcel()
 3 SYSTEMPATH/CodeIgniter.php(466): CodeIgniter\CodeIgniter->runController()
 4 SYSTEMPATH/CodeIgniter.php(349): CodeIgniter\CodeIgniter->handleRequest()
 5 FCPATH/index.php(55): CodeIgniter\CodeIgniter->run()
CRITICAL - 2022-07-11 22:02:20 --> Undefined variable: id
in APPPATH/Controllers/Kinerja1.php on line 163.
 1 APPPATH/Controllers/Kinerja1.php(163): CodeIgniter\Debug\Exceptions->errorHandler()
 2 SYSTEMPATH/CodeIgniter.php(896): App\Controllers\Kinerja1->readExcel()
 3 SYSTEMPATH/CodeIgniter.php(466): CodeIgniter\CodeIgniter->runController()
 4 SYSTEMPATH/CodeIgniter.php(349): CodeIgniter\CodeIgniter->handleRequest()
 5 FCPATH/index.php(55): CodeIgniter\CodeIgniter->run()
CRITICAL - 2022-07-11 22:45:37 --> syntax error, unexpected ']'
in APPPATH/Controllers/Kinerja1.php on line 396.
 1 SYSTEMPATH/Router/Router.php(499): CodeIgniter\Router\AutoRouter->getRoute()
 2 SYSTEMPATH/Router/Router.php(205): CodeIgniter\Router\Router->autoRoute()
 3 SYSTEMPATH/CodeIgniter.php(771): CodeIgniter\Router\Router->handle()
 4 SYSTEMPATH/CodeIgniter.php(415): CodeIgniter\CodeIgniter->tryToRouteIt()
 5 SYSTEMPATH/CodeIgniter.php(349): CodeIgniter\CodeIgniter->handleRequest()
 6 FCPATH/index.php(55): CodeIgniter\CodeIgniter->run()
CRITICAL - 2022-07-11 22:46:04 --> Undefined variable: data
in APPPATH/Controllers/Kinerja1.php on line 467.
 1 APPPATH/Controllers/Kinerja1.php(467): CodeIgniter\Debug\Exceptions->errorHandler()
 2 SYSTEMPATH/CodeIgniter.php(896): App\Controllers\Kinerja1->downloadFile()
 3 SYSTEMPATH/CodeIgniter.php(466): CodeIgniter\CodeIgniter->runController()
 4 SYSTEMPATH/CodeIgniter.php(349): CodeIgniter\CodeIgniter->handleRequest()
 5 FCPATH/index.php(55): CodeIgniter\CodeIgniter->run()
CRITICAL - 2022-07-11 22:46:29 --> Undefined index: index
in APPPATH/Controllers/Kinerja1.php on line 470.
 1 APPPATH/Controllers/Kinerja1.php(470): CodeIgniter\Debug\Exceptions->errorHandler()
 2 SYSTEMPATH/CodeIgniter.php(896): App\Controllers\Kinerja1->downloadFile()
 3 SYSTEMPATH/CodeIgniter.php(466): CodeIgniter\CodeIgniter->runController()
 4 SYSTEMPATH/CodeIgniter.php(349): CodeIgniter\CodeIgniter->handleRequest()
 5 FCPATH/index.php(55): CodeIgniter\CodeIgniter->run()
ERROR - 2022-07-11 22:46:54 --> ErrorException: pg_query(): Query failed: ERROR:  column &quot;dokumen&quot; does not exist
LINE 5: AND &quot;dokumen&quot; = '15_hashtable.pdf                           ...
            ^ in /var/www/ciapp3/vendor/codeigniter4/framework/system/Database/Postgre/Connection.php:135
Stack trace:
#0 [internal function]: CodeIgniter\Debug\Exceptions->errorHandler()
#1 /var/www/ciapp3/vendor/codeigniter4/framework/system/Database/Postgre/Connection.php(135): pg_query()
#2 /var/www/ciapp3/vendor/codeigniter4/framework/system/Database/BaseConnection.php(695): CodeIgniter\Database\Postgre\Connection->execute()
#3 /var/www/ciapp3/vendor/codeigniter4/framework/system/Database/BaseConnection.php(609): CodeIgniter\Database\BaseConnection->simpleQuery()
#4 /var/www/ciapp3/vendor/codeigniter4/framework/system/Database/BaseBuilder.php(1585): CodeIgniter\Database\BaseConnection->query()
#5 /var/www/ciapp3/app/Models/KinerjaModel.php(44): CodeIgniter\Database\BaseBuilder->get()
#6 /var/www/ciapp3/app/Controllers/Kinerja1.php(478): App\Models\KinerjaModel->getAll()
#7 /var/www/ciapp3/vendor/codeigniter4/framework/system/CodeIgniter.php(896): App\Controllers\Kinerja1->downloadFile()
#8 /var/www/ciapp3/vendor/codeigniter4/framework/system/CodeIgniter.php(466): CodeIgniter\CodeIgniter->runController()
#9 /var/www/ciapp3/vendor/codeigniter4/framework/system/CodeIgniter.php(349): CodeIgniter\CodeIgniter->handleRequest()
#10 /var/www/ciapp3/public/index.php(55): CodeIgniter\CodeIgniter->run()
#11 {main}
CRITICAL - 2022-07-11 22:46:54 --> pg_query(): Query failed: ERROR:  column &quot;dokumen&quot; does not exist
LINE 5: AND &quot;dokumen&quot; = '15_hashtable.pdf                           ...
            ^
in SYSTEMPATH/Database/Postgre/Connection.php on line 135.
 1 [internal function]: CodeIgniter\Debug\Exceptions->errorHandler()
 2 SYSTEMPATH/Database/Postgre/Connection.php(135): pg_query()
 3 SYSTEMPATH/Database/BaseConnection.php(695): CodeIgniter\Database\Postgre\Connection->execute()
 4 SYSTEMPATH/Database/BaseConnection.php(609): CodeIgniter\Database\BaseConnection->simpleQuery()
 5 SYSTEMPATH/Database/BaseBuilder.php(1585): CodeIgniter\Database\BaseConnection->query()
 6 APPPATH/Models/KinerjaModel.php(44): CodeIgniter\Database\BaseBuilder->get()
 7 APPPATH/Controllers/Kinerja1.php(478): App\Models\KinerjaModel->getAll()
 8 SYSTEMPATH/CodeIgniter.php(896): App\Controllers\Kinerja1->downloadFile()
 9 SYSTEMPATH/CodeIgniter.php(466): CodeIgniter\CodeIgniter->runController()
10 SYSTEMPATH/CodeIgniter.php(349): CodeIgniter\CodeIgniter->handleRequest()
11 FCPATH/index.php(55): CodeIgniter\CodeIgniter->run()
ERROR - 2022-07-11 22:49:03 --> ErrorException: pg_query(): Query failed: ERROR:  column &quot;dokumen&quot; does not exist
LINE 5: AND &quot;dokumen&quot; = '15_hashtable.pdf                           ...
            ^ in /var/www/ciapp3/vendor/codeigniter4/framework/system/Database/Postgre/Connection.php:135
Stack trace:
#0 [internal function]: CodeIgniter\Debug\Exceptions->errorHandler()
#1 /var/www/ciapp3/vendor/codeigniter4/framework/system/Database/Postgre/Connection.php(135): pg_query()
#2 /var/www/ciapp3/vendor/codeigniter4/framework/system/Database/BaseConnection.php(695): CodeIgniter\Database\Postgre\Connection->execute()
#3 /var/www/ciapp3/vendor/codeigniter4/framework/system/Database/BaseConnection.php(609): CodeIgniter\Database\BaseConnection->simpleQuery()
#4 /var/www/ciapp3/vendor/codeigniter4/framework/system/Database/BaseBuilder.php(1585): CodeIgniter\Database\BaseConnection->query()
#5 /var/www/ciapp3/app/Models/KinerjaModel.php(44): CodeIgniter\Database\BaseBuilder->get()
#6 /var/www/ciapp3/app/Controllers/Kinerja1.php(478): App\Models\KinerjaModel->getAll()
#7 /var/www/ciapp3/vendor/codeigniter4/framework/system/CodeIgniter.php(896): App\Controllers\Kinerja1->downloadFile()
#8 /var/www/ciapp3/vendor/codeigniter4/framework/system/CodeIgniter.php(466): CodeIgniter\CodeIgniter->runController()
#9 /var/www/ciapp3/vendor/codeigniter4/framework/system/CodeIgniter.php(349): CodeIgniter\CodeIgniter->handleRequest()
#10 /var/www/ciapp3/public/index.php(55): CodeIgniter\CodeIgniter->run()
#11 {main}
CRITICAL - 2022-07-11 22:49:03 --> pg_query(): Query failed: ERROR:  column &quot;dokumen&quot; does not exist
LINE 5: AND &quot;dokumen&quot; = '15_hashtable.pdf                           ...
            ^
in SYSTEMPATH/Database/Postgre/Connection.php on line 135.
 1 [internal function]: CodeIgniter\Debug\Exceptions->errorHandler()
 2 SYSTEMPATH/Database/Postgre/Connection.php(135): pg_query()
 3 SYSTEMPATH/Database/BaseConnection.php(695): CodeIgniter\Database\Postgre\Connection->execute()
 4 SYSTEMPATH/Database/BaseConnection.php(609): CodeIgniter\Database\BaseConnection->simpleQuery()
 5 SYSTEMPATH/Database/BaseBuilder.php(1585): CodeIgniter\Database\BaseConnection->query()
 6 APPPATH/Models/KinerjaModel.php(44): CodeIgniter\Database\BaseBuilder->get()
 7 APPPATH/Controllers/Kinerja1.php(478): App\Models\KinerjaModel->getAll()
 8 SYSTEMPATH/CodeIgniter.php(896): App\Controllers\Kinerja1->downloadFile()
 9 SYSTEMPATH/CodeIgniter.php(466): CodeIgniter\CodeIgniter->runController()
10 SYSTEMPATH/CodeIgniter.php(349): CodeIgniter\CodeIgniter->handleRequest()
11 FCPATH/index.php(55): CodeIgniter\CodeIgniter->run()
CRITICAL - 2022-07-11 22:51:39 --> Undefined variable: params
in APPPATH/Controllers/Kinerja1.php on line 481.
 1 APPPATH/Controllers/Kinerja1.php(481): CodeIgniter\Debug\Exceptions->errorHandler()
 2 SYSTEMPATH/CodeIgniter.php(896): App\Controllers\Kinerja1->downloadFile()
 3 SYSTEMPATH/CodeIgniter.php(466): CodeIgniter\CodeIgniter->runController()
 4 SYSTEMPATH/CodeIgniter.php(349): CodeIgniter\CodeIgniter->handleRequest()
 5 FCPATH/index.php(55): CodeIgniter\CodeIgniter->run()
ERROR - 2022-07-11 22:52:04 --> ErrorException: pg_query(): Query failed: ERROR:  column &quot;id_dk&quot; does not exist
LINE 6: AND &quot;id_dk&quot; = '2'
            ^
HINT:  Perhaps you meant to reference the column &quot;foto.id_ft&quot;. in /var/www/ciapp3/vendor/codeigniter4/framework/system/Database/Postgre/Connection.php:135
Stack trace:
#0 [internal function]: CodeIgniter\Debug\Exceptions->errorHandler()
#1 /var/www/ciapp3/vendor/codeigniter4/framework/system/Database/Postgre/Connection.php(135): pg_query()
#2 /var/www/ciapp3/vendor/codeigniter4/framework/system/Database/BaseConnection.php(695): CodeIgniter\Database\Postgre\Connection->execute()
#3 /var/www/ciapp3/vendor/codeigniter4/framework/system/Database/BaseConnection.php(609): CodeIgniter\Database\BaseConnection->simpleQuery()
#4 /var/www/ciapp3/vendor/codeigniter4/framework/system/Database/BaseBuilder.php(1585): CodeIgniter\Database\BaseConnection->query()
#5 /var/www/ciapp3/app/Models/KinerjaModel.php(44): CodeIgniter\Database\BaseBuilder->get()
#6 /var/www/ciapp3/app/Controllers/Kinerja1.php(481): App\Models\KinerjaModel->getAll()
#7 /var/www/ciapp3/vendor/codeigniter4/framework/system/CodeIgniter.php(896): App\Controllers\Kinerja1->downloadFile()
#8 /var/www/ciapp3/vendor/codeigniter4/framework/system/CodeIgniter.php(466): CodeIgniter\CodeIgniter->runController()
#9 /var/www/ciapp3/vendor/codeigniter4/framework/system/CodeIgniter.php(349): CodeIgniter\CodeIgniter->handleRequest()
#10 /var/www/ciapp3/public/index.php(55): CodeIgniter\CodeIgniter->run()
#11 {main}
CRITICAL - 2022-07-11 22:52:04 --> pg_query(): Query failed: ERROR:  column &quot;id_dk&quot; does not exist
LINE 6: AND &quot;id_dk&quot; = '2'
            ^
HINT:  Perhaps you meant to reference the column &quot;foto.id_ft&quot;.
in SYSTEMPATH/Database/Postgre/Connection.php on line 135.
 1 [internal function]: CodeIgniter\Debug\Exceptions->errorHandler()
 2 SYSTEMPATH/Database/Postgre/Connection.php(135): pg_query()
 3 SYSTEMPATH/Database/BaseConnection.php(695): CodeIgniter\Database\Postgre\Connection->execute()
 4 SYSTEMPATH/Database/BaseConnection.php(609): CodeIgniter\Database\BaseConnection->simpleQuery()
 5 SYSTEMPATH/Database/BaseBuilder.php(1585): CodeIgniter\Database\BaseConnection->query()
 6 APPPATH/Models/KinerjaModel.php(44): CodeIgniter\Database\BaseBuilder->get()
 7 APPPATH/Controllers/Kinerja1.php(481): App\Models\KinerjaModel->getAll()
 8 SYSTEMPATH/CodeIgniter.php(896): App\Controllers\Kinerja1->downloadFile()
 9 SYSTEMPATH/CodeIgniter.php(466): CodeIgniter\CodeIgniter->runController()
10 SYSTEMPATH/CodeIgniter.php(349): CodeIgniter\CodeIgniter->handleRequest()
11 FCPATH/index.php(55): CodeIgniter\CodeIgniter->run()
ERROR - 2022-07-11 22:53:21 --> ErrorException: pg_query(): Query failed: ERROR:  column &quot;id_dk&quot; does not exist
LINE 5: AND &quot;id_dk&quot; = '2'
            ^
HINT:  Perhaps you meant to reference the column &quot;foto.id_ft&quot;. in /var/www/ciapp3/vendor/codeigniter4/framework/system/Database/Postgre/Connection.php:135
Stack trace:
#0 [internal function]: CodeIgniter\Debug\Exceptions->errorHandler()
#1 /var/www/ciapp3/vendor/codeigniter4/framework/system/Database/Postgre/Connection.php(135): pg_query()
#2 /var/www/ciapp3/vendor/codeigniter4/framework/system/Database/BaseConnection.php(695): CodeIgniter\Database\Postgre\Connection->execute()
#3 /var/www/ciapp3/vendor/codeigniter4/framework/system/Database/BaseConnection.php(609): CodeIgniter\Database\BaseConnection->simpleQuery()
#4 /var/www/ciapp3/vendor/codeigniter4/framework/system/Database/BaseBuilder.php(1585): CodeIgniter\Database\BaseConnection->query()
#5 /var/www/ciapp3/app/Models/KinerjaModel.php(44): CodeIgniter\Database\BaseBuilder->get()
#6 /var/www/ciapp3/app/Controllers/Kinerja1.php(478): App\Models\KinerjaModel->getAll()
#7 /var/www/ciapp3/vendor/codeigniter4/framework/system/CodeIgniter.php(896): App\Controllers\Kinerja1->downloadFile()
#8 /var/www/ciapp3/vendor/codeigniter4/framework/system/CodeIgniter.php(466): CodeIgniter\CodeIgniter->runController()
#9 /var/www/ciapp3/vendor/codeigniter4/framework/system/CodeIgniter.php(349): CodeIgniter\CodeIgniter->handleRequest()
#10 /var/www/ciapp3/public/index.php(55): CodeIgniter\CodeIgniter->run()
#11 {main}
CRITICAL - 2022-07-11 22:53:21 --> pg_query(): Query failed: ERROR:  column &quot;id_dk&quot; does not exist
LINE 5: AND &quot;id_dk&quot; = '2'
            ^
HINT:  Perhaps you meant to reference the column &quot;foto.id_ft&quot;.
in SYSTEMPATH/Database/Postgre/Connection.php on line 135.
 1 [internal function]: CodeIgniter\Debug\Exceptions->errorHandler()
 2 SYSTEMPATH/Database/Postgre/Connection.php(135): pg_query()
 3 SYSTEMPATH/Database/BaseConnection.php(695): CodeIgniter\Database\Postgre\Connection->execute()
 4 SYSTEMPATH/Database/BaseConnection.php(609): CodeIgniter\Database\BaseConnection->simpleQuery()
 5 SYSTEMPATH/Database/BaseBuilder.php(1585): CodeIgniter\Database\BaseConnection->query()
 6 APPPATH/Models/KinerjaModel.php(44): CodeIgniter\Database\BaseBuilder->get()
 7 APPPATH/Controllers/Kinerja1.php(478): App\Models\KinerjaModel->getAll()
 8 SYSTEMPATH/CodeIgniter.php(896): App\Controllers\Kinerja1->downloadFile()
 9 SYSTEMPATH/CodeIgniter.php(466): CodeIgniter\CodeIgniter->runController()
10 SYSTEMPATH/CodeIgniter.php(349): CodeIgniter\CodeIgniter->handleRequest()
11 FCPATH/index.php(55): CodeIgniter\CodeIgniter->run()
CRITICAL - 2022-07-11 22:53:56 --> Undefined variable: bulder
in APPPATH/Controllers/Kinerja1.php on line 479.
 1 APPPATH/Controllers/Kinerja1.php(479): CodeIgniter\Debug\Exceptions->errorHandler()
 2 SYSTEMPATH/CodeIgniter.php(896): App\Controllers\Kinerja1->downloadFile()
 3 SYSTEMPATH/CodeIgniter.php(466): CodeIgniter\CodeIgniter->runController()
 4 SYSTEMPATH/CodeIgniter.php(349): CodeIgniter\CodeIgniter->handleRequest()
 5 FCPATH/index.php(55): CodeIgniter\CodeIgniter->run()
CRITICAL - 2022-07-11 22:56:00 --> syntax error, unexpected 'return' (T_RETURN)
in APPPATH/Controllers/Kinerja1.php on line 481.
 1 SYSTEMPATH/Router/Router.php(499): CodeIgniter\Router\AutoRouter->getRoute()
 2 SYSTEMPATH/Router/Router.php(205): CodeIgniter\Router\Router->autoRoute()
 3 SYSTEMPATH/CodeIgniter.php(771): CodeIgniter\Router\Router->handle()
 4 SYSTEMPATH/CodeIgniter.php(415): CodeIgniter\CodeIgniter->tryToRouteIt()
 5 SYSTEMPATH/CodeIgniter.php(349): CodeIgniter\CodeIgniter->handleRequest()
 6 FCPATH/index.php(55): CodeIgniter\CodeIgniter->run()
CRITICAL - 2022-07-11 22:57:08 --> File not found: /uploads/file/1657596205_9cc3b1bf3f65bec4c4ca.pdf                                                                                                                                                                                                                                                                                                                                                                                                                                                                   
in SYSTEMPATH/Files/File.php on line 46.
 1 SYSTEMPATH/Files/File.php(46): CodeIgniter\Files\Exceptions\FileNotFoundException::forFileNotFound()
 2 SYSTEMPATH/HTTP/DownloadResponse.php(97): CodeIgniter\Files\File->__construct()
 3 SYSTEMPATH/HTTP/ResponseTrait.php(779): CodeIgniter\HTTP\DownloadResponse->setFilePath()
 4 APPPATH/Controllers/Kinerja1.php(481): CodeIgniter\HTTP\Response->download()
 5 SYSTEMPATH/CodeIgniter.php(896): App\Controllers\Kinerja1->downloadFile()
 6 SYSTEMPATH/CodeIgniter.php(466): CodeIgniter\CodeIgniter->runController()
 7 SYSTEMPATH/CodeIgniter.php(349): CodeIgniter\CodeIgniter->handleRequest()
 8 FCPATH/index.php(55): CodeIgniter\CodeIgniter->run()
CRITICAL - 2022-07-11 22:59:14 --> File not found: ../public/uploads/file/1657596205_9cc3b1bf3f65bec4c4ca.pdf                                                                                                                                                                                                                                                                                                                                                                                                                                                                   
in SYSTEMPATH/Files/File.php on line 46.
 1 SYSTEMPATH/Files/File.php(46): CodeIgniter\Files\Exceptions\FileNotFoundException::forFileNotFound()
 2 SYSTEMPATH/HTTP/DownloadResponse.php(97): CodeIgniter\Files\File->__construct()
 3 SYSTEMPATH/HTTP/ResponseTrait.php(779): CodeIgniter\HTTP\DownloadResponse->setFilePath()
 4 APPPATH/Controllers/Kinerja1.php(481): CodeIgniter\HTTP\Response->download()
 5 SYSTEMPATH/CodeIgniter.php(896): App\Controllers\Kinerja1->downloadFile()
 6 SYSTEMPATH/CodeIgniter.php(466): CodeIgniter\CodeIgniter->runController()
 7 SYSTEMPATH/CodeIgniter.php(349): CodeIgniter\CodeIgniter->handleRequest()
 8 FCPATH/index.php(55): CodeIgniter\CodeIgniter->run()
CRITICAL - 2022-07-11 23:18:15 --> Undefined index: index
in APPPATH/Controllers/Kinerja1.php on line 477.
 1 APPPATH/Controllers/Kinerja1.php(477): CodeIgniter\Debug\Exceptions->errorHandler()
 2 SYSTEMPATH/CodeIgniter.php(896): App\Controllers\Kinerja1->downloadFile()
 3 SYSTEMPATH/CodeIgniter.php(466): CodeIgniter\CodeIgniter->runController()
 4 SYSTEMPATH/CodeIgniter.php(349): CodeIgniter\CodeIgniter->handleRequest()
 5 FCPATH/index.php(55): CodeIgniter\CodeIgniter->run()
CRITICAL - 2022-07-11 23:50:07 --> Undefined index: O
in APPPATH/Controllers/Kinerja1.php on line 105.
 1 APPPATH/Controllers/Kinerja1.php(105): CodeIgniter\Debug\Exceptions->errorHandler()
 2 SYSTEMPATH/CodeIgniter.php(896): App\Controllers\Kinerja1->readExcel()
 3 SYSTEMPATH/CodeIgniter.php(466): CodeIgniter\CodeIgniter->runController()
 4 SYSTEMPATH/CodeIgniter.php(349): CodeIgniter\CodeIgniter->handleRequest()
 5 FCPATH/index.php(55): CodeIgniter\CodeIgniter->run()
CRITICAL - 2022-07-11 23:50:09 --> Trying to get property 'keterangan' of non-object
in APPPATH/Controllers/Kinerja1.php on line 75.
 1 APPPATH/Controllers/Kinerja1.php(75): CodeIgniter\Debug\Exceptions->errorHandler()
 2 SYSTEMPATH/CodeIgniter.php(896): App\Controllers\Kinerja1->readExcel()
 3 SYSTEMPATH/CodeIgniter.php(466): CodeIgniter\CodeIgniter->runController()
 4 SYSTEMPATH/CodeIgniter.php(349): CodeIgniter\CodeIgniter->handleRequest()
 5 FCPATH/index.php(55): CodeIgniter\CodeIgniter->run()
