CRITICAL - 2022-09-12 04:33:04 --> Allowed memory size of 536870912 bytes exhausted (tried to allocate 29376512 bytes)
in APPPATH\Views\pages\kinerjaCoba.php on line 429.
 1 [internal function]: CodeIgniter\Debug\Exceptions->shutdownHandler()
CRITICAL - 2022-09-12 04:33:12 --> Allowed memory size of 536870912 bytes exhausted (tried to allocate 140525568 bytes)
in APPPATH\Views\pages\kinerjaCoba.php on line 433.
 1 [internal function]: CodeIgniter\Debug\Exceptions->shutdownHandler()
CRITICAL - 2022-09-12 04:47:40 --> Undefined variable $pic
in APPPATH\Views\simproka\simprokaEdit.php on line 46.
 1 APPPATH\Views\simproka\simprokaEdit.php(46): CodeIgniter\Debug\Exceptions->errorHandler(2, 'Undefined variable $pic', 'APPPATH\\Views\\simproka\\simprokaEdit.php', 46)
 2 SYSTEMPATH\View\View.php(213): include('APPPATH\\Views\\simproka\\simprokaEdit.php')
 3 SYSTEMPATH\View\View.php(216): CodeIgniter\View\View->CodeIgniter\View\{closure}()
 4 SYSTEMPATH\Common.php(1135): CodeIgniter\View\View->render('simproka/simprokaEdit', [], true)
 5 APPPATH\Controllers\Simproka1.php(39): view('simproka/simprokaEdit', [...])
 6 SYSTEMPATH\CodeIgniter.php(896): App\Controllers\Simproka1->edit()
 7 SYSTEMPATH\CodeIgniter.php(466): CodeIgniter\CodeIgniter->runController(Object(App\Controllers\Simproka1))
 8 SYSTEMPATH\CodeIgniter.php(349): CodeIgniter\CodeIgniter->handleRequest(null, Object(Config\Cache), false)
 9 FCPATH\index.php(55): CodeIgniter\CodeIgniter->run()
10 SYSTEMPATH\Commands\Server\rewrite.php(43): require_once('FCPATH\\index.php')
CRITICAL - 2022-09-12 04:49:55 --> Undefined variable $pic
in APPPATH\Views\simproka\simprokaEdit.php on line 46.
 1 APPPATH\Views\simproka\simprokaEdit.php(46): CodeIgniter\Debug\Exceptions->errorHandler(2, 'Undefined variable $pic', 'APPPATH\\Views\\simproka\\simprokaEdit.php', 46)
 2 SYSTEMPATH\View\View.php(213): include('APPPATH\\Views\\simproka\\simprokaEdit.php')
 3 SYSTEMPATH\View\View.php(216): CodeIgniter\View\View->CodeIgniter\View\{closure}()
 4 SYSTEMPATH\Common.php(1135): CodeIgniter\View\View->render('simproka/simprokaEdit', [], true)
 5 APPPATH\Controllers\Simproka1.php(39): view('simproka/simprokaEdit', [...])
 6 SYSTEMPATH\CodeIgniter.php(896): App\Controllers\Simproka1->edit()
 7 SYSTEMPATH\CodeIgniter.php(466): CodeIgniter\CodeIgniter->runController(Object(App\Controllers\Simproka1))
 8 SYSTEMPATH\CodeIgniter.php(349): CodeIgniter\CodeIgniter->handleRequest(null, Object(Config\Cache), false)
 9 FCPATH\index.php(55): CodeIgniter\CodeIgniter->run()
10 SYSTEMPATH\Commands\Server\rewrite.php(43): require_once('FCPATH\\index.php')
CRITICAL - 2022-09-12 04:56:34 --> Undefined variable $pic
in APPPATH\Views\simproka\simprokaEdit.php on line 46.
 1 APPPATH\Views\simproka\simprokaEdit.php(46): CodeIgniter\Debug\Exceptions->errorHandler(2, 'Undefined variable $pic', 'APPPATH\\Views\\simproka\\simprokaEdit.php', 46)
 2 SYSTEMPATH\View\View.php(213): include('APPPATH\\Views\\simproka\\simprokaEdit.php')
 3 SYSTEMPATH\View\View.php(216): CodeIgniter\View\View->CodeIgniter\View\{closure}()
 4 SYSTEMPATH\Common.php(1135): CodeIgniter\View\View->render('simproka/simprokaEdit', [], true)
 5 APPPATH\Controllers\Simproka1.php(39): view('simproka/simprokaEdit', [...])
 6 SYSTEMPATH\CodeIgniter.php(896): App\Controllers\Simproka1->edit()
 7 SYSTEMPATH\CodeIgniter.php(466): CodeIgniter\CodeIgniter->runController(Object(App\Controllers\Simproka1))
 8 SYSTEMPATH\CodeIgniter.php(349): CodeIgniter\CodeIgniter->handleRequest(null, Object(Config\Cache), false)
 9 FCPATH\index.php(55): CodeIgniter\CodeIgniter->run()
10 SYSTEMPATH\Commands\Server\rewrite.php(43): require_once('FCPATH\\index.php')
CRITICAL - 2022-09-12 04:56:36 --> Undefined array key "DK.4471.CAA"
in APPPATH\Views\simproka\simproka1.php on line 462.
 1 APPPATH\Views\simproka\simproka1.php(462): CodeIgniter\Debug\Exceptions->errorHandler(2, 'Undefined array key "DK.4471.CAA"', 'APPPATH\\Views\\simproka\\simproka1.php', 462)
 2 SYSTEMPATH\View\View.php(213): include('APPPATH\\Views\\simproka\\simproka1.php')
 3 SYSTEMPATH\View\View.php(216): CodeIgniter\View\View->CodeIgniter\View\{closure}()
 4 SYSTEMPATH\Common.php(1135): CodeIgniter\View\View->render('simproka/simproka1', [], true)
 5 APPPATH\Controllers\Simproka1.php(373): view('simproka/simproka1', [...])
 6 SYSTEMPATH\CodeIgniter.php(896): App\Controllers\Simproka1->index()
 7 SYSTEMPATH\CodeIgniter.php(466): CodeIgniter\CodeIgniter->runController(Object(App\Controllers\Simproka1))
 8 SYSTEMPATH\CodeIgniter.php(349): CodeIgniter\CodeIgniter->handleRequest(null, Object(Config\Cache), false)
 9 FCPATH\index.php(55): CodeIgniter\CodeIgniter->run()
10 SYSTEMPATH\Commands\Server\rewrite.php(43): require_once('FCPATH\\index.php')
CRITICAL - 2022-09-12 20:29:52 --> Call to a member function getTimestamp() on string
in APPPATH\Controllers\Simproka1.php on line 372.
 1 SYSTEMPATH\CodeIgniter.php(896): App\Controllers\Simproka1->index()
 2 SYSTEMPATH\CodeIgniter.php(466): CodeIgniter\CodeIgniter->runController(Object(App\Controllers\Simproka1))
 3 SYSTEMPATH\CodeIgniter.php(349): CodeIgniter\CodeIgniter->handleRequest(null, Object(Config\Cache), false)
 4 FCPATH\index.php(55): CodeIgniter\CodeIgniter->run()
 5 SYSTEMPATH\Commands\Server\rewrite.php(43): require_once('FCPATH\\index.php')
ERROR - 2022-09-12 21:52:26 --> ErrorException: pg_query(): Query failed: ERROR:  syntax error at or near "("
LINE 7:         PRIMARY KEY (id_ro)
                            ^ in D:\Backup spasikita\Using\ciapp3.12.09\vendor\codeigniter4\framework\system\Database\Postgre\Connection.php:135
Stack trace:
#0 [internal function]: CodeIgniter\Debug\Exceptions->errorHandler(2, 'pg_query(): Que...', 'D:\\Backup spasi...', 135)
#1 D:\Backup spasikita\Using\ciapp3.12.09\vendor\codeigniter4\framework\system\Database\Postgre\Connection.php(135): pg_query(Resource id #237, 'CREATE TABLE "d...')
#2 D:\Backup spasikita\Using\ciapp3.12.09\vendor\codeigniter4\framework\system\Database\BaseConnection.php(695): CodeIgniter\Database\Postgre\Connection->execute('CREATE TABLE "d...')
#3 D:\Backup spasikita\Using\ciapp3.12.09\vendor\codeigniter4\framework\system\Database\BaseConnection.php(609): CodeIgniter\Database\BaseConnection->simpleQuery('CREATE TABLE "d...')
#4 D:\Backup spasikita\Using\ciapp3.12.09\vendor\codeigniter4\framework\system\Database\Forge.php(513): CodeIgniter\Database\BaseConnection->query('CREATE TABLE "d...')
#5 D:\Backup spasikita\Using\ciapp3.12.09\app\Database\Migrations\2022-09-13-023806_Deadline.php(19): CodeIgniter\Database\Forge->createTable('deadline')
#6 D:\Backup spasikita\Using\ciapp3.12.09\vendor\codeigniter4\framework\system\Database\MigrationRunner.php(868): App\Database\Migrations\Deadline->up()
#7 D:\Backup spasikita\Using\ciapp3.12.09\vendor\codeigniter4\framework\system\Database\MigrationRunner.php(187): CodeIgniter\Database\MigrationRunner->migrate('up', Object(stdClass))
#8 D:\Backup spasikita\Using\ciapp3.12.09\vendor\codeigniter4\framework\system\Commands\Database\Migrate.php(84): CodeIgniter\Database\MigrationRunner->latest(NULL)
#9 D:\Backup spasikita\Using\ciapp3.12.09\vendor\codeigniter4\framework\system\CLI\Commands.php(63): CodeIgniter\Commands\Database\Migrate->run(Array)
#10 D:\Backup spasikita\Using\ciapp3.12.09\vendor\codeigniter4\framework\system\CLI\CommandRunner.php(65): CodeIgniter\CLI\Commands->run('migrate', Array)
#11 D:\Backup spasikita\Using\ciapp3.12.09\vendor\codeigniter4\framework\system\CLI\CommandRunner.php(51): CodeIgniter\CLI\CommandRunner->index(Array)
#12 D:\Backup spasikita\Using\ciapp3.12.09\vendor\codeigniter4\framework\system\CodeIgniter.php(889): CodeIgniter\CLI\CommandRunner->_remap('index', Array)
#13 D:\Backup spasikita\Using\ciapp3.12.09\vendor\codeigniter4\framework\system\CodeIgniter.php(466): CodeIgniter\CodeIgniter->runController(Object(CodeIgniter\CLI\CommandRunner))
#14 D:\Backup spasikita\Using\ciapp3.12.09\vendor\codeigniter4\framework\system\CodeIgniter.php(345): CodeIgniter\CodeIgniter->handleRequest(NULL, Object(Config\Cache), false)
#15 D:\Backup spasikita\Using\ciapp3.12.09\vendor\codeigniter4\framework\system\CLI\Console.php(48): CodeIgniter\CodeIgniter->run()
#16 D:\Backup spasikita\Using\ciapp3.12.09\spark(86): CodeIgniter\CLI\Console->run()
#17 {main}
ERROR - 2022-09-12 21:52:46 --> ErrorException: pg_query(): Query failed: ERROR:  syntax error at or near "("
LINE 7:         PRIMARY KEY (id_deadline)
                            ^ in D:\Backup spasikita\Using\ciapp3.12.09\vendor\codeigniter4\framework\system\Database\Postgre\Connection.php:135
Stack trace:
#0 [internal function]: CodeIgniter\Debug\Exceptions->errorHandler(2, 'pg_query(): Que...', 'D:\\Backup spasi...', 135)
#1 D:\Backup spasikita\Using\ciapp3.12.09\vendor\codeigniter4\framework\system\Database\Postgre\Connection.php(135): pg_query(Resource id #237, 'CREATE TABLE "d...')
#2 D:\Backup spasikita\Using\ciapp3.12.09\vendor\codeigniter4\framework\system\Database\BaseConnection.php(695): CodeIgniter\Database\Postgre\Connection->execute('CREATE TABLE "d...')
#3 D:\Backup spasikita\Using\ciapp3.12.09\vendor\codeigniter4\framework\system\Database\BaseConnection.php(609): CodeIgniter\Database\BaseConnection->simpleQuery('CREATE TABLE "d...')
#4 D:\Backup spasikita\Using\ciapp3.12.09\vendor\codeigniter4\framework\system\Database\Forge.php(513): CodeIgniter\Database\BaseConnection->query('CREATE TABLE "d...')
#5 D:\Backup spasikita\Using\ciapp3.12.09\app\Database\Migrations\2022-09-13-023806_Deadline.php(19): CodeIgniter\Database\Forge->createTable('deadline')
#6 D:\Backup spasikita\Using\ciapp3.12.09\vendor\codeigniter4\framework\system\Database\MigrationRunner.php(868): App\Database\Migrations\Deadline->up()
#7 D:\Backup spasikita\Using\ciapp3.12.09\vendor\codeigniter4\framework\system\Database\MigrationRunner.php(187): CodeIgniter\Database\MigrationRunner->migrate('up', Object(stdClass))
#8 D:\Backup spasikita\Using\ciapp3.12.09\vendor\codeigniter4\framework\system\Commands\Database\Migrate.php(84): CodeIgniter\Database\MigrationRunner->latest(NULL)
#9 D:\Backup spasikita\Using\ciapp3.12.09\vendor\codeigniter4\framework\system\CLI\Commands.php(63): CodeIgniter\Commands\Database\Migrate->run(Array)
#10 D:\Backup spasikita\Using\ciapp3.12.09\vendor\codeigniter4\framework\system\CLI\CommandRunner.php(65): CodeIgniter\CLI\Commands->run('migrate', Array)
#11 D:\Backup spasikita\Using\ciapp3.12.09\vendor\codeigniter4\framework\system\CLI\CommandRunner.php(51): CodeIgniter\CLI\CommandRunner->index(Array)
#12 D:\Backup spasikita\Using\ciapp3.12.09\vendor\codeigniter4\framework\system\CodeIgniter.php(889): CodeIgniter\CLI\CommandRunner->_remap('index', Array)
#13 D:\Backup spasikita\Using\ciapp3.12.09\vendor\codeigniter4\framework\system\CodeIgniter.php(466): CodeIgniter\CodeIgniter->runController(Object(CodeIgniter\CLI\CommandRunner))
#14 D:\Backup spasikita\Using\ciapp3.12.09\vendor\codeigniter4\framework\system\CodeIgniter.php(345): CodeIgniter\CodeIgniter->handleRequest(NULL, Object(Config\Cache), false)
#15 D:\Backup spasikita\Using\ciapp3.12.09\vendor\codeigniter4\framework\system\CLI\Console.php(48): CodeIgniter\CodeIgniter->run()
#16 D:\Backup spasikita\Using\ciapp3.12.09\spark(86): CodeIgniter\CLI\Console->run()
#17 {main}
