CRITICAL - 2022-07-26 07:04:53 --> Call to undefined function App\Controllers\toStringFormat()
in APPPATH/Controllers/Simproka.php on line 39.
 1 SYSTEMPATH/CodeIgniter.php(896): App\Controllers\Simproka->index()
 2 SYSTEMPATH/CodeIgniter.php(466): CodeIgniter\CodeIgniter->runController()
 3 SYSTEMPATH/CodeIgniter.php(349): CodeIgniter\CodeIgniter->handleRequest()
 4 FCPATH/index.php(55): CodeIgniter\CodeIgniter->run()
CRITICAL - 2022-07-26 07:05:22 --> Call to undefined method CodeIgniter\I18n\Time::toStringFOrmat()
in APPPATH/Controllers/Simproka.php on line 39.
 1 SYSTEMPATH/CodeIgniter.php(896): App\Controllers\Simproka->index()
 2 SYSTEMPATH/CodeIgniter.php(466): CodeIgniter\CodeIgniter->runController()
 3 SYSTEMPATH/CodeIgniter.php(349): CodeIgniter\CodeIgniter->handleRequest()
 4 FCPATH/index.php(55): CodeIgniter\CodeIgniter->run()
CRITICAL - 2022-07-26 07:05:23 --> Call to undefined method CodeIgniter\I18n\Time::toStringFOrmat()
in APPPATH/Controllers/Simproka.php on line 39.
 1 SYSTEMPATH/CodeIgniter.php(896): App\Controllers\Simproka->index()
 2 SYSTEMPATH/CodeIgniter.php(466): CodeIgniter\CodeIgniter->runController()
 3 SYSTEMPATH/CodeIgniter.php(349): CodeIgniter\CodeIgniter->handleRequest()
 4 FCPATH/index.php(55): CodeIgniter\CodeIgniter->run()
CRITICAL - 2022-07-26 07:05:30 --> Call to undefined method CodeIgniter\I18n\Time::toStringFormat()
in APPPATH/Controllers/Simproka.php on line 39.
 1 SYSTEMPATH/CodeIgniter.php(896): App\Controllers\Simproka->index()
 2 SYSTEMPATH/CodeIgniter.php(466): CodeIgniter\CodeIgniter->runController()
 3 SYSTEMPATH/CodeIgniter.php(349): CodeIgniter\CodeIgniter->handleRequest()
 4 FCPATH/index.php(55): CodeIgniter\CodeIgniter->run()
CRITICAL - 2022-07-26 07:05:31 --> Call to undefined method CodeIgniter\I18n\Time::toStringFormat()
in APPPATH/Controllers/Simproka.php on line 39.
 1 SYSTEMPATH/CodeIgniter.php(896): App\Controllers\Simproka->index()
 2 SYSTEMPATH/CodeIgniter.php(466): CodeIgniter\CodeIgniter->runController()
 3 SYSTEMPATH/CodeIgniter.php(349): CodeIgniter\CodeIgniter->handleRequest()
 4 FCPATH/index.php(55): CodeIgniter\CodeIgniter->run()
CRITICAL - 2022-07-26 07:05:35 --> Call to undefined method CodeIgniter\I18n\Time::toStringFormat()
in APPPATH/Controllers/Simproka.php on line 39.
 1 SYSTEMPATH/CodeIgniter.php(896): App\Controllers\Simproka->index()
 2 SYSTEMPATH/CodeIgniter.php(466): CodeIgniter\CodeIgniter->runController()
 3 SYSTEMPATH/CodeIgniter.php(349): CodeIgniter\CodeIgniter->handleRequest()
 4 FCPATH/index.php(55): CodeIgniter\CodeIgniter->run()
CRITICAL - 2022-07-26 07:05:39 --> Call to undefined method CodeIgniter\I18n\Time::toStringFormat()
in APPPATH/Controllers/Simproka.php on line 39.
 1 SYSTEMPATH/CodeIgniter.php(896): App\Controllers\Simproka->index()
 2 SYSTEMPATH/CodeIgniter.php(466): CodeIgniter\CodeIgniter->runController()
 3 SYSTEMPATH/CodeIgniter.php(349): CodeIgniter\CodeIgniter->handleRequest()
 4 FCPATH/index.php(55): CodeIgniter\CodeIgniter->run()
CRITICAL - 2022-07-26 07:05:39 --> Call to undefined method CodeIgniter\I18n\Time::toStringFormat()
in APPPATH/Controllers/Simproka.php on line 39.
 1 SYSTEMPATH/CodeIgniter.php(896): App\Controllers\Simproka->index()
 2 SYSTEMPATH/CodeIgniter.php(466): CodeIgniter\CodeIgniter->runController()
 3 SYSTEMPATH/CodeIgniter.php(349): CodeIgniter\CodeIgniter->handleRequest()
 4 FCPATH/index.php(55): CodeIgniter\CodeIgniter->run()
CRITICAL - 2022-07-26 07:05:40 --> Call to undefined method CodeIgniter\I18n\Time::toStringFormat()
in APPPATH/Controllers/Simproka.php on line 39.
 1 SYSTEMPATH/CodeIgniter.php(896): App\Controllers\Simproka->index()
 2 SYSTEMPATH/CodeIgniter.php(466): CodeIgniter\CodeIgniter->runController()
 3 SYSTEMPATH/CodeIgniter.php(349): CodeIgniter\CodeIgniter->handleRequest()
 4 FCPATH/index.php(55): CodeIgniter\CodeIgniter->run()
CRITICAL - 2022-07-26 07:05:40 --> Call to undefined method CodeIgniter\I18n\Time::toStringFormat()
in APPPATH/Controllers/Simproka.php on line 39.
 1 SYSTEMPATH/CodeIgniter.php(896): App\Controllers\Simproka->index()
 2 SYSTEMPATH/CodeIgniter.php(466): CodeIgniter\CodeIgniter->runController()
 3 SYSTEMPATH/CodeIgniter.php(349): CodeIgniter\CodeIgniter->handleRequest()
 4 FCPATH/index.php(55): CodeIgniter\CodeIgniter->run()
CRITICAL - 2022-07-26 07:05:40 --> Call to undefined method CodeIgniter\I18n\Time::toStringFormat()
in APPPATH/Controllers/Simproka.php on line 39.
 1 SYSTEMPATH/CodeIgniter.php(896): App\Controllers\Simproka->index()
 2 SYSTEMPATH/CodeIgniter.php(466): CodeIgniter\CodeIgniter->runController()
 3 SYSTEMPATH/CodeIgniter.php(349): CodeIgniter\CodeIgniter->handleRequest()
 4 FCPATH/index.php(55): CodeIgniter\CodeIgniter->run()
CRITICAL - 2022-07-26 07:05:46 --> Call to undefined method CodeIgniter\I18n\Time::toStringFormat()
in APPPATH/Controllers/Simproka.php on line 39.
 1 SYSTEMPATH/CodeIgniter.php(896): App\Controllers\Simproka->index()
 2 SYSTEMPATH/CodeIgniter.php(466): CodeIgniter\CodeIgniter->runController()
 3 SYSTEMPATH/CodeIgniter.php(349): CodeIgniter\CodeIgniter->handleRequest()
 4 FCPATH/index.php(55): CodeIgniter\CodeIgniter->run()
CRITICAL - 2022-07-26 07:06:04 --> Call to undefined method CodeIgniter\I18n\Time::toStringFormat()
in APPPATH/Controllers/Simproka.php on line 39.
 1 SYSTEMPATH/CodeIgniter.php(896): App\Controllers\Simproka->index()
 2 SYSTEMPATH/CodeIgniter.php(466): CodeIgniter\CodeIgniter->runController()
 3 SYSTEMPATH/CodeIgniter.php(349): CodeIgniter\CodeIgniter->handleRequest()
 4 FCPATH/index.php(55): CodeIgniter\CodeIgniter->run()
CRITICAL - 2022-07-26 07:06:07 --> Call to undefined method CodeIgniter\I18n\Time::toStringFormat()
in APPPATH/Controllers/Simproka.php on line 39.
 1 SYSTEMPATH/CodeIgniter.php(896): App\Controllers\Simproka->index()
 2 SYSTEMPATH/CodeIgniter.php(466): CodeIgniter\CodeIgniter->runController()
 3 SYSTEMPATH/CodeIgniter.php(349): CodeIgniter\CodeIgniter->handleRequest()
 4 FCPATH/index.php(55): CodeIgniter\CodeIgniter->run()
CRITICAL - 2022-07-26 07:06:33 --> Call to undefined method CodeIgniter\I18n\Time::toStringFormat()
in APPPATH/Controllers/Simproka.php on line 39.
 1 SYSTEMPATH/CodeIgniter.php(896): App\Controllers\Simproka->index()
 2 SYSTEMPATH/CodeIgniter.php(466): CodeIgniter\CodeIgniter->runController()
 3 SYSTEMPATH/CodeIgniter.php(349): CodeIgniter\CodeIgniter->handleRequest()
 4 FCPATH/index.php(55): CodeIgniter\CodeIgniter->run()
CRITICAL - 2022-07-26 07:06:34 --> Call to undefined method CodeIgniter\I18n\Time::toStringFormat()
in APPPATH/Controllers/Simproka.php on line 39.
 1 SYSTEMPATH/CodeIgniter.php(896): App\Controllers\Simproka->index()
 2 SYSTEMPATH/CodeIgniter.php(466): CodeIgniter\CodeIgniter->runController()
 3 SYSTEMPATH/CodeIgniter.php(349): CodeIgniter\CodeIgniter->handleRequest()
 4 FCPATH/index.php(55): CodeIgniter\CodeIgniter->run()
CRITICAL - 2022-07-26 07:07:38 --> Call to undefined method CodeIgniter\I18n\Time::date()
in APPPATH/Controllers/Simproka.php on line 39.
 1 SYSTEMPATH/CodeIgniter.php(896): App\Controllers\Simproka->index()
 2 SYSTEMPATH/CodeIgniter.php(466): CodeIgniter\CodeIgniter->runController()
 3 SYSTEMPATH/CodeIgniter.php(349): CodeIgniter\CodeIgniter->handleRequest()
 4 FCPATH/index.php(55): CodeIgniter\CodeIgniter->run()
CRITICAL - 2022-07-26 07:09:04 --> Call to undefined method App\Controllers\Simproka::myTime__toSring()
in APPPATH/Controllers/Simproka.php on line 39.
 1 SYSTEMPATH/CodeIgniter.php(896): App\Controllers\Simproka->index()
 2 SYSTEMPATH/CodeIgniter.php(466): CodeIgniter\CodeIgniter->runController()
 3 SYSTEMPATH/CodeIgniter.php(349): CodeIgniter\CodeIgniter->handleRequest()
 4 FCPATH/index.php(55): CodeIgniter\CodeIgniter->run()
CRITICAL - 2022-07-26 07:12:46 --> syntax error, unexpected '19' (T_LNUMBER)
in APPPATH/Controllers/Simproka.php on line 39.
 1 SYSTEMPATH/Autoloader/Autoloader.php(261): CodeIgniter\Autoloader\Autoloader->includeFile()
 2 SYSTEMPATH/Autoloader/Autoloader.php(239): CodeIgniter\Autoloader\Autoloader->loadInNamespace()
 3 [internal function]: CodeIgniter\Autoloader\Autoloader->loadClass()
 4 [internal function]: spl_autoload_call()
 5 SYSTEMPATH/CodeIgniter.php(846): class_exists()
 6 SYSTEMPATH/CodeIgniter.php(453): CodeIgniter\CodeIgniter->startController()
 7 SYSTEMPATH/CodeIgniter.php(349): CodeIgniter\CodeIgniter->handleRequest()
 8 FCPATH/index.php(55): CodeIgniter\CodeIgniter->run()
CRITICAL - 2022-07-26 07:15:34 --> Class 'App\Controllers\Time' not found
in APPPATH/Controllers/Kinerja.php on line 32.
 1 SYSTEMPATH/CodeIgniter.php(896): App\Controllers\Kinerja->index()
 2 SYSTEMPATH/CodeIgniter.php(466): CodeIgniter\CodeIgniter->runController()
 3 SYSTEMPATH/CodeIgniter.php(349): CodeIgniter\CodeIgniter->handleRequest()
 4 FCPATH/index.php(55): CodeIgniter\CodeIgniter->run()
