CRITICAL - 2022-08-18 03:57:54 --> Undefined variable: data
in APPPATH/Views/pages/simprokaDetail.php on line 149.
 1 APPPATH/Views/pages/simprokaDetail.php(149): CodeIgniter\Debug\Exceptions->errorHandler()
 2 SYSTEMPATH/View/View.php(213): include('APPPATH/Views/pages/simprokaDetail.php')
 3 SYSTEMPATH/View/View.php(216): CodeIgniter\View\View->CodeIgniter\View\{closure}()
 4 SYSTEMPATH/Common.php(1135): CodeIgniter\View\View->render()
 5 APPPATH/Controllers/Simproka.php(40): view()
 6 SYSTEMPATH/CodeIgniter.php(896): App\Controllers\Simproka->cobain()
 7 SYSTEMPATH/CodeIgniter.php(466): CodeIgniter\CodeIgniter->runController()
 8 SYSTEMPATH/CodeIgniter.php(349): CodeIgniter\CodeIgniter->handleRequest()
 9 FCPATH/index.php(55): CodeIgniter\CodeIgniter->run()
CRITICAL - 2022-08-18 03:57:58 --> Undefined variable: data
in APPPATH/Views/pages/simprokaDetail.php on line 149.
 1 APPPATH/Views/pages/simprokaDetail.php(149): CodeIgniter\Debug\Exceptions->errorHandler()
 2 SYSTEMPATH/View/View.php(213): include('APPPATH/Views/pages/simprokaDetail.php')
 3 SYSTEMPATH/View/View.php(216): CodeIgniter\View\View->CodeIgniter\View\{closure}()
 4 SYSTEMPATH/Common.php(1135): CodeIgniter\View\View->render()
 5 APPPATH/Controllers/Simproka.php(40): view()
 6 SYSTEMPATH/CodeIgniter.php(896): App\Controllers\Simproka->cobain()
 7 SYSTEMPATH/CodeIgniter.php(466): CodeIgniter\CodeIgniter->runController()
 8 SYSTEMPATH/CodeIgniter.php(349): CodeIgniter\CodeIgniter->handleRequest()
 9 FCPATH/index.php(55): CodeIgniter\CodeIgniter->run()
CRITICAL - 2022-08-18 08:15:52 --> Undefined variable: data
in APPPATH/Views/pages/simprokaDetail.php on line 149.
 1 APPPATH/Views/pages/simprokaDetail.php(149): CodeIgniter\Debug\Exceptions->errorHandler()
 2 SYSTEMPATH/View/View.php(213): include('APPPATH/Views/pages/simprokaDetail.php')
 3 SYSTEMPATH/View/View.php(216): CodeIgniter\View\View->CodeIgniter\View\{closure}()
 4 SYSTEMPATH/Common.php(1135): CodeIgniter\View\View->render()
 5 APPPATH/Controllers/Simproka.php(40): view()
 6 SYSTEMPATH/CodeIgniter.php(896): App\Controllers\Simproka->cobain()
 7 SYSTEMPATH/CodeIgniter.php(466): CodeIgniter\CodeIgniter->runController()
 8 SYSTEMPATH/CodeIgniter.php(349): CodeIgniter\CodeIgniter->handleRequest()
 9 FCPATH/index.php(55): CodeIgniter\CodeIgniter->run()
CRITICAL - 2022-08-18 08:23:34 --> Invalid file: pages/sImproka1.php
in SYSTEMPATH/Exceptions/FrameworkException.php on line 33.
 1 SYSTEMPATH/View/View.php(201): CodeIgniter\Exceptions\FrameworkException::forInvalidFile()
 2 SYSTEMPATH/Common.php(1135): CodeIgniter\View\View->render()
 3 APPPATH/Controllers/Simproka1.php(176): view()
 4 SYSTEMPATH/CodeIgniter.php(896): App\Controllers\Simproka1->index()
 5 SYSTEMPATH/CodeIgniter.php(466): CodeIgniter\CodeIgniter->runController()
 6 SYSTEMPATH/CodeIgniter.php(349): CodeIgniter\CodeIgniter->handleRequest()
 7 FCPATH/index.php(55): CodeIgniter\CodeIgniter->run()
CRITICAL - 2022-08-18 08:24:11 --> Invalid file: pages/sImproka1.php
in SYSTEMPATH/Exceptions/FrameworkException.php on line 33.
 1 SYSTEMPATH/View/View.php(201): CodeIgniter\Exceptions\FrameworkException::forInvalidFile()
 2 SYSTEMPATH/Common.php(1135): CodeIgniter\View\View->render()
 3 APPPATH/Controllers/Simproka1.php(176): view()
 4 SYSTEMPATH/CodeIgniter.php(896): App\Controllers\Simproka1->index()
 5 SYSTEMPATH/CodeIgniter.php(466): CodeIgniter\CodeIgniter->runController()
 6 SYSTEMPATH/CodeIgniter.php(349): CodeIgniter\CodeIgniter->handleRequest()
 7 FCPATH/index.php(55): CodeIgniter\CodeIgniter->run()
CRITICAL - 2022-08-18 08:25:08 --> Invalid file: pages/sImproka1.php
in SYSTEMPATH/Exceptions/FrameworkException.php on line 33.
 1 SYSTEMPATH/View/View.php(201): CodeIgniter\Exceptions\FrameworkException::forInvalidFile()
 2 SYSTEMPATH/Common.php(1135): CodeIgniter\View\View->render()
 3 APPPATH/Controllers/Simproka1.php(176): view()
 4 SYSTEMPATH/CodeIgniter.php(896): App\Controllers\Simproka1->index()
 5 SYSTEMPATH/CodeIgniter.php(466): CodeIgniter\CodeIgniter->runController()
 6 SYSTEMPATH/CodeIgniter.php(349): CodeIgniter\CodeIgniter->handleRequest()
 7 FCPATH/index.php(55): CodeIgniter\CodeIgniter->run()
CRITICAL - 2022-08-18 08:26:40 --> Invalid file: pages/sImproka1.php
in SYSTEMPATH/Exceptions/FrameworkException.php on line 33.
 1 SYSTEMPATH/View/View.php(201): CodeIgniter\Exceptions\FrameworkException::forInvalidFile()
 2 SYSTEMPATH/Common.php(1135): CodeIgniter\View\View->render()
 3 APPPATH/Controllers/Simproka1.php(176): view()
 4 SYSTEMPATH/CodeIgniter.php(896): App\Controllers\Simproka1->index()
 5 SYSTEMPATH/CodeIgniter.php(466): CodeIgniter\CodeIgniter->runController()
 6 SYSTEMPATH/CodeIgniter.php(349): CodeIgniter\CodeIgniter->handleRequest()
 7 FCPATH/index.php(55): CodeIgniter\CodeIgniter->run()
CRITICAL - 2022-08-18 08:27:30 --> Invalid file: pages/sImproka1.php
in SYSTEMPATH/Exceptions/FrameworkException.php on line 33.
 1 SYSTEMPATH/View/View.php(201): CodeIgniter\Exceptions\FrameworkException::forInvalidFile()
 2 SYSTEMPATH/Common.php(1135): CodeIgniter\View\View->render()
 3 APPPATH/Controllers/Simproka1.php(176): view()
 4 SYSTEMPATH/CodeIgniter.php(896): App\Controllers\Simproka1->index()
 5 SYSTEMPATH/CodeIgniter.php(466): CodeIgniter\CodeIgniter->runController()
 6 SYSTEMPATH/CodeIgniter.php(349): CodeIgniter\CodeIgniter->handleRequest()
 7 FCPATH/index.php(55): CodeIgniter\CodeIgniter->run()
CRITICAL - 2022-08-18 08:28:33 --> Invalid file: pages/sImproka1.php
in SYSTEMPATH/Exceptions/FrameworkException.php on line 33.
 1 SYSTEMPATH/View/View.php(201): CodeIgniter\Exceptions\FrameworkException::forInvalidFile()
 2 SYSTEMPATH/Common.php(1135): CodeIgniter\View\View->render()
 3 APPPATH/Controllers/Simproka1.php(176): view()
 4 SYSTEMPATH/CodeIgniter.php(896): App\Controllers\Simproka1->index()
 5 SYSTEMPATH/CodeIgniter.php(466): CodeIgniter\CodeIgniter->runController()
 6 SYSTEMPATH/CodeIgniter.php(349): CodeIgniter\CodeIgniter->handleRequest()
 7 FCPATH/index.php(55): CodeIgniter\CodeIgniter->run()
CRITICAL - 2022-08-18 08:29:09 --> Invalid file: pages/sImproka1.php
in SYSTEMPATH/Exceptions/FrameworkException.php on line 33.
 1 SYSTEMPATH/View/View.php(201): CodeIgniter\Exceptions\FrameworkException::forInvalidFile()
 2 SYSTEMPATH/Common.php(1135): CodeIgniter\View\View->render()
 3 APPPATH/Controllers/Simproka1.php(176): view()
 4 SYSTEMPATH/CodeIgniter.php(896): App\Controllers\Simproka1->index()
 5 SYSTEMPATH/CodeIgniter.php(466): CodeIgniter\CodeIgniter->runController()
 6 SYSTEMPATH/CodeIgniter.php(349): CodeIgniter\CodeIgniter->handleRequest()
 7 FCPATH/index.php(55): CodeIgniter\CodeIgniter->run()
CRITICAL - 2022-08-18 19:54:47 --> 'continue' not in the 'loop' or 'switch' context
in APPPATH/Controllers/Simproka1.php on line 43.
 1 [internal function]: CodeIgniter\Debug\Exceptions->shutdownHandler()
CRITICAL - 2022-08-18 20:00:38 --> Undefined property: App\Controllers\Simproka1::$load
in APPPATH/Controllers/Simproka1.php on line 19.
 1 APPPATH/Controllers/Simproka1.php(19): CodeIgniter\Debug\Exceptions->errorHandler()
 2 SYSTEMPATH/CodeIgniter.php(858): App\Controllers\Simproka1->__construct()
 3 SYSTEMPATH/CodeIgniter.php(457): CodeIgniter\CodeIgniter->createController()
 4 SYSTEMPATH/CodeIgniter.php(349): CodeIgniter\CodeIgniter->handleRequest()
 5 FCPATH/index.php(55): CodeIgniter\CodeIgniter->run()
CRITICAL - 2022-08-18 20:01:40 --> Call to a member function segment() on null
in APPPATH/Controllers/Simproka1.php on line 42.
 1 SYSTEMPATH/CodeIgniter.php(896): App\Controllers\Simproka1->index()
 2 SYSTEMPATH/CodeIgniter.php(466): CodeIgniter\CodeIgniter->runController()
 3 SYSTEMPATH/CodeIgniter.php(349): CodeIgniter\CodeIgniter->handleRequest()
 4 FCPATH/index.php(55): CodeIgniter\CodeIgniter->run()
CRITICAL - 2022-08-18 20:13:29 --> syntax error, unexpected ';', expecting ')'
in APPPATH/Controllers/Simproka1.php on line 44.
 1 SYSTEMPATH/Autoloader/Autoloader.php(261): CodeIgniter\Autoloader\Autoloader->includeFile()
 2 SYSTEMPATH/Autoloader/Autoloader.php(239): CodeIgniter\Autoloader\Autoloader->loadInNamespace()
 3 [internal function]: CodeIgniter\Autoloader\Autoloader->loadClass()
 4 [internal function]: spl_autoload_call()
 5 SYSTEMPATH/CodeIgniter.php(846): class_exists()
 6 SYSTEMPATH/CodeIgniter.php(453): CodeIgniter\CodeIgniter->startController()
 7 SYSTEMPATH/CodeIgniter.php(349): CodeIgniter\CodeIgniter->handleRequest()
 8 FCPATH/index.php(55): CodeIgniter\CodeIgniter->run()
CRITICAL - 2022-08-18 20:16:47 --> syntax error, unexpected ';', expecting ')'
in APPPATH/Controllers/Simproka1.php on line 44.
 1 SYSTEMPATH/Router/Router.php(499): CodeIgniter\Router\AutoRouter->getRoute()
 2 SYSTEMPATH/Router/Router.php(205): CodeIgniter\Router\Router->autoRoute()
 3 SYSTEMPATH/CodeIgniter.php(771): CodeIgniter\Router\Router->handle()
 4 SYSTEMPATH/CodeIgniter.php(415): CodeIgniter\CodeIgniter->tryToRouteIt()
 5 SYSTEMPATH/CodeIgniter.php(349): CodeIgniter\CodeIgniter->handleRequest()
 6 FCPATH/index.php(55): CodeIgniter\CodeIgniter->run()
CRITICAL - 2022-08-18 20:17:00 --> Undefined variable: request
in APPPATH/Controllers/Simproka1.php on line 44.
 1 APPPATH/Controllers/Simproka1.php(44): CodeIgniter\Debug\Exceptions->errorHandler()
 2 SYSTEMPATH/CodeIgniter.php(896): App\Controllers\Simproka1->index()
 3 SYSTEMPATH/CodeIgniter.php(466): CodeIgniter\CodeIgniter->runController()
 4 SYSTEMPATH/CodeIgniter.php(349): CodeIgniter\CodeIgniter->handleRequest()
 5 FCPATH/index.php(55): CodeIgniter\CodeIgniter->run()
CRITICAL - 2022-08-18 20:33:37 -->  route cannot be found while reverse-routing.
in SYSTEMPATH/HTTP/RedirectResponse.php on line 56.
 1 SYSTEMPATH/HTTP/RedirectResponse.php(56): CodeIgniter\HTTP\Exceptions\HTTPException::forInvalidRedirectRoute()
 2 SYSTEMPATH/Common.php(863): CodeIgniter\HTTP\RedirectResponse->route()
 3 APPPATH/Controllers/Simproka1.php(49): redirect()
 4 SYSTEMPATH/CodeIgniter.php(896): App\Controllers\Simproka1->index()
 5 SYSTEMPATH/CodeIgniter.php(466): CodeIgniter\CodeIgniter->runController()
 6 SYSTEMPATH/CodeIgniter.php(349): CodeIgniter\CodeIgniter->handleRequest()
 7 FCPATH/index.php(55): CodeIgniter\CodeIgniter->run()
CRITICAL - 2022-08-18 20:33:38 -->  route cannot be found while reverse-routing.
in SYSTEMPATH/HTTP/RedirectResponse.php on line 56.
 1 SYSTEMPATH/HTTP/RedirectResponse.php(56): CodeIgniter\HTTP\Exceptions\HTTPException::forInvalidRedirectRoute()
 2 SYSTEMPATH/Common.php(863): CodeIgniter\HTTP\RedirectResponse->route()
 3 APPPATH/Controllers/Simproka1.php(49): redirect()
 4 SYSTEMPATH/CodeIgniter.php(896): App\Controllers\Simproka1->index()
 5 SYSTEMPATH/CodeIgniter.php(466): CodeIgniter\CodeIgniter->runController()
 6 SYSTEMPATH/CodeIgniter.php(349): CodeIgniter\CodeIgniter->handleRequest()
 7 FCPATH/index.php(55): CodeIgniter\CodeIgniter->run()
CRITICAL - 2022-08-18 20:39:03 --> syntax error, unexpected 'public' (T_PUBLIC)
in APPPATH/Controllers/Simproka1.php on line 127.
 1 SYSTEMPATH/Autoloader/Autoloader.php(261): CodeIgniter\Autoloader\Autoloader->includeFile()
 2 SYSTEMPATH/Autoloader/Autoloader.php(239): CodeIgniter\Autoloader\Autoloader->loadInNamespace()
 3 [internal function]: CodeIgniter\Autoloader\Autoloader->loadClass()
 4 [internal function]: spl_autoload_call()
 5 SYSTEMPATH/CodeIgniter.php(846): class_exists()
 6 SYSTEMPATH/CodeIgniter.php(453): CodeIgniter\CodeIgniter->startController()
 7 SYSTEMPATH/CodeIgniter.php(349): CodeIgniter\CodeIgniter->handleRequest()
 8 FCPATH/index.php(55): CodeIgniter\CodeIgniter->run()
CRITICAL - 2022-08-18 20:40:07 --> Undefined variable: kode
in APPPATH/Views/pages/simproka1.php on line 708.
 1 APPPATH/Views/pages/simproka1.php(708): CodeIgniter\Debug\Exceptions->errorHandler()
 2 SYSTEMPATH/View/View.php(213): include('APPPATH/Views/pages/simproka1.php')
 3 SYSTEMPATH/View/View.php(216): CodeIgniter\View\View->CodeIgniter\View\{closure}()
 4 SYSTEMPATH/Common.php(1135): CodeIgniter\View\View->render()
 5 APPPATH/Controllers/Simproka1.php(125): view()
 6 SYSTEMPATH/CodeIgniter.php(896): App\Controllers\Simproka1->coba()
 7 SYSTEMPATH/CodeIgniter.php(466): CodeIgniter\CodeIgniter->runController()
 8 SYSTEMPATH/CodeIgniter.php(349): CodeIgniter\CodeIgniter->handleRequest()
 9 FCPATH/index.php(55): CodeIgniter\CodeIgniter->run()
CRITICAL - 2022-08-18 20:40:20 --> Undefined variable: kode
in APPPATH/Views/pages/simproka1.php on line 708.
 1 APPPATH/Views/pages/simproka1.php(708): CodeIgniter\Debug\Exceptions->errorHandler()
 2 SYSTEMPATH/View/View.php(213): include('APPPATH/Views/pages/simproka1.php')
 3 SYSTEMPATH/View/View.php(216): CodeIgniter\View\View->CodeIgniter\View\{closure}()
 4 SYSTEMPATH/Common.php(1135): CodeIgniter\View\View->render()
 5 APPPATH/Controllers/Simproka1.php(125): view()
 6 SYSTEMPATH/CodeIgniter.php(896): App\Controllers\Simproka1->coba()
 7 SYSTEMPATH/CodeIgniter.php(466): CodeIgniter\CodeIgniter->runController()
 8 SYSTEMPATH/CodeIgniter.php(349): CodeIgniter\CodeIgniter->handleRequest()
 9 FCPATH/index.php(55): CodeIgniter\CodeIgniter->run()
CRITICAL - 2022-08-18 20:41:20 --> syntax error, unexpected 'public' (T_PUBLIC)
in APPPATH/Controllers/Simproka1.php on line 130.
 1 SYSTEMPATH/Autoloader/Autoloader.php(261): CodeIgniter\Autoloader\Autoloader->includeFile()
 2 SYSTEMPATH/Autoloader/Autoloader.php(239): CodeIgniter\Autoloader\Autoloader->loadInNamespace()
 3 [internal function]: CodeIgniter\Autoloader\Autoloader->loadClass()
 4 [internal function]: spl_autoload_call()
 5 SYSTEMPATH/CodeIgniter.php(846): class_exists()
 6 SYSTEMPATH/CodeIgniter.php(453): CodeIgniter\CodeIgniter->startController()
 7 SYSTEMPATH/CodeIgniter.php(349): CodeIgniter\CodeIgniter->handleRequest()
 8 FCPATH/index.php(55): CodeIgniter\CodeIgniter->run()
CRITICAL - 2022-08-18 20:42:19 --> syntax error, unexpected 'public' (T_PUBLIC)
in APPPATH/Controllers/Simproka1.php on line 140.
 1 SYSTEMPATH/Autoloader/Autoloader.php(261): CodeIgniter\Autoloader\Autoloader->includeFile()
 2 SYSTEMPATH/Autoloader/Autoloader.php(239): CodeIgniter\Autoloader\Autoloader->loadInNamespace()
 3 [internal function]: CodeIgniter\Autoloader\Autoloader->loadClass()
 4 [internal function]: spl_autoload_call()
 5 SYSTEMPATH/CodeIgniter.php(846): class_exists()
 6 SYSTEMPATH/CodeIgniter.php(453): CodeIgniter\CodeIgniter->startController()
 7 SYSTEMPATH/CodeIgniter.php(349): CodeIgniter\CodeIgniter->handleRequest()
 8 FCPATH/index.php(55): CodeIgniter\CodeIgniter->run()
CRITICAL - 2022-08-18 20:42:20 --> syntax error, unexpected 'public' (T_PUBLIC)
in APPPATH/Controllers/Simproka1.php on line 140.
 1 SYSTEMPATH/Autoloader/Autoloader.php(261): CodeIgniter\Autoloader\Autoloader->includeFile()
 2 SYSTEMPATH/Autoloader/Autoloader.php(239): CodeIgniter\Autoloader\Autoloader->loadInNamespace()
 3 [internal function]: CodeIgniter\Autoloader\Autoloader->loadClass()
 4 [internal function]: spl_autoload_call()
 5 SYSTEMPATH/CodeIgniter.php(846): class_exists()
 6 SYSTEMPATH/CodeIgniter.php(453): CodeIgniter\CodeIgniter->startController()
 7 SYSTEMPATH/CodeIgniter.php(349): CodeIgniter\CodeIgniter->handleRequest()
 8 FCPATH/index.php(55): CodeIgniter\CodeIgniter->run()
CRITICAL - 2022-08-18 20:42:23 --> syntax error, unexpected 'public' (T_PUBLIC)
in APPPATH/Controllers/Simproka1.php on line 140.
 1 SYSTEMPATH/Autoloader/Autoloader.php(261): CodeIgniter\Autoloader\Autoloader->includeFile()
 2 SYSTEMPATH/Autoloader/Autoloader.php(239): CodeIgniter\Autoloader\Autoloader->loadInNamespace()
 3 [internal function]: CodeIgniter\Autoloader\Autoloader->loadClass()
 4 [internal function]: spl_autoload_call()
 5 SYSTEMPATH/CodeIgniter.php(846): class_exists()
 6 SYSTEMPATH/CodeIgniter.php(453): CodeIgniter\CodeIgniter->startController()
 7 SYSTEMPATH/CodeIgniter.php(349): CodeIgniter\CodeIgniter->handleRequest()
 8 FCPATH/index.php(55): CodeIgniter\CodeIgniter->run()
CRITICAL - 2022-08-18 20:47:17 --> Object of class CodeIgniter\HTTP\RedirectResponse could not be converted to string
in APPPATH/Controllers/Simproka1.php on line 224.
 1 SYSTEMPATH/CodeIgniter.php(896): App\Controllers\Simproka1->index()
 2 SYSTEMPATH/CodeIgniter.php(466): CodeIgniter\CodeIgniter->runController()
 3 SYSTEMPATH/CodeIgniter.php(349): CodeIgniter\CodeIgniter->handleRequest()
 4 FCPATH/index.php(55): CodeIgniter\CodeIgniter->run()
CRITICAL - 2022-08-18 20:54:06 --> Argument 2 passed to view() must be of the type array, string given, called in /var/www/ciapp3/app/Controllers/Simproka1.php on line 224
in SYSTEMPATH/Common.php on line 1121.
 1 APPPATH/Controllers/Simproka1.php(224): view()
 2 SYSTEMPATH/CodeIgniter.php(896): App\Controllers\Simproka1->index()
 3 SYSTEMPATH/CodeIgniter.php(466): CodeIgniter\CodeIgniter->runController()
 4 SYSTEMPATH/CodeIgniter.php(349): CodeIgniter\CodeIgniter->handleRequest()
 5 FCPATH/index.php(55): CodeIgniter\CodeIgniter->run()
CRITICAL - 2022-08-18 20:55:55 --> Invalid file: pages/simproka1/1.php
in SYSTEMPATH/Exceptions/FrameworkException.php on line 33.
 1 SYSTEMPATH/View/View.php(201): CodeIgniter\Exceptions\FrameworkException::forInvalidFile()
 2 SYSTEMPATH/Common.php(1135): CodeIgniter\View\View->render()
 3 APPPATH/Controllers/Simproka1.php(226): view()
 4 SYSTEMPATH/CodeIgniter.php(896): App\Controllers\Simproka1->index()
 5 SYSTEMPATH/CodeIgniter.php(466): CodeIgniter\CodeIgniter->runController()
 6 SYSTEMPATH/CodeIgniter.php(349): CodeIgniter\CodeIgniter->handleRequest()
 7 FCPATH/index.php(55): CodeIgniter\CodeIgniter->run()
CRITICAL - 2022-08-18 20:55:58 --> Invalid file: pages/simproka1/1.php
in SYSTEMPATH/Exceptions/FrameworkException.php on line 33.
 1 SYSTEMPATH/View/View.php(201): CodeIgniter\Exceptions\FrameworkException::forInvalidFile()
 2 SYSTEMPATH/Common.php(1135): CodeIgniter\View\View->render()
 3 APPPATH/Controllers/Simproka1.php(226): view()
 4 SYSTEMPATH/CodeIgniter.php(896): App\Controllers\Simproka1->index()
 5 SYSTEMPATH/CodeIgniter.php(466): CodeIgniter\CodeIgniter->runController()
 6 SYSTEMPATH/CodeIgniter.php(349): CodeIgniter\CodeIgniter->handleRequest()
 7 FCPATH/index.php(55): CodeIgniter\CodeIgniter->run()
CRITICAL - 2022-08-18 21:33:30 --> syntax error, unexpected 'public' (T_PUBLIC)
in APPPATH/Controllers/Simproka1.php on line 142.
 1 SYSTEMPATH/Autoloader/Autoloader.php(261): CodeIgniter\Autoloader\Autoloader->includeFile()
 2 SYSTEMPATH/Autoloader/Autoloader.php(239): CodeIgniter\Autoloader\Autoloader->loadInNamespace()
 3 [internal function]: CodeIgniter\Autoloader\Autoloader->loadClass()
 4 [internal function]: spl_autoload_call()
 5 SYSTEMPATH/CodeIgniter.php(846): class_exists()
 6 SYSTEMPATH/CodeIgniter.php(453): CodeIgniter\CodeIgniter->startController()
 7 SYSTEMPATH/CodeIgniter.php(349): CodeIgniter\CodeIgniter->handleRequest()
 8 FCPATH/index.php(55): CodeIgniter\CodeIgniter->run()
CRITICAL - 2022-08-18 21:34:08 --> syntax error, unexpected 'public' (T_PUBLIC)
in APPPATH/Controllers/Simproka1.php on line 142.
 1 SYSTEMPATH/Autoloader/Autoloader.php(261): CodeIgniter\Autoloader\Autoloader->includeFile()
 2 SYSTEMPATH/Autoloader/Autoloader.php(239): CodeIgniter\Autoloader\Autoloader->loadInNamespace()
 3 [internal function]: CodeIgniter\Autoloader\Autoloader->loadClass()
 4 [internal function]: spl_autoload_call()
 5 SYSTEMPATH/CodeIgniter.php(846): class_exists()
 6 SYSTEMPATH/CodeIgniter.php(453): CodeIgniter\CodeIgniter->startController()
 7 SYSTEMPATH/CodeIgniter.php(349): CodeIgniter\CodeIgniter->handleRequest()
 8 FCPATH/index.php(55): CodeIgniter\CodeIgniter->run()
CRITICAL - 2022-08-18 21:34:09 --> syntax error, unexpected 'public' (T_PUBLIC)
in APPPATH/Controllers/Simproka1.php on line 142.
 1 SYSTEMPATH/Autoloader/Autoloader.php(261): CodeIgniter\Autoloader\Autoloader->includeFile()
 2 SYSTEMPATH/Autoloader/Autoloader.php(239): CodeIgniter\Autoloader\Autoloader->loadInNamespace()
 3 [internal function]: CodeIgniter\Autoloader\Autoloader->loadClass()
 4 [internal function]: spl_autoload_call()
 5 SYSTEMPATH/CodeIgniter.php(846): class_exists()
 6 SYSTEMPATH/CodeIgniter.php(453): CodeIgniter\CodeIgniter->startController()
 7 SYSTEMPATH/CodeIgniter.php(349): CodeIgniter\CodeIgniter->handleRequest()
 8 FCPATH/index.php(55): CodeIgniter\CodeIgniter->run()
CRITICAL - 2022-08-18 21:34:12 --> syntax error, unexpected 'public' (T_PUBLIC)
in APPPATH/Controllers/Simproka1.php on line 142.
 1 SYSTEMPATH/Autoloader/Autoloader.php(261): CodeIgniter\Autoloader\Autoloader->includeFile()
 2 SYSTEMPATH/Autoloader/Autoloader.php(239): CodeIgniter\Autoloader\Autoloader->loadInNamespace()
 3 [internal function]: CodeIgniter\Autoloader\Autoloader->loadClass()
 4 [internal function]: spl_autoload_call()
 5 SYSTEMPATH/CodeIgniter.php(846): class_exists()
 6 SYSTEMPATH/CodeIgniter.php(453): CodeIgniter\CodeIgniter->startController()
 7 SYSTEMPATH/CodeIgniter.php(349): CodeIgniter\CodeIgniter->handleRequest()
 8 FCPATH/index.php(55): CodeIgniter\CodeIgniter->run()
CRITICAL - 2022-08-18 21:37:42 --> Argument 2 passed to view() must be of the type array, string given, called in /var/www/ciapp3/app/Controllers/Simproka1.php on line 46
in SYSTEMPATH/Common.php on line 1121.
 1 APPPATH/Controllers/Simproka1.php(46): view()
 2 SYSTEMPATH/CodeIgniter.php(896): App\Controllers\Simproka1->index()
 3 SYSTEMPATH/CodeIgniter.php(466): CodeIgniter\CodeIgniter->runController()
 4 SYSTEMPATH/CodeIgniter.php(349): CodeIgniter\CodeIgniter->handleRequest()
 5 FCPATH/index.php(55): CodeIgniter\CodeIgniter->run()
CRITICAL - 2022-08-18 21:38:34 --> Undefined variable: detail
in APPPATH/Views/pages/simproka1.php on line 61.
 1 APPPATH/Views/pages/simproka1.php(61): CodeIgniter\Debug\Exceptions->errorHandler()
 2 SYSTEMPATH/View/View.php(213): include('APPPATH/Views/pages/simproka1.php')
 3 SYSTEMPATH/View/View.php(216): CodeIgniter\View\View->CodeIgniter\View\{closure}()
 4 SYSTEMPATH/Common.php(1135): CodeIgniter\View\View->render()
 5 APPPATH/Controllers/Simproka1.php(77): view()
 6 SYSTEMPATH/CodeIgniter.php(896): App\Controllers\Simproka1->index()
 7 SYSTEMPATH/CodeIgniter.php(466): CodeIgniter\CodeIgniter->runController()
 8 SYSTEMPATH/CodeIgniter.php(349): CodeIgniter\CodeIgniter->handleRequest()
 9 FCPATH/index.php(55): CodeIgniter\CodeIgniter->run()
CRITICAL - 2022-08-18 21:39:14 --> Undefined variable: detail
in APPPATH/Views/pages/simproka1.php on line 61.
 1 APPPATH/Views/pages/simproka1.php(61): CodeIgniter\Debug\Exceptions->errorHandler()
 2 SYSTEMPATH/View/View.php(213): include('APPPATH/Views/pages/simproka1.php')
 3 SYSTEMPATH/View/View.php(216): CodeIgniter\View\View->CodeIgniter\View\{closure}()
 4 SYSTEMPATH/Common.php(1135): CodeIgniter\View\View->render()
 5 APPPATH/Controllers/Simproka1.php(79): view()
 6 SYSTEMPATH/CodeIgniter.php(896): App\Controllers\Simproka1->index()
 7 SYSTEMPATH/CodeIgniter.php(466): CodeIgniter\CodeIgniter->runController()
 8 SYSTEMPATH/CodeIgniter.php(349): CodeIgniter\CodeIgniter->handleRequest()
 9 FCPATH/index.php(55): CodeIgniter\CodeIgniter->run()
CRITICAL - 2022-08-18 21:39:15 --> Undefined variable: detail
in APPPATH/Views/pages/simproka1.php on line 61.
 1 APPPATH/Views/pages/simproka1.php(61): CodeIgniter\Debug\Exceptions->errorHandler()
 2 SYSTEMPATH/View/View.php(213): include('APPPATH/Views/pages/simproka1.php')
 3 SYSTEMPATH/View/View.php(216): CodeIgniter\View\View->CodeIgniter\View\{closure}()
 4 SYSTEMPATH/Common.php(1135): CodeIgniter\View\View->render()
 5 APPPATH/Controllers/Simproka1.php(79): view()
 6 SYSTEMPATH/CodeIgniter.php(896): App\Controllers\Simproka1->index()
 7 SYSTEMPATH/CodeIgniter.php(466): CodeIgniter\CodeIgniter->runController()
 8 SYSTEMPATH/CodeIgniter.php(349): CodeIgniter\CodeIgniter->handleRequest()
 9 FCPATH/index.php(55): CodeIgniter\CodeIgniter->run()
CRITICAL - 2022-08-18 21:39:18 --> Undefined variable: detail
in APPPATH/Views/pages/simproka1.php on line 61.
 1 APPPATH/Views/pages/simproka1.php(61): CodeIgniter\Debug\Exceptions->errorHandler()
 2 SYSTEMPATH/View/View.php(213): include('APPPATH/Views/pages/simproka1.php')
 3 SYSTEMPATH/View/View.php(216): CodeIgniter\View\View->CodeIgniter\View\{closure}()
 4 SYSTEMPATH/Common.php(1135): CodeIgniter\View\View->render()
 5 APPPATH/Controllers/Simproka1.php(79): view()
 6 SYSTEMPATH/CodeIgniter.php(896): App\Controllers\Simproka1->index()
 7 SYSTEMPATH/CodeIgniter.php(466): CodeIgniter\CodeIgniter->runController()
 8 SYSTEMPATH/CodeIgniter.php(349): CodeIgniter\CodeIgniter->handleRequest()
 9 FCPATH/index.php(55): CodeIgniter\CodeIgniter->run()
CRITICAL - 2022-08-18 21:39:22 --> Argument 2 passed to view() must be of the type array, string given, called in /var/www/ciapp3/app/Controllers/Simproka1.php on line 79
in SYSTEMPATH/Common.php on line 1121.
 1 APPPATH/Controllers/Simproka1.php(79): view()
 2 SYSTEMPATH/CodeIgniter.php(896): App\Controllers\Simproka1->index()
 3 SYSTEMPATH/CodeIgniter.php(466): CodeIgniter\CodeIgniter->runController()
 4 SYSTEMPATH/CodeIgniter.php(349): CodeIgniter\CodeIgniter->handleRequest()
 5 FCPATH/index.php(55): CodeIgniter\CodeIgniter->run()
CRITICAL - 2022-08-18 21:39:44 --> Undefined variable: data
in APPPATH/Views/pages/simproka1.php on line 336.
 1 APPPATH/Views/pages/simproka1.php(336): CodeIgniter\Debug\Exceptions->errorHandler()
 2 SYSTEMPATH/View/View.php(213): include('APPPATH/Views/pages/simproka1.php')
 3 SYSTEMPATH/View/View.php(216): CodeIgniter\View\View->CodeIgniter\View\{closure}()
 4 SYSTEMPATH/Common.php(1135): CodeIgniter\View\View->render()
 5 APPPATH/Controllers/Simproka1.php(79): view()
 6 SYSTEMPATH/CodeIgniter.php(896): App\Controllers\Simproka1->index()
 7 SYSTEMPATH/CodeIgniter.php(466): CodeIgniter\CodeIgniter->runController()
 8 SYSTEMPATH/CodeIgniter.php(349): CodeIgniter\CodeIgniter->handleRequest()
 9 FCPATH/index.php(55): CodeIgniter\CodeIgniter->run()
CRITICAL - 2022-08-18 21:41:06 --> Undefined variable: kode
in APPPATH/Views/pages/simproka1.php on line 708.
 1 APPPATH/Views/pages/simproka1.php(708): CodeIgniter\Debug\Exceptions->errorHandler()
 2 SYSTEMPATH/View/View.php(213): include('APPPATH/Views/pages/simproka1.php')
 3 SYSTEMPATH/View/View.php(216): CodeIgniter\View\View->CodeIgniter\View\{closure}()
 4 SYSTEMPATH/Common.php(1135): CodeIgniter\View\View->render()
 5 APPPATH/Controllers/Simproka1.php(78): view()
 6 SYSTEMPATH/CodeIgniter.php(896): App\Controllers\Simproka1->index()
 7 SYSTEMPATH/CodeIgniter.php(466): CodeIgniter\CodeIgniter->runController()
 8 SYSTEMPATH/CodeIgniter.php(349): CodeIgniter\CodeIgniter->handleRequest()
 9 FCPATH/index.php(55): CodeIgniter\CodeIgniter->run()
CRITICAL - 2022-08-18 21:50:18 --> Undefined variable: data
in APPPATH/Views/pages/simprokaDetail.php on line 149.
 1 APPPATH/Views/pages/simprokaDetail.php(149): CodeIgniter\Debug\Exceptions->errorHandler()
 2 SYSTEMPATH/View/View.php(213): include('APPPATH/Views/pages/simprokaDetail.php')
 3 SYSTEMPATH/View/View.php(216): CodeIgniter\View\View->CodeIgniter\View\{closure}()
 4 SYSTEMPATH/Common.php(1135): CodeIgniter\View\View->render()
 5 APPPATH/Controllers/Simproka.php(40): view()
 6 SYSTEMPATH/CodeIgniter.php(896): App\Controllers\Simproka->cobain()
 7 SYSTEMPATH/CodeIgniter.php(466): CodeIgniter\CodeIgniter->runController()
 8 SYSTEMPATH/CodeIgniter.php(349): CodeIgniter\CodeIgniter->handleRequest()
 9 FCPATH/index.php(55): CodeIgniter\CodeIgniter->run()
CRITICAL - 2022-08-18 21:50:59 --> Undefined variable: data
in APPPATH/Views/pages/simprokaDetail.php on line 149.
 1 APPPATH/Views/pages/simprokaDetail.php(149): CodeIgniter\Debug\Exceptions->errorHandler()
 2 SYSTEMPATH/View/View.php(213): include('APPPATH/Views/pages/simprokaDetail.php')
 3 SYSTEMPATH/View/View.php(216): CodeIgniter\View\View->CodeIgniter\View\{closure}()
 4 SYSTEMPATH/Common.php(1135): CodeIgniter\View\View->render()
 5 APPPATH/Controllers/Simproka.php(40): view()
 6 SYSTEMPATH/CodeIgniter.php(896): App\Controllers\Simproka->cobain()
 7 SYSTEMPATH/CodeIgniter.php(466): CodeIgniter\CodeIgniter->runController()
 8 SYSTEMPATH/CodeIgniter.php(349): CodeIgniter\CodeIgniter->handleRequest()
 9 FCPATH/index.php(55): CodeIgniter\CodeIgniter->run()
CRITICAL - 2022-08-18 21:57:39 --> Undefined variable: totalFile
in APPPATH/Views/pages/simproka1.php on line 449.
 1 APPPATH/Views/pages/simproka1.php(449): CodeIgniter\Debug\Exceptions->errorHandler()
 2 SYSTEMPATH/View/View.php(213): include('APPPATH/Views/pages/simproka1.php')
 3 SYSTEMPATH/View/View.php(216): CodeIgniter\View\View->CodeIgniter\View\{closure}()
 4 SYSTEMPATH/Common.php(1135): CodeIgniter\View\View->render()
 5 APPPATH/Controllers/Simproka1.php(61): view()
 6 SYSTEMPATH/CodeIgniter.php(896): App\Controllers\Simproka1->index()
 7 SYSTEMPATH/CodeIgniter.php(466): CodeIgniter\CodeIgniter->runController()
 8 SYSTEMPATH/CodeIgniter.php(349): CodeIgniter\CodeIgniter->handleRequest()
 9 FCPATH/index.php(55): CodeIgniter\CodeIgniter->run()
CRITICAL - 2022-08-18 21:58:08 --> Undefined variable: detail
in APPPATH/Views/pages/simproka1.php on line 61.
 1 APPPATH/Views/pages/simproka1.php(61): CodeIgniter\Debug\Exceptions->errorHandler()
 2 SYSTEMPATH/View/View.php(213): include('APPPATH/Views/pages/simproka1.php')
 3 SYSTEMPATH/View/View.php(216): CodeIgniter\View\View->CodeIgniter\View\{closure}()
 4 SYSTEMPATH/Common.php(1135): CodeIgniter\View\View->render()
 5 APPPATH/Controllers/Simproka1.php(62): view()
 6 SYSTEMPATH/CodeIgniter.php(896): App\Controllers\Simproka1->index()
 7 SYSTEMPATH/CodeIgniter.php(466): CodeIgniter\CodeIgniter->runController()
 8 SYSTEMPATH/CodeIgniter.php(349): CodeIgniter\CodeIgniter->handleRequest()
 9 FCPATH/index.php(55): CodeIgniter\CodeIgniter->run()
CRITICAL - 2022-08-18 21:58:34 --> Trying to access array offset on value of type int
in APPPATH/Views/pages/simproka1.php on line 449.
 1 APPPATH/Views/pages/simproka1.php(449): CodeIgniter\Debug\Exceptions->errorHandler()
 2 SYSTEMPATH/View/View.php(213): include('APPPATH/Views/pages/simproka1.php')
 3 SYSTEMPATH/View/View.php(216): CodeIgniter\View\View->CodeIgniter\View\{closure}()
 4 SYSTEMPATH/Common.php(1135): CodeIgniter\View\View->render()
 5 APPPATH/Controllers/Simproka1.php(62): view()
 6 SYSTEMPATH/CodeIgniter.php(896): App\Controllers\Simproka1->index()
 7 SYSTEMPATH/CodeIgniter.php(466): CodeIgniter\CodeIgniter->runController()
 8 SYSTEMPATH/CodeIgniter.php(349): CodeIgniter\CodeIgniter->handleRequest()
 9 FCPATH/index.php(55): CodeIgniter\CodeIgniter->run()
CRITICAL - 2022-08-18 21:59:14 --> Undefined index: DK.4470.BEI
in APPPATH/Views/pages/simproka1.php on line 449.
 1 APPPATH/Views/pages/simproka1.php(449): CodeIgniter\Debug\Exceptions->errorHandler()
 2 SYSTEMPATH/View/View.php(213): include('APPPATH/Views/pages/simproka1.php')
 3 SYSTEMPATH/View/View.php(216): CodeIgniter\View\View->CodeIgniter\View\{closure}()
 4 SYSTEMPATH/Common.php(1135): CodeIgniter\View\View->render()
 5 APPPATH/Controllers/Simproka1.php(62): view()
 6 SYSTEMPATH/CodeIgniter.php(896): App\Controllers\Simproka1->index()
 7 SYSTEMPATH/CodeIgniter.php(466): CodeIgniter\CodeIgniter->runController()
 8 SYSTEMPATH/CodeIgniter.php(349): CodeIgniter\CodeIgniter->handleRequest()
 9 FCPATH/index.php(55): CodeIgniter\CodeIgniter->run()
CRITICAL - 2022-08-18 21:59:43 --> Undefined variable: detail
in APPPATH/Views/pages/simproka1.php on line 61.
 1 APPPATH/Views/pages/simproka1.php(61): CodeIgniter\Debug\Exceptions->errorHandler()
 2 SYSTEMPATH/View/View.php(213): include('APPPATH/Views/pages/simproka1.php')
 3 SYSTEMPATH/View/View.php(216): CodeIgniter\View\View->CodeIgniter\View\{closure}()
 4 SYSTEMPATH/Common.php(1135): CodeIgniter\View\View->render()
 5 APPPATH/Controllers/Simproka1.php(62): view()
 6 SYSTEMPATH/CodeIgniter.php(896): App\Controllers\Simproka1->index()
 7 SYSTEMPATH/CodeIgniter.php(466): CodeIgniter\CodeIgniter->runController()
 8 SYSTEMPATH/CodeIgniter.php(349): CodeIgniter\CodeIgniter->handleRequest()
 9 FCPATH/index.php(55): CodeIgniter\CodeIgniter->run()
CRITICAL - 2022-08-18 21:59:50 --> Undefined variable: detail
in APPPATH/Views/pages/simproka1.php on line 61.
 1 APPPATH/Views/pages/simproka1.php(61): CodeIgniter\Debug\Exceptions->errorHandler()
 2 SYSTEMPATH/View/View.php(213): include('APPPATH/Views/pages/simproka1.php')
 3 SYSTEMPATH/View/View.php(216): CodeIgniter\View\View->CodeIgniter\View\{closure}()
 4 SYSTEMPATH/Common.php(1135): CodeIgniter\View\View->render()
 5 APPPATH/Controllers/Simproka1.php(62): view()
 6 SYSTEMPATH/CodeIgniter.php(896): App\Controllers\Simproka1->index()
 7 SYSTEMPATH/CodeIgniter.php(466): CodeIgniter\CodeIgniter->runController()
 8 SYSTEMPATH/CodeIgniter.php(349): CodeIgniter\CodeIgniter->handleRequest()
 9 FCPATH/index.php(55): CodeIgniter\CodeIgniter->run()
CRITICAL - 2022-08-18 21:59:52 --> Undefined variable: detail
in APPPATH/Views/pages/simproka1.php on line 61.
 1 APPPATH/Views/pages/simproka1.php(61): CodeIgniter\Debug\Exceptions->errorHandler()
 2 SYSTEMPATH/View/View.php(213): include('APPPATH/Views/pages/simproka1.php')
 3 SYSTEMPATH/View/View.php(216): CodeIgniter\View\View->CodeIgniter\View\{closure}()
 4 SYSTEMPATH/Common.php(1135): CodeIgniter\View\View->render()
 5 APPPATH/Controllers/Simproka1.php(62): view()
 6 SYSTEMPATH/CodeIgniter.php(896): App\Controllers\Simproka1->index()
 7 SYSTEMPATH/CodeIgniter.php(466): CodeIgniter\CodeIgniter->runController()
 8 SYSTEMPATH/CodeIgniter.php(349): CodeIgniter\CodeIgniter->handleRequest()
 9 FCPATH/index.php(55): CodeIgniter\CodeIgniter->run()
CRITICAL - 2022-08-18 22:00:05 --> Undefined variable: detail
in APPPATH/Views/pages/simproka1.php on line 61.
 1 APPPATH/Views/pages/simproka1.php(61): CodeIgniter\Debug\Exceptions->errorHandler()
 2 SYSTEMPATH/View/View.php(213): include('APPPATH/Views/pages/simproka1.php')
 3 SYSTEMPATH/View/View.php(216): CodeIgniter\View\View->CodeIgniter\View\{closure}()
 4 SYSTEMPATH/Common.php(1135): CodeIgniter\View\View->render()
 5 APPPATH/Controllers/Simproka1.php(62): view()
 6 SYSTEMPATH/CodeIgniter.php(896): App\Controllers\Simproka1->index()
 7 SYSTEMPATH/CodeIgniter.php(466): CodeIgniter\CodeIgniter->runController()
 8 SYSTEMPATH/CodeIgniter.php(349): CodeIgniter\CodeIgniter->handleRequest()
 9 FCPATH/index.php(55): CodeIgniter\CodeIgniter->run()
CRITICAL - 2022-08-18 23:08:48 --> syntax error, unexpected 'public' (T_PUBLIC)
in APPPATH/Controllers/Simproka1.php on line 40.
 1 SYSTEMPATH/Router/Router.php(499): CodeIgniter\Router\AutoRouter->getRoute()
 2 SYSTEMPATH/Router/Router.php(205): CodeIgniter\Router\Router->autoRoute()
 3 SYSTEMPATH/CodeIgniter.php(771): CodeIgniter\Router\Router->handle()
 4 SYSTEMPATH/CodeIgniter.php(415): CodeIgniter\CodeIgniter->tryToRouteIt()
 5 SYSTEMPATH/CodeIgniter.php(349): CodeIgniter\CodeIgniter->handleRequest()
 6 FCPATH/index.php(55): CodeIgniter\CodeIgniter->run()
CRITICAL - 2022-08-18 23:09:03 --> Undefined variable: detail
in APPPATH/Views/pages/simproka1.php on line 61.
 1 APPPATH/Views/pages/simproka1.php(61): CodeIgniter\Debug\Exceptions->errorHandler()
 2 SYSTEMPATH/View/View.php(213): include('APPPATH/Views/pages/simproka1.php')
 3 SYSTEMPATH/View/View.php(216): CodeIgniter\View\View->CodeIgniter\View\{closure}()
 4 SYSTEMPATH/Common.php(1135): CodeIgniter\View\View->render()
 5 APPPATH/Controllers/Simproka1.php(91): view()
 6 SYSTEMPATH/CodeIgniter.php(896): App\Controllers\Simproka1->index()
 7 SYSTEMPATH/CodeIgniter.php(466): CodeIgniter\CodeIgniter->runController()
 8 SYSTEMPATH/CodeIgniter.php(349): CodeIgniter\CodeIgniter->handleRequest()
 9 FCPATH/index.php(55): CodeIgniter\CodeIgniter->run()
CRITICAL - 2022-08-18 23:09:26 --> Undefined variable: detail
in APPPATH/Views/pages/simproka1.php on line 61.
 1 APPPATH/Views/pages/simproka1.php(61): CodeIgniter\Debug\Exceptions->errorHandler()
 2 SYSTEMPATH/View/View.php(213): include('APPPATH/Views/pages/simproka1.php')
 3 SYSTEMPATH/View/View.php(216): CodeIgniter\View\View->CodeIgniter\View\{closure}()
 4 SYSTEMPATH/Common.php(1135): CodeIgniter\View\View->render()
 5 APPPATH/Controllers/Simproka1.php(91): view()
 6 SYSTEMPATH/CodeIgniter.php(896): App\Controllers\Simproka1->index()
 7 SYSTEMPATH/CodeIgniter.php(466): CodeIgniter\CodeIgniter->runController()
 8 SYSTEMPATH/CodeIgniter.php(349): CodeIgniter\CodeIgniter->handleRequest()
 9 FCPATH/index.php(55): CodeIgniter\CodeIgniter->run()
CRITICAL - 2022-08-18 23:09:27 --> Undefined variable: detail
in APPPATH/Views/pages/simproka1.php on line 61.
 1 APPPATH/Views/pages/simproka1.php(61): CodeIgniter\Debug\Exceptions->errorHandler()
 2 SYSTEMPATH/View/View.php(213): include('APPPATH/Views/pages/simproka1.php')
 3 SYSTEMPATH/View/View.php(216): CodeIgniter\View\View->CodeIgniter\View\{closure}()
 4 SYSTEMPATH/Common.php(1135): CodeIgniter\View\View->render()
 5 APPPATH/Controllers/Simproka1.php(91): view()
 6 SYSTEMPATH/CodeIgniter.php(896): App\Controllers\Simproka1->index()
 7 SYSTEMPATH/CodeIgniter.php(466): CodeIgniter\CodeIgniter->runController()
 8 SYSTEMPATH/CodeIgniter.php(349): CodeIgniter\CodeIgniter->handleRequest()
 9 FCPATH/index.php(55): CodeIgniter\CodeIgniter->run()
CRITICAL - 2022-08-18 23:09:37 --> Undefined variable: detail
in APPPATH/Views/pages/simproka1.php on line 61.
 1 APPPATH/Views/pages/simproka1.php(61): CodeIgniter\Debug\Exceptions->errorHandler()
 2 SYSTEMPATH/View/View.php(213): include('APPPATH/Views/pages/simproka1.php')
 3 SYSTEMPATH/View/View.php(216): CodeIgniter\View\View->CodeIgniter\View\{closure}()
 4 SYSTEMPATH/Common.php(1135): CodeIgniter\View\View->render()
 5 APPPATH/Controllers/Simproka1.php(91): view()
 6 SYSTEMPATH/CodeIgniter.php(896): App\Controllers\Simproka1->index()
 7 SYSTEMPATH/CodeIgniter.php(466): CodeIgniter\CodeIgniter->runController()
 8 SYSTEMPATH/CodeIgniter.php(349): CodeIgniter\CodeIgniter->handleRequest()
 9 FCPATH/index.php(55): CodeIgniter\CodeIgniter->run()
CRITICAL - 2022-08-18 23:10:31 --> Undefined variable: detail
in APPPATH/Views/pages/simproka1.php on line 61.
 1 APPPATH/Views/pages/simproka1.php(61): CodeIgniter\Debug\Exceptions->errorHandler()
 2 SYSTEMPATH/View/View.php(213): include('APPPATH/Views/pages/simproka1.php')
 3 SYSTEMPATH/View/View.php(216): CodeIgniter\View\View->CodeIgniter\View\{closure}()
 4 SYSTEMPATH/Common.php(1135): CodeIgniter\View\View->render()
 5 APPPATH/Controllers/Simproka1.php(91): view()
 6 SYSTEMPATH/CodeIgniter.php(896): App\Controllers\Simproka1->index()
 7 SYSTEMPATH/CodeIgniter.php(466): CodeIgniter\CodeIgniter->runController()
 8 SYSTEMPATH/CodeIgniter.php(349): CodeIgniter\CodeIgniter->handleRequest()
 9 FCPATH/index.php(55): CodeIgniter\CodeIgniter->run()
CRITICAL - 2022-08-18 23:10:32 --> Undefined variable: detail
in APPPATH/Views/pages/simproka1.php on line 61.
 1 APPPATH/Views/pages/simproka1.php(61): CodeIgniter\Debug\Exceptions->errorHandler()
 2 SYSTEMPATH/View/View.php(213): include('APPPATH/Views/pages/simproka1.php')
 3 SYSTEMPATH/View/View.php(216): CodeIgniter\View\View->CodeIgniter\View\{closure}()
 4 SYSTEMPATH/Common.php(1135): CodeIgniter\View\View->render()
 5 APPPATH/Controllers/Simproka1.php(91): view()
 6 SYSTEMPATH/CodeIgniter.php(896): App\Controllers\Simproka1->index()
 7 SYSTEMPATH/CodeIgniter.php(466): CodeIgniter\CodeIgniter->runController()
 8 SYSTEMPATH/CodeIgniter.php(349): CodeIgniter\CodeIgniter->handleRequest()
 9 FCPATH/index.php(55): CodeIgniter\CodeIgniter->run()
CRITICAL - 2022-08-18 23:10:32 --> Undefined variable: detail
in APPPATH/Views/pages/simproka1.php on line 61.
 1 APPPATH/Views/pages/simproka1.php(61): CodeIgniter\Debug\Exceptions->errorHandler()
 2 SYSTEMPATH/View/View.php(213): include('APPPATH/Views/pages/simproka1.php')
 3 SYSTEMPATH/View/View.php(216): CodeIgniter\View\View->CodeIgniter\View\{closure}()
 4 SYSTEMPATH/Common.php(1135): CodeIgniter\View\View->render()
 5 APPPATH/Controllers/Simproka1.php(91): view()
 6 SYSTEMPATH/CodeIgniter.php(896): App\Controllers\Simproka1->index()
 7 SYSTEMPATH/CodeIgniter.php(466): CodeIgniter\CodeIgniter->runController()
 8 SYSTEMPATH/CodeIgniter.php(349): CodeIgniter\CodeIgniter->handleRequest()
 9 FCPATH/index.php(55): CodeIgniter\CodeIgniter->run()
CRITICAL - 2022-08-18 23:10:33 --> Undefined variable: detail
in APPPATH/Views/pages/simproka1.php on line 61.
 1 APPPATH/Views/pages/simproka1.php(61): CodeIgniter\Debug\Exceptions->errorHandler()
 2 SYSTEMPATH/View/View.php(213): include('APPPATH/Views/pages/simproka1.php')
 3 SYSTEMPATH/View/View.php(216): CodeIgniter\View\View->CodeIgniter\View\{closure}()
 4 SYSTEMPATH/Common.php(1135): CodeIgniter\View\View->render()
 5 APPPATH/Controllers/Simproka1.php(91): view()
 6 SYSTEMPATH/CodeIgniter.php(896): App\Controllers\Simproka1->index()
 7 SYSTEMPATH/CodeIgniter.php(466): CodeIgniter\CodeIgniter->runController()
 8 SYSTEMPATH/CodeIgniter.php(349): CodeIgniter\CodeIgniter->handleRequest()
 9 FCPATH/index.php(55): CodeIgniter\CodeIgniter->run()
CRITICAL - 2022-08-18 23:10:34 --> Undefined variable: detail
in APPPATH/Views/pages/simproka1.php on line 61.
 1 APPPATH/Views/pages/simproka1.php(61): CodeIgniter\Debug\Exceptions->errorHandler()
 2 SYSTEMPATH/View/View.php(213): include('APPPATH/Views/pages/simproka1.php')
 3 SYSTEMPATH/View/View.php(216): CodeIgniter\View\View->CodeIgniter\View\{closure}()
 4 SYSTEMPATH/Common.php(1135): CodeIgniter\View\View->render()
 5 APPPATH/Controllers/Simproka1.php(91): view()
 6 SYSTEMPATH/CodeIgniter.php(896): App\Controllers\Simproka1->index()
 7 SYSTEMPATH/CodeIgniter.php(466): CodeIgniter\CodeIgniter->runController()
 8 SYSTEMPATH/CodeIgniter.php(349): CodeIgniter\CodeIgniter->handleRequest()
 9 FCPATH/index.php(55): CodeIgniter\CodeIgniter->run()
CRITICAL - 2022-08-18 23:11:49 --> Undefined variable: detail
in APPPATH/Views/pages/simproka1.php on line 61.
 1 APPPATH/Views/pages/simproka1.php(61): CodeIgniter\Debug\Exceptions->errorHandler()
 2 SYSTEMPATH/View/View.php(213): include('APPPATH/Views/pages/simproka1.php')
 3 SYSTEMPATH/View/View.php(216): CodeIgniter\View\View->CodeIgniter\View\{closure}()
 4 SYSTEMPATH/Common.php(1135): CodeIgniter\View\View->render()
 5 APPPATH/Controllers/Simproka1.php(91): view()
 6 SYSTEMPATH/CodeIgniter.php(896): App\Controllers\Simproka1->index()
 7 SYSTEMPATH/CodeIgniter.php(466): CodeIgniter\CodeIgniter->runController()
 8 SYSTEMPATH/CodeIgniter.php(349): CodeIgniter\CodeIgniter->handleRequest()
 9 FCPATH/index.php(55): CodeIgniter\CodeIgniter->run()
CRITICAL - 2022-08-18 23:15:51 --> Undefined variable: detail
in APPPATH/Views/pages/simproka1.php on line 61.
 1 APPPATH/Views/pages/simproka1.php(61): CodeIgniter\Debug\Exceptions->errorHandler()
 2 SYSTEMPATH/View/View.php(213): include('APPPATH/Views/pages/simproka1.php')
 3 SYSTEMPATH/View/View.php(216): CodeIgniter\View\View->CodeIgniter\View\{closure}()
 4 SYSTEMPATH/Common.php(1135): CodeIgniter\View\View->render()
 5 APPPATH/Controllers/Simproka1.php(91): view()
 6 SYSTEMPATH/CodeIgniter.php(896): App\Controllers\Simproka1->index()
 7 SYSTEMPATH/CodeIgniter.php(466): CodeIgniter\CodeIgniter->runController()
 8 SYSTEMPATH/CodeIgniter.php(349): CodeIgniter\CodeIgniter->handleRequest()
 9 FCPATH/index.php(55): CodeIgniter\CodeIgniter->run()
CRITICAL - 2022-08-18 23:15:56 --> Undefined variable: detail
in APPPATH/Views/pages/simproka1.php on line 61.
 1 APPPATH/Views/pages/simproka1.php(61): CodeIgniter\Debug\Exceptions->errorHandler()
 2 SYSTEMPATH/View/View.php(213): include('APPPATH/Views/pages/simproka1.php')
 3 SYSTEMPATH/View/View.php(216): CodeIgniter\View\View->CodeIgniter\View\{closure}()
 4 SYSTEMPATH/Common.php(1135): CodeIgniter\View\View->render()
 5 APPPATH/Controllers/Simproka1.php(91): view()
 6 SYSTEMPATH/CodeIgniter.php(896): App\Controllers\Simproka1->index()
 7 SYSTEMPATH/CodeIgniter.php(466): CodeIgniter\CodeIgniter->runController()
 8 SYSTEMPATH/CodeIgniter.php(349): CodeIgniter\CodeIgniter->handleRequest()
 9 FCPATH/index.php(55): CodeIgniter\CodeIgniter->run()
CRITICAL - 2022-08-18 23:16:30 --> Undefined variable: detail
in APPPATH/Views/pages/simproka1.php on line 61.
 1 APPPATH/Views/pages/simproka1.php(61): CodeIgniter\Debug\Exceptions->errorHandler()
 2 SYSTEMPATH/View/View.php(213): include('APPPATH/Views/pages/simproka1.php')
 3 SYSTEMPATH/View/View.php(216): CodeIgniter\View\View->CodeIgniter\View\{closure}()
 4 SYSTEMPATH/Common.php(1135): CodeIgniter\View\View->render()
 5 APPPATH/Controllers/Simproka1.php(91): view()
 6 SYSTEMPATH/CodeIgniter.php(896): App\Controllers\Simproka1->index()
 7 SYSTEMPATH/CodeIgniter.php(466): CodeIgniter\CodeIgniter->runController()
 8 SYSTEMPATH/CodeIgniter.php(349): CodeIgniter\CodeIgniter->handleRequest()
 9 FCPATH/index.php(55): CodeIgniter\CodeIgniter->run()
CRITICAL - 2022-08-18 23:19:12 --> Undefined index: detail
in APPPATH/Controllers/Simproka1.php on line 294.
 1 APPPATH/Controllers/Simproka1.php(294): CodeIgniter\Debug\Exceptions->errorHandler()
 2 SYSTEMPATH/CodeIgniter.php(896): App\Controllers\Simproka1->aksesData()
 3 SYSTEMPATH/CodeIgniter.php(466): CodeIgniter\CodeIgniter->runController()
 4 SYSTEMPATH/CodeIgniter.php(349): CodeIgniter\CodeIgniter->handleRequest()
 5 FCPATH/index.php(55): CodeIgniter\CodeIgniter->run()
CRITICAL - 2022-08-18 23:20:23 --> Undefined index: detail
in APPPATH/Controllers/Simproka1.php on line 294.
 1 APPPATH/Controllers/Simproka1.php(294): CodeIgniter\Debug\Exceptions->errorHandler()
 2 SYSTEMPATH/CodeIgniter.php(896): App\Controllers\Simproka1->aksesData()
 3 SYSTEMPATH/CodeIgniter.php(466): CodeIgniter\CodeIgniter->runController()
 4 SYSTEMPATH/CodeIgniter.php(349): CodeIgniter\CodeIgniter->handleRequest()
 5 FCPATH/index.php(55): CodeIgniter\CodeIgniter->run()
CRITICAL - 2022-08-18 23:20:27 --> Undefined index: detail
in APPPATH/Controllers/Simproka1.php on line 294.
 1 APPPATH/Controllers/Simproka1.php(294): CodeIgniter\Debug\Exceptions->errorHandler()
 2 SYSTEMPATH/CodeIgniter.php(896): App\Controllers\Simproka1->aksesData()
 3 SYSTEMPATH/CodeIgniter.php(466): CodeIgniter\CodeIgniter->runController()
 4 SYSTEMPATH/CodeIgniter.php(349): CodeIgniter\CodeIgniter->handleRequest()
 5 FCPATH/index.php(55): CodeIgniter\CodeIgniter->run()
CRITICAL - 2022-08-18 23:42:19 --> Undefined variable: d
in APPPATH/Views/pages/simproka1.php on line 477.
 1 APPPATH/Views/pages/simproka1.php(477): CodeIgniter\Debug\Exceptions->errorHandler()
 2 SYSTEMPATH/View/View.php(213): include('APPPATH/Views/pages/simproka1.php')
 3 SYSTEMPATH/View/View.php(216): CodeIgniter\View\View->CodeIgniter\View\{closure}()
 4 SYSTEMPATH/Common.php(1135): CodeIgniter\View\View->render()
 5 APPPATH/Controllers/Simproka1.php(99): view()
 6 SYSTEMPATH/CodeIgniter.php(896): App\Controllers\Simproka1->index()
 7 SYSTEMPATH/CodeIgniter.php(466): CodeIgniter\CodeIgniter->runController()
 8 SYSTEMPATH/CodeIgniter.php(349): CodeIgniter\CodeIgniter->handleRequest()
 9 FCPATH/index.php(55): CodeIgniter\CodeIgniter->run()
CRITICAL - 2022-08-18 23:42:48 --> Undefined variable: d
in APPPATH/Views/pages/simproka1.php on line 477.
 1 APPPATH/Views/pages/simproka1.php(477): CodeIgniter\Debug\Exceptions->errorHandler()
 2 SYSTEMPATH/View/View.php(213): include('APPPATH/Views/pages/simproka1.php')
 3 SYSTEMPATH/View/View.php(216): CodeIgniter\View\View->CodeIgniter\View\{closure}()
 4 SYSTEMPATH/Common.php(1135): CodeIgniter\View\View->render()
 5 APPPATH/Controllers/Simproka1.php(99): view()
 6 SYSTEMPATH/CodeIgniter.php(896): App\Controllers\Simproka1->index()
 7 SYSTEMPATH/CodeIgniter.php(466): CodeIgniter\CodeIgniter->runController()
 8 SYSTEMPATH/CodeIgniter.php(349): CodeIgniter\CodeIgniter->handleRequest()
 9 FCPATH/index.php(55): CodeIgniter\CodeIgniter->run()
CRITICAL - 2022-08-18 23:45:23 --> Undefined variable: d
in APPPATH/Views/pages/simproka1.php on line 477.
 1 APPPATH/Views/pages/simproka1.php(477): CodeIgniter\Debug\Exceptions->errorHandler()
 2 SYSTEMPATH/View/View.php(213): include('APPPATH/Views/pages/simproka1.php')
 3 SYSTEMPATH/View/View.php(216): CodeIgniter\View\View->CodeIgniter\View\{closure}()
 4 SYSTEMPATH/Common.php(1135): CodeIgniter\View\View->render()
 5 APPPATH/Controllers/Simproka1.php(99): view()
 6 SYSTEMPATH/CodeIgniter.php(896): App\Controllers\Simproka1->index()
 7 SYSTEMPATH/CodeIgniter.php(466): CodeIgniter\CodeIgniter->runController()
 8 SYSTEMPATH/CodeIgniter.php(349): CodeIgniter\CodeIgniter->handleRequest()
 9 FCPATH/index.php(55): CodeIgniter\CodeIgniter->run()
CRITICAL - 2022-08-18 23:45:25 --> Undefined variable: d
in APPPATH/Views/pages/simproka1.php on line 477.
 1 APPPATH/Views/pages/simproka1.php(477): CodeIgniter\Debug\Exceptions->errorHandler()
 2 SYSTEMPATH/View/View.php(213): include('APPPATH/Views/pages/simproka1.php')
 3 SYSTEMPATH/View/View.php(216): CodeIgniter\View\View->CodeIgniter\View\{closure}()
 4 SYSTEMPATH/Common.php(1135): CodeIgniter\View\View->render()
 5 APPPATH/Controllers/Simproka1.php(99): view()
 6 SYSTEMPATH/CodeIgniter.php(896): App\Controllers\Simproka1->index()
 7 SYSTEMPATH/CodeIgniter.php(466): CodeIgniter\CodeIgniter->runController()
 8 SYSTEMPATH/CodeIgniter.php(349): CodeIgniter\CodeIgniter->handleRequest()
 9 FCPATH/index.php(55): CodeIgniter\CodeIgniter->run()
CRITICAL - 2022-08-18 23:45:27 --> Undefined variable: d
in APPPATH/Views/pages/simproka1.php on line 477.
 1 APPPATH/Views/pages/simproka1.php(477): CodeIgniter\Debug\Exceptions->errorHandler()
 2 SYSTEMPATH/View/View.php(213): include('APPPATH/Views/pages/simproka1.php')
 3 SYSTEMPATH/View/View.php(216): CodeIgniter\View\View->CodeIgniter\View\{closure}()
 4 SYSTEMPATH/Common.php(1135): CodeIgniter\View\View->render()
 5 APPPATH/Controllers/Simproka1.php(99): view()
 6 SYSTEMPATH/CodeIgniter.php(896): App\Controllers\Simproka1->index()
 7 SYSTEMPATH/CodeIgniter.php(466): CodeIgniter\CodeIgniter->runController()
 8 SYSTEMPATH/CodeIgniter.php(349): CodeIgniter\CodeIgniter->handleRequest()
 9 FCPATH/index.php(55): CodeIgniter\CodeIgniter->run()
CRITICAL - 2022-08-18 23:49:39 --> Undefined variable: d
in APPPATH/Views/pages/simproka1.php on line 477.
 1 APPPATH/Views/pages/simproka1.php(477): CodeIgniter\Debug\Exceptions->errorHandler()
 2 SYSTEMPATH/View/View.php(213): include('APPPATH/Views/pages/simproka1.php')
 3 SYSTEMPATH/View/View.php(216): CodeIgniter\View\View->CodeIgniter\View\{closure}()
 4 SYSTEMPATH/Common.php(1135): CodeIgniter\View\View->render()
 5 APPPATH/Controllers/Simproka1.php(99): view()
 6 SYSTEMPATH/CodeIgniter.php(896): App\Controllers\Simproka1->index()
 7 SYSTEMPATH/CodeIgniter.php(466): CodeIgniter\CodeIgniter->runController()
 8 SYSTEMPATH/CodeIgniter.php(349): CodeIgniter\CodeIgniter->handleRequest()
 9 FCPATH/index.php(55): CodeIgniter\CodeIgniter->run()
CRITICAL - 2022-08-18 23:49:43 --> Undefined variable: d
in APPPATH/Views/pages/simproka1.php on line 477.
 1 APPPATH/Views/pages/simproka1.php(477): CodeIgniter\Debug\Exceptions->errorHandler()
 2 SYSTEMPATH/View/View.php(213): include('APPPATH/Views/pages/simproka1.php')
 3 SYSTEMPATH/View/View.php(216): CodeIgniter\View\View->CodeIgniter\View\{closure}()
 4 SYSTEMPATH/Common.php(1135): CodeIgniter\View\View->render()
 5 APPPATH/Controllers/Simproka1.php(99): view()
 6 SYSTEMPATH/CodeIgniter.php(896): App\Controllers\Simproka1->index()
 7 SYSTEMPATH/CodeIgniter.php(466): CodeIgniter\CodeIgniter->runController()
 8 SYSTEMPATH/CodeIgniter.php(349): CodeIgniter\CodeIgniter->handleRequest()
 9 FCPATH/index.php(55): CodeIgniter\CodeIgniter->run()
