CRITICAL - 2022-08-25 02:02:51 --> Argument 2 passed to view() must be of the type array, null given, called in /var/www/ciapp3/app/Controllers/Simproka1.php on line 33
in SYSTEMPATH/Common.php on line 1121.
 1 APPPATH/Controllers/Simproka1.php(33): view()
 2 SYSTEMPATH/CodeIgniter.php(896): App\Controllers\Simproka1->edit()
 3 SYSTEMPATH/CodeIgniter.php(466): CodeIgniter\CodeIgniter->runController()
 4 SYSTEMPATH/CodeIgniter.php(349): CodeIgniter\CodeIgniter->handleRequest()
 5 FCPATH/index.php(55): CodeIgniter\CodeIgniter->run()
CRITICAL - 2022-08-25 02:06:06 --> Argument 2 passed to view() must be of the type array, null given, called in /var/www/ciapp3/app/Controllers/Simproka1.php on line 33
in SYSTEMPATH/Common.php on line 1121.
 1 APPPATH/Controllers/Simproka1.php(33): view()
 2 SYSTEMPATH/CodeIgniter.php(896): App\Controllers\Simproka1->edit()
 3 SYSTEMPATH/CodeIgniter.php(466): CodeIgniter\CodeIgniter->runController()
 4 SYSTEMPATH/CodeIgniter.php(349): CodeIgniter\CodeIgniter->handleRequest()
 5 FCPATH/index.php(55): CodeIgniter\CodeIgniter->run()
CRITICAL - 2022-08-25 02:07:46 --> Argument 2 passed to view() must be of the type array, null given, called in /var/www/ciapp3/app/Controllers/Simproka1.php on line 157
in SYSTEMPATH/Common.php on line 1121.
 1 APPPATH/Controllers/Simproka1.php(157): view()
 2 SYSTEMPATH/CodeIgniter.php(896): App\Controllers\Simproka1->index()
 3 SYSTEMPATH/CodeIgniter.php(466): CodeIgniter\CodeIgniter->runController()
 4 SYSTEMPATH/CodeIgniter.php(349): CodeIgniter\CodeIgniter->handleRequest()
 5 FCPATH/index.php(55): CodeIgniter\CodeIgniter->run()
CRITICAL - 2022-08-25 02:32:54 --> Undefined variable: detail
in APPPATH/Controllers/Simproka1.php on line 667.
 1 APPPATH/Controllers/Simproka1.php(667): CodeIgniter\Debug\Exceptions->errorHandler()
 2 SYSTEMPATH/CodeIgniter.php(896): App\Controllers\Simproka1->insertSimproka()
 3 SYSTEMPATH/CodeIgniter.php(466): CodeIgniter\CodeIgniter->runController()
 4 SYSTEMPATH/CodeIgniter.php(349): CodeIgniter\CodeIgniter->handleRequest()
 5 FCPATH/index.php(55): CodeIgniter\CodeIgniter->run()
CRITICAL - 2022-08-25 02:33:10 --> Undefined variable: detail
in APPPATH/Controllers/Simproka1.php on line 667.
 1 APPPATH/Controllers/Simproka1.php(667): CodeIgniter\Debug\Exceptions->errorHandler()
 2 SYSTEMPATH/CodeIgniter.php(896): App\Controllers\Simproka1->insertSimproka()
 3 SYSTEMPATH/CodeIgniter.php(466): CodeIgniter\CodeIgniter->runController()
 4 SYSTEMPATH/CodeIgniter.php(349): CodeIgniter\CodeIgniter->handleRequest()
 5 FCPATH/index.php(55): CodeIgniter\CodeIgniter->run()
CRITICAL - 2022-08-25 03:50:11 --> Undefined index: kode1
in APPPATH/Controllers/Simproka1.php on line 687.
 1 APPPATH/Controllers/Simproka1.php(687): CodeIgniter\Debug\Exceptions->errorHandler()
 2 SYSTEMPATH/CodeIgniter.php(896): App\Controllers\Simproka1->insertSimproka()
 3 SYSTEMPATH/CodeIgniter.php(466): CodeIgniter\CodeIgniter->runController()
 4 SYSTEMPATH/CodeIgniter.php(349): CodeIgniter\CodeIgniter->handleRequest()
 5 FCPATH/index.php(55): CodeIgniter\CodeIgniter->run()
CRITICAL - 2022-08-25 04:01:42 --> Too few arguments to function CodeIgniter\HTTP\RedirectResponse::with(), 1 passed in /var/www/ciapp3/app/Controllers/Simproka1.php on line 690 and exactly 2 expected
in SYSTEMPATH/HTTP/RedirectResponse.php on line 130.
 1 APPPATH/Controllers/Simproka1.php(690): CodeIgniter\HTTP\RedirectResponse->with()
 2 SYSTEMPATH/CodeIgniter.php(896): App\Controllers\Simproka1->insertSimproka()
 3 SYSTEMPATH/CodeIgniter.php(466): CodeIgniter\CodeIgniter->runController()
 4 SYSTEMPATH/CodeIgniter.php(349): CodeIgniter\CodeIgniter->handleRequest()
 5 FCPATH/index.php(55): CodeIgniter\CodeIgniter->run()
CRITICAL - 2022-08-25 07:22:57 --> syntax error, unexpected ')'
in APPPATH/Views/pages/simproka1.php on line 825.
 1 SYSTEMPATH/View/View.php(216): CodeIgniter\View\View->CodeIgniter\View\{closure}()
 2 SYSTEMPATH/Common.php(1135): CodeIgniter\View\View->render()
 3 APPPATH/Controllers/Simproka1.php(165): view()
 4 SYSTEMPATH/CodeIgniter.php(896): App\Controllers\Simproka1->index()
 5 SYSTEMPATH/CodeIgniter.php(466): CodeIgniter\CodeIgniter->runController()
 6 SYSTEMPATH/CodeIgniter.php(349): CodeIgniter\CodeIgniter->handleRequest()
 7 FCPATH/index.php(55): CodeIgniter\CodeIgniter->run()
ERROR - 2022-08-25 07:30:51 --> ErrorException: pg_query(): Query failed: ERROR:  value too long for type character(500) in /var/www/ciapp3/vendor/codeigniter4/framework/system/Database/Postgre/Connection.php:135
Stack trace:
#0 [internal function]: CodeIgniter\Debug\Exceptions->errorHandler()
#1 /var/www/ciapp3/vendor/codeigniter4/framework/system/Database/Postgre/Connection.php(135): pg_query()
#2 /var/www/ciapp3/vendor/codeigniter4/framework/system/Database/BaseConnection.php(695): CodeIgniter\Database\Postgre\Connection->execute()
#3 /var/www/ciapp3/vendor/codeigniter4/framework/system/Database/BaseConnection.php(609): CodeIgniter\Database\BaseConnection->simpleQuery()
#4 /var/www/ciapp3/vendor/codeigniter4/framework/system/Database/BaseBuilder.php(1904): CodeIgniter\Database\BaseConnection->query()
#5 /var/www/ciapp3/app/Models/SimprokaModel.php(20): CodeIgniter\Database\BaseBuilder->insert()
#6 /var/www/ciapp3/app/Controllers/Simproka1.php(684): App\Models\SimprokaModel->insertAll()
#7 /var/www/ciapp3/vendor/codeigniter4/framework/system/CodeIgniter.php(896): App\Controllers\Simproka1->insertSimproka()
#8 /var/www/ciapp3/vendor/codeigniter4/framework/system/CodeIgniter.php(466): CodeIgniter\CodeIgniter->runController()
#9 /var/www/ciapp3/vendor/codeigniter4/framework/system/CodeIgniter.php(349): CodeIgniter\CodeIgniter->handleRequest()
#10 /var/www/ciapp3/public/index.php(55): CodeIgniter\CodeIgniter->run()
#11 {main}
CRITICAL - 2022-08-25 07:30:51 --> pg_query(): Query failed: ERROR:  value too long for type character(500)
in SYSTEMPATH/Database/Postgre/Connection.php on line 135.
 1 [internal function]: CodeIgniter\Debug\Exceptions->errorHandler()
 2 SYSTEMPATH/Database/Postgre/Connection.php(135): pg_query()
 3 SYSTEMPATH/Database/BaseConnection.php(695): CodeIgniter\Database\Postgre\Connection->execute()
 4 SYSTEMPATH/Database/BaseConnection.php(609): CodeIgniter\Database\BaseConnection->simpleQuery()
 5 SYSTEMPATH/Database/BaseBuilder.php(1904): CodeIgniter\Database\BaseConnection->query()
 6 APPPATH/Models/SimprokaModel.php(20): CodeIgniter\Database\BaseBuilder->insert()
 7 APPPATH/Controllers/Simproka1.php(684): App\Models\SimprokaModel->insertAll()
 8 SYSTEMPATH/CodeIgniter.php(896): App\Controllers\Simproka1->insertSimproka()
 9 SYSTEMPATH/CodeIgniter.php(466): CodeIgniter\CodeIgniter->runController()
10 SYSTEMPATH/CodeIgniter.php(349): CodeIgniter\CodeIgniter->handleRequest()
11 FCPATH/index.php(55): CodeIgniter\CodeIgniter->run()
CRITICAL - 2022-08-25 07:35:44 --> Argument 2 passed to view() must be of the type array, object given, called in /var/www/ciapp3/app/Controllers/Simproka1.php on line 165
in SYSTEMPATH/Common.php on line 1121.
 1 APPPATH/Controllers/Simproka1.php(165): view()
 2 SYSTEMPATH/CodeIgniter.php(896): App\Controllers\Simproka1->index()
 3 SYSTEMPATH/CodeIgniter.php(466): CodeIgniter\CodeIgniter->runController()
 4 SYSTEMPATH/CodeIgniter.php(349): CodeIgniter\CodeIgniter->handleRequest()
 5 FCPATH/index.php(55): CodeIgniter\CodeIgniter->run()
CRITICAL - 2022-08-25 07:36:51 --> Argument 2 passed to view() must be of the type array, object given, called in /var/www/ciapp3/app/Controllers/Simproka1.php on line 165
in SYSTEMPATH/Common.php on line 1121.
 1 APPPATH/Controllers/Simproka1.php(165): view()
 2 SYSTEMPATH/CodeIgniter.php(896): App\Controllers\Simproka1->index()
 3 SYSTEMPATH/CodeIgniter.php(466): CodeIgniter\CodeIgniter->runController()
 4 SYSTEMPATH/CodeIgniter.php(349): CodeIgniter\CodeIgniter->handleRequest()
 5 FCPATH/index.php(55): CodeIgniter\CodeIgniter->run()
CRITICAL - 2022-08-25 07:36:53 --> Argument 2 passed to view() must be of the type array, object given, called in /var/www/ciapp3/app/Controllers/Simproka1.php on line 165
in SYSTEMPATH/Common.php on line 1121.
 1 APPPATH/Controllers/Simproka1.php(165): view()
 2 SYSTEMPATH/CodeIgniter.php(896): App\Controllers\Simproka1->index()
 3 SYSTEMPATH/CodeIgniter.php(466): CodeIgniter\CodeIgniter->runController()
 4 SYSTEMPATH/CodeIgniter.php(349): CodeIgniter\CodeIgniter->handleRequest()
 5 FCPATH/index.php(55): CodeIgniter\CodeIgniter->run()
CRITICAL - 2022-08-25 07:49:44 --> str_replace() expects at least 3 parameters, 1 given
in APPPATH/Views/pages/simproka1.php on line 901.
 1 [internal function]: CodeIgniter\Debug\Exceptions->errorHandler()
 2 APPPATH/Views/pages/simproka1.php(901): str_replace()
 3 SYSTEMPATH/View/View.php(213): include('APPPATH/Views/pages/simproka1.php')
 4 SYSTEMPATH/View/View.php(216): CodeIgniter\View\View->CodeIgniter\View\{closure}()
 5 SYSTEMPATH/Common.php(1135): CodeIgniter\View\View->render()
 6 APPPATH/Controllers/Simproka1.php(165): view()
 7 SYSTEMPATH/CodeIgniter.php(896): App\Controllers\Simproka1->index()
 8 SYSTEMPATH/CodeIgniter.php(466): CodeIgniter\CodeIgniter->runController()
 9 SYSTEMPATH/CodeIgniter.php(349): CodeIgniter\CodeIgniter->handleRequest()
10 FCPATH/index.php(55): CodeIgniter\CodeIgniter->run()
