CRITICAL - 2022-07-22 00:31:40 --> Undefined variable: d
in APPPATH/Views/pages/simproka.php on line 301.
 1 APPPATH/Views/pages/simproka.php(301): CodeIgniter\Debug\Exceptions->errorHandler()
 2 SYSTEMPATH/View/View.php(213): include('APPPATH/Views/pages/simproka.php')
 3 SYSTEMPATH/View/View.php(216): CodeIgniter\View\View->CodeIgniter\View\{closure}()
 4 SYSTEMPATH/Common.php(1135): CodeIgniter\View\View->render()
 5 APPPATH/Controllers/Simproka.php(72): view()
 6 SYSTEMPATH/CodeIgniter.php(896): App\Controllers\Simproka->index()
 7 SYSTEMPATH/CodeIgniter.php(466): CodeIgniter\CodeIgniter->runController()
 8 SYSTEMPATH/CodeIgniter.php(349): CodeIgniter\CodeIgniter->handleRequest()
 9 FCPATH/index.php(55): CodeIgniter\CodeIgniter->run()
CRITICAL - 2022-07-22 00:32:41 --> Undefined variable: d
in APPPATH/Views/pages/simproka.php on line 301.
 1 APPPATH/Views/pages/simproka.php(301): CodeIgniter\Debug\Exceptions->errorHandler()
 2 SYSTEMPATH/View/View.php(213): include('APPPATH/Views/pages/simproka.php')
 3 SYSTEMPATH/View/View.php(216): CodeIgniter\View\View->CodeIgniter\View\{closure}()
 4 SYSTEMPATH/Common.php(1135): CodeIgniter\View\View->render()
 5 APPPATH/Controllers/Simproka.php(72): view()
 6 SYSTEMPATH/CodeIgniter.php(896): App\Controllers\Simproka->index()
 7 SYSTEMPATH/CodeIgniter.php(466): CodeIgniter\CodeIgniter->runController()
 8 SYSTEMPATH/CodeIgniter.php(349): CodeIgniter\CodeIgniter->handleRequest()
 9 FCPATH/index.php(55): CodeIgniter\CodeIgniter->run()
ERROR - 2022-07-22 00:33:23 --> ErrorException: pg_query(): Query failed: ERROR:  invalid input syntax for type integer: &quot;4 dan 30&quot;
LINE 1: ...J', 'Penyelenggaraan Wisuda dan Yudisium', 'Keg', '4 dan 30'...
                                                             ^ in /var/www/ciapp3/vendor/codeigniter4/framework/system/Database/Postgre/Connection.php:135
Stack trace:
#0 [internal function]: CodeIgniter\Debug\Exceptions->errorHandler()
#1 /var/www/ciapp3/vendor/codeigniter4/framework/system/Database/Postgre/Connection.php(135): pg_query()
#2 /var/www/ciapp3/vendor/codeigniter4/framework/system/Database/BaseConnection.php(695): CodeIgniter\Database\Postgre\Connection->execute()
#3 /var/www/ciapp3/vendor/codeigniter4/framework/system/Database/BaseConnection.php(609): CodeIgniter\Database\BaseConnection->simpleQuery()
#4 /var/www/ciapp3/vendor/codeigniter4/framework/system/Database/BaseBuilder.php(1904): CodeIgniter\Database\BaseConnection->query()
#5 /var/www/ciapp3/app/Models/SimprokaModel.php(20): CodeIgniter\Database\BaseBuilder->insert()
#6 /var/www/ciapp3/app/Controllers/Simproka.php(346): App\Models\SimprokaModel->insertAll()
#7 /var/www/ciapp3/vendor/codeigniter4/framework/system/CodeIgniter.php(896): App\Controllers\Simproka->readExcel()
#8 /var/www/ciapp3/vendor/codeigniter4/framework/system/CodeIgniter.php(466): CodeIgniter\CodeIgniter->runController()
#9 /var/www/ciapp3/vendor/codeigniter4/framework/system/CodeIgniter.php(349): CodeIgniter\CodeIgniter->handleRequest()
#10 /var/www/ciapp3/public/index.php(55): CodeIgniter\CodeIgniter->run()
#11 {main}
CRITICAL - 2022-07-22 00:33:23 --> pg_query(): Query failed: ERROR:  invalid input syntax for type integer: &quot;4 dan 30&quot;
LINE 1: ...J', 'Penyelenggaraan Wisuda dan Yudisium', 'Keg', '4 dan 30'...
                                                             ^
in SYSTEMPATH/Database/Postgre/Connection.php on line 135.
 1 [internal function]: CodeIgniter\Debug\Exceptions->errorHandler()
 2 SYSTEMPATH/Database/Postgre/Connection.php(135): pg_query()
 3 SYSTEMPATH/Database/BaseConnection.php(695): CodeIgniter\Database\Postgre\Connection->execute()
 4 SYSTEMPATH/Database/BaseConnection.php(609): CodeIgniter\Database\BaseConnection->simpleQuery()
 5 SYSTEMPATH/Database/BaseBuilder.php(1904): CodeIgniter\Database\BaseConnection->query()
 6 APPPATH/Models/SimprokaModel.php(20): CodeIgniter\Database\BaseBuilder->insert()
 7 APPPATH/Controllers/Simproka.php(346): App\Models\SimprokaModel->insertAll()
 8 SYSTEMPATH/CodeIgniter.php(896): App\Controllers\Simproka->readExcel()
 9 SYSTEMPATH/CodeIgniter.php(466): CodeIgniter\CodeIgniter->runController()
10 SYSTEMPATH/CodeIgniter.php(349): CodeIgniter\CodeIgniter->handleRequest()
11 FCPATH/index.php(55): CodeIgniter\CodeIgniter->run()
ERROR - 2022-07-22 01:54:41 --> ErrorException: pg_query(): Query failed: ERROR:  invalid input syntax for type integer: &quot;4 dan 30&quot;
LINE 1: ...J', 'Penyelenggaraan Wisuda dan Yudisium', 'Keg', '4 dan 30'...
                                                             ^ in /var/www/ciapp3/vendor/codeigniter4/framework/system/Database/Postgre/Connection.php:135
Stack trace:
#0 [internal function]: CodeIgniter\Debug\Exceptions->errorHandler()
#1 /var/www/ciapp3/vendor/codeigniter4/framework/system/Database/Postgre/Connection.php(135): pg_query()
#2 /var/www/ciapp3/vendor/codeigniter4/framework/system/Database/BaseConnection.php(695): CodeIgniter\Database\Postgre\Connection->execute()
#3 /var/www/ciapp3/vendor/codeigniter4/framework/system/Database/BaseConnection.php(609): CodeIgniter\Database\BaseConnection->simpleQuery()
#4 /var/www/ciapp3/vendor/codeigniter4/framework/system/Database/BaseBuilder.php(1904): CodeIgniter\Database\BaseConnection->query()
#5 /var/www/ciapp3/app/Models/SimprokaModel.php(20): CodeIgniter\Database\BaseBuilder->insert()
#6 /var/www/ciapp3/app/Controllers/Simproka.php(346): App\Models\SimprokaModel->insertAll()
#7 /var/www/ciapp3/vendor/codeigniter4/framework/system/CodeIgniter.php(896): App\Controllers\Simproka->readExcel()
#8 /var/www/ciapp3/vendor/codeigniter4/framework/system/CodeIgniter.php(466): CodeIgniter\CodeIgniter->runController()
#9 /var/www/ciapp3/vendor/codeigniter4/framework/system/CodeIgniter.php(349): CodeIgniter\CodeIgniter->handleRequest()
#10 /var/www/ciapp3/public/index.php(55): CodeIgniter\CodeIgniter->run()
#11 {main}
CRITICAL - 2022-07-22 01:54:41 --> pg_query(): Query failed: ERROR:  invalid input syntax for type integer: &quot;4 dan 30&quot;
LINE 1: ...J', 'Penyelenggaraan Wisuda dan Yudisium', 'Keg', '4 dan 30'...
                                                             ^
in SYSTEMPATH/Database/Postgre/Connection.php on line 135.
 1 [internal function]: CodeIgniter\Debug\Exceptions->errorHandler()
 2 SYSTEMPATH/Database/Postgre/Connection.php(135): pg_query()
 3 SYSTEMPATH/Database/BaseConnection.php(695): CodeIgniter\Database\Postgre\Connection->execute()
 4 SYSTEMPATH/Database/BaseConnection.php(609): CodeIgniter\Database\BaseConnection->simpleQuery()
 5 SYSTEMPATH/Database/BaseBuilder.php(1904): CodeIgniter\Database\BaseConnection->query()
 6 APPPATH/Models/SimprokaModel.php(20): CodeIgniter\Database\BaseBuilder->insert()
 7 APPPATH/Controllers/Simproka.php(346): App\Models\SimprokaModel->insertAll()
 8 SYSTEMPATH/CodeIgniter.php(896): App\Controllers\Simproka->readExcel()
 9 SYSTEMPATH/CodeIgniter.php(466): CodeIgniter\CodeIgniter->runController()
10 SYSTEMPATH/CodeIgniter.php(349): CodeIgniter\CodeIgniter->handleRequest()
11 FCPATH/index.php(55): CodeIgniter\CodeIgniter->run()
ERROR - 2022-07-22 01:55:58 --> ErrorException: pg_query(): Query failed: ERROR:  invalid input syntax for type integer: &quot;4 dan 30&quot;
LINE 1: ...J', 'Penyelenggaraan Wisuda dan Yudisium', 'Keg', '4 dan 30'...
                                                             ^ in /var/www/ciapp3/vendor/codeigniter4/framework/system/Database/Postgre/Connection.php:135
Stack trace:
#0 [internal function]: CodeIgniter\Debug\Exceptions->errorHandler()
#1 /var/www/ciapp3/vendor/codeigniter4/framework/system/Database/Postgre/Connection.php(135): pg_query()
#2 /var/www/ciapp3/vendor/codeigniter4/framework/system/Database/BaseConnection.php(695): CodeIgniter\Database\Postgre\Connection->execute()
#3 /var/www/ciapp3/vendor/codeigniter4/framework/system/Database/BaseConnection.php(609): CodeIgniter\Database\BaseConnection->simpleQuery()
#4 /var/www/ciapp3/vendor/codeigniter4/framework/system/Database/BaseBuilder.php(1904): CodeIgniter\Database\BaseConnection->query()
#5 /var/www/ciapp3/app/Models/SimprokaModel.php(20): CodeIgniter\Database\BaseBuilder->insert()
#6 /var/www/ciapp3/app/Controllers/Simproka.php(346): App\Models\SimprokaModel->insertAll()
#7 /var/www/ciapp3/vendor/codeigniter4/framework/system/CodeIgniter.php(896): App\Controllers\Simproka->readExcel()
#8 /var/www/ciapp3/vendor/codeigniter4/framework/system/CodeIgniter.php(466): CodeIgniter\CodeIgniter->runController()
#9 /var/www/ciapp3/vendor/codeigniter4/framework/system/CodeIgniter.php(349): CodeIgniter\CodeIgniter->handleRequest()
#10 /var/www/ciapp3/public/index.php(55): CodeIgniter\CodeIgniter->run()
#11 {main}
CRITICAL - 2022-07-22 01:55:58 --> pg_query(): Query failed: ERROR:  invalid input syntax for type integer: &quot;4 dan 30&quot;
LINE 1: ...J', 'Penyelenggaraan Wisuda dan Yudisium', 'Keg', '4 dan 30'...
                                                             ^
in SYSTEMPATH/Database/Postgre/Connection.php on line 135.
 1 [internal function]: CodeIgniter\Debug\Exceptions->errorHandler()
 2 SYSTEMPATH/Database/Postgre/Connection.php(135): pg_query()
 3 SYSTEMPATH/Database/BaseConnection.php(695): CodeIgniter\Database\Postgre\Connection->execute()
 4 SYSTEMPATH/Database/BaseConnection.php(609): CodeIgniter\Database\BaseConnection->simpleQuery()
 5 SYSTEMPATH/Database/BaseBuilder.php(1904): CodeIgniter\Database\BaseConnection->query()
 6 APPPATH/Models/SimprokaModel.php(20): CodeIgniter\Database\BaseBuilder->insert()
 7 APPPATH/Controllers/Simproka.php(346): App\Models\SimprokaModel->insertAll()
 8 SYSTEMPATH/CodeIgniter.php(896): App\Controllers\Simproka->readExcel()
 9 SYSTEMPATH/CodeIgniter.php(466): CodeIgniter\CodeIgniter->runController()
10 SYSTEMPATH/CodeIgniter.php(349): CodeIgniter\CodeIgniter->handleRequest()
11 FCPATH/index.php(55): CodeIgniter\CodeIgniter->run()
ERROR - 2022-07-22 02:01:07 --> ErrorException: pg_query(): Query failed: ERROR:  invalid input syntax for type integer: &quot;4 dan 30&quot;
LINE 1: ...J', 'Penyelenggaraan Wisuda dan Yudisium', 'Keg', '4 dan 30'...
                                                             ^ in /var/www/ciapp3/vendor/codeigniter4/framework/system/Database/Postgre/Connection.php:135
Stack trace:
#0 [internal function]: CodeIgniter\Debug\Exceptions->errorHandler()
#1 /var/www/ciapp3/vendor/codeigniter4/framework/system/Database/Postgre/Connection.php(135): pg_query()
#2 /var/www/ciapp3/vendor/codeigniter4/framework/system/Database/BaseConnection.php(695): CodeIgniter\Database\Postgre\Connection->execute()
#3 /var/www/ciapp3/vendor/codeigniter4/framework/system/Database/BaseConnection.php(609): CodeIgniter\Database\BaseConnection->simpleQuery()
#4 /var/www/ciapp3/vendor/codeigniter4/framework/system/Database/BaseBuilder.php(1904): CodeIgniter\Database\BaseConnection->query()
#5 /var/www/ciapp3/app/Models/SimprokaModel.php(20): CodeIgniter\Database\BaseBuilder->insert()
#6 /var/www/ciapp3/app/Controllers/Simproka.php(346): App\Models\SimprokaModel->insertAll()
#7 /var/www/ciapp3/vendor/codeigniter4/framework/system/CodeIgniter.php(896): App\Controllers\Simproka->readExcel()
#8 /var/www/ciapp3/vendor/codeigniter4/framework/system/CodeIgniter.php(466): CodeIgniter\CodeIgniter->runController()
#9 /var/www/ciapp3/vendor/codeigniter4/framework/system/CodeIgniter.php(349): CodeIgniter\CodeIgniter->handleRequest()
#10 /var/www/ciapp3/public/index.php(55): CodeIgniter\CodeIgniter->run()
#11 {main}
CRITICAL - 2022-07-22 02:01:07 --> pg_query(): Query failed: ERROR:  invalid input syntax for type integer: &quot;4 dan 30&quot;
LINE 1: ...J', 'Penyelenggaraan Wisuda dan Yudisium', 'Keg', '4 dan 30'...
                                                             ^
in SYSTEMPATH/Database/Postgre/Connection.php on line 135.
 1 [internal function]: CodeIgniter\Debug\Exceptions->errorHandler()
 2 SYSTEMPATH/Database/Postgre/Connection.php(135): pg_query()
 3 SYSTEMPATH/Database/BaseConnection.php(695): CodeIgniter\Database\Postgre\Connection->execute()
 4 SYSTEMPATH/Database/BaseConnection.php(609): CodeIgniter\Database\BaseConnection->simpleQuery()
 5 SYSTEMPATH/Database/BaseBuilder.php(1904): CodeIgniter\Database\BaseConnection->query()
 6 APPPATH/Models/SimprokaModel.php(20): CodeIgniter\Database\BaseBuilder->insert()
 7 APPPATH/Controllers/Simproka.php(346): App\Models\SimprokaModel->insertAll()
 8 SYSTEMPATH/CodeIgniter.php(896): App\Controllers\Simproka->readExcel()
 9 SYSTEMPATH/CodeIgniter.php(466): CodeIgniter\CodeIgniter->runController()
10 SYSTEMPATH/CodeIgniter.php(349): CodeIgniter\CodeIgniter->handleRequest()
11 FCPATH/index.php(55): CodeIgniter\CodeIgniter->run()
CRITICAL - 2022-07-22 02:01:09 --> Trying to get property 'keterangan' of non-object
in APPPATH/Controllers/Simproka.php on line 295.
 1 APPPATH/Controllers/Simproka.php(295): CodeIgniter\Debug\Exceptions->errorHandler()
 2 SYSTEMPATH/CodeIgniter.php(896): App\Controllers\Simproka->readExcel()
 3 SYSTEMPATH/CodeIgniter.php(466): CodeIgniter\CodeIgniter->runController()
 4 SYSTEMPATH/CodeIgniter.php(349): CodeIgniter\CodeIgniter->handleRequest()
 5 FCPATH/index.php(55): CodeIgniter\CodeIgniter->run()
