CRITICAL - 2022-09-13 07:39:57 --> Undefined array key 1
in APPPATH\Controllers\Simproka1.php on line 48.
 1 APPPATH\Controllers\Simproka1.php(48): CodeIgniter\Debug\Exceptions->errorHandler(2, 'Undefined array key 1', 'APPPATH\\Controllers\\Simproka1.php', 48)
 2 SYSTEMPATH\CodeIgniter.php(896): App\Controllers\Simproka1->setDate()
 3 SYSTEMPATH\CodeIgniter.php(466): CodeIgniter\CodeIgniter->runController(Object(App\Controllers\Simproka1))
 4 SYSTEMPATH\CodeIgniter.php(349): CodeIgniter\CodeIgniter->handleRequest(null, Object(Config\Cache), false)
 5 FCPATH\index.php(55): CodeIgniter\CodeIgniter->run()
 6 SYSTEMPATH\Commands\Server\rewrite.php(43): require_once('FCPATH\\index.php')
CRITICAL - 2022-09-13 08:06:31 --> Undefined array key "tanggal_tutup"
in APPPATH\Controllers\Simproka1.php on line 62.
 1 APPPATH\Controllers\Simproka1.php(62): CodeIgniter\Debug\Exceptions->errorHandler(2, 'Undefined array key "tanggal_tutup"', 'APPPATH\\Controllers\\Simproka1.php', 62)
 2 SYSTEMPATH\CodeIgniter.php(896): App\Controllers\Simproka1->setDate()
 3 SYSTEMPATH\CodeIgniter.php(466): CodeIgniter\CodeIgniter->runController(Object(App\Controllers\Simproka1))
 4 SYSTEMPATH\CodeIgniter.php(349): CodeIgniter\CodeIgniter->handleRequest(null, Object(Config\Cache), false)
 5 FCPATH\index.php(55): CodeIgniter\CodeIgniter->run()
 6 SYSTEMPATH\Commands\Server\rewrite.php(43): require_once('FCPATH\\index.php')
CRITICAL - 2022-09-13 08:07:14 --> Undefined array key "tanggal_tutup"
in APPPATH\Controllers\Simproka1.php on line 62.
 1 APPPATH\Controllers\Simproka1.php(62): CodeIgniter\Debug\Exceptions->errorHandler(2, 'Undefined array key "tanggal_tutup"', 'APPPATH\\Controllers\\Simproka1.php', 62)
 2 SYSTEMPATH\CodeIgniter.php(896): App\Controllers\Simproka1->setDate()
 3 SYSTEMPATH\CodeIgniter.php(466): CodeIgniter\CodeIgniter->runController(Object(App\Controllers\Simproka1))
 4 SYSTEMPATH\CodeIgniter.php(349): CodeIgniter\CodeIgniter->handleRequest(null, Object(Config\Cache), false)
 5 FCPATH\index.php(55): CodeIgniter\CodeIgniter->run()
 6 SYSTEMPATH\Commands\Server\rewrite.php(43): require_once('FCPATH\\index.php')
CRITICAL - 2022-09-13 08:08:48 --> Too few arguments to function App\Models\BaseModel::updateAll(), 2 passed in D:\Backup spasikita\Using\ciapp3.12.09\app\Controllers\Simproka1.php on line 59 and exactly 3 expected
in APPPATH\Models\BaseModel.php on line 33.
 1 APPPATH\Controllers\Simproka1.php(59): App\Models\BaseModel->updateAll('deadline', [...])
 2 SYSTEMPATH\CodeIgniter.php(896): App\Controllers\Simproka1->setDate()
 3 SYSTEMPATH\CodeIgniter.php(466): CodeIgniter\CodeIgniter->runController(Object(App\Controllers\Simproka1))
 4 SYSTEMPATH\CodeIgniter.php(349): CodeIgniter\CodeIgniter->handleRequest(null, Object(Config\Cache), false)
 5 FCPATH\index.php(55): CodeIgniter\CodeIgniter->run()
 6 SYSTEMPATH\Commands\Server\rewrite.php(43): require_once('FCPATH\\index.php')
ERROR - 2022-09-13 08:32:17 --> ErrorException: pg_query(): Query failed: ERROR:  operator does not exist: json = unknown
LINE 4: AND &quot;indikator&quot; = '{&quot;tahun&quot;:&quot;2020&quot;,&quot;sistem&quot;:&quot;06&quot;}'
                        ^
HINT:  No operator matches the given name and argument types. You might need to add explicit type casts. in D:\Backup spasikita\Using\ciapp3.12.09\vendor\codeigniter4\framework\system\Database\Postgre\Connection.php:135
Stack trace:
#0 [internal function]: CodeIgniter\Debug\Exceptions->errorHandler(2, 'pg_query(): Que...', 'D:\\Backup spasi...', 135)
#1 D:\Backup spasikita\Using\ciapp3.12.09\vendor\codeigniter4\framework\system\Database\Postgre\Connection.php(135): pg_query(Resource id #185, 'SELECT *\nFROM "...')
#2 D:\Backup spasikita\Using\ciapp3.12.09\vendor\codeigniter4\framework\system\Database\BaseConnection.php(695): CodeIgniter\Database\Postgre\Connection->execute('SELECT *\nFROM "...')
#3 D:\Backup spasikita\Using\ciapp3.12.09\vendor\codeigniter4\framework\system\Database\BaseConnection.php(609): CodeIgniter\Database\BaseConnection->simpleQuery('SELECT *\nFROM "...')
#4 D:\Backup spasikita\Using\ciapp3.12.09\vendor\codeigniter4\framework\system\Database\BaseBuilder.php(1585): CodeIgniter\Database\BaseConnection->query('SELECT *\nFROM "...', Array, false)
#5 D:\Backup spasikita\Using\ciapp3.12.09\app\Models\BaseModel.php(53): CodeIgniter\Database\BaseBuilder->get()
#6 D:\Backup spasikita\Using\ciapp3.12.09\app\Controllers\Simproka1.php(67): App\Models\BaseModel->getAll('deadline', Array)
#7 D:\Backup spasikita\Using\ciapp3.12.09\vendor\codeigniter4\framework\system\CodeIgniter.php(896): App\Controllers\Simproka1->setDate()
#8 D:\Backup spasikita\Using\ciapp3.12.09\vendor\codeigniter4\framework\system\CodeIgniter.php(466): CodeIgniter\CodeIgniter->runController(Object(App\Controllers\Simproka1))
#9 D:\Backup spasikita\Using\ciapp3.12.09\vendor\codeigniter4\framework\system\CodeIgniter.php(349): CodeIgniter\CodeIgniter->handleRequest(NULL, Object(Config\Cache), false)
#10 D:\Backup spasikita\Using\ciapp3.12.09\public\index.php(55): CodeIgniter\CodeIgniter->run()
#11 D:\Backup spasikita\Using\ciapp3.12.09\vendor\codeigniter4\framework\system\Commands\Server\rewrite.php(43): require_once('D:\\Backup spasi...')
#12 {main}
CRITICAL - 2022-09-13 08:32:17 --> pg_query(): Query failed: ERROR:  operator does not exist: json = unknown
LINE 4: AND &quot;indikator&quot; = '{&quot;tahun&quot;:&quot;2020&quot;,&quot;sistem&quot;:&quot;06&quot;}'
                        ^
HINT:  No operator matches the given name and argument types. You might need to add explicit type casts.
in SYSTEMPATH\Database\Postgre\Connection.php on line 135.
 1 [internal function]: CodeIgniter\Debug\Exceptions->errorHandler(2, 'pg_query(): Query failed: ERROR:  operator does not exist: json = unknown
LINE 4: AND &quot;indikator&quot; = \'{&quot;tahun&quot;:&quot;2020&quot;,&quot;sistem&quot;:&quot;06&quot;}\'
                        ^
HINT:  No operator matches the given name and argument types. You might need to add explicit type casts.', 'SYSTEMPATH\\Database\\Postgre\\Connection.php', 135)
 2 SYSTEMPATH\Database\Postgre\Connection.php(135): pg_query(resource (pgsql link), 'SELECT *
FROM "deadline"
WHERE "kegiatan" = \'simproka_open\'
AND "indikator" = \'{"tahun":"2020","sistem":"06"}\'')
 3 SYSTEMPATH\Database\BaseConnection.php(695): CodeIgniter\Database\Postgre\Connection->execute('SELECT *
FROM "deadline"
WHERE "kegiatan" = \'simproka_open\'
AND "indikator" = \'{"tahun":"2020","sistem":"06"}\'')
 4 SYSTEMPATH\Database\BaseConnection.php(609): CodeIgniter\Database\BaseConnection->simpleQuery('SELECT *
FROM "deadline"
WHERE "kegiatan" = \'simproka_open\'
AND "indikator" = \'{"tahun":"2020","sistem":"06"}\'')
 5 SYSTEMPATH\Database\BaseBuilder.php(1585): CodeIgniter\Database\BaseConnection->query('SELECT *
FROM "deadline"
WHERE "kegiatan" = :kegiatan:
AND "indikator" = :indikator:', [...], false)
 6 APPPATH\Models\BaseModel.php(53): CodeIgniter\Database\BaseBuilder->get()
 7 APPPATH\Controllers\Simproka1.php(67): App\Models\BaseModel->getAll('deadline', [...])
 8 SYSTEMPATH\CodeIgniter.php(896): App\Controllers\Simproka1->setDate()
 9 SYSTEMPATH\CodeIgniter.php(466): CodeIgniter\CodeIgniter->runController(Object(App\Controllers\Simproka1))
10 SYSTEMPATH\CodeIgniter.php(349): CodeIgniter\CodeIgniter->handleRequest(null, Object(Config\Cache), false)
11 FCPATH\index.php(55): CodeIgniter\CodeIgniter->run()
12 SYSTEMPATH\Commands\Server\rewrite.php(43): require_once('FCPATH\\index.php')
CRITICAL - 2022-09-13 08:50:51 --> Call to a member function getResultArray() on array
in APPPATH\Controllers\Simproka1.php on line 68.
 1 SYSTEMPATH\CodeIgniter.php(896): App\Controllers\Simproka1->setDate()
 2 SYSTEMPATH\CodeIgniter.php(466): CodeIgniter\CodeIgniter->runController(Object(App\Controllers\Simproka1))
 3 SYSTEMPATH\CodeIgniter.php(349): CodeIgniter\CodeIgniter->handleRequest(null, Object(Config\Cache), false)
 4 FCPATH\index.php(55): CodeIgniter\CodeIgniter->run()
 5 SYSTEMPATH\Commands\Server\rewrite.php(43): require_once('FCPATH\\index.php')
CRITICAL - 2022-09-13 09:26:36 --> Undefined array key 1
in APPPATH\Controllers\Simproka1.php on line 50.
 1 APPPATH\Controllers\Simproka1.php(50): CodeIgniter\Debug\Exceptions->errorHandler(2, 'Undefined array key 1', 'APPPATH\\Controllers\\Simproka1.php', 50)
 2 SYSTEMPATH\CodeIgniter.php(896): App\Controllers\Simproka1->setDate()
 3 SYSTEMPATH\CodeIgniter.php(466): CodeIgniter\CodeIgniter->runController(Object(App\Controllers\Simproka1))
 4 SYSTEMPATH\CodeIgniter.php(349): CodeIgniter\CodeIgniter->handleRequest(null, Object(Config\Cache), false)
 5 FCPATH\index.php(55): CodeIgniter\CodeIgniter->run()
 6 SYSTEMPATH\Commands\Server\rewrite.php(43): require_once('FCPATH\\index.php')
ERROR - 2022-09-13 23:31:16 --> Error connecting to the database: pg_connect(): Unable to connect to PostgreSQL server: FATAL:  password authentication failed for user "postgres"
