ERROR - 2022-07-19 10:49:08 --> ErrorException: pg_query(): Query failed: ERROR:  value too long for type character(100) in /var/www/ciapp3/vendor/codeigniter4/framework/system/Database/Postgre/Connection.php:135
Stack trace:
#0 [internal function]: CodeIgniter\Debug\Exceptions->errorHandler()
#1 /var/www/ciapp3/vendor/codeigniter4/framework/system/Database/Postgre/Connection.php(135): pg_query()
#2 /var/www/ciapp3/vendor/codeigniter4/framework/system/Database/BaseConnection.php(695): CodeIgniter\Database\Postgre\Connection->execute()
#3 /var/www/ciapp3/vendor/codeigniter4/framework/system/Database/BaseConnection.php(609): CodeIgniter\Database\BaseConnection->simpleQuery()
#4 /var/www/ciapp3/vendor/codeigniter4/framework/system/Database/BaseBuilder.php(2046): CodeIgniter\Database\BaseConnection->query()
#5 /var/www/ciapp3/app/Models/KinerjaModel.php(28): CodeIgniter\Database\BaseBuilder->update()
#6 /var/www/ciapp3/app/Controllers/Kinerja1.php(563): App\Models\KinerjaModel->updateAll()
#7 /var/www/ciapp3/vendor/codeigniter4/framework/system/CodeIgniter.php(896): App\Controllers\Kinerja1->editIKK()
#8 /var/www/ciapp3/vendor/codeigniter4/framework/system/CodeIgniter.php(466): CodeIgniter\CodeIgniter->runController()
#9 /var/www/ciapp3/vendor/codeigniter4/framework/system/CodeIgniter.php(349): CodeIgniter\CodeIgniter->handleRequest()
#10 /var/www/ciapp3/public/index.php(55): CodeIgniter\CodeIgniter->run()
#11 {main}
CRITICAL - 2022-07-19 10:49:08 --> pg_query(): Query failed: ERROR:  value too long for type character(100)
in SYSTEMPATH/Database/Postgre/Connection.php on line 135.
 1 [internal function]: CodeIgniter\Debug\Exceptions->errorHandler()
 2 SYSTEMPATH/Database/Postgre/Connection.php(135): pg_query()
 3 SYSTEMPATH/Database/BaseConnection.php(695): CodeIgniter\Database\Postgre\Connection->execute()
 4 SYSTEMPATH/Database/BaseConnection.php(609): CodeIgniter\Database\BaseConnection->simpleQuery()
 5 SYSTEMPATH/Database/BaseBuilder.php(2046): CodeIgniter\Database\BaseConnection->query()
 6 APPPATH/Models/KinerjaModel.php(28): CodeIgniter\Database\BaseBuilder->update()
 7 APPPATH/Controllers/Kinerja1.php(563): App\Models\KinerjaModel->updateAll()
 8 SYSTEMPATH/CodeIgniter.php(896): App\Controllers\Kinerja1->editIKK()
 9 SYSTEMPATH/CodeIgniter.php(466): CodeIgniter\CodeIgniter->runController()
10 SYSTEMPATH/CodeIgniter.php(349): CodeIgniter\CodeIgniter->handleRequest()
11 FCPATH/index.php(55): CodeIgniter\CodeIgniter->run()
ERROR - 2022-07-19 10:49:13 --> ErrorException: pg_query(): Query failed: ERROR:  value too long for type character(100) in /var/www/ciapp3/vendor/codeigniter4/framework/system/Database/Postgre/Connection.php:135
Stack trace:
#0 [internal function]: CodeIgniter\Debug\Exceptions->errorHandler()
#1 /var/www/ciapp3/vendor/codeigniter4/framework/system/Database/Postgre/Connection.php(135): pg_query()
#2 /var/www/ciapp3/vendor/codeigniter4/framework/system/Database/BaseConnection.php(695): CodeIgniter\Database\Postgre\Connection->execute()
#3 /var/www/ciapp3/vendor/codeigniter4/framework/system/Database/BaseConnection.php(609): CodeIgniter\Database\BaseConnection->simpleQuery()
#4 /var/www/ciapp3/vendor/codeigniter4/framework/system/Database/BaseBuilder.php(2046): CodeIgniter\Database\BaseConnection->query()
#5 /var/www/ciapp3/app/Models/KinerjaModel.php(28): CodeIgniter\Database\BaseBuilder->update()
#6 /var/www/ciapp3/app/Controllers/Kinerja1.php(563): App\Models\KinerjaModel->updateAll()
#7 /var/www/ciapp3/vendor/codeigniter4/framework/system/CodeIgniter.php(896): App\Controllers\Kinerja1->editIKK()
#8 /var/www/ciapp3/vendor/codeigniter4/framework/system/CodeIgniter.php(466): CodeIgniter\CodeIgniter->runController()
#9 /var/www/ciapp3/vendor/codeigniter4/framework/system/CodeIgniter.php(349): CodeIgniter\CodeIgniter->handleRequest()
#10 /var/www/ciapp3/public/index.php(55): CodeIgniter\CodeIgniter->run()
#11 {main}
CRITICAL - 2022-07-19 10:49:13 --> pg_query(): Query failed: ERROR:  value too long for type character(100)
in SYSTEMPATH/Database/Postgre/Connection.php on line 135.
 1 [internal function]: CodeIgniter\Debug\Exceptions->errorHandler()
 2 SYSTEMPATH/Database/Postgre/Connection.php(135): pg_query()
 3 SYSTEMPATH/Database/BaseConnection.php(695): CodeIgniter\Database\Postgre\Connection->execute()
 4 SYSTEMPATH/Database/BaseConnection.php(609): CodeIgniter\Database\BaseConnection->simpleQuery()
 5 SYSTEMPATH/Database/BaseBuilder.php(2046): CodeIgniter\Database\BaseConnection->query()
 6 APPPATH/Models/KinerjaModel.php(28): CodeIgniter\Database\BaseBuilder->update()
 7 APPPATH/Controllers/Kinerja1.php(563): App\Models\KinerjaModel->updateAll()
 8 SYSTEMPATH/CodeIgniter.php(896): App\Controllers\Kinerja1->editIKK()
 9 SYSTEMPATH/CodeIgniter.php(466): CodeIgniter\CodeIgniter->runController()
10 SYSTEMPATH/CodeIgniter.php(349): CodeIgniter\CodeIgniter->handleRequest()
11 FCPATH/index.php(55): CodeIgniter\CodeIgniter->run()
ERROR - 2022-07-19 10:49:18 --> ErrorException: pg_query(): Query failed: ERROR:  value too long for type character(100) in /var/www/ciapp3/vendor/codeigniter4/framework/system/Database/Postgre/Connection.php:135
Stack trace:
#0 [internal function]: CodeIgniter\Debug\Exceptions->errorHandler()
#1 /var/www/ciapp3/vendor/codeigniter4/framework/system/Database/Postgre/Connection.php(135): pg_query()
#2 /var/www/ciapp3/vendor/codeigniter4/framework/system/Database/BaseConnection.php(695): CodeIgniter\Database\Postgre\Connection->execute()
#3 /var/www/ciapp3/vendor/codeigniter4/framework/system/Database/BaseConnection.php(609): CodeIgniter\Database\BaseConnection->simpleQuery()
#4 /var/www/ciapp3/vendor/codeigniter4/framework/system/Database/BaseBuilder.php(2046): CodeIgniter\Database\BaseConnection->query()
#5 /var/www/ciapp3/app/Models/KinerjaModel.php(28): CodeIgniter\Database\BaseBuilder->update()
#6 /var/www/ciapp3/app/Controllers/Kinerja1.php(563): App\Models\KinerjaModel->updateAll()
#7 /var/www/ciapp3/vendor/codeigniter4/framework/system/CodeIgniter.php(896): App\Controllers\Kinerja1->editIKK()
#8 /var/www/ciapp3/vendor/codeigniter4/framework/system/CodeIgniter.php(466): CodeIgniter\CodeIgniter->runController()
#9 /var/www/ciapp3/vendor/codeigniter4/framework/system/CodeIgniter.php(349): CodeIgniter\CodeIgniter->handleRequest()
#10 /var/www/ciapp3/public/index.php(55): CodeIgniter\CodeIgniter->run()
#11 {main}
CRITICAL - 2022-07-19 10:49:18 --> pg_query(): Query failed: ERROR:  value too long for type character(100)
in SYSTEMPATH/Database/Postgre/Connection.php on line 135.
 1 [internal function]: CodeIgniter\Debug\Exceptions->errorHandler()
 2 SYSTEMPATH/Database/Postgre/Connection.php(135): pg_query()
 3 SYSTEMPATH/Database/BaseConnection.php(695): CodeIgniter\Database\Postgre\Connection->execute()
 4 SYSTEMPATH/Database/BaseConnection.php(609): CodeIgniter\Database\BaseConnection->simpleQuery()
 5 SYSTEMPATH/Database/BaseBuilder.php(2046): CodeIgniter\Database\BaseConnection->query()
 6 APPPATH/Models/KinerjaModel.php(28): CodeIgniter\Database\BaseBuilder->update()
 7 APPPATH/Controllers/Kinerja1.php(563): App\Models\KinerjaModel->updateAll()
 8 SYSTEMPATH/CodeIgniter.php(896): App\Controllers\Kinerja1->editIKK()
 9 SYSTEMPATH/CodeIgniter.php(466): CodeIgniter\CodeIgniter->runController()
10 SYSTEMPATH/CodeIgniter.php(349): CodeIgniter\CodeIgniter->handleRequest()
11 FCPATH/index.php(55): CodeIgniter\CodeIgniter->run()
ERROR - 2022-07-19 10:49:23 --> ErrorException: pg_query(): Query failed: ERROR:  value too long for type character(100) in /var/www/ciapp3/vendor/codeigniter4/framework/system/Database/Postgre/Connection.php:135
Stack trace:
#0 [internal function]: CodeIgniter\Debug\Exceptions->errorHandler()
#1 /var/www/ciapp3/vendor/codeigniter4/framework/system/Database/Postgre/Connection.php(135): pg_query()
#2 /var/www/ciapp3/vendor/codeigniter4/framework/system/Database/BaseConnection.php(695): CodeIgniter\Database\Postgre\Connection->execute()
#3 /var/www/ciapp3/vendor/codeigniter4/framework/system/Database/BaseConnection.php(609): CodeIgniter\Database\BaseConnection->simpleQuery()
#4 /var/www/ciapp3/vendor/codeigniter4/framework/system/Database/BaseBuilder.php(2046): CodeIgniter\Database\BaseConnection->query()
#5 /var/www/ciapp3/app/Models/KinerjaModel.php(28): CodeIgniter\Database\BaseBuilder->update()
#6 /var/www/ciapp3/app/Controllers/Kinerja1.php(563): App\Models\KinerjaModel->updateAll()
#7 /var/www/ciapp3/vendor/codeigniter4/framework/system/CodeIgniter.php(896): App\Controllers\Kinerja1->editIKK()
#8 /var/www/ciapp3/vendor/codeigniter4/framework/system/CodeIgniter.php(466): CodeIgniter\CodeIgniter->runController()
#9 /var/www/ciapp3/vendor/codeigniter4/framework/system/CodeIgniter.php(349): CodeIgniter\CodeIgniter->handleRequest()
#10 /var/www/ciapp3/public/index.php(55): CodeIgniter\CodeIgniter->run()
#11 {main}
CRITICAL - 2022-07-19 10:49:23 --> pg_query(): Query failed: ERROR:  value too long for type character(100)
in SYSTEMPATH/Database/Postgre/Connection.php on line 135.
 1 [internal function]: CodeIgniter\Debug\Exceptions->errorHandler()
 2 SYSTEMPATH/Database/Postgre/Connection.php(135): pg_query()
 3 SYSTEMPATH/Database/BaseConnection.php(695): CodeIgniter\Database\Postgre\Connection->execute()
 4 SYSTEMPATH/Database/BaseConnection.php(609): CodeIgniter\Database\BaseConnection->simpleQuery()
 5 SYSTEMPATH/Database/BaseBuilder.php(2046): CodeIgniter\Database\BaseConnection->query()
 6 APPPATH/Models/KinerjaModel.php(28): CodeIgniter\Database\BaseBuilder->update()
 7 APPPATH/Controllers/Kinerja1.php(563): App\Models\KinerjaModel->updateAll()
 8 SYSTEMPATH/CodeIgniter.php(896): App\Controllers\Kinerja1->editIKK()
 9 SYSTEMPATH/CodeIgniter.php(466): CodeIgniter\CodeIgniter->runController()
10 SYSTEMPATH/CodeIgniter.php(349): CodeIgniter\CodeIgniter->handleRequest()
11 FCPATH/index.php(55): CodeIgniter\CodeIgniter->run()
ERROR - 2022-07-19 10:49:29 --> ErrorException: pg_query(): Query failed: ERROR:  value too long for type character(100) in /var/www/ciapp3/vendor/codeigniter4/framework/system/Database/Postgre/Connection.php:135
Stack trace:
#0 [internal function]: CodeIgniter\Debug\Exceptions->errorHandler()
#1 /var/www/ciapp3/vendor/codeigniter4/framework/system/Database/Postgre/Connection.php(135): pg_query()
#2 /var/www/ciapp3/vendor/codeigniter4/framework/system/Database/BaseConnection.php(695): CodeIgniter\Database\Postgre\Connection->execute()
#3 /var/www/ciapp3/vendor/codeigniter4/framework/system/Database/BaseConnection.php(609): CodeIgniter\Database\BaseConnection->simpleQuery()
#4 /var/www/ciapp3/vendor/codeigniter4/framework/system/Database/BaseBuilder.php(2046): CodeIgniter\Database\BaseConnection->query()
#5 /var/www/ciapp3/app/Models/KinerjaModel.php(28): CodeIgniter\Database\BaseBuilder->update()
#6 /var/www/ciapp3/app/Controllers/Kinerja1.php(563): App\Models\KinerjaModel->updateAll()
#7 /var/www/ciapp3/vendor/codeigniter4/framework/system/CodeIgniter.php(896): App\Controllers\Kinerja1->editIKK()
#8 /var/www/ciapp3/vendor/codeigniter4/framework/system/CodeIgniter.php(466): CodeIgniter\CodeIgniter->runController()
#9 /var/www/ciapp3/vendor/codeigniter4/framework/system/CodeIgniter.php(349): CodeIgniter\CodeIgniter->handleRequest()
#10 /var/www/ciapp3/public/index.php(55): CodeIgniter\CodeIgniter->run()
#11 {main}
CRITICAL - 2022-07-19 10:49:29 --> pg_query(): Query failed: ERROR:  value too long for type character(100)
in SYSTEMPATH/Database/Postgre/Connection.php on line 135.
 1 [internal function]: CodeIgniter\Debug\Exceptions->errorHandler()
 2 SYSTEMPATH/Database/Postgre/Connection.php(135): pg_query()
 3 SYSTEMPATH/Database/BaseConnection.php(695): CodeIgniter\Database\Postgre\Connection->execute()
 4 SYSTEMPATH/Database/BaseConnection.php(609): CodeIgniter\Database\BaseConnection->simpleQuery()
 5 SYSTEMPATH/Database/BaseBuilder.php(2046): CodeIgniter\Database\BaseConnection->query()
 6 APPPATH/Models/KinerjaModel.php(28): CodeIgniter\Database\BaseBuilder->update()
 7 APPPATH/Controllers/Kinerja1.php(563): App\Models\KinerjaModel->updateAll()
 8 SYSTEMPATH/CodeIgniter.php(896): App\Controllers\Kinerja1->editIKK()
 9 SYSTEMPATH/CodeIgniter.php(466): CodeIgniter\CodeIgniter->runController()
10 SYSTEMPATH/CodeIgniter.php(349): CodeIgniter\CodeIgniter->handleRequest()
11 FCPATH/index.php(55): CodeIgniter\CodeIgniter->run()
ERROR - 2022-07-19 10:49:31 --> ErrorException: pg_query(): Query failed: ERROR:  value too long for type character(100) in /var/www/ciapp3/vendor/codeigniter4/framework/system/Database/Postgre/Connection.php:135
Stack trace:
#0 [internal function]: CodeIgniter\Debug\Exceptions->errorHandler()
#1 /var/www/ciapp3/vendor/codeigniter4/framework/system/Database/Postgre/Connection.php(135): pg_query()
#2 /var/www/ciapp3/vendor/codeigniter4/framework/system/Database/BaseConnection.php(695): CodeIgniter\Database\Postgre\Connection->execute()
#3 /var/www/ciapp3/vendor/codeigniter4/framework/system/Database/BaseConnection.php(609): CodeIgniter\Database\BaseConnection->simpleQuery()
#4 /var/www/ciapp3/vendor/codeigniter4/framework/system/Database/BaseBuilder.php(2046): CodeIgniter\Database\BaseConnection->query()
#5 /var/www/ciapp3/app/Models/KinerjaModel.php(28): CodeIgniter\Database\BaseBuilder->update()
#6 /var/www/ciapp3/app/Controllers/Kinerja1.php(563): App\Models\KinerjaModel->updateAll()
#7 /var/www/ciapp3/vendor/codeigniter4/framework/system/CodeIgniter.php(896): App\Controllers\Kinerja1->editIKK()
#8 /var/www/ciapp3/vendor/codeigniter4/framework/system/CodeIgniter.php(466): CodeIgniter\CodeIgniter->runController()
#9 /var/www/ciapp3/vendor/codeigniter4/framework/system/CodeIgniter.php(349): CodeIgniter\CodeIgniter->handleRequest()
#10 /var/www/ciapp3/public/index.php(55): CodeIgniter\CodeIgniter->run()
#11 {main}
CRITICAL - 2022-07-19 10:49:31 --> pg_query(): Query failed: ERROR:  value too long for type character(100)
in SYSTEMPATH/Database/Postgre/Connection.php on line 135.
 1 [internal function]: CodeIgniter\Debug\Exceptions->errorHandler()
 2 SYSTEMPATH/Database/Postgre/Connection.php(135): pg_query()
 3 SYSTEMPATH/Database/BaseConnection.php(695): CodeIgniter\Database\Postgre\Connection->execute()
 4 SYSTEMPATH/Database/BaseConnection.php(609): CodeIgniter\Database\BaseConnection->simpleQuery()
 5 SYSTEMPATH/Database/BaseBuilder.php(2046): CodeIgniter\Database\BaseConnection->query()
 6 APPPATH/Models/KinerjaModel.php(28): CodeIgniter\Database\BaseBuilder->update()
 7 APPPATH/Controllers/Kinerja1.php(563): App\Models\KinerjaModel->updateAll()
 8 SYSTEMPATH/CodeIgniter.php(896): App\Controllers\Kinerja1->editIKK()
 9 SYSTEMPATH/CodeIgniter.php(466): CodeIgniter\CodeIgniter->runController()
10 SYSTEMPATH/CodeIgniter.php(349): CodeIgniter\CodeIgniter->handleRequest()
11 FCPATH/index.php(55): CodeIgniter\CodeIgniter->run()
ERROR - 2022-07-19 10:49:46 --> ErrorException: pg_query(): Query failed: ERROR:  value too long for type character(100) in /var/www/ciapp3/vendor/codeigniter4/framework/system/Database/Postgre/Connection.php:135
Stack trace:
#0 [internal function]: CodeIgniter\Debug\Exceptions->errorHandler()
#1 /var/www/ciapp3/vendor/codeigniter4/framework/system/Database/Postgre/Connection.php(135): pg_query()
#2 /var/www/ciapp3/vendor/codeigniter4/framework/system/Database/BaseConnection.php(695): CodeIgniter\Database\Postgre\Connection->execute()
#3 /var/www/ciapp3/vendor/codeigniter4/framework/system/Database/BaseConnection.php(609): CodeIgniter\Database\BaseConnection->simpleQuery()
#4 /var/www/ciapp3/vendor/codeigniter4/framework/system/Database/BaseBuilder.php(2046): CodeIgniter\Database\BaseConnection->query()
#5 /var/www/ciapp3/app/Models/KinerjaModel.php(28): CodeIgniter\Database\BaseBuilder->update()
#6 /var/www/ciapp3/app/Controllers/Kinerja1.php(563): App\Models\KinerjaModel->updateAll()
#7 /var/www/ciapp3/vendor/codeigniter4/framework/system/CodeIgniter.php(896): App\Controllers\Kinerja1->editIKK()
#8 /var/www/ciapp3/vendor/codeigniter4/framework/system/CodeIgniter.php(466): CodeIgniter\CodeIgniter->runController()
#9 /var/www/ciapp3/vendor/codeigniter4/framework/system/CodeIgniter.php(349): CodeIgniter\CodeIgniter->handleRequest()
#10 /var/www/ciapp3/public/index.php(55): CodeIgniter\CodeIgniter->run()
#11 {main}
CRITICAL - 2022-07-19 10:49:46 --> pg_query(): Query failed: ERROR:  value too long for type character(100)
in SYSTEMPATH/Database/Postgre/Connection.php on line 135.
 1 [internal function]: CodeIgniter\Debug\Exceptions->errorHandler()
 2 SYSTEMPATH/Database/Postgre/Connection.php(135): pg_query()
 3 SYSTEMPATH/Database/BaseConnection.php(695): CodeIgniter\Database\Postgre\Connection->execute()
 4 SYSTEMPATH/Database/BaseConnection.php(609): CodeIgniter\Database\BaseConnection->simpleQuery()
 5 SYSTEMPATH/Database/BaseBuilder.php(2046): CodeIgniter\Database\BaseConnection->query()
 6 APPPATH/Models/KinerjaModel.php(28): CodeIgniter\Database\BaseBuilder->update()
 7 APPPATH/Controllers/Kinerja1.php(563): App\Models\KinerjaModel->updateAll()
 8 SYSTEMPATH/CodeIgniter.php(896): App\Controllers\Kinerja1->editIKK()
 9 SYSTEMPATH/CodeIgniter.php(466): CodeIgniter\CodeIgniter->runController()
10 SYSTEMPATH/CodeIgniter.php(349): CodeIgniter\CodeIgniter->handleRequest()
11 FCPATH/index.php(55): CodeIgniter\CodeIgniter->run()
ERROR - 2022-07-19 10:49:52 --> ErrorException: pg_query(): Query failed: ERROR:  value too long for type character(100) in /var/www/ciapp3/vendor/codeigniter4/framework/system/Database/Postgre/Connection.php:135
Stack trace:
#0 [internal function]: CodeIgniter\Debug\Exceptions->errorHandler()
#1 /var/www/ciapp3/vendor/codeigniter4/framework/system/Database/Postgre/Connection.php(135): pg_query()
#2 /var/www/ciapp3/vendor/codeigniter4/framework/system/Database/BaseConnection.php(695): CodeIgniter\Database\Postgre\Connection->execute()
#3 /var/www/ciapp3/vendor/codeigniter4/framework/system/Database/BaseConnection.php(609): CodeIgniter\Database\BaseConnection->simpleQuery()
#4 /var/www/ciapp3/vendor/codeigniter4/framework/system/Database/BaseBuilder.php(2046): CodeIgniter\Database\BaseConnection->query()
#5 /var/www/ciapp3/app/Models/KinerjaModel.php(28): CodeIgniter\Database\BaseBuilder->update()
#6 /var/www/ciapp3/app/Controllers/Kinerja1.php(563): App\Models\KinerjaModel->updateAll()
#7 /var/www/ciapp3/vendor/codeigniter4/framework/system/CodeIgniter.php(896): App\Controllers\Kinerja1->editIKK()
#8 /var/www/ciapp3/vendor/codeigniter4/framework/system/CodeIgniter.php(466): CodeIgniter\CodeIgniter->runController()
#9 /var/www/ciapp3/vendor/codeigniter4/framework/system/CodeIgniter.php(349): CodeIgniter\CodeIgniter->handleRequest()
#10 /var/www/ciapp3/public/index.php(55): CodeIgniter\CodeIgniter->run()
#11 {main}
CRITICAL - 2022-07-19 10:49:52 --> pg_query(): Query failed: ERROR:  value too long for type character(100)
in SYSTEMPATH/Database/Postgre/Connection.php on line 135.
 1 [internal function]: CodeIgniter\Debug\Exceptions->errorHandler()
 2 SYSTEMPATH/Database/Postgre/Connection.php(135): pg_query()
 3 SYSTEMPATH/Database/BaseConnection.php(695): CodeIgniter\Database\Postgre\Connection->execute()
 4 SYSTEMPATH/Database/BaseConnection.php(609): CodeIgniter\Database\BaseConnection->simpleQuery()
 5 SYSTEMPATH/Database/BaseBuilder.php(2046): CodeIgniter\Database\BaseConnection->query()
 6 APPPATH/Models/KinerjaModel.php(28): CodeIgniter\Database\BaseBuilder->update()
 7 APPPATH/Controllers/Kinerja1.php(563): App\Models\KinerjaModel->updateAll()
 8 SYSTEMPATH/CodeIgniter.php(896): App\Controllers\Kinerja1->editIKK()
 9 SYSTEMPATH/CodeIgniter.php(466): CodeIgniter\CodeIgniter->runController()
10 SYSTEMPATH/CodeIgniter.php(349): CodeIgniter\CodeIgniter->handleRequest()
11 FCPATH/index.php(55): CodeIgniter\CodeIgniter->run()
ERROR - 2022-07-19 10:50:18 --> ErrorException: pg_query(): Query failed: ERROR:  value too long for type character(100) in /var/www/ciapp3/vendor/codeigniter4/framework/system/Database/Postgre/Connection.php:135
Stack trace:
#0 [internal function]: CodeIgniter\Debug\Exceptions->errorHandler()
#1 /var/www/ciapp3/vendor/codeigniter4/framework/system/Database/Postgre/Connection.php(135): pg_query()
#2 /var/www/ciapp3/vendor/codeigniter4/framework/system/Database/BaseConnection.php(695): CodeIgniter\Database\Postgre\Connection->execute()
#3 /var/www/ciapp3/vendor/codeigniter4/framework/system/Database/BaseConnection.php(609): CodeIgniter\Database\BaseConnection->simpleQuery()
#4 /var/www/ciapp3/vendor/codeigniter4/framework/system/Database/BaseBuilder.php(2046): CodeIgniter\Database\BaseConnection->query()
#5 /var/www/ciapp3/app/Models/KinerjaModel.php(28): CodeIgniter\Database\BaseBuilder->update()
#6 /var/www/ciapp3/app/Controllers/Kinerja1.php(563): App\Models\KinerjaModel->updateAll()
#7 /var/www/ciapp3/vendor/codeigniter4/framework/system/CodeIgniter.php(896): App\Controllers\Kinerja1->editIKK()
#8 /var/www/ciapp3/vendor/codeigniter4/framework/system/CodeIgniter.php(466): CodeIgniter\CodeIgniter->runController()
#9 /var/www/ciapp3/vendor/codeigniter4/framework/system/CodeIgniter.php(349): CodeIgniter\CodeIgniter->handleRequest()
#10 /var/www/ciapp3/public/index.php(55): CodeIgniter\CodeIgniter->run()
#11 {main}
CRITICAL - 2022-07-19 10:50:18 --> pg_query(): Query failed: ERROR:  value too long for type character(100)
in SYSTEMPATH/Database/Postgre/Connection.php on line 135.
 1 [internal function]: CodeIgniter\Debug\Exceptions->errorHandler()
 2 SYSTEMPATH/Database/Postgre/Connection.php(135): pg_query()
 3 SYSTEMPATH/Database/BaseConnection.php(695): CodeIgniter\Database\Postgre\Connection->execute()
 4 SYSTEMPATH/Database/BaseConnection.php(609): CodeIgniter\Database\BaseConnection->simpleQuery()
 5 SYSTEMPATH/Database/BaseBuilder.php(2046): CodeIgniter\Database\BaseConnection->query()
 6 APPPATH/Models/KinerjaModel.php(28): CodeIgniter\Database\BaseBuilder->update()
 7 APPPATH/Controllers/Kinerja1.php(563): App\Models\KinerjaModel->updateAll()
 8 SYSTEMPATH/CodeIgniter.php(896): App\Controllers\Kinerja1->editIKK()
 9 SYSTEMPATH/CodeIgniter.php(466): CodeIgniter\CodeIgniter->runController()
10 SYSTEMPATH/CodeIgniter.php(349): CodeIgniter\CodeIgniter->handleRequest()
11 FCPATH/index.php(55): CodeIgniter\CodeIgniter->run()
ERROR - 2022-07-19 10:50:31 --> ErrorException: pg_query(): Query failed: ERROR:  value too long for type character(100) in /var/www/ciapp3/vendor/codeigniter4/framework/system/Database/Postgre/Connection.php:135
Stack trace:
#0 [internal function]: CodeIgniter\Debug\Exceptions->errorHandler()
#1 /var/www/ciapp3/vendor/codeigniter4/framework/system/Database/Postgre/Connection.php(135): pg_query()
#2 /var/www/ciapp3/vendor/codeigniter4/framework/system/Database/BaseConnection.php(695): CodeIgniter\Database\Postgre\Connection->execute()
#3 /var/www/ciapp3/vendor/codeigniter4/framework/system/Database/BaseConnection.php(609): CodeIgniter\Database\BaseConnection->simpleQuery()
#4 /var/www/ciapp3/vendor/codeigniter4/framework/system/Database/BaseBuilder.php(2046): CodeIgniter\Database\BaseConnection->query()
#5 /var/www/ciapp3/app/Models/KinerjaModel.php(28): CodeIgniter\Database\BaseBuilder->update()
#6 /var/www/ciapp3/app/Controllers/Kinerja1.php(563): App\Models\KinerjaModel->updateAll()
#7 /var/www/ciapp3/vendor/codeigniter4/framework/system/CodeIgniter.php(896): App\Controllers\Kinerja1->editIKK()
#8 /var/www/ciapp3/vendor/codeigniter4/framework/system/CodeIgniter.php(466): CodeIgniter\CodeIgniter->runController()
#9 /var/www/ciapp3/vendor/codeigniter4/framework/system/CodeIgniter.php(349): CodeIgniter\CodeIgniter->handleRequest()
#10 /var/www/ciapp3/public/index.php(55): CodeIgniter\CodeIgniter->run()
#11 {main}
CRITICAL - 2022-07-19 10:50:31 --> pg_query(): Query failed: ERROR:  value too long for type character(100)
in SYSTEMPATH/Database/Postgre/Connection.php on line 135.
 1 [internal function]: CodeIgniter\Debug\Exceptions->errorHandler()
 2 SYSTEMPATH/Database/Postgre/Connection.php(135): pg_query()
 3 SYSTEMPATH/Database/BaseConnection.php(695): CodeIgniter\Database\Postgre\Connection->execute()
 4 SYSTEMPATH/Database/BaseConnection.php(609): CodeIgniter\Database\BaseConnection->simpleQuery()
 5 SYSTEMPATH/Database/BaseBuilder.php(2046): CodeIgniter\Database\BaseConnection->query()
 6 APPPATH/Models/KinerjaModel.php(28): CodeIgniter\Database\BaseBuilder->update()
 7 APPPATH/Controllers/Kinerja1.php(563): App\Models\KinerjaModel->updateAll()
 8 SYSTEMPATH/CodeIgniter.php(896): App\Controllers\Kinerja1->editIKK()
 9 SYSTEMPATH/CodeIgniter.php(466): CodeIgniter\CodeIgniter->runController()
10 SYSTEMPATH/CodeIgniter.php(349): CodeIgniter\CodeIgniter->handleRequest()
11 FCPATH/index.php(55): CodeIgniter\CodeIgniter->run()
ERROR - 2022-07-19 11:36:16 --> ErrorException: pg_query(): Query failed: ERROR:  operator does not exist: character = integer
LINE 3: WHERE &quot;kode_sk&quot; = 677509
                        ^
HINT:  No operator matches the given name and argument types. You might need to add explicit type casts. in /var/www/ciapp3/vendor/codeigniter4/framework/system/Database/Postgre/Connection.php:135
Stack trace:
#0 [internal function]: CodeIgniter\Debug\Exceptions->errorHandler()
#1 /var/www/ciapp3/vendor/codeigniter4/framework/system/Database/Postgre/Connection.php(135): pg_query()
#2 /var/www/ciapp3/vendor/codeigniter4/framework/system/Database/BaseConnection.php(695): CodeIgniter\Database\Postgre\Connection->execute()
#3 /var/www/ciapp3/vendor/codeigniter4/framework/system/Database/BaseConnection.php(609): CodeIgniter\Database\BaseConnection->simpleQuery()
#4 /var/www/ciapp3/vendor/codeigniter4/framework/system/Database/BaseBuilder.php(1585): CodeIgniter\Database\BaseConnection->query()
#5 /var/www/ciapp3/app/Models/KinerjaModel.php(44): CodeIgniter\Database\BaseBuilder->get()
#6 /var/www/ciapp3/app/Controllers/Kinerja1.php(398): App\Models\KinerjaModel->getAll()
#7 /var/www/ciapp3/vendor/codeigniter4/framework/system/CodeIgniter.php(896): App\Controllers\Kinerja1->readExcel()
#8 /var/www/ciapp3/vendor/codeigniter4/framework/system/CodeIgniter.php(466): CodeIgniter\CodeIgniter->runController()
#9 /var/www/ciapp3/vendor/codeigniter4/framework/system/CodeIgniter.php(349): CodeIgniter\CodeIgniter->handleRequest()
#10 /var/www/ciapp3/public/index.php(55): CodeIgniter\CodeIgniter->run()
#11 {main}
CRITICAL - 2022-07-19 11:36:16 --> pg_query(): Query failed: ERROR:  operator does not exist: character = integer
LINE 3: WHERE &quot;kode_sk&quot; = 677509
                        ^
HINT:  No operator matches the given name and argument types. You might need to add explicit type casts.
in SYSTEMPATH/Database/Postgre/Connection.php on line 135.
 1 [internal function]: CodeIgniter\Debug\Exceptions->errorHandler()
 2 SYSTEMPATH/Database/Postgre/Connection.php(135): pg_query()
 3 SYSTEMPATH/Database/BaseConnection.php(695): CodeIgniter\Database\Postgre\Connection->execute()
 4 SYSTEMPATH/Database/BaseConnection.php(609): CodeIgniter\Database\BaseConnection->simpleQuery()
 5 SYSTEMPATH/Database/BaseBuilder.php(1585): CodeIgniter\Database\BaseConnection->query()
 6 APPPATH/Models/KinerjaModel.php(44): CodeIgniter\Database\BaseBuilder->get()
 7 APPPATH/Controllers/Kinerja1.php(398): App\Models\KinerjaModel->getAll()
 8 SYSTEMPATH/CodeIgniter.php(896): App\Controllers\Kinerja1->readExcel()
 9 SYSTEMPATH/CodeIgniter.php(466): CodeIgniter\CodeIgniter->runController()
10 SYSTEMPATH/CodeIgniter.php(349): CodeIgniter\CodeIgniter->handleRequest()
11 FCPATH/index.php(55): CodeIgniter\CodeIgniter->run()
CRITICAL - 2022-07-19 11:53:56 --> Undefined offset: 1
in APPPATH/Views/pages/dev.php on line 480.
 1 APPPATH/Views/pages/dev.php(480): CodeIgniter\Debug\Exceptions->errorHandler()
 2 SYSTEMPATH/View/View.php(213): include('APPPATH/Views/pages/dev.php')
 3 SYSTEMPATH/View/View.php(216): CodeIgniter\View\View->CodeIgniter\View\{closure}()
 4 SYSTEMPATH/Common.php(1135): CodeIgniter\View\View->render()
 5 APPPATH/Controllers/Kinerja1.php(67): view()
 6 SYSTEMPATH/CodeIgniter.php(896): App\Controllers\Kinerja1->index()
 7 SYSTEMPATH/CodeIgniter.php(466): CodeIgniter\CodeIgniter->runController()
 8 SYSTEMPATH/CodeIgniter.php(349): CodeIgniter\CodeIgniter->handleRequest()
 9 FCPATH/index.php(55): CodeIgniter\CodeIgniter->run()
CRITICAL - 2022-07-19 11:54:08 --> Undefined offset: 1
in APPPATH/Views/pages/dev.php on line 480.
 1 APPPATH/Views/pages/dev.php(480): CodeIgniter\Debug\Exceptions->errorHandler()
 2 SYSTEMPATH/View/View.php(213): include('APPPATH/Views/pages/dev.php')
 3 SYSTEMPATH/View/View.php(216): CodeIgniter\View\View->CodeIgniter\View\{closure}()
 4 SYSTEMPATH/Common.php(1135): CodeIgniter\View\View->render()
 5 APPPATH/Controllers/Kinerja1.php(67): view()
 6 SYSTEMPATH/CodeIgniter.php(896): App\Controllers\Kinerja1->index()
 7 SYSTEMPATH/CodeIgniter.php(466): CodeIgniter\CodeIgniter->runController()
 8 SYSTEMPATH/CodeIgniter.php(349): CodeIgniter\CodeIgniter->handleRequest()
 9 FCPATH/index.php(55): CodeIgniter\CodeIgniter->run()
CRITICAL - 2022-07-19 11:54:08 --> Undefined offset: 1
in APPPATH/Views/pages/dev.php on line 480.
 1 APPPATH/Views/pages/dev.php(480): CodeIgniter\Debug\Exceptions->errorHandler()
 2 SYSTEMPATH/View/View.php(213): include('APPPATH/Views/pages/dev.php')
 3 SYSTEMPATH/View/View.php(216): CodeIgniter\View\View->CodeIgniter\View\{closure}()
 4 SYSTEMPATH/Common.php(1135): CodeIgniter\View\View->render()
 5 APPPATH/Controllers/Kinerja1.php(67): view()
 6 SYSTEMPATH/CodeIgniter.php(896): App\Controllers\Kinerja1->index()
 7 SYSTEMPATH/CodeIgniter.php(466): CodeIgniter\CodeIgniter->runController()
 8 SYSTEMPATH/CodeIgniter.php(349): CodeIgniter\CodeIgniter->handleRequest()
 9 FCPATH/index.php(55): CodeIgniter\CodeIgniter->run()
CRITICAL - 2022-07-19 11:54:50 --> Undefined offset: 1
in APPPATH/Views/pages/dev.php on line 480.
 1 APPPATH/Views/pages/dev.php(480): CodeIgniter\Debug\Exceptions->errorHandler()
 2 SYSTEMPATH/View/View.php(213): include('APPPATH/Views/pages/dev.php')
 3 SYSTEMPATH/View/View.php(216): CodeIgniter\View\View->CodeIgniter\View\{closure}()
 4 SYSTEMPATH/Common.php(1135): CodeIgniter\View\View->render()
 5 APPPATH/Controllers/Kinerja1.php(67): view()
 6 SYSTEMPATH/CodeIgniter.php(896): App\Controllers\Kinerja1->index()
 7 SYSTEMPATH/CodeIgniter.php(466): CodeIgniter\CodeIgniter->runController()
 8 SYSTEMPATH/CodeIgniter.php(349): CodeIgniter\CodeIgniter->handleRequest()
 9 FCPATH/index.php(55): CodeIgniter\CodeIgniter->run()
CRITICAL - 2022-07-19 11:57:09 --> Array to string conversion
in APPPATH/Views/pages/dev.php on line 480.
 1 APPPATH/Views/pages/dev.php(480): CodeIgniter\Debug\Exceptions->errorHandler()
 2 SYSTEMPATH/View/View.php(213): include('APPPATH/Views/pages/dev.php')
 3 SYSTEMPATH/View/View.php(216): CodeIgniter\View\View->CodeIgniter\View\{closure}()
 4 SYSTEMPATH/Common.php(1135): CodeIgniter\View\View->render()
 5 APPPATH/Controllers/Kinerja1.php(67): view()
 6 SYSTEMPATH/CodeIgniter.php(896): App\Controllers\Kinerja1->index()
 7 SYSTEMPATH/CodeIgniter.php(466): CodeIgniter\CodeIgniter->runController()
 8 SYSTEMPATH/CodeIgniter.php(349): CodeIgniter\CodeIgniter->handleRequest()
 9 FCPATH/index.php(55): CodeIgniter\CodeIgniter->run()
CRITICAL - 2022-07-19 11:57:16 --> Array to string conversion
in APPPATH/Views/pages/dev.php on line 480.
 1 APPPATH/Views/pages/dev.php(480): CodeIgniter\Debug\Exceptions->errorHandler()
 2 SYSTEMPATH/View/View.php(213): include('APPPATH/Views/pages/dev.php')
 3 SYSTEMPATH/View/View.php(216): CodeIgniter\View\View->CodeIgniter\View\{closure}()
 4 SYSTEMPATH/Common.php(1135): CodeIgniter\View\View->render()
 5 APPPATH/Controllers/Kinerja1.php(67): view()
 6 SYSTEMPATH/CodeIgniter.php(896): App\Controllers\Kinerja1->index()
 7 SYSTEMPATH/CodeIgniter.php(466): CodeIgniter\CodeIgniter->runController()
 8 SYSTEMPATH/CodeIgniter.php(349): CodeIgniter\CodeIgniter->handleRequest()
 9 FCPATH/index.php(55): CodeIgniter\CodeIgniter->run()
CRITICAL - 2022-07-19 11:59:44 --> Undefined offset: 1
in APPPATH/Views/pages/dev.php on line 480.
 1 APPPATH/Views/pages/dev.php(480): CodeIgniter\Debug\Exceptions->errorHandler()
 2 SYSTEMPATH/View/View.php(213): include('APPPATH/Views/pages/dev.php')
 3 SYSTEMPATH/View/View.php(216): CodeIgniter\View\View->CodeIgniter\View\{closure}()
 4 SYSTEMPATH/Common.php(1135): CodeIgniter\View\View->render()
 5 APPPATH/Controllers/Kinerja1.php(67): view()
 6 SYSTEMPATH/CodeIgniter.php(896): App\Controllers\Kinerja1->index()
 7 SYSTEMPATH/CodeIgniter.php(466): CodeIgniter\CodeIgniter->runController()
 8 SYSTEMPATH/CodeIgniter.php(349): CodeIgniter\CodeIgniter->handleRequest()
 9 FCPATH/index.php(55): CodeIgniter\CodeIgniter->run()
CRITICAL - 2022-07-19 12:00:55 --> Undefined offset: 1
in APPPATH/Views/pages/dev.php on line 480.
 1 APPPATH/Views/pages/dev.php(480): CodeIgniter\Debug\Exceptions->errorHandler()
 2 SYSTEMPATH/View/View.php(213): include('APPPATH/Views/pages/dev.php')
 3 SYSTEMPATH/View/View.php(216): CodeIgniter\View\View->CodeIgniter\View\{closure}()
 4 SYSTEMPATH/Common.php(1135): CodeIgniter\View\View->render()
 5 APPPATH/Controllers/Kinerja1.php(67): view()
 6 SYSTEMPATH/CodeIgniter.php(896): App\Controllers\Kinerja1->index()
 7 SYSTEMPATH/CodeIgniter.php(466): CodeIgniter\CodeIgniter->runController()
 8 SYSTEMPATH/CodeIgniter.php(349): CodeIgniter\CodeIgniter->handleRequest()
 9 FCPATH/index.php(55): CodeIgniter\CodeIgniter->run()
ERROR - 2022-07-19 12:01:06 --> ErrorException: pg_query(): Query failed: ERROR:  value too long for type character(100) in /var/www/ciapp3/vendor/codeigniter4/framework/system/Database/Postgre/Connection.php:135
Stack trace:
#0 [internal function]: CodeIgniter\Debug\Exceptions->errorHandler()
#1 /var/www/ciapp3/vendor/codeigniter4/framework/system/Database/Postgre/Connection.php(135): pg_query()
#2 /var/www/ciapp3/vendor/codeigniter4/framework/system/Database/BaseConnection.php(695): CodeIgniter\Database\Postgre\Connection->execute()
#3 /var/www/ciapp3/vendor/codeigniter4/framework/system/Database/BaseConnection.php(609): CodeIgniter\Database\BaseConnection->simpleQuery()
#4 /var/www/ciapp3/vendor/codeigniter4/framework/system/Database/BaseBuilder.php(2046): CodeIgniter\Database\BaseConnection->query()
#5 /var/www/ciapp3/app/Models/KinerjaModel.php(28): CodeIgniter\Database\BaseBuilder->update()
#6 /var/www/ciapp3/app/Controllers/Kinerja1.php(578): App\Models\KinerjaModel->updateAll()
#7 /var/www/ciapp3/vendor/codeigniter4/framework/system/CodeIgniter.php(896): App\Controllers\Kinerja1->editIKK()
#8 /var/www/ciapp3/vendor/codeigniter4/framework/system/CodeIgniter.php(466): CodeIgniter\CodeIgniter->runController()
#9 /var/www/ciapp3/vendor/codeigniter4/framework/system/CodeIgniter.php(349): CodeIgniter\CodeIgniter->handleRequest()
#10 /var/www/ciapp3/public/index.php(55): CodeIgniter\CodeIgniter->run()
#11 {main}
CRITICAL - 2022-07-19 12:01:06 --> pg_query(): Query failed: ERROR:  value too long for type character(100)
in SYSTEMPATH/Database/Postgre/Connection.php on line 135.
 1 [internal function]: CodeIgniter\Debug\Exceptions->errorHandler()
 2 SYSTEMPATH/Database/Postgre/Connection.php(135): pg_query()
 3 SYSTEMPATH/Database/BaseConnection.php(695): CodeIgniter\Database\Postgre\Connection->execute()
 4 SYSTEMPATH/Database/BaseConnection.php(609): CodeIgniter\Database\BaseConnection->simpleQuery()
 5 SYSTEMPATH/Database/BaseBuilder.php(2046): CodeIgniter\Database\BaseConnection->query()
 6 APPPATH/Models/KinerjaModel.php(28): CodeIgniter\Database\BaseBuilder->update()
 7 APPPATH/Controllers/Kinerja1.php(578): App\Models\KinerjaModel->updateAll()
 8 SYSTEMPATH/CodeIgniter.php(896): App\Controllers\Kinerja1->editIKK()
 9 SYSTEMPATH/CodeIgniter.php(466): CodeIgniter\CodeIgniter->runController()
10 SYSTEMPATH/CodeIgniter.php(349): CodeIgniter\CodeIgniter->handleRequest()
11 FCPATH/index.php(55): CodeIgniter\CodeIgniter->run()
CRITICAL - 2022-07-19 12:01:15 --> syntax error, unexpected ';', expecting ']'
in APPPATH/Views/pages/dev.php on line 354.
 1 SYSTEMPATH/View/View.php(216): CodeIgniter\View\View->CodeIgniter\View\{closure}()
 2 SYSTEMPATH/Common.php(1135): CodeIgniter\View\View->render()
 3 APPPATH/Controllers/Kinerja1.php(67): view()
 4 SYSTEMPATH/CodeIgniter.php(896): App\Controllers\Kinerja1->index()
 5 SYSTEMPATH/CodeIgniter.php(466): CodeIgniter\CodeIgniter->runController()
 6 SYSTEMPATH/CodeIgniter.php(349): CodeIgniter\CodeIgniter->handleRequest()
 7 FCPATH/index.php(55): CodeIgniter\CodeIgniter->run()
ERROR - 2022-07-19 12:16:48 --> ErrorException: pg_query(): Query failed: ERROR:  column &quot;deskripsi&quot; of relation &quot;progres&quot; does not exist
LINE 1: UPDATE &quot;progres&quot; SET &quot;progres&quot; = '  anjay', &quot;deskripsi&quot; = 'c...
                                                    ^ in /var/www/ciapp3/vendor/codeigniter4/framework/system/Database/Postgre/Connection.php:135
Stack trace:
#0 [internal function]: CodeIgniter\Debug\Exceptions->errorHandler()
#1 /var/www/ciapp3/vendor/codeigniter4/framework/system/Database/Postgre/Connection.php(135): pg_query()
#2 /var/www/ciapp3/vendor/codeigniter4/framework/system/Database/BaseConnection.php(695): CodeIgniter\Database\Postgre\Connection->execute()
#3 /var/www/ciapp3/vendor/codeigniter4/framework/system/Database/BaseConnection.php(609): CodeIgniter\Database\BaseConnection->simpleQuery()
#4 /var/www/ciapp3/vendor/codeigniter4/framework/system/Database/BaseBuilder.php(2046): CodeIgniter\Database\BaseConnection->query()
#5 /var/www/ciapp3/app/Models/KinerjaModel.php(28): CodeIgniter\Database\BaseBuilder->update()
#6 /var/www/ciapp3/app/Controllers/Kinerja1.php(530): App\Models\KinerjaModel->updateAll()
#7 /var/www/ciapp3/vendor/codeigniter4/framework/system/CodeIgniter.php(896): App\Controllers\Kinerja1->saveDetail()
#8 /var/www/ciapp3/vendor/codeigniter4/framework/system/CodeIgniter.php(466): CodeIgniter\CodeIgniter->runController()
#9 /var/www/ciapp3/vendor/codeigniter4/framework/system/CodeIgniter.php(349): CodeIgniter\CodeIgniter->handleRequest()
#10 /var/www/ciapp3/public/index.php(55): CodeIgniter\CodeIgniter->run()
#11 {main}
CRITICAL - 2022-07-19 12:16:48 --> pg_query(): Query failed: ERROR:  column &quot;deskripsi&quot; of relation &quot;progres&quot; does not exist
LINE 1: UPDATE &quot;progres&quot; SET &quot;progres&quot; = '  anjay', &quot;deskripsi&quot; = 'c...
                                                    ^
in SYSTEMPATH/Database/Postgre/Connection.php on line 135.
 1 [internal function]: CodeIgniter\Debug\Exceptions->errorHandler()
 2 SYSTEMPATH/Database/Postgre/Connection.php(135): pg_query()
 3 SYSTEMPATH/Database/BaseConnection.php(695): CodeIgniter\Database\Postgre\Connection->execute()
 4 SYSTEMPATH/Database/BaseConnection.php(609): CodeIgniter\Database\BaseConnection->simpleQuery()
 5 SYSTEMPATH/Database/BaseBuilder.php(2046): CodeIgniter\Database\BaseConnection->query()
 6 APPPATH/Models/KinerjaModel.php(28): CodeIgniter\Database\BaseBuilder->update()
 7 APPPATH/Controllers/Kinerja1.php(530): App\Models\KinerjaModel->updateAll()
 8 SYSTEMPATH/CodeIgniter.php(896): App\Controllers\Kinerja1->saveDetail()
 9 SYSTEMPATH/CodeIgniter.php(466): CodeIgniter\CodeIgniter->runController()
10 SYSTEMPATH/CodeIgniter.php(349): CodeIgniter\CodeIgniter->handleRequest()
11 FCPATH/index.php(55): CodeIgniter\CodeIgniter->run()
ERROR - 2022-07-19 12:17:43 --> ErrorException: pg_query(): Query failed: ERROR:  column &quot;deskripsi&quot; of relation &quot;progres&quot; does not exist
LINE 1: UPDATE &quot;progres&quot; SET &quot;progres&quot; = '  anjay', &quot;deskripsi&quot; = 'c...
                                                    ^ in /var/www/ciapp3/vendor/codeigniter4/framework/system/Database/Postgre/Connection.php:135
Stack trace:
#0 [internal function]: CodeIgniter\Debug\Exceptions->errorHandler()
#1 /var/www/ciapp3/vendor/codeigniter4/framework/system/Database/Postgre/Connection.php(135): pg_query()
#2 /var/www/ciapp3/vendor/codeigniter4/framework/system/Database/BaseConnection.php(695): CodeIgniter\Database\Postgre\Connection->execute()
#3 /var/www/ciapp3/vendor/codeigniter4/framework/system/Database/BaseConnection.php(609): CodeIgniter\Database\BaseConnection->simpleQuery()
#4 /var/www/ciapp3/vendor/codeigniter4/framework/system/Database/BaseBuilder.php(2046): CodeIgniter\Database\BaseConnection->query()
#5 /var/www/ciapp3/app/Models/KinerjaModel.php(28): CodeIgniter\Database\BaseBuilder->update()
#6 /var/www/ciapp3/app/Controllers/Kinerja1.php(530): App\Models\KinerjaModel->updateAll()
#7 /var/www/ciapp3/vendor/codeigniter4/framework/system/CodeIgniter.php(896): App\Controllers\Kinerja1->saveDetail()
#8 /var/www/ciapp3/vendor/codeigniter4/framework/system/CodeIgniter.php(466): CodeIgniter\CodeIgniter->runController()
#9 /var/www/ciapp3/vendor/codeigniter4/framework/system/CodeIgniter.php(349): CodeIgniter\CodeIgniter->handleRequest()
#10 /var/www/ciapp3/public/index.php(55): CodeIgniter\CodeIgniter->run()
#11 {main}
CRITICAL - 2022-07-19 12:17:43 --> pg_query(): Query failed: ERROR:  column &quot;deskripsi&quot; of relation &quot;progres&quot; does not exist
LINE 1: UPDATE &quot;progres&quot; SET &quot;progres&quot; = '  anjay', &quot;deskripsi&quot; = 'c...
                                                    ^
in SYSTEMPATH/Database/Postgre/Connection.php on line 135.
 1 [internal function]: CodeIgniter\Debug\Exceptions->errorHandler()
 2 SYSTEMPATH/Database/Postgre/Connection.php(135): pg_query()
 3 SYSTEMPATH/Database/BaseConnection.php(695): CodeIgniter\Database\Postgre\Connection->execute()
 4 SYSTEMPATH/Database/BaseConnection.php(609): CodeIgniter\Database\BaseConnection->simpleQuery()
 5 SYSTEMPATH/Database/BaseBuilder.php(2046): CodeIgniter\Database\BaseConnection->query()
 6 APPPATH/Models/KinerjaModel.php(28): CodeIgniter\Database\BaseBuilder->update()
 7 APPPATH/Controllers/Kinerja1.php(530): App\Models\KinerjaModel->updateAll()
 8 SYSTEMPATH/CodeIgniter.php(896): App\Controllers\Kinerja1->saveDetail()
 9 SYSTEMPATH/CodeIgniter.php(466): CodeIgniter\CodeIgniter->runController()
10 SYSTEMPATH/CodeIgniter.php(349): CodeIgniter\CodeIgniter->handleRequest()
11 FCPATH/index.php(55): CodeIgniter\CodeIgniter->run()
ERROR - 2022-07-19 12:18:04 --> ErrorException: pg_query(): Query failed: ERROR:  column &quot;deskripsi&quot; of relation &quot;progres&quot; does not exist
LINE 1: UPDATE &quot;progres&quot; SET &quot;progres&quot; = '  anjay', &quot;deskripsi&quot; = 'c...
                                                    ^ in /var/www/ciapp3/vendor/codeigniter4/framework/system/Database/Postgre/Connection.php:135
Stack trace:
#0 [internal function]: CodeIgniter\Debug\Exceptions->errorHandler()
#1 /var/www/ciapp3/vendor/codeigniter4/framework/system/Database/Postgre/Connection.php(135): pg_query()
#2 /var/www/ciapp3/vendor/codeigniter4/framework/system/Database/BaseConnection.php(695): CodeIgniter\Database\Postgre\Connection->execute()
#3 /var/www/ciapp3/vendor/codeigniter4/framework/system/Database/BaseConnection.php(609): CodeIgniter\Database\BaseConnection->simpleQuery()
#4 /var/www/ciapp3/vendor/codeigniter4/framework/system/Database/BaseBuilder.php(2046): CodeIgniter\Database\BaseConnection->query()
#5 /var/www/ciapp3/app/Models/KinerjaModel.php(28): CodeIgniter\Database\BaseBuilder->update()
#6 /var/www/ciapp3/app/Controllers/Kinerja1.php(530): App\Models\KinerjaModel->updateAll()
#7 /var/www/ciapp3/vendor/codeigniter4/framework/system/CodeIgniter.php(896): App\Controllers\Kinerja1->saveDetail()
#8 /var/www/ciapp3/vendor/codeigniter4/framework/system/CodeIgniter.php(466): CodeIgniter\CodeIgniter->runController()
#9 /var/www/ciapp3/vendor/codeigniter4/framework/system/CodeIgniter.php(349): CodeIgniter\CodeIgniter->handleRequest()
#10 /var/www/ciapp3/public/index.php(55): CodeIgniter\CodeIgniter->run()
#11 {main}
CRITICAL - 2022-07-19 12:18:04 --> pg_query(): Query failed: ERROR:  column &quot;deskripsi&quot; of relation &quot;progres&quot; does not exist
LINE 1: UPDATE &quot;progres&quot; SET &quot;progres&quot; = '  anjay', &quot;deskripsi&quot; = 'c...
                                                    ^
in SYSTEMPATH/Database/Postgre/Connection.php on line 135.
 1 [internal function]: CodeIgniter\Debug\Exceptions->errorHandler()
 2 SYSTEMPATH/Database/Postgre/Connection.php(135): pg_query()
 3 SYSTEMPATH/Database/BaseConnection.php(695): CodeIgniter\Database\Postgre\Connection->execute()
 4 SYSTEMPATH/Database/BaseConnection.php(609): CodeIgniter\Database\BaseConnection->simpleQuery()
 5 SYSTEMPATH/Database/BaseBuilder.php(2046): CodeIgniter\Database\BaseConnection->query()
 6 APPPATH/Models/KinerjaModel.php(28): CodeIgniter\Database\BaseBuilder->update()
 7 APPPATH/Controllers/Kinerja1.php(530): App\Models\KinerjaModel->updateAll()
 8 SYSTEMPATH/CodeIgniter.php(896): App\Controllers\Kinerja1->saveDetail()
 9 SYSTEMPATH/CodeIgniter.php(466): CodeIgniter\CodeIgniter->runController()
10 SYSTEMPATH/CodeIgniter.php(349): CodeIgniter\CodeIgniter->handleRequest()
11 FCPATH/index.php(55): CodeIgniter\CodeIgniter->run()
CRITICAL - 2022-07-19 12:22:00 --> syntax error, unexpected '?', expecting elseif (T_ELSEIF) or else (T_ELSE) or endif (T_ENDIF)
in APPPATH/Views/pages/dev.php on line 487.
 1 SYSTEMPATH/View/View.php(216): CodeIgniter\View\View->CodeIgniter\View\{closure}()
 2 SYSTEMPATH/Common.php(1135): CodeIgniter\View\View->render()
 3 APPPATH/Controllers/Kinerja1.php(67): view()
 4 SYSTEMPATH/CodeIgniter.php(896): App\Controllers\Kinerja1->index()
 5 SYSTEMPATH/CodeIgniter.php(466): CodeIgniter\CodeIgniter->runController()
 6 SYSTEMPATH/CodeIgniter.php(349): CodeIgniter\CodeIgniter->handleRequest()
 7 FCPATH/index.php(55): CodeIgniter\CodeIgniter->run()
CRITICAL - 2022-07-19 12:23:24 --> syntax error, unexpected 'if' (T_IF)
in APPPATH/Views/pages/dev.php on line 487.
 1 SYSTEMPATH/View/View.php(216): CodeIgniter\View\View->CodeIgniter\View\{closure}()
 2 SYSTEMPATH/Common.php(1135): CodeIgniter\View\View->render()
 3 APPPATH/Controllers/Kinerja1.php(67): view()
 4 SYSTEMPATH/CodeIgniter.php(896): App\Controllers\Kinerja1->index()
 5 SYSTEMPATH/CodeIgniter.php(466): CodeIgniter\CodeIgniter->runController()
 6 SYSTEMPATH/CodeIgniter.php(349): CodeIgniter\CodeIgniter->handleRequest()
 7 FCPATH/index.php(55): CodeIgniter\CodeIgniter->run()
CRITICAL - 2022-07-19 12:23:49 --> syntax error, unexpected 'if' (T_IF)
in APPPATH/Views/pages/dev.php on line 487.
 1 SYSTEMPATH/View/View.php(216): CodeIgniter\View\View->CodeIgniter\View\{closure}()
 2 SYSTEMPATH/Common.php(1135): CodeIgniter\View\View->render()
 3 APPPATH/Controllers/Kinerja1.php(67): view()
 4 SYSTEMPATH/CodeIgniter.php(896): App\Controllers\Kinerja1->index()
 5 SYSTEMPATH/CodeIgniter.php(466): CodeIgniter\CodeIgniter->runController()
 6 SYSTEMPATH/CodeIgniter.php(349): CodeIgniter\CodeIgniter->handleRequest()
 7 FCPATH/index.php(55): CodeIgniter\CodeIgniter->run()
CRITICAL - 2022-07-19 12:24:18 --> syntax error, unexpected 'if' (T_IF)
in APPPATH/Views/pages/dev.php on line 487.
 1 SYSTEMPATH/View/View.php(216): CodeIgniter\View\View->CodeIgniter\View\{closure}()
 2 SYSTEMPATH/Common.php(1135): CodeIgniter\View\View->render()
 3 APPPATH/Controllers/Kinerja1.php(67): view()
 4 SYSTEMPATH/CodeIgniter.php(896): App\Controllers\Kinerja1->index()
 5 SYSTEMPATH/CodeIgniter.php(466): CodeIgniter\CodeIgniter->runController()
 6 SYSTEMPATH/CodeIgniter.php(349): CodeIgniter\CodeIgniter->handleRequest()
 7 FCPATH/index.php(55): CodeIgniter\CodeIgniter->run()
CRITICAL - 2022-07-19 12:25:02 --> syntax error, unexpected 'if' (T_IF)
in APPPATH/Views/pages/dev.php on line 487.
 1 SYSTEMPATH/View/View.php(216): CodeIgniter\View\View->CodeIgniter\View\{closure}()
 2 SYSTEMPATH/Common.php(1135): CodeIgniter\View\View->render()
 3 APPPATH/Controllers/Kinerja1.php(67): view()
 4 SYSTEMPATH/CodeIgniter.php(896): App\Controllers\Kinerja1->index()
 5 SYSTEMPATH/CodeIgniter.php(466): CodeIgniter\CodeIgniter->runController()
 6 SYSTEMPATH/CodeIgniter.php(349): CodeIgniter\CodeIgniter->handleRequest()
 7 FCPATH/index.php(55): CodeIgniter\CodeIgniter->run()
CRITICAL - 2022-07-19 12:25:14 --> syntax error, unexpected 'endif' (T_ENDIF)
in APPPATH/Views/pages/dev.php on line 487.
 1 SYSTEMPATH/View/View.php(216): CodeIgniter\View\View->CodeIgniter\View\{closure}()
 2 SYSTEMPATH/Common.php(1135): CodeIgniter\View\View->render()
 3 APPPATH/Controllers/Kinerja1.php(67): view()
 4 SYSTEMPATH/CodeIgniter.php(896): App\Controllers\Kinerja1->index()
 5 SYSTEMPATH/CodeIgniter.php(466): CodeIgniter\CodeIgniter->runController()
 6 SYSTEMPATH/CodeIgniter.php(349): CodeIgniter\CodeIgniter->handleRequest()
 7 FCPATH/index.php(55): CodeIgniter\CodeIgniter->run()
CRITICAL - 2022-07-19 12:25:41 --> syntax error, unexpected '}'
in APPPATH/Views/pages/dev.php on line 487.
 1 SYSTEMPATH/View/View.php(216): CodeIgniter\View\View->CodeIgniter\View\{closure}()
 2 SYSTEMPATH/Common.php(1135): CodeIgniter\View\View->render()
 3 APPPATH/Controllers/Kinerja1.php(67): view()
 4 SYSTEMPATH/CodeIgniter.php(896): App\Controllers\Kinerja1->index()
 5 SYSTEMPATH/CodeIgniter.php(466): CodeIgniter\CodeIgniter->runController()
 6 SYSTEMPATH/CodeIgniter.php(349): CodeIgniter\CodeIgniter->handleRequest()
 7 FCPATH/index.php(55): CodeIgniter\CodeIgniter->run()
CRITICAL - 2022-07-19 13:04:06 --> syntax error, unexpected ')'
in APPPATH/Views/pages/dev.php on line 55.
 1 SYSTEMPATH/View/View.php(216): CodeIgniter\View\View->CodeIgniter\View\{closure}()
 2 SYSTEMPATH/Common.php(1135): CodeIgniter\View\View->render()
 3 APPPATH/Controllers/Kinerja1.php(67): view()
 4 SYSTEMPATH/CodeIgniter.php(896): App\Controllers\Kinerja1->index()
 5 SYSTEMPATH/CodeIgniter.php(466): CodeIgniter\CodeIgniter->runController()
 6 SYSTEMPATH/CodeIgniter.php(349): CodeIgniter\CodeIgniter->handleRequest()
 7 FCPATH/index.php(55): CodeIgniter\CodeIgniter->run()
CRITICAL - 2022-07-19 13:04:09 --> syntax error, unexpected ')'
in APPPATH/Views/pages/dev.php on line 55.
 1 SYSTEMPATH/View/View.php(216): CodeIgniter\View\View->CodeIgniter\View\{closure}()
 2 SYSTEMPATH/Common.php(1135): CodeIgniter\View\View->render()
 3 APPPATH/Controllers/Kinerja1.php(67): view()
 4 SYSTEMPATH/CodeIgniter.php(896): App\Controllers\Kinerja1->index()
 5 SYSTEMPATH/CodeIgniter.php(466): CodeIgniter\CodeIgniter->runController()
 6 SYSTEMPATH/CodeIgniter.php(349): CodeIgniter\CodeIgniter->handleRequest()
 7 FCPATH/index.php(55): CodeIgniter\CodeIgniter->run()
CRITICAL - 2022-07-19 13:06:51 --> syntax error, unexpected ')'
in APPPATH/Views/pages/dev.php on line 55.
 1 SYSTEMPATH/View/View.php(216): CodeIgniter\View\View->CodeIgniter\View\{closure}()
 2 SYSTEMPATH/Common.php(1135): CodeIgniter\View\View->render()
 3 APPPATH/Controllers/Kinerja1.php(67): view()
 4 SYSTEMPATH/CodeIgniter.php(896): App\Controllers\Kinerja1->index()
 5 SYSTEMPATH/CodeIgniter.php(466): CodeIgniter\CodeIgniter->runController()
 6 SYSTEMPATH/CodeIgniter.php(349): CodeIgniter\CodeIgniter->handleRequest()
 7 FCPATH/index.php(55): CodeIgniter\CodeIgniter->run()
CRITICAL - 2022-07-19 13:19:01 --> syntax error, unexpected 'if' (T_IF)
in APPPATH/Views/pages/dev.php on line 487.
 1 SYSTEMPATH/View/View.php(216): CodeIgniter\View\View->CodeIgniter\View\{closure}()
 2 SYSTEMPATH/Common.php(1135): CodeIgniter\View\View->render()
 3 APPPATH/Controllers/Kinerja1.php(67): view()
 4 SYSTEMPATH/CodeIgniter.php(896): App\Controllers\Kinerja1->index()
 5 SYSTEMPATH/CodeIgniter.php(466): CodeIgniter\CodeIgniter->runController()
 6 SYSTEMPATH/CodeIgniter.php(349): CodeIgniter\CodeIgniter->handleRequest()
 7 FCPATH/index.php(55): CodeIgniter\CodeIgniter->run()
CRITICAL - 2022-07-19 13:19:35 --> syntax error, unexpected '}'
in APPPATH/Views/pages/dev.php on line 491.
 1 SYSTEMPATH/View/View.php(216): CodeIgniter\View\View->CodeIgniter\View\{closure}()
 2 SYSTEMPATH/Common.php(1135): CodeIgniter\View\View->render()
 3 APPPATH/Controllers/Kinerja1.php(67): view()
 4 SYSTEMPATH/CodeIgniter.php(896): App\Controllers\Kinerja1->index()
 5 SYSTEMPATH/CodeIgniter.php(466): CodeIgniter\CodeIgniter->runController()
 6 SYSTEMPATH/CodeIgniter.php(349): CodeIgniter\CodeIgniter->handleRequest()
 7 FCPATH/index.php(55): CodeIgniter\CodeIgniter->run()
CRITICAL - 2022-07-19 13:21:06 --> syntax error, unexpected '}'
in APPPATH/Views/pages/dev.php on line 491.
 1 SYSTEMPATH/View/View.php(216): CodeIgniter\View\View->CodeIgniter\View\{closure}()
 2 SYSTEMPATH/Common.php(1135): CodeIgniter\View\View->render()
 3 APPPATH/Controllers/Kinerja1.php(67): view()
 4 SYSTEMPATH/CodeIgniter.php(896): App\Controllers\Kinerja1->index()
 5 SYSTEMPATH/CodeIgniter.php(466): CodeIgniter\CodeIgniter->runController()
 6 SYSTEMPATH/CodeIgniter.php(349): CodeIgniter\CodeIgniter->handleRequest()
 7 FCPATH/index.php(55): CodeIgniter\CodeIgniter->run()
CRITICAL - 2022-07-19 13:22:15 --> syntax error, unexpected '}'
in APPPATH/Views/pages/dev.php on line 491.
 1 SYSTEMPATH/View/View.php(216): CodeIgniter\View\View->CodeIgniter\View\{closure}()
 2 SYSTEMPATH/Common.php(1135): CodeIgniter\View\View->render()
 3 APPPATH/Controllers/Kinerja1.php(67): view()
 4 SYSTEMPATH/CodeIgniter.php(896): App\Controllers\Kinerja1->index()
 5 SYSTEMPATH/CodeIgniter.php(466): CodeIgniter\CodeIgniter->runController()
 6 SYSTEMPATH/CodeIgniter.php(349): CodeIgniter\CodeIgniter->handleRequest()
 7 FCPATH/index.php(55): CodeIgniter\CodeIgniter->run()
CRITICAL - 2022-07-19 13:22:38 --> syntax error, unexpected '}'
in APPPATH/Views/pages/dev.php on line 491.
 1 SYSTEMPATH/View/View.php(216): CodeIgniter\View\View->CodeIgniter\View\{closure}()
 2 SYSTEMPATH/Common.php(1135): CodeIgniter\View\View->render()
 3 APPPATH/Controllers/Kinerja1.php(67): view()
 4 SYSTEMPATH/CodeIgniter.php(896): App\Controllers\Kinerja1->index()
 5 SYSTEMPATH/CodeIgniter.php(466): CodeIgniter\CodeIgniter->runController()
 6 SYSTEMPATH/CodeIgniter.php(349): CodeIgniter\CodeIgniter->handleRequest()
 7 FCPATH/index.php(55): CodeIgniter\CodeIgniter->run()
CRITICAL - 2022-07-19 13:25:26 --> syntax error, unexpected 'endif' (T_ENDIF)
in APPPATH/Views/pages/dev.php on line 908.
 1 SYSTEMPATH/View/View.php(216): CodeIgniter\View\View->CodeIgniter\View\{closure}()
 2 SYSTEMPATH/Common.php(1135): CodeIgniter\View\View->render()
 3 APPPATH/Controllers/Kinerja1.php(67): view()
 4 SYSTEMPATH/CodeIgniter.php(896): App\Controllers\Kinerja1->index()
 5 SYSTEMPATH/CodeIgniter.php(466): CodeIgniter\CodeIgniter->runController()
 6 SYSTEMPATH/CodeIgniter.php(349): CodeIgniter\CodeIgniter->handleRequest()
 7 FCPATH/index.php(55): CodeIgniter\CodeIgniter->run()
CRITICAL - 2022-07-19 13:27:02 --> syntax error, unexpected 'endif' (T_ENDIF)
in APPPATH/Views/pages/dev.php on line 908.
 1 SYSTEMPATH/View/View.php(216): CodeIgniter\View\View->CodeIgniter\View\{closure}()
 2 SYSTEMPATH/Common.php(1135): CodeIgniter\View\View->render()
 3 APPPATH/Controllers/Kinerja1.php(67): view()
 4 SYSTEMPATH/CodeIgniter.php(896): App\Controllers\Kinerja1->index()
 5 SYSTEMPATH/CodeIgniter.php(466): CodeIgniter\CodeIgniter->runController()
 6 SYSTEMPATH/CodeIgniter.php(349): CodeIgniter\CodeIgniter->handleRequest()
 7 FCPATH/index.php(55): CodeIgniter\CodeIgniter->run()
CRITICAL - 2022-07-19 13:27:16 --> syntax error, unexpected 'endif' (T_ENDIF)
in APPPATH/Views/pages/dev.php on line 908.
 1 SYSTEMPATH/View/View.php(216): CodeIgniter\View\View->CodeIgniter\View\{closure}()
 2 SYSTEMPATH/Common.php(1135): CodeIgniter\View\View->render()
 3 APPPATH/Controllers/Kinerja1.php(67): view()
 4 SYSTEMPATH/CodeIgniter.php(896): App\Controllers\Kinerja1->index()
 5 SYSTEMPATH/CodeIgniter.php(466): CodeIgniter\CodeIgniter->runController()
 6 SYSTEMPATH/CodeIgniter.php(349): CodeIgniter\CodeIgniter->handleRequest()
 7 FCPATH/index.php(55): CodeIgniter\CodeIgniter->run()
CRITICAL - 2022-07-19 13:39:41 --> syntax error, unexpected '$'
in APPPATH/Views/pages/dev.php on line 492.
 1 SYSTEMPATH/View/View.php(216): CodeIgniter\View\View->CodeIgniter\View\{closure}()
 2 SYSTEMPATH/Common.php(1135): CodeIgniter\View\View->render()
 3 APPPATH/Controllers/Kinerja1.php(67): view()
 4 SYSTEMPATH/CodeIgniter.php(896): App\Controllers\Kinerja1->index()
 5 SYSTEMPATH/CodeIgniter.php(466): CodeIgniter\CodeIgniter->runController()
 6 SYSTEMPATH/CodeIgniter.php(349): CodeIgniter\CodeIgniter->handleRequest()
 7 FCPATH/index.php(55): CodeIgniter\CodeIgniter->run()
CRITICAL - 2022-07-19 13:54:49 --> You must set the database table to be used with your query.
in SYSTEMPATH/Database/BaseConnection.php on line 874.
 1 SYSTEMPATH/Model.php(586): CodeIgniter\Database\BaseConnection->table()
 2 SYSTEMPATH/Model.php(763): CodeIgniter\Model->builder()
 3 APPPATH/Controllers/Kinerja.php(38): CodeIgniter\Model->__call()
 4 SYSTEMPATH/CodeIgniter.php(896): App\Controllers\Kinerja->index()
 5 SYSTEMPATH/CodeIgniter.php(466): CodeIgniter\CodeIgniter->runController()
 6 SYSTEMPATH/CodeIgniter.php(349): CodeIgniter\CodeIgniter->handleRequest()
 7 FCPATH/index.php(55): CodeIgniter\CodeIgniter->run()
CRITICAL - 2022-07-19 13:57:34 --> Undefined index: (IKU 1.1)                                                                                                                                                                                                                                                                                                                                                                                                                                                                                                           
in APPPATH/Views/pages/kinerjaCoba.php on line 480.
 1 APPPATH/Views/pages/kinerjaCoba.php(480): CodeIgniter\Debug\Exceptions->errorHandler()
 2 SYSTEMPATH/View/View.php(213): include('APPPATH/Views/pages/kinerjaCoba.php')
 3 SYSTEMPATH/View/View.php(216): CodeIgniter\View\View->CodeIgniter\View\{closure}()
 4 SYSTEMPATH/Common.php(1135): CodeIgniter\View\View->render()
 5 APPPATH/Controllers/Kinerja.php(67): view()
 6 SYSTEMPATH/CodeIgniter.php(896): App\Controllers\Kinerja->index()
 7 SYSTEMPATH/CodeIgniter.php(466): CodeIgniter\CodeIgniter->runController()
 8 SYSTEMPATH/CodeIgniter.php(349): CodeIgniter\CodeIgniter->handleRequest()
 9 FCPATH/index.php(55): CodeIgniter\CodeIgniter->run()
CRITICAL - 2022-07-19 13:58:12 --> Undefined index: (IKU 1.1)                                                                                                                                                                                                                                                                                                                                                                                                                                                                                                           
in APPPATH/Views/pages/kinerjaCoba.php on line 480.
 1 APPPATH/Views/pages/kinerjaCoba.php(480): CodeIgniter\Debug\Exceptions->errorHandler()
 2 SYSTEMPATH/View/View.php(213): include('APPPATH/Views/pages/kinerjaCoba.php')
 3 SYSTEMPATH/View/View.php(216): CodeIgniter\View\View->CodeIgniter\View\{closure}()
 4 SYSTEMPATH/Common.php(1135): CodeIgniter\View\View->render()
 5 APPPATH/Controllers/Kinerja.php(67): view()
 6 SYSTEMPATH/CodeIgniter.php(896): App\Controllers\Kinerja->index()
 7 SYSTEMPATH/CodeIgniter.php(466): CodeIgniter\CodeIgniter->runController()
 8 SYSTEMPATH/CodeIgniter.php(349): CodeIgniter\CodeIgniter->handleRequest()
 9 FCPATH/index.php(55): CodeIgniter\CodeIgniter->run()
CRITICAL - 2022-07-19 14:05:58 --> Undefined index: (IKU 1.1)                                                                                                                                                                                                                                                                                                                                                                                                                                                                                                           
in APPPATH/Views/pages/kinerjaCoba.php on line 480.
 1 APPPATH/Views/pages/kinerjaCoba.php(480): CodeIgniter\Debug\Exceptions->errorHandler()
 2 SYSTEMPATH/View/View.php(213): include('APPPATH/Views/pages/kinerjaCoba.php')
 3 SYSTEMPATH/View/View.php(216): CodeIgniter\View\View->CodeIgniter\View\{closure}()
 4 SYSTEMPATH/Common.php(1135): CodeIgniter\View\View->render()
 5 APPPATH/Controllers/Kinerja.php(67): view()
 6 SYSTEMPATH/CodeIgniter.php(896): App\Controllers\Kinerja->index()
 7 SYSTEMPATH/CodeIgniter.php(466): CodeIgniter\CodeIgniter->runController()
 8 SYSTEMPATH/CodeIgniter.php(349): CodeIgniter\CodeIgniter->handleRequest()
 9 FCPATH/index.php(55): CodeIgniter\CodeIgniter->run()
CRITICAL - 2022-07-19 14:08:43 --> Undefined index: (IKU 1.1)
in APPPATH/Views/pages/kinerjaCoba.php on line 480.
 1 APPPATH/Views/pages/kinerjaCoba.php(480): CodeIgniter\Debug\Exceptions->errorHandler()
 2 SYSTEMPATH/View/View.php(213): include('APPPATH/Views/pages/kinerjaCoba.php')
 3 SYSTEMPATH/View/View.php(216): CodeIgniter\View\View->CodeIgniter\View\{closure}()
 4 SYSTEMPATH/Common.php(1135): CodeIgniter\View\View->render()
 5 APPPATH/Controllers/Kinerja.php(67): view()
 6 SYSTEMPATH/CodeIgniter.php(896): App\Controllers\Kinerja->index()
 7 SYSTEMPATH/CodeIgniter.php(466): CodeIgniter\CodeIgniter->runController()
 8 SYSTEMPATH/CodeIgniter.php(349): CodeIgniter\CodeIgniter->handleRequest()
 9 FCPATH/index.php(55): CodeIgniter\CodeIgniter->run()
CRITICAL - 2022-07-19 14:08:47 --> Undefined index: (IKU 1.1)
in APPPATH/Views/pages/kinerjaCoba.php on line 480.
 1 APPPATH/Views/pages/kinerjaCoba.php(480): CodeIgniter\Debug\Exceptions->errorHandler()
 2 SYSTEMPATH/View/View.php(213): include('APPPATH/Views/pages/kinerjaCoba.php')
 3 SYSTEMPATH/View/View.php(216): CodeIgniter\View\View->CodeIgniter\View\{closure}()
 4 SYSTEMPATH/Common.php(1135): CodeIgniter\View\View->render()
 5 APPPATH/Controllers/Kinerja.php(67): view()
 6 SYSTEMPATH/CodeIgniter.php(896): App\Controllers\Kinerja->index()
 7 SYSTEMPATH/CodeIgniter.php(466): CodeIgniter\CodeIgniter->runController()
 8 SYSTEMPATH/CodeIgniter.php(349): CodeIgniter\CodeIgniter->handleRequest()
 9 FCPATH/index.php(55): CodeIgniter\CodeIgniter->run()
CRITICAL - 2022-07-19 14:10:01 --> Undefined index: (IKU 1.1)
in APPPATH/Views/pages/kinerjaCoba.php on line 480.
 1 APPPATH/Views/pages/kinerjaCoba.php(480): CodeIgniter\Debug\Exceptions->errorHandler()
 2 SYSTEMPATH/View/View.php(213): include('APPPATH/Views/pages/kinerjaCoba.php')
 3 SYSTEMPATH/View/View.php(216): CodeIgniter\View\View->CodeIgniter\View\{closure}()
 4 SYSTEMPATH/Common.php(1135): CodeIgniter\View\View->render()
 5 APPPATH/Controllers/Kinerja.php(67): view()
 6 SYSTEMPATH/CodeIgniter.php(896): App\Controllers\Kinerja->index()
 7 SYSTEMPATH/CodeIgniter.php(466): CodeIgniter\CodeIgniter->runController()
 8 SYSTEMPATH/CodeIgniter.php(349): CodeIgniter\CodeIgniter->handleRequest()
 9 FCPATH/index.php(55): CodeIgniter\CodeIgniter->run()
CRITICAL - 2022-07-19 14:10:59 --> Undefined index: (IKU 1.1)
in APPPATH/Views/pages/kinerjaCoba.php on line 480.
 1 APPPATH/Views/pages/kinerjaCoba.php(480): CodeIgniter\Debug\Exceptions->errorHandler()
 2 SYSTEMPATH/View/View.php(213): include('APPPATH/Views/pages/kinerjaCoba.php')
 3 SYSTEMPATH/View/View.php(216): CodeIgniter\View\View->CodeIgniter\View\{closure}()
 4 SYSTEMPATH/Common.php(1135): CodeIgniter\View\View->render()
 5 APPPATH/Controllers/Kinerja.php(67): view()
 6 SYSTEMPATH/CodeIgniter.php(896): App\Controllers\Kinerja->index()
 7 SYSTEMPATH/CodeIgniter.php(466): CodeIgniter\CodeIgniter->runController()
 8 SYSTEMPATH/CodeIgniter.php(349): CodeIgniter\CodeIgniter->handleRequest()
 9 FCPATH/index.php(55): CodeIgniter\CodeIgniter->run()
CRITICAL - 2022-07-19 14:24:26 --> Undefined index: (IKU 1.1)
in APPPATH/Views/pages/kinerjaCoba.php on line 480.
 1 APPPATH/Views/pages/kinerjaCoba.php(480): CodeIgniter\Debug\Exceptions->errorHandler()
 2 SYSTEMPATH/View/View.php(213): include('APPPATH/Views/pages/kinerjaCoba.php')
 3 SYSTEMPATH/View/View.php(216): CodeIgniter\View\View->CodeIgniter\View\{closure}()
 4 SYSTEMPATH/Common.php(1135): CodeIgniter\View\View->render()
 5 APPPATH/Controllers/Kinerja.php(67): view()
 6 SYSTEMPATH/CodeIgniter.php(896): App\Controllers\Kinerja->index()
 7 SYSTEMPATH/CodeIgniter.php(466): CodeIgniter\CodeIgniter->runController()
 8 SYSTEMPATH/CodeIgniter.php(349): CodeIgniter\CodeIgniter->handleRequest()
 9 FCPATH/index.php(55): CodeIgniter\CodeIgniter->run()
CRITICAL - 2022-07-19 14:33:53 --> Undefined index: (IKU 1.1)
in APPPATH/Views/pages/kinerjaCoba.php on line 480.
 1 APPPATH/Views/pages/kinerjaCoba.php(480): CodeIgniter\Debug\Exceptions->errorHandler()
 2 SYSTEMPATH/View/View.php(213): include('APPPATH/Views/pages/kinerjaCoba.php')
 3 SYSTEMPATH/View/View.php(216): CodeIgniter\View\View->CodeIgniter\View\{closure}()
 4 SYSTEMPATH/Common.php(1135): CodeIgniter\View\View->render()
 5 APPPATH/Controllers/Kinerja.php(67): view()
 6 SYSTEMPATH/CodeIgniter.php(896): App\Controllers\Kinerja->index()
 7 SYSTEMPATH/CodeIgniter.php(466): CodeIgniter\CodeIgniter->runController()
 8 SYSTEMPATH/CodeIgniter.php(349): CodeIgniter\CodeIgniter->handleRequest()
 9 FCPATH/index.php(55): CodeIgniter\CodeIgniter->run()
CRITICAL - 2022-07-19 14:36:14 --> Undefined index: (IKU 1.1)
in APPPATH/Views/pages/kinerjaCoba.php on line 480.
 1 APPPATH/Views/pages/kinerjaCoba.php(480): CodeIgniter\Debug\Exceptions->errorHandler()
 2 SYSTEMPATH/View/View.php(213): include('APPPATH/Views/pages/kinerjaCoba.php')
 3 SYSTEMPATH/View/View.php(216): CodeIgniter\View\View->CodeIgniter\View\{closure}()
 4 SYSTEMPATH/Common.php(1135): CodeIgniter\View\View->render()
 5 APPPATH/Controllers/Kinerja.php(67): view()
 6 SYSTEMPATH/CodeIgniter.php(896): App\Controllers\Kinerja->index()
 7 SYSTEMPATH/CodeIgniter.php(466): CodeIgniter\CodeIgniter->runController()
 8 SYSTEMPATH/CodeIgniter.php(349): CodeIgniter\CodeIgniter->handleRequest()
 9 FCPATH/index.php(55): CodeIgniter\CodeIgniter->run()
CRITICAL - 2022-07-19 14:36:50 --> Undefined index: (IKU 1.1)
in APPPATH/Views/pages/kinerjaCoba.php on line 480.
 1 APPPATH/Views/pages/kinerjaCoba.php(480): CodeIgniter\Debug\Exceptions->errorHandler()
 2 SYSTEMPATH/View/View.php(213): include('APPPATH/Views/pages/kinerjaCoba.php')
 3 SYSTEMPATH/View/View.php(216): CodeIgniter\View\View->CodeIgniter\View\{closure}()
 4 SYSTEMPATH/Common.php(1135): CodeIgniter\View\View->render()
 5 APPPATH/Controllers/Kinerja.php(67): view()
 6 SYSTEMPATH/CodeIgniter.php(896): App\Controllers\Kinerja->index()
 7 SYSTEMPATH/CodeIgniter.php(466): CodeIgniter\CodeIgniter->runController()
 8 SYSTEMPATH/CodeIgniter.php(349): CodeIgniter\CodeIgniter->handleRequest()
 9 FCPATH/index.php(55): CodeIgniter\CodeIgniter->run()
CRITICAL - 2022-07-19 14:37:36 --> Undefined index: (IKU 1.1)
in APPPATH/Views/pages/kinerjaCoba.php on line 480.
 1 APPPATH/Views/pages/kinerjaCoba.php(480): CodeIgniter\Debug\Exceptions->errorHandler()
 2 SYSTEMPATH/View/View.php(213): include('APPPATH/Views/pages/kinerjaCoba.php')
 3 SYSTEMPATH/View/View.php(216): CodeIgniter\View\View->CodeIgniter\View\{closure}()
 4 SYSTEMPATH/Common.php(1135): CodeIgniter\View\View->render()
 5 APPPATH/Controllers/Kinerja.php(67): view()
 6 SYSTEMPATH/CodeIgniter.php(896): App\Controllers\Kinerja->index()
 7 SYSTEMPATH/CodeIgniter.php(466): CodeIgniter\CodeIgniter->runController()
 8 SYSTEMPATH/CodeIgniter.php(349): CodeIgniter\CodeIgniter->handleRequest()
 9 FCPATH/index.php(55): CodeIgniter\CodeIgniter->run()
CRITICAL - 2022-07-19 14:37:38 --> Undefined index: (IKU 1.1)
in APPPATH/Views/pages/kinerjaCoba.php on line 480.
 1 APPPATH/Views/pages/kinerjaCoba.php(480): CodeIgniter\Debug\Exceptions->errorHandler()
 2 SYSTEMPATH/View/View.php(213): include('APPPATH/Views/pages/kinerjaCoba.php')
 3 SYSTEMPATH/View/View.php(216): CodeIgniter\View\View->CodeIgniter\View\{closure}()
 4 SYSTEMPATH/Common.php(1135): CodeIgniter\View\View->render()
 5 APPPATH/Controllers/Kinerja.php(67): view()
 6 SYSTEMPATH/CodeIgniter.php(896): App\Controllers\Kinerja->index()
 7 SYSTEMPATH/CodeIgniter.php(466): CodeIgniter\CodeIgniter->runController()
 8 SYSTEMPATH/CodeIgniter.php(349): CodeIgniter\CodeIgniter->handleRequest()
 9 FCPATH/index.php(55): CodeIgniter\CodeIgniter->run()
CRITICAL - 2022-07-19 14:37:39 --> Undefined index: (IKU 1.1)
in APPPATH/Views/pages/kinerjaCoba.php on line 480.
 1 APPPATH/Views/pages/kinerjaCoba.php(480): CodeIgniter\Debug\Exceptions->errorHandler()
 2 SYSTEMPATH/View/View.php(213): include('APPPATH/Views/pages/kinerjaCoba.php')
 3 SYSTEMPATH/View/View.php(216): CodeIgniter\View\View->CodeIgniter\View\{closure}()
 4 SYSTEMPATH/Common.php(1135): CodeIgniter\View\View->render()
 5 APPPATH/Controllers/Kinerja.php(67): view()
 6 SYSTEMPATH/CodeIgniter.php(896): App\Controllers\Kinerja->index()
 7 SYSTEMPATH/CodeIgniter.php(466): CodeIgniter\CodeIgniter->runController()
 8 SYSTEMPATH/CodeIgniter.php(349): CodeIgniter\CodeIgniter->handleRequest()
 9 FCPATH/index.php(55): CodeIgniter\CodeIgniter->run()
CRITICAL - 2022-07-19 14:37:39 --> Undefined index: (IKU 1.1)
in APPPATH/Views/pages/kinerjaCoba.php on line 480.
 1 APPPATH/Views/pages/kinerjaCoba.php(480): CodeIgniter\Debug\Exceptions->errorHandler()
 2 SYSTEMPATH/View/View.php(213): include('APPPATH/Views/pages/kinerjaCoba.php')
 3 SYSTEMPATH/View/View.php(216): CodeIgniter\View\View->CodeIgniter\View\{closure}()
 4 SYSTEMPATH/Common.php(1135): CodeIgniter\View\View->render()
 5 APPPATH/Controllers/Kinerja.php(67): view()
 6 SYSTEMPATH/CodeIgniter.php(896): App\Controllers\Kinerja->index()
 7 SYSTEMPATH/CodeIgniter.php(466): CodeIgniter\CodeIgniter->runController()
 8 SYSTEMPATH/CodeIgniter.php(349): CodeIgniter\CodeIgniter->handleRequest()
 9 FCPATH/index.php(55): CodeIgniter\CodeIgniter->run()
CRITICAL - 2022-07-19 14:37:39 --> Undefined index: (IKU 1.1)
in APPPATH/Views/pages/kinerjaCoba.php on line 480.
 1 APPPATH/Views/pages/kinerjaCoba.php(480): CodeIgniter\Debug\Exceptions->errorHandler()
 2 SYSTEMPATH/View/View.php(213): include('APPPATH/Views/pages/kinerjaCoba.php')
 3 SYSTEMPATH/View/View.php(216): CodeIgniter\View\View->CodeIgniter\View\{closure}()
 4 SYSTEMPATH/Common.php(1135): CodeIgniter\View\View->render()
 5 APPPATH/Controllers/Kinerja.php(67): view()
 6 SYSTEMPATH/CodeIgniter.php(896): App\Controllers\Kinerja->index()
 7 SYSTEMPATH/CodeIgniter.php(466): CodeIgniter\CodeIgniter->runController()
 8 SYSTEMPATH/CodeIgniter.php(349): CodeIgniter\CodeIgniter->handleRequest()
 9 FCPATH/index.php(55): CodeIgniter\CodeIgniter->run()
CRITICAL - 2022-07-19 14:37:40 --> Undefined index: (IKU 1.1)
in APPPATH/Views/pages/kinerjaCoba.php on line 480.
 1 APPPATH/Views/pages/kinerjaCoba.php(480): CodeIgniter\Debug\Exceptions->errorHandler()
 2 SYSTEMPATH/View/View.php(213): include('APPPATH/Views/pages/kinerjaCoba.php')
 3 SYSTEMPATH/View/View.php(216): CodeIgniter\View\View->CodeIgniter\View\{closure}()
 4 SYSTEMPATH/Common.php(1135): CodeIgniter\View\View->render()
 5 APPPATH/Controllers/Kinerja.php(67): view()
 6 SYSTEMPATH/CodeIgniter.php(896): App\Controllers\Kinerja->index()
 7 SYSTEMPATH/CodeIgniter.php(466): CodeIgniter\CodeIgniter->runController()
 8 SYSTEMPATH/CodeIgniter.php(349): CodeIgniter\CodeIgniter->handleRequest()
 9 FCPATH/index.php(55): CodeIgniter\CodeIgniter->run()
CRITICAL - 2022-07-19 14:37:40 --> Undefined index: (IKU 1.1)
in APPPATH/Views/pages/kinerjaCoba.php on line 480.
 1 APPPATH/Views/pages/kinerjaCoba.php(480): CodeIgniter\Debug\Exceptions->errorHandler()
 2 SYSTEMPATH/View/View.php(213): include('APPPATH/Views/pages/kinerjaCoba.php')
 3 SYSTEMPATH/View/View.php(216): CodeIgniter\View\View->CodeIgniter\View\{closure}()
 4 SYSTEMPATH/Common.php(1135): CodeIgniter\View\View->render()
 5 APPPATH/Controllers/Kinerja.php(67): view()
 6 SYSTEMPATH/CodeIgniter.php(896): App\Controllers\Kinerja->index()
 7 SYSTEMPATH/CodeIgniter.php(466): CodeIgniter\CodeIgniter->runController()
 8 SYSTEMPATH/CodeIgniter.php(349): CodeIgniter\CodeIgniter->handleRequest()
 9 FCPATH/index.php(55): CodeIgniter\CodeIgniter->run()
CRITICAL - 2022-07-19 14:37:40 --> Undefined index: (IKU 1.1)
in APPPATH/Views/pages/kinerjaCoba.php on line 480.
 1 APPPATH/Views/pages/kinerjaCoba.php(480): CodeIgniter\Debug\Exceptions->errorHandler()
 2 SYSTEMPATH/View/View.php(213): include('APPPATH/Views/pages/kinerjaCoba.php')
 3 SYSTEMPATH/View/View.php(216): CodeIgniter\View\View->CodeIgniter\View\{closure}()
 4 SYSTEMPATH/Common.php(1135): CodeIgniter\View\View->render()
 5 APPPATH/Controllers/Kinerja.php(67): view()
 6 SYSTEMPATH/CodeIgniter.php(896): App\Controllers\Kinerja->index()
 7 SYSTEMPATH/CodeIgniter.php(466): CodeIgniter\CodeIgniter->runController()
 8 SYSTEMPATH/CodeIgniter.php(349): CodeIgniter\CodeIgniter->handleRequest()
 9 FCPATH/index.php(55): CodeIgniter\CodeIgniter->run()
CRITICAL - 2022-07-19 14:49:27 --> syntax error, unexpected '?>'
in APPPATH/Views/pages/pohonKinerja.php on line 2.
 1 SYSTEMPATH/View/View.php(216): CodeIgniter\View\View->CodeIgniter\View\{closure}()
 2 SYSTEMPATH/Common.php(1135): CodeIgniter\View\View->render()
 3 APPPATH/Controllers/Pages.php(51): view()
 4 SYSTEMPATH/CodeIgniter.php(896): App\Controllers\Pages->pohonKinerja()
 5 SYSTEMPATH/CodeIgniter.php(466): CodeIgniter\CodeIgniter->runController()
 6 SYSTEMPATH/CodeIgniter.php(349): CodeIgniter\CodeIgniter->handleRequest()
 7 FCPATH/index.php(55): CodeIgniter\CodeIgniter->run()
CRITICAL - 2022-07-19 14:58:09 --> Invalid file: pages/KinerjaOLD.php
in SYSTEMPATH/Exceptions/FrameworkException.php on line 33.
 1 SYSTEMPATH/View/View.php(201): CodeIgniter\Exceptions\FrameworkException::forInvalidFile()
 2 SYSTEMPATH/Common.php(1135): CodeIgniter\View\View->render()
 3 APPPATH/Controllers/KinerjaOLD.php(67): view()
 4 SYSTEMPATH/CodeIgniter.php(896): App\Controllers\KinerjaOLD->index()
 5 SYSTEMPATH/CodeIgniter.php(466): CodeIgniter\CodeIgniter->runController()
 6 SYSTEMPATH/CodeIgniter.php(349): CodeIgniter\CodeIgniter->handleRequest()
 7 FCPATH/index.php(55): CodeIgniter\CodeIgniter->run()
CRITICAL - 2022-07-19 14:58:26 --> Invalid file: pages/Kinerja.php
in SYSTEMPATH/Exceptions/FrameworkException.php on line 33.
 1 SYSTEMPATH/View/View.php(201): CodeIgniter\Exceptions\FrameworkException::forInvalidFile()
 2 SYSTEMPATH/Common.php(1135): CodeIgniter\View\View->render()
 3 APPPATH/Controllers/KinerjaOLD.php(67): view()
 4 SYSTEMPATH/CodeIgniter.php(896): App\Controllers\KinerjaOLD->index()
 5 SYSTEMPATH/CodeIgniter.php(466): CodeIgniter\CodeIgniter->runController()
 6 SYSTEMPATH/CodeIgniter.php(349): CodeIgniter\CodeIgniter->handleRequest()
 7 FCPATH/index.php(55): CodeIgniter\CodeIgniter->run()
CRITICAL - 2022-07-19 14:58:28 --> Invalid file: pages/Kinerja.php
in SYSTEMPATH/Exceptions/FrameworkException.php on line 33.
 1 SYSTEMPATH/View/View.php(201): CodeIgniter\Exceptions\FrameworkException::forInvalidFile()
 2 SYSTEMPATH/Common.php(1135): CodeIgniter\View\View->render()
 3 APPPATH/Controllers/KinerjaOLD.php(67): view()
 4 SYSTEMPATH/CodeIgniter.php(896): App\Controllers\KinerjaOLD->index()
 5 SYSTEMPATH/CodeIgniter.php(466): CodeIgniter\CodeIgniter->runController()
 6 SYSTEMPATH/CodeIgniter.php(349): CodeIgniter\CodeIgniter->handleRequest()
 7 FCPATH/index.php(55): CodeIgniter\CodeIgniter->run()
CRITICAL - 2022-07-19 14:58:38 --> Invalid file: pages/Kinerja.php
in SYSTEMPATH/Exceptions/FrameworkException.php on line 33.
 1 SYSTEMPATH/View/View.php(201): CodeIgniter\Exceptions\FrameworkException::forInvalidFile()
 2 SYSTEMPATH/Common.php(1135): CodeIgniter\View\View->render()
 3 APPPATH/Controllers/KinerjaOLD.php(67): view()
 4 SYSTEMPATH/CodeIgniter.php(896): App\Controllers\KinerjaOLD->index()
 5 SYSTEMPATH/CodeIgniter.php(466): CodeIgniter\CodeIgniter->runController()
 6 SYSTEMPATH/CodeIgniter.php(349): CodeIgniter\CodeIgniter->handleRequest()
 7 FCPATH/index.php(55): CodeIgniter\CodeIgniter->run()
CRITICAL - 2022-07-19 14:58:50 --> Invalid file: pages/Kinerja.php
in SYSTEMPATH/Exceptions/FrameworkException.php on line 33.
 1 SYSTEMPATH/View/View.php(201): CodeIgniter\Exceptions\FrameworkException::forInvalidFile()
 2 SYSTEMPATH/Common.php(1135): CodeIgniter\View\View->render()
 3 APPPATH/Controllers/KinerjaOLD.php(67): view()
 4 SYSTEMPATH/CodeIgniter.php(896): App\Controllers\KinerjaOLD->index()
 5 SYSTEMPATH/CodeIgniter.php(466): CodeIgniter\CodeIgniter->runController()
 6 SYSTEMPATH/CodeIgniter.php(349): CodeIgniter\CodeIgniter->handleRequest()
 7 FCPATH/index.php(55): CodeIgniter\CodeIgniter->run()
CRITICAL - 2022-07-19 15:33:27 --> Function name must be a string
in APPPATH/Views/pages/dev.php on line 236.
 1 SYSTEMPATH/View/View.php(213): include()
 2 SYSTEMPATH/View/View.php(216): CodeIgniter\View\View->CodeIgniter\View\{closure}()
 3 SYSTEMPATH/Common.php(1135): CodeIgniter\View\View->render()
 4 APPPATH/Controllers/Kinerja1.php(68): view()
 5 SYSTEMPATH/CodeIgniter.php(896): App\Controllers\Kinerja1->index()
 6 SYSTEMPATH/CodeIgniter.php(466): CodeIgniter\CodeIgniter->runController()
 7 SYSTEMPATH/CodeIgniter.php(349): CodeIgniter\CodeIgniter->handleRequest()
 8 FCPATH/index.php(55): CodeIgniter\CodeIgniter->run()
CRITICAL - 2022-07-19 15:33:28 --> Function name must be a string
in APPPATH/Views/pages/dev.php on line 236.
 1 SYSTEMPATH/View/View.php(213): include()
 2 SYSTEMPATH/View/View.php(216): CodeIgniter\View\View->CodeIgniter\View\{closure}()
 3 SYSTEMPATH/Common.php(1135): CodeIgniter\View\View->render()
 4 APPPATH/Controllers/Kinerja1.php(68): view()
 5 SYSTEMPATH/CodeIgniter.php(896): App\Controllers\Kinerja1->index()
 6 SYSTEMPATH/CodeIgniter.php(466): CodeIgniter\CodeIgniter->runController()
 7 SYSTEMPATH/CodeIgniter.php(349): CodeIgniter\CodeIgniter->handleRequest()
 8 FCPATH/index.php(55): CodeIgniter\CodeIgniter->run()
CRITICAL - 2022-07-19 15:33:48 --> Function name must be a string
in APPPATH/Views/pages/dev.php on line 236.
 1 SYSTEMPATH/View/View.php(213): include()
 2 SYSTEMPATH/View/View.php(216): CodeIgniter\View\View->CodeIgniter\View\{closure}()
 3 SYSTEMPATH/Common.php(1135): CodeIgniter\View\View->render()
 4 APPPATH/Controllers/Kinerja1.php(68): view()
 5 SYSTEMPATH/CodeIgniter.php(896): App\Controllers\Kinerja1->index()
 6 SYSTEMPATH/CodeIgniter.php(466): CodeIgniter\CodeIgniter->runController()
 7 SYSTEMPATH/CodeIgniter.php(349): CodeIgniter\CodeIgniter->handleRequest()
 8 FCPATH/index.php(55): CodeIgniter\CodeIgniter->run()
CRITICAL - 2022-07-19 15:33:49 --> Function name must be a string
in APPPATH/Views/pages/dev.php on line 236.
 1 SYSTEMPATH/View/View.php(213): include()
 2 SYSTEMPATH/View/View.php(216): CodeIgniter\View\View->CodeIgniter\View\{closure}()
 3 SYSTEMPATH/Common.php(1135): CodeIgniter\View\View->render()
 4 APPPATH/Controllers/Kinerja1.php(68): view()
 5 SYSTEMPATH/CodeIgniter.php(896): App\Controllers\Kinerja1->index()
 6 SYSTEMPATH/CodeIgniter.php(466): CodeIgniter\CodeIgniter->runController()
 7 SYSTEMPATH/CodeIgniter.php(349): CodeIgniter\CodeIgniter->handleRequest()
 8 FCPATH/index.php(55): CodeIgniter\CodeIgniter->run()
CRITICAL - 2022-07-19 15:34:05 --> Function name must be a string
in APPPATH/Views/pages/dev.php on line 236.
 1 SYSTEMPATH/View/View.php(213): include()
 2 SYSTEMPATH/View/View.php(216): CodeIgniter\View\View->CodeIgniter\View\{closure}()
 3 SYSTEMPATH/Common.php(1135): CodeIgniter\View\View->render()
 4 APPPATH/Controllers/Kinerja1.php(68): view()
 5 SYSTEMPATH/CodeIgniter.php(896): App\Controllers\Kinerja1->index()
 6 SYSTEMPATH/CodeIgniter.php(466): CodeIgniter\CodeIgniter->runController()
 7 SYSTEMPATH/CodeIgniter.php(349): CodeIgniter\CodeIgniter->handleRequest()
 8 FCPATH/index.php(55): CodeIgniter\CodeIgniter->run()
CRITICAL - 2022-07-19 15:34:22 --> Function name must be a string
in APPPATH/Views/pages/dev.php on line 236.
 1 SYSTEMPATH/View/View.php(213): include()
 2 SYSTEMPATH/View/View.php(216): CodeIgniter\View\View->CodeIgniter\View\{closure}()
 3 SYSTEMPATH/Common.php(1135): CodeIgniter\View\View->render()
 4 APPPATH/Controllers/Kinerja1.php(68): view()
 5 SYSTEMPATH/CodeIgniter.php(896): App\Controllers\Kinerja1->index()
 6 SYSTEMPATH/CodeIgniter.php(466): CodeIgniter\CodeIgniter->runController()
 7 SYSTEMPATH/CodeIgniter.php(349): CodeIgniter\CodeIgniter->handleRequest()
 8 FCPATH/index.php(55): CodeIgniter\CodeIgniter->run()
CRITICAL - 2022-07-19 23:11:16 --> Undefined variable: i
in APPPATH/Views/pages/dev.php on line 509.
 1 APPPATH/Views/pages/dev.php(509): CodeIgniter\Debug\Exceptions->errorHandler()
 2 SYSTEMPATH/View/View.php(213): include('APPPATH/Views/pages/dev.php')
 3 SYSTEMPATH/View/View.php(216): CodeIgniter\View\View->CodeIgniter\View\{closure}()
 4 SYSTEMPATH/Common.php(1135): CodeIgniter\View\View->render()
 5 APPPATH/Controllers/Kinerja1.php(68): view()
 6 SYSTEMPATH/CodeIgniter.php(896): App\Controllers\Kinerja1->index()
 7 SYSTEMPATH/CodeIgniter.php(466): CodeIgniter\CodeIgniter->runController()
 8 SYSTEMPATH/CodeIgniter.php(349): CodeIgniter\CodeIgniter->handleRequest()
 9 FCPATH/index.php(55): CodeIgniter\CodeIgniter->run()
CRITICAL - 2022-07-19 23:13:39 --> syntax error, unexpected '?>'
in APPPATH/Views/pages/dev.php on line 236.
 1 SYSTEMPATH/View/View.php(216): CodeIgniter\View\View->CodeIgniter\View\{closure}()
 2 SYSTEMPATH/Common.php(1135): CodeIgniter\View\View->render()
 3 APPPATH/Controllers/Kinerja1.php(68): view()
 4 SYSTEMPATH/CodeIgniter.php(896): App\Controllers\Kinerja1->index()
 5 SYSTEMPATH/CodeIgniter.php(466): CodeIgniter\CodeIgniter->runController()
 6 SYSTEMPATH/CodeIgniter.php(349): CodeIgniter\CodeIgniter->handleRequest()
 7 FCPATH/index.php(55): CodeIgniter\CodeIgniter->run()
CRITICAL - 2022-07-19 23:29:06 --> syntax error, unexpected 'endif' (T_ENDIF)
in APPPATH/Views/pages/dev.php on line 408.
 1 SYSTEMPATH/View/View.php(216): CodeIgniter\View\View->CodeIgniter\View\{closure}()
 2 SYSTEMPATH/Common.php(1135): CodeIgniter\View\View->render()
 3 APPPATH/Controllers/Kinerja1.php(68): view()
 4 SYSTEMPATH/CodeIgniter.php(896): App\Controllers\Kinerja1->index()
 5 SYSTEMPATH/CodeIgniter.php(466): CodeIgniter\CodeIgniter->runController()
 6 SYSTEMPATH/CodeIgniter.php(349): CodeIgniter\CodeIgniter->handleRequest()
 7 FCPATH/index.php(55): CodeIgniter\CodeIgniter->run()
CRITICAL - 2022-07-19 23:41:40 --> syntax error, unexpected end of file
in APPPATH/Views/pages/kinerjaCoba.php on line 1005.
 1 SYSTEMPATH/View/View.php(216): CodeIgniter\View\View->CodeIgniter\View\{closure}()
 2 SYSTEMPATH/Common.php(1135): CodeIgniter\View\View->render()
 3 APPPATH/Controllers/Kinerja.php(67): view()
 4 SYSTEMPATH/CodeIgniter.php(896): App\Controllers\Kinerja->index()
 5 SYSTEMPATH/CodeIgniter.php(466): CodeIgniter\CodeIgniter->runController()
 6 SYSTEMPATH/CodeIgniter.php(349): CodeIgniter\CodeIgniter->handleRequest()
 7 FCPATH/index.php(55): CodeIgniter\CodeIgniter->run()
CRITICAL - 2022-07-19 23:42:03 --> syntax error, unexpected end of file
in APPPATH/Views/pages/kinerjaCoba.php on line 1005.
 1 SYSTEMPATH/View/View.php(216): CodeIgniter\View\View->CodeIgniter\View\{closure}()
 2 SYSTEMPATH/Common.php(1135): CodeIgniter\View\View->render()
 3 APPPATH/Controllers/Kinerja.php(67): view()
 4 SYSTEMPATH/CodeIgniter.php(896): App\Controllers\Kinerja->index()
 5 SYSTEMPATH/CodeIgniter.php(466): CodeIgniter\CodeIgniter->runController()
 6 SYSTEMPATH/CodeIgniter.php(349): CodeIgniter\CodeIgniter->handleRequest()
 7 FCPATH/index.php(55): CodeIgniter\CodeIgniter->run()
